-- Found ament_cmake: 2.0.4 (/home/taylor/ros2_iron/install/ament_cmake/share/ament_cmake/cmake)
-- Override CMake install command with custom implementation using symlinks instead of copying resources
-- Found message_filters: 4.7.0 (/home/taylor/ros2_iron/install/message_filters/share/message_filters/cmake)
-- Found rosidl_generator_c: 4.0.1 (/home/taylor/ros2_iron/install/rosidl_generator_c/share/rosidl_generator_c/cmake)
-- Found rosidl_generator_cpp: 4.0.1 (/home/taylor/ros2_iron/install/rosidl_generator_cpp/share/rosidl_generator_cpp/cmake)
-- Using all available rosidl_typesupport_c: rosidl_typesupport_introspection_c;rosidl_typesupport_fastrtps_c
-- Using all available rosidl_typesupport_cpp: rosidl_typesupport_introspection_cpp;rosidl_typesupport_fastrtps_cpp
-- Found rmw_implementation_cmake: 7.1.0 (/home/taylor/ros2_iron/install/rmw_implementation_cmake/share/rmw_implementation_cmake/cmake)
-- Found rmw_fastrtps_cpp: 7.1.3 (/home/taylor/ros2_iron/install/rmw_fastrtps_cpp/share/rmw_fastrtps_cpp/cmake)
-- Using RMW implementation 'rmw_fastrtps_cpp' as default
-- Eigen found (include: /usr/include/eigen3, version: 3.4.0)
-- OpenNI found (version: 1.5.4.0, include: /usr/include/ni, lib: /usr/lib/libOpenNI.so;libusb::libusb)
-- OpenNI2 found (version: 2.2.0.33, include: /usr/include/openni2, lib: /usr/lib/aarch64-linux-gnu/libOpenNI2.so;libusb::libusb)
-- Eigen found (include: /usr/include/eigen3, version: 3.4.0)
-- Found pcl_msgs: 1.0.0 (/home/taylor/Buddy_Bot/buddybot/ros2_workspace/install/pcl_msgs/share/pcl_msgs/cmake)
-- Found ament_cmake_gtest: 2.0.4 (/home/taylor/ros2_iron/install/ament_cmake_gtest/share/ament_cmake_gtest/cmake)
-- Found gtest sources under '/home/taylor/ros2_iron/install/gtest_vendor/src/gtest_vendor': C++ tests using 'Google Test' will be built
-- Found Threads: TRUE  
-- Configuring done
-- Generating done
-- Build files have been written to: /home/taylor/Buddy_Bot/buddybot/ros2_workspace/build/pcl_conversions
[ 33%] [32mBuilding CXX object gtest/CMakeFiles/gtest.dir/src/gtest-all.cc.o[0m
[ 33%] [32mBuilding CXX object gtest/CMakeFiles/gtest_main.dir/src/gtest_main.cc.o[0m
[ 50%] [32m[1mLinking CXX static library libgtest_main.a[0m
[ 50%] Built target gtest_main
[ 66%] [32m[1mLinking CXX static library libgtest.a[0m
[ 66%] Built target gtest
[ 83%] [32mBuilding CXX object CMakeFiles/pcl_conversions-test.dir/test/test_pcl_conversions.cpp.o[0m
[100%] [32m[1mLinking CXX executable pcl_conversions-test[0m
[100%] Built target pcl_conversions-test
-- Install configuration: ""
-- Execute custom install script
-- Symlinking: /home/taylor/Buddy_Bot/buddybot/ros2_workspace/install/pcl_conversions/include/pcl_conversions/pcl_conversions/pcl_conversions.h
-- Symlinking: /home/taylor/Buddy_Bot/buddybot/ros2_workspace/install/pcl_conversions/share/ament_index/resource_index/package_run_dependencies/pcl_conversions
-- Symlinking: /home/taylor/Buddy_Bot/buddybot/ros2_workspace/install/pcl_conversions/share/ament_index/resource_index/parent_prefix_path/pcl_conversions
-- Symlinking: /home/taylor/Buddy_Bot/buddybot/ros2_workspace/install/pcl_conversions/share/pcl_conversions/environment/ament_prefix_path.sh
-- Symlinking: /home/taylor/Buddy_Bot/buddybot/ros2_workspace/install/pcl_conversions/share/pcl_conversions/environment/ament_prefix_path.dsv
-- Symlinking: /home/taylor/Buddy_Bot/buddybot/ros2_workspace/install/pcl_conversions/share/pcl_conversions/environment/path.sh
-- Symlinking: /home/taylor/Buddy_Bot/buddybot/ros2_workspace/install/pcl_conversions/share/pcl_conversions/environment/path.dsv
-- Symlinking: /home/taylor/Buddy_Bot/buddybot/ros2_workspace/install/pcl_conversions/share/pcl_conversions/local_setup.bash
-- Symlinking: /home/taylor/Buddy_Bot/buddybot/ros2_workspace/install/pcl_conversions/share/pcl_conversions/local_setup.sh
-- Symlinking: /home/taylor/Buddy_Bot/buddybot/ros2_workspace/install/pcl_conversions/share/pcl_conversions/local_setup.zsh
-- Symlinking: /home/taylor/Buddy_Bot/buddybot/ros2_workspace/install/pcl_conversions/share/pcl_conversions/local_setup.dsv
-- Symlinking: /home/taylor/Buddy_Bot/buddybot/ros2_workspace/install/pcl_conversions/share/pcl_conversions/package.dsv
-- Symlinking: /home/taylor/Buddy_Bot/buddybot/ros2_workspace/install/pcl_conversions/share/ament_index/resource_index/packages/pcl_conversions
-- Symlinking: /home/taylor/Buddy_Bot/buddybot/ros2_workspace/install/pcl_conversions/share/pcl_conversions/cmake/ament_cmake_export_include_directories-extras.cmake
-- Symlinking: /home/taylor/Buddy_Bot/buddybot/ros2_workspace/install/pcl_conversions/share/pcl_conversions/cmake/ament_cmake_export_dependencies-extras.cmake
-- Symlinking: /home/taylor/Buddy_Bot/buddybot/ros2_workspace/install/pcl_conversions/share/pcl_conversions/cmake/pcl_conversionsConfig.cmake
-- Symlinking: /home/taylor/Buddy_Bot/buddybot/ros2_workspace/install/pcl_conversions/share/pcl_conversions/cmake/pcl_conversionsConfig-version.cmake
-- Symlinking: /home/taylor/Buddy_Bot/buddybot/ros2_workspace/install/pcl_conversions/share/pcl_conversions/package.xml
