Built target ament_cmake_python_copy_mpu
running egg_info
writing mpu.egg-info/PKG-INFO
writing dependency_links to mpu.egg-info/dependency_links.txt
writing top-level names to mpu.egg-info/top_level.txt
reading manifest file 'mpu.egg-info/SOURCES.txt'
writing manifest file 'mpu.egg-info/SOURCES.txt'
Built target ament_cmake_python_build_mpu_egg
-- Install configuration: ""
-- Up-to-date: /home/taylor/Buddy_Bot/buddybot/ros2_workspace/install/mpu/share/mpu/environment/pythonpath.sh
-- Up-to-date: /home/taylor/Buddy_Bot/buddybot/ros2_workspace/install/mpu/share/mpu/environment/pythonpath.dsv
-- Up-to-date: /home/taylor/Buddy_Bot/buddybot/ros2_workspace/install/mpu/lib/python3.11/site-packages/mpu-0.0.1-py3.11.egg-info
-- Installing: /home/taylor/Buddy_Bot/buddybot/ros2_workspace/install/mpu/lib/python3.11/site-packages/mpu-0.0.1-py3.11.egg-info/PKG-INFO
-- Installing: /home/taylor/Buddy_Bot/buddybot/ros2_workspace/install/mpu/lib/python3.11/site-packages/mpu-0.0.1-py3.11.egg-info/top_level.txt
-- Installing: /home/taylor/Buddy_Bot/buddybot/ros2_workspace/install/mpu/lib/python3.11/site-packages/mpu-0.0.1-py3.11.egg-info/dependency_links.txt
-- Installing: /home/taylor/Buddy_Bot/buddybot/ros2_workspace/install/mpu/lib/python3.11/site-packages/mpu-0.0.1-py3.11.egg-info/SOURCES.txt
-- Up-to-date: /home/taylor/Buddy_Bot/buddybot/ros2_workspace/install/mpu/lib/python3.11/site-packages/mpu
-- Up-to-date: /home/taylor/Buddy_Bot/buddybot/ros2_workspace/install/mpu/lib/python3.11/site-packages/mpu/mpupublisher.py
-- Up-to-date: /home/taylor/Buddy_Bot/buddybot/ros2_workspace/install/mpu/lib/python3.11/site-packages/mpu/mpusubscriber.py
-- Up-to-date: /home/taylor/Buddy_Bot/buddybot/ros2_workspace/install/mpu/lib/python3.11/site-packages/mpu/__init__.py
Listing '/home/taylor/Buddy_Bot/buddybot/ros2_workspace/install/mpu/lib/python3.11/site-packages/mpu'...
-- Up-to-date: /home/taylor/Buddy_Bot/buddybot/ros2_workspace/install/mpu/lib/mpu/mpupublisher.py
-- Up-to-date: /home/taylor/Buddy_Bot/buddybot/ros2_workspace/install/mpu/lib/mpu/mpusubscriber.py
-- Up-to-date: /home/taylor/Buddy_Bot/buddybot/ros2_workspace/install/mpu/share/ament_index/resource_index/package_run_dependencies/mpu
-- Up-to-date: /home/taylor/Buddy_Bot/buddybot/ros2_workspace/install/mpu/share/ament_index/resource_index/parent_prefix_path/mpu
-- Up-to-date: /home/taylor/Buddy_Bot/buddybot/ros2_workspace/install/mpu/share/mpu/environment/ament_prefix_path.dsv
-- Up-to-date: /home/taylor/Buddy_Bot/buddybot/ros2_workspace/install/mpu/share/mpu/environment/path.dsv
-- Up-to-date: /home/taylor/Buddy_Bot/buddybot/ros2_workspace/install/mpu/share/mpu/local_setup.bash
-- Up-to-date: /home/taylor/Buddy_Bot/buddybot/ros2_workspace/install/mpu/share/mpu/local_setup.sh
-- Up-to-date: /home/taylor/Buddy_Bot/buddybot/ros2_workspace/install/mpu/share/mpu/local_setup.zsh
-- Up-to-date: /home/taylor/Buddy_Bot/buddybot/ros2_workspace/install/mpu/share/mpu/local_setup.dsv
-- Installing: /home/taylor/Buddy_Bot/buddybot/ros2_workspace/install/mpu/share/mpu/package.dsv
-- Up-to-date: /home/taylor/Buddy_Bot/buddybot/ros2_workspace/install/mpu/share/ament_index/resource_index/packages/mpu
-- Up-to-date: /home/taylor/Buddy_Bot/buddybot/ros2_workspace/install/mpu/share/mpu/cmake/ament_cmake_export_dependencies-extras.cmake
-- Up-to-date: /home/taylor/Buddy_Bot/buddybot/ros2_workspace/install/mpu/share/mpu/cmake/mpuConfig.cmake
-- Up-to-date: /home/taylor/Buddy_Bot/buddybot/ros2_workspace/install/mpu/share/mpu/cmake/mpuConfig-version.cmake
-- Up-to-date: /home/taylor/Buddy_Bot/buddybot/ros2_workspace/install/mpu/share/mpu/package.xml
