[0.078s] Invoking command in '/home/taylor/Buddy_Bot/buddybot/ros2_workspace/build/mpu': /usr/bin/cmake --build /home/taylor/Buddy_Bot/buddybot/ros2_workspace/build/mpu -- -j4 -l4
[0.270s] Built target ament_cmake_python_copy_mpu
[1.367s] running egg_info
[1.408s] writing mpu.egg-info/PKG-INFO
[1.409s] writing dependency_links to mpu.egg-info/dependency_links.txt
[1.409s] writing top-level names to mpu.egg-info/top_level.txt
[1.538s] reading manifest file 'mpu.egg-info/SOURCES.txt'
[1.538s] writing manifest file 'mpu.egg-info/SOURCES.txt'
[1.730s] Built target ament_cmake_python_build_mpu_egg
[1.763s] Invoked command in '/home/taylor/Buddy_Bot/buddybot/ros2_workspace/build/mpu' returned '0': /usr/bin/cmake --build /home/taylor/Buddy_Bot/buddybot/ros2_workspace/build/mpu -- -j4 -l4
[1.956s] Invoking command in '/home/taylor/Buddy_Bot/buddybot/ros2_workspace/build/mpu': /usr/bin/cmake --install /home/taylor/Buddy_Bot/buddybot/ros2_workspace/build/mpu
[1.979s] -- Install configuration: ""
[1.980s] -- Up-to-date: /home/taylor/Buddy_Bot/buddybot/ros2_workspace/install/mpu/share/mpu/environment/pythonpath.sh
[1.981s] -- Up-to-date: /home/taylor/Buddy_Bot/buddybot/ros2_workspace/install/mpu/share/mpu/environment/pythonpath.dsv
[1.982s] -- Up-to-date: /home/taylor/Buddy_Bot/buddybot/ros2_workspace/install/mpu/lib/python3.11/site-packages/mpu-0.0.1-py3.11.egg-info
[1.983s] -- Installing: /home/taylor/Buddy_Bot/buddybot/ros2_workspace/install/mpu/lib/python3.11/site-packages/mpu-0.0.1-py3.11.egg-info/PKG-INFO
[1.984s] -- Installing: /home/taylor/Buddy_Bot/buddybot/ros2_workspace/install/mpu/lib/python3.11/site-packages/mpu-0.0.1-py3.11.egg-info/top_level.txt
[1.985s] -- Installing: /home/taylor/Buddy_Bot/buddybot/ros2_workspace/install/mpu/lib/python3.11/site-packages/mpu-0.0.1-py3.11.egg-info/dependency_links.txt
[1.986s] -- Installing: /home/taylor/Buddy_Bot/buddybot/ros2_workspace/install/mpu/lib/python3.11/site-packages/mpu-0.0.1-py3.11.egg-info/SOURCES.txt
[1.987s] -- Up-to-date: /home/taylor/Buddy_Bot/buddybot/ros2_workspace/install/mpu/lib/python3.11/site-packages/mpu
[1.987s] -- Up-to-date: /home/taylor/Buddy_Bot/buddybot/ros2_workspace/install/mpu/lib/python3.11/site-packages/mpu/mpupublisher.py
[1.988s] -- Up-to-date: /home/taylor/Buddy_Bot/buddybot/ros2_workspace/install/mpu/lib/python3.11/site-packages/mpu/mpusubscriber.py
[1.989s] -- Up-to-date: /home/taylor/Buddy_Bot/buddybot/ros2_workspace/install/mpu/lib/python3.11/site-packages/mpu/__init__.py
[2.165s] Listing '/home/taylor/Buddy_Bot/buddybot/ros2_workspace/install/mpu/lib/python3.11/site-packages/mpu'...
[2.179s] -- Up-to-date: /home/taylor/Buddy_Bot/buddybot/ros2_workspace/install/mpu/lib/mpu/mpupublisher.py
[2.180s] -- Up-to-date: /home/taylor/Buddy_Bot/buddybot/ros2_workspace/install/mpu/lib/mpu/mpusubscriber.py
[2.180s] -- Up-to-date: /home/taylor/Buddy_Bot/buddybot/ros2_workspace/install/mpu/share/ament_index/resource_index/package_run_dependencies/mpu
[2.180s] -- Up-to-date: /home/taylor/Buddy_Bot/buddybot/ros2_workspace/install/mpu/share/ament_index/resource_index/parent_prefix_path/mpu
[2.180s] -- Up-to-date: /home/taylor/Buddy_Bot/buddybot/ros2_workspace/install/mpu/share/mpu/environment/ament_prefix_path.dsv
[2.181s] -- Up-to-date: /home/taylor/Buddy_Bot/buddybot/ros2_workspace/install/mpu/share/mpu/environment/path.dsv
[2.181s] -- Up-to-date: /home/taylor/Buddy_Bot/buddybot/ros2_workspace/install/mpu/share/mpu/local_setup.bash
[2.181s] -- Up-to-date: /home/taylor/Buddy_Bot/buddybot/ros2_workspace/install/mpu/share/mpu/local_setup.sh
[2.181s] -- Up-to-date: /home/taylor/Buddy_Bot/buddybot/ros2_workspace/install/mpu/share/mpu/local_setup.zsh
[2.181s] -- Up-to-date: /home/taylor/Buddy_Bot/buddybot/ros2_workspace/install/mpu/share/mpu/local_setup.dsv
[2.181s] -- Installing: /home/taylor/Buddy_Bot/buddybot/ros2_workspace/install/mpu/share/mpu/package.dsv
[2.182s] -- Up-to-date: /home/taylor/Buddy_Bot/buddybot/ros2_workspace/install/mpu/share/ament_index/resource_index/packages/mpu
[2.182s] -- Up-to-date: /home/taylor/Buddy_Bot/buddybot/ros2_workspace/install/mpu/share/mpu/cmake/ament_cmake_export_dependencies-extras.cmake
[2.182s] -- Up-to-date: /home/taylor/Buddy_Bot/buddybot/ros2_workspace/install/mpu/share/mpu/cmake/mpuConfig.cmake
[2.182s] -- Up-to-date: /home/taylor/Buddy_Bot/buddybot/ros2_workspace/install/mpu/share/mpu/cmake/mpuConfig-version.cmake
[2.182s] -- Up-to-date: /home/taylor/Buddy_Bot/buddybot/ros2_workspace/install/mpu/share/mpu/package.xml
[2.185s] Invoked command in '/home/taylor/Buddy_Bot/buddybot/ros2_workspace/build/mpu' returned '0': /usr/bin/cmake --install /home/taylor/Buddy_Bot/buddybot/ros2_workspace/build/mpu
