[  2%] Built target move_bot__rosidl_generator_type_description
[  5%] Built target move_bot__cpp
[  5%] Built target ament_cmake_python_copy_move_bot
[ 19%] Built target move_bot__rosidl_generator_c
[ 27%] Built target move_bot__rosidl_typesupport_fastrtps_cpp
[ 36%] Built target move_bot__rosidl_typesupport_cpp
[ 44%] Built target move_bot__rosidl_typesupport_fastrtps_c
[ 52%] Built target move_bot__rosidl_typesupport_introspection_c
[ 61%] Built target move_bot__rosidl_typesupport_c
[ 69%] Built target move_bot__rosidl_typesupport_introspection_cpp
[ 69%] Built target move_bot
[ 72%] [32mBuilding CXX object CMakeFiles/move_node.dir/src/move_bot.cpp.o[0m
[ 75%] Built target move_bot__py
[ 80%] Built target move_bot__rosidl_generator_py
[ 86%] Built target move_bot__rosidl_typesupport_introspection_c__pyext
[ 91%] Built target move_bot__rosidl_typesupport_fastrtps_c__pyext
[ 97%] Built target move_bot__rosidl_typesupport_c__pyext
running egg_info
writing move_bot.egg-info/PKG-INFO
writing dependency_links to move_bot.egg-info/dependency_links.txt
writing top-level names to move_bot.egg-info/top_level.txt
reading manifest file 'move_bot.egg-info/SOURCES.txt'
writing manifest file 'move_bot.egg-info/SOURCES.txt'
[ 97%] Built target ament_cmake_python_build_move_bot_egg
[100%] [32m[1mLinking CXX executable move_node[0m
