[3.829s] Invoking command in '/home/taylor/Buddy_Bot/buddybot/ros2_workspace/build/tfmini_s': PYTHONPATH=/home/taylor/Buddy_Bot/buddybot/ros2_workspace/build/tfmini_s/prefix_override:/home/taylor/Buddy_Bot/buddybot/ros2_workspace/install/tfmini_s/lib/python3.11/site-packages:${PYTHONPATH} /usr/bin/python3 setup.py develop --editable --build-directory /home/taylor/Buddy_Bot/buddybot/ros2_workspace/build/tfmini_s/build --no-deps install_data
[5.077s] running develop
[5.077s] /usr/lib/python3/dist-packages/setuptools/command/easy_install.py:146: EasyInstallDeprecationWarning: easy_install command is deprecated. Use build and pip and other standards-based tools.
[5.077s]   warnings.warn(
[5.183s] /usr/lib/python3/dist-packages/setuptools/command/install.py:34: SetuptoolsDeprecationWarning: setup.py install is deprecated. Use build and pip and other standards-based tools.
[5.183s]   warnings.warn(
[5.657s] running egg_info
[5.694s] writing tfmini_s.egg-info/PKG-INFO
[5.695s] writing dependency_links to tfmini_s.egg-info/dependency_links.txt
[5.698s] writing entry points to tfmini_s.egg-info/entry_points.txt
[5.699s] writing requirements to tfmini_s.egg-info/requires.txt
[5.700s] writing top-level names to tfmini_s.egg-info/top_level.txt
[5.788s] reading manifest file 'tfmini_s.egg-info/SOURCES.txt'
[5.788s] writing manifest file 'tfmini_s.egg-info/SOURCES.txt'
[5.841s] running build_ext
[5.841s] Creating /home/taylor/Buddy_Bot/buddybot/ros2_workspace/install/tfmini_s/lib/python3.11/site-packages/tfmini-s.egg-link (link to .)
[5.842s] Installing tfmini_s_node script to /home/taylor/Buddy_Bot/buddybot/ros2_workspace/install/tfmini_s/lib/tfmini_s
[5.842s] 
[5.842s] Installed /home/taylor/Buddy_Bot/buddybot/ros2_workspace/build/tfmini_s
[5.843s] running install_data
