-- The C compiler identification is GNU 12.2.0
-- The CXX compiler identification is GNU 12.2.0
-- Detecting C compiler ABI info
-- Detecting C compiler ABI info - done
-- Check for working C compiler: /usr/bin/cc - skipped
-- Detecting C compile features
-- Detecting C compile features - done
-- Detecting CXX compiler ABI info
-- Detecting CXX compiler ABI info - done
-- Check for working CXX compiler: /usr/bin/c++ - skipped
-- Detecting CXX compile features
-- Detecting CXX compile features - done
-- Found ament_cmake: 2.0.4 (/home/taylor/ros2_iron/install/ament_cmake/share/ament_cmake/cmake)
-- Found Python3: /usr/bin/python3 (found version "3.11.2") found components: Interpreter 
-- Override CMake install command with custom implementation using symlinks instead of copying resources
-- Found diagnostic_msgs: 5.0.0 (/home/taylor/ros2_iron/install/diagnostic_msgs/share/diagnostic_msgs/cmake)
-- Found rosidl_generator_c: 4.0.1 (/home/taylor/ros2_iron/install/rosidl_generator_c/share/rosidl_generator_c/cmake)
-- Found rosidl_generator_cpp: 4.0.1 (/home/taylor/ros2_iron/install/rosidl_generator_cpp/share/rosidl_generator_cpp/cmake)
-- Using all available rosidl_typesupport_c: rosidl_typesupport_introspection_c;rosidl_typesupport_fastrtps_c
-- Using all available rosidl_typesupport_cpp: rosidl_typesupport_introspection_cpp;rosidl_typesupport_fastrtps_cpp
-- Found pluginlib: 5.2.2 (/home/taylor/ros2_iron/install/pluginlib/share/pluginlib/cmake)
-- Found TinyXML2 via Config file: /usr/lib/aarch64-linux-gnu/cmake/tinyxml2
-- Found rclcpp: 21.0.5 (/home/taylor/ros2_iron/install/rclcpp/share/rclcpp/cmake)
-- Found rmw_implementation_cmake: 7.1.0 (/home/taylor/ros2_iron/install/rmw_implementation_cmake/share/rmw_implementation_cmake/cmake)
-- Found rmw_fastrtps_cpp: 7.1.3 (/home/taylor/ros2_iron/install/rmw_fastrtps_cpp/share/rmw_fastrtps_cpp/cmake)
-- Found TinyXML2 via Config file: /usr/lib/aarch64-linux-gnu/cmake/tinyxml2
-- Found OpenSSL: /usr/lib/aarch64-linux-gnu/libcrypto.so (found version "3.0.11")  
-- Found TinyXML2 via Config file: /usr/lib/aarch64-linux-gnu/cmake/tinyxml2
-- Found FastRTPS: /home/taylor/ros2_iron/install/fastrtps/include  
-- Found TinyXML2 via Config file: /usr/lib/aarch64-linux-gnu/cmake/tinyxml2
-- Found TinyXML2 via Config file: /usr/lib/aarch64-linux-gnu/cmake/tinyxml2
-- Using RMW implementation 'rmw_fastrtps_cpp' as default
-- Found ament_lint_auto: 0.14.3 (/home/taylor/ros2_iron/install/ament_lint_auto/share/ament_lint_auto/cmake)
-- Found python_cmake_module: 0.10.2 (/home/taylor/ros2_iron/install/python_cmake_module/share/python_cmake_module/cmake)
-- Found PythonInterp: /usr/bin/python3 (found suitable version "3.11.2", minimum required is "3.6") 
-- Found PythonLibs: /usr/lib/aarch64-linux-gnu/libpython3.11.so (found suitable version "3.11.2", minimum required is "3.5") 
-- Using PYTHON_EXECUTABLE: /usr/bin/python3
-- Using PYTHON_INCLUDE_DIRS: /usr/include/python3.11
-- Using PYTHON_LIBRARIES: /usr/lib/aarch64-linux-gnu/libpython3.11.so
-- Found PythonExtra: .so  
-- Added test 'cppcheck' to perform static code analysis on C / C++ code
-- Configured cppcheck include dirs: $<BUILD_INTERFACE:/home/taylor/Buddy_Bot/buddybot/ros2_workspace/src/diagnostics/diagnostic_aggregator/include>
-- Configured cppcheck exclude dirs and/or files: 
-- Added test 'cpplint' to check C / C++ code against the Google style
-- Configured cpplint exclude dirs and/or files: 
-- Added test 'flake8' to check Python code syntax and style conventions
-- Configured 'flake8' exclude dirs and/or files: 
-- Added test 'lint_cmake' to check CMake code style
-- Added test 'pep257' to check Python code against some of the docstring style conventions in PEP 257
-- Added test 'uncrustify' to check C / C++ code style
-- Configured uncrustify additional arguments: 
-- Added test 'xmllint' to check XML markup files
-- Configuring done
-- Generating done
-- Build files have been written to: /home/taylor/Buddy_Bot/buddybot/ros2_workspace/build/diagnostic_aggregator
[ 10%] [32mBuilding CXX object CMakeFiles/diagnostic_aggregator.dir/src/analyzer_group.cpp.o[0m
[ 20%] [32mBuilding CXX object CMakeFiles/diagnostic_aggregator.dir/src/status_item.cpp.o[0m
[ 30%] [32mBuilding CXX object CMakeFiles/diagnostic_aggregator.dir/src/aggregator.cpp.o[0m
[ 30%] Built target ament_cmake_python_symlink_diagnostic_aggregator
running egg_info
creating diagnostic_aggregator.egg-info
writing diagnostic_aggregator.egg-info/PKG-INFO
writing dependency_links to diagnostic_aggregator.egg-info/dependency_links.txt
writing top-level names to diagnostic_aggregator.egg-info/top_level.txt
writing manifest file 'diagnostic_aggregator.egg-info/SOURCES.txt'
reading manifest file 'diagnostic_aggregator.egg-info/SOURCES.txt'
writing manifest file 'diagnostic_aggregator.egg-info/SOURCES.txt'
[ 30%] Built target ament_cmake_python_build_diagnostic_aggregator_egg
[ 40%] [32m[1mLinking CXX shared library libdiagnostic_aggregator.so[0m
[ 40%] Built target diagnostic_aggregator
[ 50%] [32mBuilding CXX object CMakeFiles/diagnostic_aggregator_analyzers.dir/src/generic_analyzer.cpp.o[0m
[ 60%] [32mBuilding CXX object CMakeFiles/diagnostic_aggregator_analyzers.dir/src/ignore_analyzer.cpp.o[0m
[ 70%] [32mBuilding CXX object CMakeFiles/diagnostic_aggregator_analyzers.dir/src/discard_analyzer.cpp.o[0m
[ 80%] [32m[1mLinking CXX shared library libdiagnostic_aggregator_analyzers.so[0m
[ 80%] Built target diagnostic_aggregator_analyzers
[ 90%] [32mBuilding CXX object CMakeFiles/aggregator_node.dir/src/aggregator_node.cpp.o[0m
[100%] [32m[1mLinking CXX executable aggregator_node[0m
[100%] Built target aggregator_node
-- Install configuration: ""
-- Execute custom install script
-- Symlinking: /home/taylor/Buddy_Bot/buddybot/ros2_workspace/install/diagnostic_aggregator/lib/diagnostic_aggregator/aggregator_node
-- Symlinking: /home/taylor/Buddy_Bot/buddybot/ros2_workspace/install/diagnostic_aggregator/include/diagnostic_aggregator/aggregator.hpp
-- Symlinking: /home/taylor/Buddy_Bot/buddybot/ros2_workspace/install/diagnostic_aggregator/include/diagnostic_aggregator/analyzer.hpp
-- Symlinking: /home/taylor/Buddy_Bot/buddybot/ros2_workspace/install/diagnostic_aggregator/include/diagnostic_aggregator/analyzer_group.hpp
-- Symlinking: /home/taylor/Buddy_Bot/buddybot/ros2_workspace/install/diagnostic_aggregator/include/diagnostic_aggregator/discard_analyzer.hpp
-- Symlinking: /home/taylor/Buddy_Bot/buddybot/ros2_workspace/install/diagnostic_aggregator/include/diagnostic_aggregator/generic_analyzer.hpp
-- Symlinking: /home/taylor/Buddy_Bot/buddybot/ros2_workspace/install/diagnostic_aggregator/include/diagnostic_aggregator/generic_analyzer_base.hpp
-- Symlinking: /home/taylor/Buddy_Bot/buddybot/ros2_workspace/install/diagnostic_aggregator/include/diagnostic_aggregator/ignore_analyzer.hpp
-- Symlinking: /home/taylor/Buddy_Bot/buddybot/ros2_workspace/install/diagnostic_aggregator/include/diagnostic_aggregator/other_analyzer.hpp
-- Symlinking: /home/taylor/Buddy_Bot/buddybot/ros2_workspace/install/diagnostic_aggregator/include/diagnostic_aggregator/status_item.hpp
-- Symlinking: /home/taylor/Buddy_Bot/buddybot/ros2_workspace/install/diagnostic_aggregator/include/diagnostic_aggregator/visibility_control.hpp
-- Symlinking: /home/taylor/Buddy_Bot/buddybot/ros2_workspace/install/diagnostic_aggregator/share/diagnostic_aggregator/environment/pythonpath.sh
-- Symlinking: /home/taylor/Buddy_Bot/buddybot/ros2_workspace/install/diagnostic_aggregator/share/diagnostic_aggregator/environment/pythonpath.dsv
-- Symlinking: /home/taylor/Buddy_Bot/buddybot/ros2_workspace/install/diagnostic_aggregator/lib/python3.11/site-packages/diagnostic_aggregator-3.2.0-py3.11.egg-info/PKG-INFO
-- Symlinking: /home/taylor/Buddy_Bot/buddybot/ros2_workspace/install/diagnostic_aggregator/lib/python3.11/site-packages/diagnostic_aggregator-3.2.0-py3.11.egg-info/SOURCES.txt
-- Symlinking: /home/taylor/Buddy_Bot/buddybot/ros2_workspace/install/diagnostic_aggregator/lib/python3.11/site-packages/diagnostic_aggregator-3.2.0-py3.11.egg-info/dependency_links.txt
-- Symlinking: /home/taylor/Buddy_Bot/buddybot/ros2_workspace/install/diagnostic_aggregator/lib/python3.11/site-packages/diagnostic_aggregator-3.2.0-py3.11.egg-info/top_level.txt
-- Symlinking: /home/taylor/Buddy_Bot/buddybot/ros2_workspace/install/diagnostic_aggregator/lib/python3.11/site-packages/diagnostic_aggregator/__init__.py
-- Symlinking: /home/taylor/Buddy_Bot/buddybot/ros2_workspace/install/diagnostic_aggregator/share/diagnostic_aggregator/example.launch.py
-- Symlinking: /home/taylor/Buddy_Bot/buddybot/ros2_workspace/install/diagnostic_aggregator/lib/diagnostic_aggregator/example_pub.py
-- Symlinking: /home/taylor/Buddy_Bot/buddybot/ros2_workspace/install/diagnostic_aggregator/share/diagnostic_aggregator/example_analyzers.yaml
-- Symlinking: /home/taylor/Buddy_Bot/buddybot/ros2_workspace/install/diagnostic_aggregator/share/diagnostic_aggregator//plugin_description.xml
-- Symlinking: /home/taylor/Buddy_Bot/buddybot/ros2_workspace/install/diagnostic_aggregator/share/diagnostic_aggregator/environment/library_path.sh
-- Symlinking: /home/taylor/Buddy_Bot/buddybot/ros2_workspace/install/diagnostic_aggregator/share/diagnostic_aggregator/environment/library_path.dsv
-- Symlinking: /home/taylor/Buddy_Bot/buddybot/ros2_workspace/install/diagnostic_aggregator/share/ament_index/resource_index/package_run_dependencies/diagnostic_aggregator
-- Symlinking: /home/taylor/Buddy_Bot/buddybot/ros2_workspace/install/diagnostic_aggregator/share/ament_index/resource_index/parent_prefix_path/diagnostic_aggregator
-- Symlinking: /home/taylor/Buddy_Bot/buddybot/ros2_workspace/install/diagnostic_aggregator/share/diagnostic_aggregator/environment/ament_prefix_path.sh
-- Symlinking: /home/taylor/Buddy_Bot/buddybot/ros2_workspace/install/diagnostic_aggregator/share/diagnostic_aggregator/environment/ament_prefix_path.dsv
-- Symlinking: /home/taylor/Buddy_Bot/buddybot/ros2_workspace/install/diagnostic_aggregator/share/diagnostic_aggregator/environment/path.sh
-- Symlinking: /home/taylor/Buddy_Bot/buddybot/ros2_workspace/install/diagnostic_aggregator/share/diagnostic_aggregator/environment/path.dsv
-- Symlinking: /home/taylor/Buddy_Bot/buddybot/ros2_workspace/install/diagnostic_aggregator/share/diagnostic_aggregator/local_setup.bash
-- Symlinking: /home/taylor/Buddy_Bot/buddybot/ros2_workspace/install/diagnostic_aggregator/share/diagnostic_aggregator/local_setup.sh
-- Symlinking: /home/taylor/Buddy_Bot/buddybot/ros2_workspace/install/diagnostic_aggregator/share/diagnostic_aggregator/local_setup.zsh
-- Symlinking: /home/taylor/Buddy_Bot/buddybot/ros2_workspace/install/diagnostic_aggregator/share/diagnostic_aggregator/local_setup.dsv
-- Symlinking: /home/taylor/Buddy_Bot/buddybot/ros2_workspace/install/diagnostic_aggregator/share/diagnostic_aggregator/package.dsv
-- Symlinking: /home/taylor/Buddy_Bot/buddybot/ros2_workspace/install/diagnostic_aggregator/share/ament_index/resource_index/packages/diagnostic_aggregator
-- Symlinking: /home/taylor/Buddy_Bot/buddybot/ros2_workspace/install/diagnostic_aggregator/share/ament_index/resource_index/diagnostic_aggregator__pluginlib__plugin/diagnostic_aggregator
-- Symlinking: /home/taylor/Buddy_Bot/buddybot/ros2_workspace/install/diagnostic_aggregator/share/diagnostic_aggregator/cmake/ament_cmake_export_targets-extras.cmake
-- Symlinking: /home/taylor/Buddy_Bot/buddybot/ros2_workspace/install/diagnostic_aggregator/share/diagnostic_aggregator/cmake/ament_cmake_export_include_directories-extras.cmake
-- Symlinking: /home/taylor/Buddy_Bot/buddybot/ros2_workspace/install/diagnostic_aggregator/share/diagnostic_aggregator/cmake/ament_cmake_export_dependencies-extras.cmake
-- Symlinking: /home/taylor/Buddy_Bot/buddybot/ros2_workspace/install/diagnostic_aggregator/share/diagnostic_aggregator/cmake/diagnostic_aggregatorConfig.cmake
-- Symlinking: /home/taylor/Buddy_Bot/buddybot/ros2_workspace/install/diagnostic_aggregator/share/diagnostic_aggregator/cmake/diagnostic_aggregatorConfig-version.cmake
-- Symlinking: /home/taylor/Buddy_Bot/buddybot/ros2_workspace/install/diagnostic_aggregator/share/diagnostic_aggregator/package.xml
-- Installing: /home/taylor/Buddy_Bot/buddybot/ros2_workspace/install/diagnostic_aggregator/lib/libdiagnostic_aggregator.so
-- Set runtime path of "/home/taylor/Buddy_Bot/buddybot/ros2_workspace/install/diagnostic_aggregator/lib/libdiagnostic_aggregator.so" to ""
-- Installing: /home/taylor/Buddy_Bot/buddybot/ros2_workspace/install/diagnostic_aggregator/lib/libdiagnostic_aggregator_analyzers.so
-- Set runtime path of "/home/taylor/Buddy_Bot/buddybot/ros2_workspace/install/diagnostic_aggregator/lib/libdiagnostic_aggregator_analyzers.so" to ""
Listing '/home/taylor/Buddy_Bot/buddybot/ros2_workspace/install/diagnostic_aggregator/lib/python3.11/site-packages/diagnostic_aggregator'...
Compiling '/home/taylor/Buddy_Bot/buddybot/ros2_workspace/install/diagnostic_aggregator/lib/python3.11/site-packages/diagnostic_aggregator/__init__.py'...
-- Installing: /home/taylor/Buddy_Bot/buddybot/ros2_workspace/install/diagnostic_aggregator/share/diagnostic_aggregator/cmake/diagnostic_aggregatorTargetsExport.cmake
-- Installing: /home/taylor/Buddy_Bot/buddybot/ros2_workspace/install/diagnostic_aggregator/share/diagnostic_aggregator/cmake/diagnostic_aggregatorTargetsExport-noconfig.cmake
