[0.046s] Invoking command in '/home/taylor/Buddy_Bot/buddybot/ros2_workspace/build/mpu': /usr/bin/cmake /home/taylor/Buddy_Bot/buddybot/ros2_workspace/src/mpu -DCATKIN_INSTALL_INTO_PREFIX_ROOT=0 -DCMAKE_INSTALL_PREFIX=/home/taylor/Buddy_Bot/buddybot/ros2_workspace/install/mpu
[0.178s] -- The C compiler identification is GNU 12.2.0
[0.266s] -- The CXX compiler identification is GNU 12.2.0
[0.283s] -- Detecting C compiler ABI info
[0.456s] -- Detecting C compiler ABI info - done
[0.468s] -- Check for working C compiler: /usr/bin/cc - skipped
[0.469s] -- Detecting C compile features
[0.470s] -- Detecting C compile features - done
[0.474s] -- Detecting CXX compiler ABI info
[0.648s] -- Detecting CXX compiler ABI info - done
[0.659s] -- Check for working CXX compiler: /usr/bin/c++ - skipped
[0.660s] -- Detecting CXX compile features
[0.661s] -- Detecting CXX compile features - done
[0.678s] -- Found ament_cmake: 2.0.4 (/home/taylor/ros2_iron/install/ament_cmake/share/ament_cmake/cmake)
[2.495s] -- Found Python3: /usr/bin/python3 (found version "3.11.2") found components: Interpreter 
[2.992s] -- Found rclpy: 4.1.4 (/home/taylor/ros2_iron/install/rclpy/share/rclpy/cmake)
[2.998s] -- Found std_msgs: 5.0.0 (/home/taylor/ros2_iron/install/std_msgs/share/std_msgs/cmake)
[3.165s] -- Found rosidl_generator_c: 4.0.1 (/home/taylor/ros2_iron/install/rosidl_generator_c/share/rosidl_generator_c/cmake)
[3.217s] -- Found rosidl_generator_cpp: 4.0.1 (/home/taylor/ros2_iron/install/rosidl_generator_cpp/share/rosidl_generator_cpp/cmake)
[3.322s] -- Using all available rosidl_typesupport_c: rosidl_typesupport_introspection_c;rosidl_typesupport_fastrtps_c
[3.432s] -- Using all available rosidl_typesupport_cpp: rosidl_typesupport_introspection_cpp;rosidl_typesupport_fastrtps_cpp
[3.940s] [31mCMake Error at /home/taylor/ros2_iron/install/ament_cmake_python/share/ament_cmake_python/cmake/ament_python_install_package.cmake:66 (message):
[3.940s]   ament_python_install_package() the Python package folder
[3.940s]   '/home/taylor/Buddy_Bot/buddybot/ros2_workspace/src/mpu/mpu' doesn't
[3.940s]   contain an '__init__.py' file
[3.940s] Call Stack (most recent call first):
[3.940s]   /home/taylor/ros2_iron/install/ament_cmake_python/share/ament_cmake_python/cmake/ament_python_install_package.cmake:39 (_ament_cmake_python_install_package)
[3.942s]   CMakeLists.txt:27 (ament_python_install_package)
[3.943s] 
[3.943s] [0m
[3.943s] -- Configuring incomplete, errors occurred!
[3.943s] See also "/home/taylor/Buddy_Bot/buddybot/ros2_workspace/build/mpu/CMakeFiles/CMakeOutput.log".
[3.951s] Invoked command in '/home/taylor/Buddy_Bot/buddybot/ros2_workspace/build/mpu' returned '1': /usr/bin/cmake /home/taylor/Buddy_Bot/buddybot/ros2_workspace/src/mpu -DCATKIN_INSTALL_INTO_PREFIX_ROOT=0 -DCMAKE_INSTALL_PREFIX=/home/taylor/Buddy_Bot/buddybot/ros2_workspace/install/mpu
