[0.100s] Invoking command in '/home/taylor/Buddy_Bot/buddybot/ros2_workspace/build/move_bot': CMAKE_PREFIX_PATH=${CMAKE_PREFIX_PATH}:/home/taylor/Buddy_Bot/buddybot/ros2_workspace/install/tfmini_s:/home/taylor/Buddy_Bot/buddybot/ros2_workspace/install/rtabmap_python:/home/taylor/Buddy_Bot/buddybot/ros2_workspace/install/opencv_tests:/home/taylor/ros2_iron/install/rqt_bag_plugins:/home/taylor/ros2_iron/install/rqt_bag:/home/taylor/ros2_iron/install/rosbag2_examples_py:/home/taylor/ros2_iron/install/launch_testing_examples:/home/taylor/ros2_iron/install/ros2bag:/home/taylor/ros2_iron/install/tracetools_test:/home/taylor/ros2_iron/install/tracetools_launch:/home/taylor/ros2_iron/install/topic_monitor:/home/taylor/ros2_iron/install/tf2_tools:/home/taylor/ros2_iron/install/examples_tf2_py:/home/taylor/ros2_iron/install/tf2_ros_py:/home/taylor/ros2_iron/install/examples_rclpy_pointcloud_publisher:/home/taylor/ros2_iron/install/sensor_msgs_py:/home/taylor/ros2_iron/install/quality_of_service_demo_py:/home/taylor/ros2_iron/install/rqt_plot:/home/taylor/ros2_iron/install/ros2doctor:/home/taylor/ros2_iron/install/lifecycle_py:/home/taylor/ros2_iron/install/examples_rclpy_minimal_subscriber:/home/taylor/ros2_iron/install/examples_rclpy_minimal_service:/home/taylor/ros2_iron/install/examples_rclpy_minimal_publisher:/home/taylor/ros2_iron/install/examples_rclpy_minimal_client:/home/taylor/ros2_iron/install/examples_rclpy_executors:/home/taylor/ros2_iron/install/demo_nodes_py:/home/taylor/ros2_iron/install/rqt:/home/taylor/ros2_iron/install/ros2component:/home/taylor/ros2_iron/install/sros2:/home/taylor/ros2_iron/install/rqt_topic:/home/taylor/ros2_iron/install/rqt_srv:/home/taylor/ros2_iron/install/rqt_shell:/home/taylor/ros2_iron/install/rqt_service_caller:/home/taylor/ros2_iron/install/rqt_reconfigure:/home/taylor/ros2_iron/install/rqt_py_console:/home/taylor/ros2_iron/install/rqt_publisher:/home/taylor/ros2_iron/install/rqt_action:/home/taylor/ros2_iron/install/rqt_msg:/home/taylor/ros2_iron/install/rqt_console:/home/taylor/ros2_iron/install/rqt_graph:/home/taylor/ros2_iron/install/rqt_gui_py:/home/taylor/ros2_iron/install/rqt_gui:/home/taylor/ros2_iron/install/ros2trace:/home/taylor/ros2_iron/install/ros2topic:/home/taylor/ros2_iron/install/ros2test:/home/taylor/ros2_iron/install/ros2param:/home/taylor/ros2_iron/install/ros2lifecycle:/home/taylor/ros2_iron/install/ros2service:/home/taylor/ros2_iron/install/ros2run:/home/taylor/ros2_iron/install/ros2launch:/home/taylor/ros2_iron/install/ros2pkg:/home/taylor/ros2_iron/install/ros2node:/home/taylor/ros2_iron/install/ros2multicast:/home/taylor/ros2_iron/install/ros2interface:/home/taylor/ros2_iron/install/ros2action:/home/taylor/ros2_iron/install/ros2cli:/home/taylor/ros2_iron/install/launch_testing_ros:/home/taylor/ros2_iron/install/launch_ros:/home/taylor/ros2_iron/install/examples_rclpy_minimal_action_server:/home/taylor/ros2_iron/install/examples_rclpy_minimal_action_client:/home/taylor/ros2_iron/install/examples_rclpy_guard_conditions:/home/taylor/ros2_iron/install/action_tutorials_py:/home/taylor/ros2_iron/install/ament_uncrustify:/home/taylor/ros2_iron/install/tracetools_trace:/home/taylor/ros2_iron/install/tracetools_read:/home/taylor/ros2_iron/install/test_tracetools_launch:/home/taylor/ros2_iron/install/test_ros2trace:/home/taylor/ros2_iron/install/test_launch_ros:/home/taylor/ros2_iron/install/rpyutils:/home/taylor/ros2_iron/install/rosidl_runtime_py:/home/taylor/ros2_iron/install/rosidl_pycommon:/home/taylor/ros2_iron/install/rosidl_cli:/home/taylor/ros2_iron/install/launch_pytest:/home/taylor/ros2_iron/install/launch_testing:/home/taylor/ros2_iron/install/launch_yaml:/home/taylor/ros2_iron/install/launch_xml:/home/taylor/ros2_iron/install/launch:/home/taylor/ros2_iron/install/osrf_pycommon:/home/taylor/ros2_iron/install/domain_coordinator:/home/taylor/ros2_iron/install/ament_xmllint:/home/taylor/ros2_iron/install/ament_pyflakes:/home/taylor/ros2_iron/install/ament_pycodestyle:/home/taylor/ros2_iron/install/ament_pep257:/home/taylor/ros2_iron/install/ament_pclint:/home/taylor/ros2_iron/install/ament_package:/home/taylor/ros2_iron/install/ament_mypy:/home/taylor/ros2_iron/install/ament_lint_cmake:/home/taylor/ros2_iron/install/ament_flake8:/home/taylor/ros2_iron/install/ament_copyright:/home/taylor/ros2_iron/install/ament_lint:/home/taylor/ros2_iron/install/ament_index_python:/home/taylor/ros2_iron/install/ament_cpplint:/home/taylor/ros2_iron/install/ament_cppcheck:/home/taylor/ros2_iron/install/ament_clang_tidy:/home/taylor/ros2_iron/install/ament_clang_format /usr/bin/cmake --build /home/taylor/Buddy_Bot/buddybot/ros2_workspace/build/move_bot -- -j4 -l4
[0.282s] [  2%] [34m[1mGenerating type hashes for ROS interfaces[0m
[0.311s] [  2%] Built target ament_cmake_python_copy_move_bot
[0.933s] [  2%] Built target move_bot__rosidl_generator_type_description
[0.972s] [  5%] [34m[1mGenerating C code for ROS interfaces[0m
[1.055s] [  8%] [34m[1mGenerating C++ code for ROS interfaces[0m
[1.825s] running egg_info
[1.826s] creating move_bot.egg-info
[1.876s] writing move_bot.egg-info/PKG-INFO
[1.882s] writing dependency_links to move_bot.egg-info/dependency_links.txt
[1.883s] writing top-level names to move_bot.egg-info/top_level.txt
[1.884s] writing manifest file 'move_bot.egg-info/SOURCES.txt'
[2.071s] [ 10%] [32mBuilding C object CMakeFiles/move_bot__rosidl_generator_c.dir/rosidl_generator_c/move_bot/msg/detail/movement__description.c.o[0m
[2.114s] [ 13%] [32mBuilding C object CMakeFiles/move_bot__rosidl_generator_c.dir/rosidl_generator_c/move_bot/msg/detail/movement__functions.c.o[0m
[2.137s] [ 13%] Built target move_bot__cpp
[2.168s] [ 16%] [32mBuilding C object CMakeFiles/move_bot__rosidl_generator_c.dir/rosidl_generator_c/move_bot/msg/detail/movement__type_support.c.o[0m
[2.276s] reading manifest file 'move_bot.egg-info/SOURCES.txt'
[2.277s] writing manifest file 'move_bot.egg-info/SOURCES.txt'
[2.293s] [ 18%] [32m[1mLinking C shared library libmove_bot__rosidl_generator_c.so[0m
[2.507s] [ 18%] Built target move_bot__rosidl_generator_c
[2.533s] [ 18%] Built target ament_cmake_python_build_move_bot_egg
[2.587s] [ 24%] [34m[1mGenerating C++ type support for eProsima Fast-RTPS[0m
[2.590s] [ 24%] [34m[1mGenerating C introspection for ROS interfaces[0m
[2.627s] [ 27%] [34m[1mGenerating C type support dispatch for ROS interfaces[0m
[2.665s] [ 29%] [34m[1mGenerating C++ introspection for ROS interfaces[0m
[3.890s] [ 32%] [32mBuilding CXX object CMakeFiles/move_bot__rosidl_typesupport_fastrtps_cpp.dir/rosidl_typesupport_fastrtps_cpp/move_bot/msg/detail/dds_fastrtps/movement__type_support.cpp.o[0m
[4.255s] [ 35%] [32mBuilding CXX object CMakeFiles/move_bot__rosidl_typesupport_introspection_cpp.dir/rosidl_typesupport_introspection_cpp/move_bot/msg/detail/movement__type_support.cpp.o[0m
[4.546s] [ 37%] [32mBuilding CXX object CMakeFiles/move_bot__rosidl_typesupport_c.dir/rosidl_typesupport_c/move_bot/msg/movement__type_support.cpp.o[0m
[4.707s] [ 40%] [32mBuilding C object CMakeFiles/move_bot__rosidl_typesupport_introspection_c.dir/rosidl_typesupport_introspection_c/move_bot/msg/detail/movement__type_support.c.o[0m
[4.860s] [ 43%] [32m[1mLinking CXX shared library libmove_bot__rosidl_typesupport_c.so[0m
[5.151s] [ 43%] Built target move_bot__rosidl_typesupport_c
[5.192s] [ 45%] [32m[1mLinking C shared library libmove_bot__rosidl_typesupport_introspection_c.so[0m
[5.330s] [ 48%] [34m[1mGenerating C++ type support dispatch for ROS interfaces[0m
[5.405s] [ 48%] Built target move_bot__rosidl_typesupport_introspection_c
[5.425s] [ 51%] [32m[1mLinking CXX shared library libmove_bot__rosidl_typesupport_introspection_cpp.so[0m
[5.477s] [ 54%] [34m[1mGenerating C type support for eProsima Fast-RTPS[0m
[5.669s] [ 54%] Built target move_bot__rosidl_typesupport_introspection_cpp
[6.001s] [ 56%] [32m[1mLinking CXX shared library libmove_bot__rosidl_typesupport_fastrtps_cpp.so[0m
[6.354s] [ 59%] [32mBuilding CXX object CMakeFiles/move_bot__rosidl_typesupport_cpp.dir/rosidl_typesupport_cpp/move_bot/msg/movement__type_support.cpp.o[0m
[6.415s] [ 59%] Built target move_bot__rosidl_typesupport_fastrtps_cpp
[6.610s] [ 62%] [32mBuilding CXX object CMakeFiles/move_bot__rosidl_typesupport_fastrtps_c.dir/rosidl_typesupport_fastrtps_c/move_bot/msg/detail/movement__type_support_c.cpp.o[0m
[7.145s] [ 64%] [32m[1mLinking CXX shared library libmove_bot__rosidl_typesupport_cpp.so[0m
[7.260s] [ 64%] Built target move_bot__rosidl_typesupport_cpp
[7.432s] [ 67%] [32m[1mLinking CXX shared library libmove_bot__rosidl_typesupport_fastrtps_c.so[0m
[7.638s] [ 67%] Built target move_bot__rosidl_typesupport_fastrtps_c
[7.711s] [ 67%] Built target move_bot
[7.797s] [ 70%] [34m[1mGenerating Python code for ROS interfaces[0m
[7.805s] [ 72%] [32mBuilding C object CMakeFiles/move_node.dir/src/movements.c.o[0m
[7.829s] [ 75%] [32mBuilding CXX object CMakeFiles/move_node.dir/src/move_bot.cpp.o[0m
[8.521s] [ 75%] Built target move_bot__py
[8.596s] [ 78%] [32mBuilding C object CMakeFiles/move_bot__rosidl_generator_py.dir/rosidl_generator_py/move_bot/msg/_movement_s.c.o[0m
[8.872s] [ 81%] [32m[1mLinking C shared library rosidl_generator_py/move_bot/libmove_bot__rosidl_generator_py.so[0m
[8.981s] [ 81%] Built target move_bot__rosidl_generator_py
[9.059s] [ 83%] [32mBuilding C object CMakeFiles/move_bot__rosidl_typesupport_introspection_c__pyext.dir/rosidl_generator_py/move_bot/_move_bot_s.ep.rosidl_typesupport_introspection_c.c.o[0m
[9.095s] [ 86%] [32mBuilding C object CMakeFiles/move_bot__rosidl_typesupport_fastrtps_c__pyext.dir/rosidl_generator_py/move_bot/_move_bot_s.ep.rosidl_typesupport_fastrtps_c.c.o[0m
[9.166s] [ 89%] [32mBuilding C object CMakeFiles/move_bot__rosidl_typesupport_c__pyext.dir/rosidl_generator_py/move_bot/_move_bot_s.ep.rosidl_typesupport_c.c.o[0m
[9.321s] [ 91%] [32m[1mLinking C shared library rosidl_generator_py/move_bot/move_bot_s__rosidl_typesupport_introspection_c.cpython-311-aarch64-linux-gnu.so[0m
[9.368s] [ 94%] [32m[1mLinking C shared library rosidl_generator_py/move_bot/move_bot_s__rosidl_typesupport_fastrtps_c.cpython-311-aarch64-linux-gnu.so[0m
[9.442s] [ 94%] Built target move_bot__rosidl_typesupport_introspection_c__pyext
[9.494s] [ 97%] [32m[1mLinking C shared library rosidl_generator_py/move_bot/move_bot_s__rosidl_typesupport_c.cpython-311-aarch64-linux-gnu.so[0m
[9.495s] [ 97%] Built target move_bot__rosidl_typesupport_fastrtps_c__pyext
[9.575s] [ 97%] Built target move_bot__rosidl_typesupport_c__pyext
[19.289s] [100%] [32m[1mLinking CXX executable move_node[0m
[21.819s] [100%] Built target move_node
