-- The C compiler identification is GNU 12.2.0
-- The CXX compiler identification is GNU 12.2.0
-- Detecting C compiler ABI info
-- Detecting C compiler ABI info - done
-- Check for working C compiler: /usr/bin/cc - skipped
-- Detecting C compile features
-- Detecting C compile features - done
-- Detecting CXX compiler ABI info
-- Detecting CXX compiler ABI info - done
-- Check for working CXX compiler: /usr/bin/c++ - skipped
-- Detecting CXX compile features
-- Detecting CXX compile features - done
-- Found ament_cmake_python: 2.0.4 (/home/taylor/ros2_iron/install/ament_cmake_python/share/ament_cmake_python/cmake)
-- Found ament_cmake_ros: 0.11.2 (/home/taylor/ros2_iron/install/ament_cmake_ros/share/ament_cmake_ros/cmake)
-- Found Python3: /usr/bin/python3 (found version "3.11.2") found components: Interpreter 
-- Override CMake install command with custom implementation using symlinks instead of copying resources
-- Found OpenCV: /usr (found version "4.6.0") found components: calib3d core highgui imgproc 
-- Found sensor_msgs: 5.0.0 (/home/taylor/ros2_iron/install/sensor_msgs/share/sensor_msgs/cmake)
-- Found rosidl_generator_c: 4.0.1 (/home/taylor/ros2_iron/install/rosidl_generator_c/share/rosidl_generator_c/cmake)
-- Found rosidl_generator_cpp: 4.0.1 (/home/taylor/ros2_iron/install/rosidl_generator_cpp/share/rosidl_generator_cpp/cmake)
-- Using all available rosidl_typesupport_c: rosidl_typesupport_introspection_c;rosidl_typesupport_fastrtps_c
-- Using all available rosidl_typesupport_cpp: rosidl_typesupport_introspection_cpp;rosidl_typesupport_fastrtps_cpp
-- Found gtest sources under '/home/taylor/ros2_iron/install/gtest_vendor/src/gtest_vendor': C++ tests using 'Google Test' will be built
-- Performing Test CMAKE_HAVE_LIBC_PTHREAD
-- Performing Test CMAKE_HAVE_LIBC_PTHREAD - Success
-- Found Threads: TRUE  
-- Configuring done
-- Generating done
-- Build files have been written to: /home/taylor/Buddy_Bot/buddybot/ros2_workspace/build/image_geometry
[ 11%] [32mBuilding CXX object CMakeFiles/image_geometry.dir/src/pinhole_camera_model.cpp.o[0m
[ 22%] [32mBuilding CXX object gtest/CMakeFiles/gtest_main.dir/src/gtest_main.cc.o[0m
[ 33%] [32mBuilding CXX object gtest/CMakeFiles/gtest.dir/src/gtest-all.cc.o[0m
[ 33%] Built target ament_cmake_python_symlink_image_geometry
running egg_info
creating image_geometry.egg-info
writing image_geometry.egg-info/PKG-INFO
writing dependency_links to image_geometry.egg-info/dependency_links.txt
writing top-level names to image_geometry.egg-info/top_level.txt
writing manifest file 'image_geometry.egg-info/SOURCES.txt'
reading manifest file 'image_geometry.egg-info/SOURCES.txt'
writing manifest file 'image_geometry.egg-info/SOURCES.txt'
[ 33%] Built target ament_cmake_python_build_image_geometry_egg
[ 44%] [32mBuilding CXX object CMakeFiles/image_geometry.dir/src/stereo_camera_model.cpp.o[0m
[ 55%] [32m[1mLinking CXX static library libgtest_main.a[0m
[ 55%] Built target gtest_main
[ 66%] [32m[1mLinking CXX shared library libimage_geometry.so[0m
[ 66%] Built target image_geometry
[ 77%] [32m[1mLinking CXX static library libgtest.a[0m
[ 77%] Built target gtest
[ 88%] [32mBuilding CXX object CMakeFiles/image_geometry-utest.dir/test/utest.cpp.o[0m
[100%] [32m[1mLinking CXX executable image_geometry-utest[0m
[100%] Built target image_geometry-utest
-- Install configuration: ""
-- Execute custom install script
-- Symlinking: /home/taylor/Buddy_Bot/buddybot/ros2_workspace/install/image_geometry/share/image_geometry/environment/pythonpath.sh
-- Symlinking: /home/taylor/Buddy_Bot/buddybot/ros2_workspace/install/image_geometry/share/image_geometry/environment/pythonpath.dsv
-- Symlinking: /home/taylor/Buddy_Bot/buddybot/ros2_workspace/install/image_geometry/lib/python3.11/site-packages/image_geometry-3.4.0-py3.11.egg-info/PKG-INFO
-- Symlinking: /home/taylor/Buddy_Bot/buddybot/ros2_workspace/install/image_geometry/lib/python3.11/site-packages/image_geometry-3.4.0-py3.11.egg-info/SOURCES.txt
-- Symlinking: /home/taylor/Buddy_Bot/buddybot/ros2_workspace/install/image_geometry/lib/python3.11/site-packages/image_geometry-3.4.0-py3.11.egg-info/dependency_links.txt
-- Symlinking: /home/taylor/Buddy_Bot/buddybot/ros2_workspace/install/image_geometry/lib/python3.11/site-packages/image_geometry-3.4.0-py3.11.egg-info/top_level.txt
-- Symlinking: /home/taylor/Buddy_Bot/buddybot/ros2_workspace/install/image_geometry/lib/python3.11/site-packages/image_geometry/__init__.py
-- Symlinking: /home/taylor/Buddy_Bot/buddybot/ros2_workspace/install/image_geometry/lib/python3.11/site-packages/image_geometry/cameramodels.py
-- Symlinking: /home/taylor/Buddy_Bot/buddybot/ros2_workspace/install/image_geometry/include/image_geometry/image_geometry/pinhole_camera_model.h
-- Symlinking: /home/taylor/Buddy_Bot/buddybot/ros2_workspace/install/image_geometry/include/image_geometry/image_geometry/pinhole_camera_model.hpp
-- Symlinking: /home/taylor/Buddy_Bot/buddybot/ros2_workspace/install/image_geometry/include/image_geometry/image_geometry/stereo_camera_model.h
-- Symlinking: /home/taylor/Buddy_Bot/buddybot/ros2_workspace/install/image_geometry/include/image_geometry/image_geometry/stereo_camera_model.hpp
-- Symlinking: /home/taylor/Buddy_Bot/buddybot/ros2_workspace/install/image_geometry/include/image_geometry/image_geometry/visibility_control.hpp
-- Symlinking: /home/taylor/Buddy_Bot/buddybot/ros2_workspace/install/image_geometry/share/ament_index/resource_index/package_run_dependencies/image_geometry
-- Symlinking: /home/taylor/Buddy_Bot/buddybot/ros2_workspace/install/image_geometry/share/ament_index/resource_index/parent_prefix_path/image_geometry
-- Symlinking: /home/taylor/Buddy_Bot/buddybot/ros2_workspace/install/image_geometry/share/image_geometry/environment/ament_prefix_path.sh
-- Symlinking: /home/taylor/Buddy_Bot/buddybot/ros2_workspace/install/image_geometry/share/image_geometry/environment/ament_prefix_path.dsv
-- Symlinking: /home/taylor/Buddy_Bot/buddybot/ros2_workspace/install/image_geometry/share/image_geometry/environment/path.sh
-- Symlinking: /home/taylor/Buddy_Bot/buddybot/ros2_workspace/install/image_geometry/share/image_geometry/environment/path.dsv
-- Symlinking: /home/taylor/Buddy_Bot/buddybot/ros2_workspace/install/image_geometry/share/image_geometry/local_setup.bash
-- Symlinking: /home/taylor/Buddy_Bot/buddybot/ros2_workspace/install/image_geometry/share/image_geometry/local_setup.sh
-- Symlinking: /home/taylor/Buddy_Bot/buddybot/ros2_workspace/install/image_geometry/share/image_geometry/local_setup.zsh
-- Symlinking: /home/taylor/Buddy_Bot/buddybot/ros2_workspace/install/image_geometry/share/image_geometry/local_setup.dsv
-- Symlinking: /home/taylor/Buddy_Bot/buddybot/ros2_workspace/install/image_geometry/share/image_geometry/package.dsv
-- Symlinking: /home/taylor/Buddy_Bot/buddybot/ros2_workspace/install/image_geometry/share/ament_index/resource_index/packages/image_geometry
-- Symlinking: /home/taylor/Buddy_Bot/buddybot/ros2_workspace/install/image_geometry/share/image_geometry/cmake/ament_cmake_export_targets-extras.cmake
-- Symlinking: /home/taylor/Buddy_Bot/buddybot/ros2_workspace/install/image_geometry/share/image_geometry/cmake/ament_cmake_export_dependencies-extras.cmake
-- Symlinking: /home/taylor/Buddy_Bot/buddybot/ros2_workspace/install/image_geometry/share/image_geometry/cmake/image_geometryConfig.cmake
-- Symlinking: /home/taylor/Buddy_Bot/buddybot/ros2_workspace/install/image_geometry/share/image_geometry/cmake/image_geometryConfig-version.cmake
-- Symlinking: /home/taylor/Buddy_Bot/buddybot/ros2_workspace/install/image_geometry/share/image_geometry/package.xml
Listing '/home/taylor/Buddy_Bot/buddybot/ros2_workspace/install/image_geometry/lib/python3.11/site-packages/image_geometry'...
Compiling '/home/taylor/Buddy_Bot/buddybot/ros2_workspace/install/image_geometry/lib/python3.11/site-packages/image_geometry/__init__.py'...
Compiling '/home/taylor/Buddy_Bot/buddybot/ros2_workspace/install/image_geometry/lib/python3.11/site-packages/image_geometry/cameramodels.py'...
-- Installing: /home/taylor/Buddy_Bot/buddybot/ros2_workspace/install/image_geometry/lib/libimage_geometry.so
-- Set runtime path of "/home/taylor/Buddy_Bot/buddybot/ros2_workspace/install/image_geometry/lib/libimage_geometry.so" to ""
-- Installing: /home/taylor/Buddy_Bot/buddybot/ros2_workspace/install/image_geometry/share/image_geometry/cmake/export_image_geometryExport.cmake
-- Installing: /home/taylor/Buddy_Bot/buddybot/ros2_workspace/install/image_geometry/share/image_geometry/cmake/export_image_geometryExport-noconfig.cmake
