-- Found ament_cmake: 2.0.4 (/home/taylor/ros2_iron/install/ament_cmake/share/ament_cmake/cmake)
-- Override CMake install command with custom implementation using symlinks instead of copying resources
-- Configuring done
-- Generating done
-- Build files have been written to: /home/taylor/Buddy_Bot/buddybot/ros2_workspace/build/perception_pcl
-- Install configuration: ""
-- Execute custom install script
-- Up-to-date symlink: /home/taylor/Buddy_Bot/buddybot/ros2_workspace/install/perception_pcl/share/ament_index/resource_index/package_run_dependencies/perception_pcl
-- Up-to-date symlink: /home/taylor/Buddy_Bot/buddybot/ros2_workspace/install/perception_pcl/share/ament_index/resource_index/parent_prefix_path/perception_pcl
-- Up-to-date symlink: /home/taylor/Buddy_Bot/buddybot/ros2_workspace/install/perception_pcl/share/perception_pcl/environment/ament_prefix_path.sh
-- Up-to-date symlink: /home/taylor/Buddy_Bot/buddybot/ros2_workspace/install/perception_pcl/share/perception_pcl/environment/ament_prefix_path.dsv
-- Up-to-date symlink: /home/taylor/Buddy_Bot/buddybot/ros2_workspace/install/perception_pcl/share/perception_pcl/environment/path.sh
-- Up-to-date symlink: /home/taylor/Buddy_Bot/buddybot/ros2_workspace/install/perception_pcl/share/perception_pcl/environment/path.dsv
-- Up-to-date symlink: /home/taylor/Buddy_Bot/buddybot/ros2_workspace/install/perception_pcl/share/perception_pcl/local_setup.bash
-- Up-to-date symlink: /home/taylor/Buddy_Bot/buddybot/ros2_workspace/install/perception_pcl/share/perception_pcl/local_setup.sh
-- Up-to-date symlink: /home/taylor/Buddy_Bot/buddybot/ros2_workspace/install/perception_pcl/share/perception_pcl/local_setup.zsh
-- Up-to-date symlink: /home/taylor/Buddy_Bot/buddybot/ros2_workspace/install/perception_pcl/share/perception_pcl/local_setup.dsv
-- Symlinking: /home/taylor/Buddy_Bot/buddybot/ros2_workspace/install/perception_pcl/share/perception_pcl/package.dsv
-- Up-to-date symlink: /home/taylor/Buddy_Bot/buddybot/ros2_workspace/install/perception_pcl/share/ament_index/resource_index/packages/perception_pcl
-- Up-to-date symlink: /home/taylor/Buddy_Bot/buddybot/ros2_workspace/install/perception_pcl/share/perception_pcl/cmake/perception_pclConfig.cmake
-- Up-to-date symlink: /home/taylor/Buddy_Bot/buddybot/ros2_workspace/install/perception_pcl/share/perception_pcl/cmake/perception_pclConfig-version.cmake
-- Up-to-date symlink: /home/taylor/Buddy_Bot/buddybot/ros2_workspace/install/perception_pcl/share/perception_pcl/package.xml
