[3.290s] Invoking command in '/home/taylor/Buddy_Bot/buddybot/ros2_workspace/src/tfmini_s': PYTHONPATH=/home/taylor/Buddy_Bot/buddybot/ros2_workspace/build/tfmini_s/prefix_override:/home/taylor/Buddy_Bot/buddybot/ros2_workspace/install/tfmini_s/lib/python3.11/site-packages:${PYTHONPATH} /usr/bin/python3 setup.py egg_info --egg-base ../../build/tfmini_s build --build-base /home/taylor/Buddy_Bot/buddybot/ros2_workspace/build/tfmini_s/build install --record /home/taylor/Buddy_Bot/buddybot/ros2_workspace/build/tfmini_s/install.log --single-version-externally-managed
[4.269s] running egg_info
[4.270s] creating ../../build/tfmini_s/tfmini_s.egg-info
[4.314s] writing ../../build/tfmini_s/tfmini_s.egg-info/PKG-INFO
[4.316s] writing dependency_links to ../../build/tfmini_s/tfmini_s.egg-info/dependency_links.txt
[4.316s] writing entry points to ../../build/tfmini_s/tfmini_s.egg-info/entry_points.txt
[4.317s] writing requirements to ../../build/tfmini_s/tfmini_s.egg-info/requires.txt
[4.317s] writing top-level names to ../../build/tfmini_s/tfmini_s.egg-info/top_level.txt
[4.317s] writing manifest file '../../build/tfmini_s/tfmini_s.egg-info/SOURCES.txt'
[4.394s] reading manifest file '../../build/tfmini_s/tfmini_s.egg-info/SOURCES.txt'
[4.396s] writing manifest file '../../build/tfmini_s/tfmini_s.egg-info/SOURCES.txt'
[4.396s] running build
[4.396s] running build_py
[4.396s] creating /home/taylor/Buddy_Bot/buddybot/ros2_workspace/build/tfmini_s/build
[4.397s] creating /home/taylor/Buddy_Bot/buddybot/ros2_workspace/build/tfmini_s/build/lib
[4.397s] creating /home/taylor/Buddy_Bot/buddybot/ros2_workspace/build/tfmini_s/build/lib/tfmini_s
[4.399s] copying tfmini_s/__init__.py -> /home/taylor/Buddy_Bot/buddybot/ros2_workspace/build/tfmini_s/build/lib/tfmini_s
[4.400s] copying tfmini_s/tfmini_s_node.py -> /home/taylor/Buddy_Bot/buddybot/ros2_workspace/build/tfmini_s/build/lib/tfmini_s
[4.400s] running install
[4.400s] /usr/lib/python3/dist-packages/setuptools/command/install.py:34: SetuptoolsDeprecationWarning: setup.py install is deprecated. Use build and pip and other standards-based tools.
[4.400s]   warnings.warn(
[4.409s] running install_lib
[4.450s] creating /home/taylor/Buddy_Bot/buddybot/ros2_workspace/install/tfmini_s/lib/python3.11/site-packages/tfmini_s
[4.450s] copying /home/taylor/Buddy_Bot/buddybot/ros2_workspace/build/tfmini_s/build/lib/tfmini_s/__init__.py -> /home/taylor/Buddy_Bot/buddybot/ros2_workspace/install/tfmini_s/lib/python3.11/site-packages/tfmini_s
[4.450s] copying /home/taylor/Buddy_Bot/buddybot/ros2_workspace/build/tfmini_s/build/lib/tfmini_s/tfmini_s_node.py -> /home/taylor/Buddy_Bot/buddybot/ros2_workspace/install/tfmini_s/lib/python3.11/site-packages/tfmini_s
[4.455s] byte-compiling /home/taylor/Buddy_Bot/buddybot/ros2_workspace/install/tfmini_s/lib/python3.11/site-packages/tfmini_s/__init__.py to __init__.cpython-311.pyc
[4.455s] byte-compiling /home/taylor/Buddy_Bot/buddybot/ros2_workspace/install/tfmini_s/lib/python3.11/site-packages/tfmini_s/tfmini_s_node.py to tfmini_s_node.cpython-311.pyc
[4.455s] running install_data
[4.506s] creating /home/taylor/Buddy_Bot/buddybot/ros2_workspace/install/tfmini_s/share/ament_index
[4.508s] creating /home/taylor/Buddy_Bot/buddybot/ros2_workspace/install/tfmini_s/share/ament_index/resource_index
[4.508s] creating /home/taylor/Buddy_Bot/buddybot/ros2_workspace/install/tfmini_s/share/ament_index/resource_index/packages
[4.508s] copying resource/tfmini_s -> /home/taylor/Buddy_Bot/buddybot/ros2_workspace/install/tfmini_s/share/ament_index/resource_index/packages
[4.508s] copying package.xml -> /home/taylor/Buddy_Bot/buddybot/ros2_workspace/install/tfmini_s/share/tfmini_s
[4.508s] running install_egg_info
[4.619s] Copying ../../build/tfmini_s/tfmini_s.egg-info to /home/taylor/Buddy_Bot/buddybot/ros2_workspace/install/tfmini_s/lib/python3.11/site-packages/tfmini_s-0.0.0-py3.11.egg-info
[4.620s] running install_scripts
[4.799s] Installing tfmini_s_node script to /home/taylor/Buddy_Bot/buddybot/ros2_workspace/install/tfmini_s/lib/tfmini_s
[4.800s] writing list of installed files to '/home/taylor/Buddy_Bot/buddybot/ros2_workspace/build/tfmini_s/install.log'
