[0.504s] DEBUG:colcon:Command line arguments: ['/usr/bin/colcon', 'build']
[0.504s] DEBUG:colcon:Parsed command line arguments: Namespace(log_base=None, log_level=None, verb_name='build', build_base='build', install_base='install', merge_install=False, symlink_install=False, test_result_base=None, continue_on_error=False, executor='parallel', parallel_workers=4, event_handlers=None, ignore_user_meta=False, metas=['./colcon.meta'], base_paths=['.'], packages_ignore=None, packages_ignore_regex=None, paths=None, packages_up_to=None, packages_up_to_regex=None, packages_above=None, packages_above_and_dependencies=None, packages_above_depth=None, packages_select_by_dep=None, packages_skip_by_dep=None, packages_skip_up_to=None, packages_select_build_failed=False, packages_skip_build_finished=False, packages_select_test_failures=False, packages_skip_test_passed=False, packages_select=None, packages_skip=None, packages_select_regex=None, packages_skip_regex=None, packages_start=None, packages_end=None, cmake_args=None, cmake_target=None, cmake_target_skip_unavailable=False, cmake_clean_cache=False, cmake_clean_first=False, cmake_force_configure=False, ament_cmake_args=None, catkin_cmake_args=None, catkin_skip_building_tests=False, verb_parser=<colcon_defaults.argument_parser.defaults.DefaultArgumentsDecorator object at 0x7fff20d61810>, verb_extension=<colcon_core.verb.build.BuildVerb object at 0x7fff201aff50>, main=<bound method BuildVerb.main of <colcon_core.verb.build.BuildVerb object at 0x7fff201aff50>>)
[0.598s] Level 1:colcon.colcon_core.package_discovery:discover_packages(colcon_meta) check parameters
[0.598s] Level 1:colcon.colcon_core.package_discovery:discover_packages(recursive) check parameters
[0.598s] Level 1:colcon.colcon_core.package_discovery:discover_packages(ignore) check parameters
[0.598s] Level 1:colcon.colcon_core.package_discovery:discover_packages(path) check parameters
[0.598s] Level 1:colcon.colcon_core.package_discovery:discover_packages(colcon_meta) discover
[0.598s] Level 1:colcon.colcon_core.package_discovery:discover_packages(recursive) discover
[0.598s] INFO:colcon.colcon_core.package_discovery:Crawling recursively for packages in '/home/taylor/Buddy_Bot/buddybot/ros2_workspace'
[0.598s] Level 1:colcon.colcon_core.package_identification:_identify(.) by extensions ['ignore', 'ignore_ament_install']
[0.598s] Level 1:colcon.colcon_core.package_identification:_identify(.) by extension 'ignore'
[0.598s] Level 1:colcon.colcon_core.package_identification:_identify(.) by extension 'ignore_ament_install'
[0.598s] Level 1:colcon.colcon_core.package_identification:_identify(.) by extensions ['colcon_pkg']
[0.598s] Level 1:colcon.colcon_core.package_identification:_identify(.) by extension 'colcon_pkg'
[0.598s] Level 1:colcon.colcon_core.package_identification:_identify(.) by extensions ['colcon_meta']
[0.598s] Level 1:colcon.colcon_core.package_identification:_identify(.) by extension 'colcon_meta'
[0.598s] Level 1:colcon.colcon_core.package_identification:_identify(.) by extensions ['ros']
[0.598s] Level 1:colcon.colcon_core.package_identification:_identify(.) by extension 'ros'
[0.623s] Level 1:colcon.colcon_core.package_identification:_identify(.) by extensions ['cmake', 'python']
[0.623s] Level 1:colcon.colcon_core.package_identification:_identify(.) by extension 'cmake'
[0.624s] Level 1:colcon.colcon_core.package_identification:_identify(.) by extension 'python'
[0.624s] Level 1:colcon.colcon_core.package_identification:_identify(.) by extensions ['python_setup_py']
[0.624s] Level 1:colcon.colcon_core.package_identification:_identify(.) by extension 'python_setup_py'
[0.624s] Level 1:colcon.colcon_core.package_identification:_identify(build) by extensions ['ignore', 'ignore_ament_install']
[0.624s] Level 1:colcon.colcon_core.package_identification:_identify(build) by extension 'ignore'
[0.624s] Level 1:colcon.colcon_core.package_identification:_identify(build) ignored
[0.624s] Level 1:colcon.colcon_core.package_identification:_identify(install) by extensions ['ignore', 'ignore_ament_install']
[0.624s] Level 1:colcon.colcon_core.package_identification:_identify(install) by extension 'ignore'
[0.624s] Level 1:colcon.colcon_core.package_identification:_identify(install) ignored
[0.624s] Level 1:colcon.colcon_core.package_identification:_identify(log) by extensions ['ignore', 'ignore_ament_install']
[0.624s] Level 1:colcon.colcon_core.package_identification:_identify(log) by extension 'ignore'
[0.624s] Level 1:colcon.colcon_core.package_identification:_identify(log) ignored
[0.624s] Level 1:colcon.colcon_core.package_identification:_identify(src) by extensions ['ignore', 'ignore_ament_install']
[0.624s] Level 1:colcon.colcon_core.package_identification:_identify(src) by extension 'ignore'
[0.625s] Level 1:colcon.colcon_core.package_identification:_identify(src) by extension 'ignore_ament_install'
[0.625s] Level 1:colcon.colcon_core.package_identification:_identify(src) by extensions ['colcon_pkg']
[0.625s] Level 1:colcon.colcon_core.package_identification:_identify(src) by extension 'colcon_pkg'
[0.625s] Level 1:colcon.colcon_core.package_identification:_identify(src) by extensions ['colcon_meta']
[0.625s] Level 1:colcon.colcon_core.package_identification:_identify(src) by extension 'colcon_meta'
[0.625s] Level 1:colcon.colcon_core.package_identification:_identify(src) by extensions ['ros']
[0.625s] Level 1:colcon.colcon_core.package_identification:_identify(src) by extension 'ros'
[0.625s] Level 1:colcon.colcon_core.package_identification:_identify(src) by extensions ['cmake', 'python']
[0.625s] Level 1:colcon.colcon_core.package_identification:_identify(src) by extension 'cmake'
[0.625s] Level 1:colcon.colcon_core.package_identification:_identify(src) by extension 'python'
[0.625s] Level 1:colcon.colcon_core.package_identification:_identify(src) by extensions ['python_setup_py']
[0.625s] Level 1:colcon.colcon_core.package_identification:_identify(src) by extension 'python_setup_py'
[0.625s] Level 1:colcon.colcon_core.package_identification:_identify(src/move_bot) by extensions ['ignore', 'ignore_ament_install']
[0.625s] Level 1:colcon.colcon_core.package_identification:_identify(src/move_bot) by extension 'ignore'
[0.625s] Level 1:colcon.colcon_core.package_identification:_identify(src/move_bot) by extension 'ignore_ament_install'
[0.625s] Level 1:colcon.colcon_core.package_identification:_identify(src/move_bot) by extensions ['colcon_pkg']
[0.625s] Level 1:colcon.colcon_core.package_identification:_identify(src/move_bot) by extension 'colcon_pkg'
[0.625s] Level 1:colcon.colcon_core.package_identification:_identify(src/move_bot) by extensions ['colcon_meta']
[0.625s] Level 1:colcon.colcon_core.package_identification:_identify(src/move_bot) by extension 'colcon_meta'
[0.625s] Level 1:colcon.colcon_core.package_identification:_identify(src/move_bot) by extensions ['ros']
[0.625s] Level 1:colcon.colcon_core.package_identification:_identify(src/move_bot) by extension 'ros'
[0.628s] DEBUG:colcon.colcon_core.package_identification:Package 'src/move_bot' with type 'ros.ament_cmake' and name 'move_bot'
[0.628s] Level 1:colcon.colcon_core.package_identification:_identify(src/mpu) by extensions ['ignore', 'ignore_ament_install']
[0.628s] Level 1:colcon.colcon_core.package_identification:_identify(src/mpu) by extension 'ignore'
[0.628s] Level 1:colcon.colcon_core.package_identification:_identify(src/mpu) by extension 'ignore_ament_install'
[0.628s] Level 1:colcon.colcon_core.package_identification:_identify(src/mpu) by extensions ['colcon_pkg']
[0.628s] Level 1:colcon.colcon_core.package_identification:_identify(src/mpu) by extension 'colcon_pkg'
[0.629s] Level 1:colcon.colcon_core.package_identification:_identify(src/mpu) by extensions ['colcon_meta']
[0.629s] Level 1:colcon.colcon_core.package_identification:_identify(src/mpu) by extension 'colcon_meta'
[0.629s] Level 1:colcon.colcon_core.package_identification:_identify(src/mpu) by extensions ['ros']
[0.629s] Level 1:colcon.colcon_core.package_identification:_identify(src/mpu) by extension 'ros'
[0.629s] DEBUG:colcon.colcon_core.package_identification:Package 'src/mpu' with type 'ros.catkin' and name 'mpu'
[0.629s] Level 1:colcon.colcon_core.package_identification:_identify(src/tfmini_s) by extensions ['ignore', 'ignore_ament_install']
[0.629s] Level 1:colcon.colcon_core.package_identification:_identify(src/tfmini_s) by extension 'ignore'
[0.629s] Level 1:colcon.colcon_core.package_identification:_identify(src/tfmini_s) by extension 'ignore_ament_install'
[0.630s] Level 1:colcon.colcon_core.package_identification:_identify(src/tfmini_s) by extensions ['colcon_pkg']
[0.630s] Level 1:colcon.colcon_core.package_identification:_identify(src/tfmini_s) by extension 'colcon_pkg'
[0.630s] Level 1:colcon.colcon_core.package_identification:_identify(src/tfmini_s) by extensions ['colcon_meta']
[0.630s] Level 1:colcon.colcon_core.package_identification:_identify(src/tfmini_s) by extension 'colcon_meta'
[0.630s] Level 1:colcon.colcon_core.package_identification:_identify(src/tfmini_s) by extensions ['ros']
[0.630s] Level 1:colcon.colcon_core.package_identification:_identify(src/tfmini_s) by extension 'ros'
[0.630s] DEBUG:colcon.colcon_core.package_identification:Package 'src/tfmini_s' with type 'ros.ament_python' and name 'tfmini_s'
[0.630s] Level 1:colcon.colcon_core.package_discovery:discover_packages(recursive) using defaults
[0.630s] Level 1:colcon.colcon_core.package_discovery:discover_packages(ignore) discover
[0.630s] Level 1:colcon.colcon_core.package_discovery:discover_packages(ignore) using defaults
[0.630s] Level 1:colcon.colcon_core.package_discovery:discover_packages(path) discover
[0.630s] Level 1:colcon.colcon_core.package_discovery:discover_packages(path) using defaults
[0.681s] Level 5:colcon.colcon_core.verb:set package 'move_bot' build argument 'cmake_args' from command line to 'None'
[0.681s] Level 5:colcon.colcon_core.verb:set package 'move_bot' build argument 'cmake_target' from command line to 'None'
[0.681s] Level 5:colcon.colcon_core.verb:set package 'move_bot' build argument 'cmake_target_skip_unavailable' from command line to 'False'
[0.681s] Level 5:colcon.colcon_core.verb:set package 'move_bot' build argument 'cmake_clean_cache' from command line to 'False'
[0.681s] Level 5:colcon.colcon_core.verb:set package 'move_bot' build argument 'cmake_clean_first' from command line to 'False'
[0.681s] Level 5:colcon.colcon_core.verb:set package 'move_bot' build argument 'cmake_force_configure' from command line to 'False'
[0.681s] Level 5:colcon.colcon_core.verb:set package 'move_bot' build argument 'ament_cmake_args' from command line to 'None'
[0.681s] Level 5:colcon.colcon_core.verb:set package 'move_bot' build argument 'catkin_cmake_args' from command line to 'None'
[0.681s] Level 5:colcon.colcon_core.verb:set package 'move_bot' build argument 'catkin_skip_building_tests' from command line to 'False'
[0.681s] DEBUG:colcon.colcon_core.verb:Building package 'move_bot' with the following arguments: {'ament_cmake_args': None, 'build_base': '/home/taylor/Buddy_Bot/buddybot/ros2_workspace/build/move_bot', 'catkin_cmake_args': None, 'catkin_skip_building_tests': False, 'cmake_args': None, 'cmake_clean_cache': False, 'cmake_clean_first': False, 'cmake_force_configure': False, 'cmake_target': None, 'cmake_target_skip_unavailable': False, 'install_base': '/home/taylor/Buddy_Bot/buddybot/ros2_workspace/install/move_bot', 'merge_install': False, 'path': '/home/taylor/Buddy_Bot/buddybot/ros2_workspace/src/move_bot', 'symlink_install': False, 'test_result_base': None}
[0.682s] Level 5:colcon.colcon_core.verb:set package 'mpu' build argument 'cmake_args' from command line to 'None'
[0.682s] Level 5:colcon.colcon_core.verb:set package 'mpu' build argument 'cmake_target' from command line to 'None'
[0.682s] Level 5:colcon.colcon_core.verb:set package 'mpu' build argument 'cmake_target_skip_unavailable' from command line to 'False'
[0.682s] Level 5:colcon.colcon_core.verb:set package 'mpu' build argument 'cmake_clean_cache' from command line to 'False'
[0.682s] Level 5:colcon.colcon_core.verb:set package 'mpu' build argument 'cmake_clean_first' from command line to 'False'
[0.682s] Level 5:colcon.colcon_core.verb:set package 'mpu' build argument 'cmake_force_configure' from command line to 'False'
[0.682s] Level 5:colcon.colcon_core.verb:set package 'mpu' build argument 'ament_cmake_args' from command line to 'None'
[0.682s] Level 5:colcon.colcon_core.verb:set package 'mpu' build argument 'catkin_cmake_args' from command line to 'None'
[0.682s] Level 5:colcon.colcon_core.verb:set package 'mpu' build argument 'catkin_skip_building_tests' from command line to 'False'
[0.682s] DEBUG:colcon.colcon_core.verb:Building package 'mpu' with the following arguments: {'ament_cmake_args': None, 'build_base': '/home/taylor/Buddy_Bot/buddybot/ros2_workspace/build/mpu', 'catkin_cmake_args': None, 'catkin_skip_building_tests': False, 'cmake_args': None, 'cmake_clean_cache': False, 'cmake_clean_first': False, 'cmake_force_configure': False, 'cmake_target': None, 'cmake_target_skip_unavailable': False, 'install_base': '/home/taylor/Buddy_Bot/buddybot/ros2_workspace/install/mpu', 'merge_install': False, 'path': '/home/taylor/Buddy_Bot/buddybot/ros2_workspace/src/mpu', 'symlink_install': False, 'test_result_base': None}
[0.683s] Level 5:colcon.colcon_core.verb:set package 'tfmini_s' build argument 'cmake_args' from command line to 'None'
[0.683s] Level 5:colcon.colcon_core.verb:set package 'tfmini_s' build argument 'cmake_target' from command line to 'None'
[0.683s] Level 5:colcon.colcon_core.verb:set package 'tfmini_s' build argument 'cmake_target_skip_unavailable' from command line to 'False'
[0.683s] Level 5:colcon.colcon_core.verb:set package 'tfmini_s' build argument 'cmake_clean_cache' from command line to 'False'
[0.683s] Level 5:colcon.colcon_core.verb:set package 'tfmini_s' build argument 'cmake_clean_first' from command line to 'False'
[0.683s] Level 5:colcon.colcon_core.verb:set package 'tfmini_s' build argument 'cmake_force_configure' from command line to 'False'
[0.683s] Level 5:colcon.colcon_core.verb:set package 'tfmini_s' build argument 'ament_cmake_args' from command line to 'None'
[0.683s] Level 5:colcon.colcon_core.verb:set package 'tfmini_s' build argument 'catkin_cmake_args' from command line to 'None'
[0.683s] Level 5:colcon.colcon_core.verb:set package 'tfmini_s' build argument 'catkin_skip_building_tests' from command line to 'False'
[0.683s] DEBUG:colcon.colcon_core.verb:Building package 'tfmini_s' with the following arguments: {'ament_cmake_args': None, 'build_base': '/home/taylor/Buddy_Bot/buddybot/ros2_workspace/build/tfmini_s', 'catkin_cmake_args': None, 'catkin_skip_building_tests': False, 'cmake_args': None, 'cmake_clean_cache': False, 'cmake_clean_first': False, 'cmake_force_configure': False, 'cmake_target': None, 'cmake_target_skip_unavailable': False, 'install_base': '/home/taylor/Buddy_Bot/buddybot/ros2_workspace/install/tfmini_s', 'merge_install': False, 'path': '/home/taylor/Buddy_Bot/buddybot/ros2_workspace/src/tfmini_s', 'symlink_install': False, 'test_result_base': None}
[0.683s] INFO:colcon.colcon_core.executor:Executing jobs using 'parallel' executor
[0.685s] DEBUG:colcon.colcon_parallel_executor.executor.parallel:run_until_complete
[0.685s] INFO:colcon.colcon_ros.task.ament_cmake.build:Building ROS package in '/home/taylor/Buddy_Bot/buddybot/ros2_workspace/src/move_bot' with build type 'ament_cmake'
[0.685s] INFO:colcon.colcon_cmake.task.cmake.build:Building CMake package in '/home/taylor/Buddy_Bot/buddybot/ros2_workspace/src/move_bot'
[0.693s] INFO:colcon.colcon_core.plugin_system:Skipping extension 'colcon_core.shell.bat': Not used on non-Windows systems
[0.693s] DEBUG:colcon.colcon_core.shell:Skip shell extension 'dsv' for command environment
[0.694s] WARNING:colcon.colcon_ros.prefix_path.ament:The path '/home/taylor/Buddy_Bot/buddybot/ros2_workspace/install/vision_opencv' in the environment variable AMENT_PREFIX_PATH doesn't exist
[0.694s] WARNING:colcon.colcon_ros.prefix_path.ament:The path '/home/taylor/Buddy_Bot/buddybot/ros2_workspace/install/diagnostics' in the environment variable AMENT_PREFIX_PATH doesn't exist
[0.694s] WARNING:colcon.colcon_ros.prefix_path.ament:The path '/home/taylor/Buddy_Bot/buddybot/ros2_workspace/install/self_test' in the environment variable AMENT_PREFIX_PATH doesn't exist
[0.695s] WARNING:colcon.colcon_ros.prefix_path.ament:The path '/home/taylor/Buddy_Bot/buddybot/ros2_workspace/install/rtabmap_odom' in the environment variable AMENT_PREFIX_PATH doesn't exist
[0.695s] WARNING:colcon.colcon_ros.prefix_path.ament:The path '/home/taylor/Buddy_Bot/buddybot/ros2_workspace/install/rtabmap_util' in the environment variable AMENT_PREFIX_PATH doesn't exist
[0.695s] WARNING:colcon.colcon_ros.prefix_path.ament:The path '/home/taylor/Buddy_Bot/buddybot/ros2_workspace/install/rtabmap_sync' in the environment variable AMENT_PREFIX_PATH doesn't exist
[0.695s] WARNING:colcon.colcon_ros.prefix_path.ament:The path '/home/taylor/Buddy_Bot/buddybot/ros2_workspace/install/rtabmap_rviz_plugins' in the environment variable AMENT_PREFIX_PATH doesn't exist
[0.695s] WARNING:colcon.colcon_ros.prefix_path.ament:The path '/home/taylor/Buddy_Bot/buddybot/ros2_workspace/install/rtabmap_python' in the environment variable AMENT_PREFIX_PATH doesn't exist
[0.695s] WARNING:colcon.colcon_ros.prefix_path.ament:The path '/home/taylor/Buddy_Bot/buddybot/ros2_workspace/install/rtabmap_conversions' in the environment variable AMENT_PREFIX_PATH doesn't exist
[0.695s] WARNING:colcon.colcon_ros.prefix_path.ament:The path '/home/taylor/Buddy_Bot/buddybot/ros2_workspace/install/rtabmap_msgs' in the environment variable AMENT_PREFIX_PATH doesn't exist
[0.695s] WARNING:colcon.colcon_ros.prefix_path.ament:The path '/home/taylor/Buddy_Bot/buddybot/ros2_workspace/install/perception_pcl' in the environment variable AMENT_PREFIX_PATH doesn't exist
[0.695s] WARNING:colcon.colcon_ros.prefix_path.ament:The path '/home/taylor/Buddy_Bot/buddybot/ros2_workspace/install/pcl_ros' in the environment variable AMENT_PREFIX_PATH doesn't exist
[0.695s] WARNING:colcon.colcon_ros.prefix_path.ament:The path '/home/taylor/Buddy_Bot/buddybot/ros2_workspace/install/pcl_conversions' in the environment variable AMENT_PREFIX_PATH doesn't exist
[0.695s] WARNING:colcon.colcon_ros.prefix_path.ament:The path '/home/taylor/Buddy_Bot/buddybot/ros2_workspace/install/pcl_msgs' in the environment variable AMENT_PREFIX_PATH doesn't exist
[0.695s] WARNING:colcon.colcon_ros.prefix_path.ament:The path '/home/taylor/Buddy_Bot/buddybot/ros2_workspace/install/opencv_tests' in the environment variable AMENT_PREFIX_PATH doesn't exist
[0.695s] WARNING:colcon.colcon_ros.prefix_path.ament:The path '/home/taylor/Buddy_Bot/buddybot/ros2_workspace/install/move_bot' in the environment variable AMENT_PREFIX_PATH doesn't exist
[0.695s] WARNING:colcon.colcon_ros.prefix_path.ament:The path '/home/taylor/Buddy_Bot/buddybot/ros2_workspace/install/image_geometry' in the environment variable AMENT_PREFIX_PATH doesn't exist
[0.695s] WARNING:colcon.colcon_ros.prefix_path.ament:The path '/home/taylor/Buddy_Bot/buddybot/ros2_workspace/install/diagnostic_common_diagnostics' in the environment variable AMENT_PREFIX_PATH doesn't exist
[0.695s] WARNING:colcon.colcon_ros.prefix_path.ament:The path '/home/taylor/Buddy_Bot/buddybot/ros2_workspace/install/diagnostic_updater' in the environment variable AMENT_PREFIX_PATH doesn't exist
[0.695s] WARNING:colcon.colcon_ros.prefix_path.ament:The path '/home/taylor/Buddy_Bot/buddybot/ros2_workspace/install/diagnostic_aggregator' in the environment variable AMENT_PREFIX_PATH doesn't exist
[0.695s] WARNING:colcon.colcon_ros.prefix_path.ament:The path '/home/taylor/Buddy_Bot/buddybot/ros2_workspace/install/cv_bridge' in the environment variable AMENT_PREFIX_PATH doesn't exist
[0.704s] WARNING:colcon.colcon_ros.prefix_path.catkin:The path '/home/taylor/Buddy_Bot/buddybot/ros2_workspace/install/vision_opencv' in the environment variable CMAKE_PREFIX_PATH doesn't exist
[0.704s] WARNING:colcon.colcon_ros.prefix_path.catkin:The path '/home/taylor/Buddy_Bot/buddybot/ros2_workspace/install/diagnostics' in the environment variable CMAKE_PREFIX_PATH doesn't exist
[0.704s] WARNING:colcon.colcon_ros.prefix_path.catkin:The path '/home/taylor/Buddy_Bot/buddybot/ros2_workspace/install/self_test' in the environment variable CMAKE_PREFIX_PATH doesn't exist
[0.705s] WARNING:colcon.colcon_ros.prefix_path.catkin:The path '/home/taylor/Buddy_Bot/buddybot/ros2_workspace/install/rtabmap_odom' in the environment variable CMAKE_PREFIX_PATH doesn't exist
[0.705s] WARNING:colcon.colcon_ros.prefix_path.catkin:The path '/home/taylor/Buddy_Bot/buddybot/ros2_workspace/install/rtabmap_util' in the environment variable CMAKE_PREFIX_PATH doesn't exist
[0.705s] WARNING:colcon.colcon_ros.prefix_path.catkin:The path '/home/taylor/Buddy_Bot/buddybot/ros2_workspace/install/rtabmap_sync' in the environment variable CMAKE_PREFIX_PATH doesn't exist
[0.705s] WARNING:colcon.colcon_ros.prefix_path.catkin:The path '/home/taylor/Buddy_Bot/buddybot/ros2_workspace/install/rtabmap_rviz_plugins' in the environment variable CMAKE_PREFIX_PATH doesn't exist
[0.705s] WARNING:colcon.colcon_ros.prefix_path.catkin:The path '/home/taylor/Buddy_Bot/buddybot/ros2_workspace/install/rtabmap_conversions' in the environment variable CMAKE_PREFIX_PATH doesn't exist
[0.705s] WARNING:colcon.colcon_ros.prefix_path.catkin:The path '/home/taylor/Buddy_Bot/buddybot/ros2_workspace/install/rtabmap_msgs' in the environment variable CMAKE_PREFIX_PATH doesn't exist
[0.705s] WARNING:colcon.colcon_ros.prefix_path.catkin:The path '/home/taylor/Buddy_Bot/buddybot/ros2_workspace/install/perception_pcl' in the environment variable CMAKE_PREFIX_PATH doesn't exist
[0.705s] WARNING:colcon.colcon_ros.prefix_path.catkin:The path '/home/taylor/Buddy_Bot/buddybot/ros2_workspace/install/pcl_ros' in the environment variable CMAKE_PREFIX_PATH doesn't exist
[0.705s] WARNING:colcon.colcon_ros.prefix_path.catkin:The path '/home/taylor/Buddy_Bot/buddybot/ros2_workspace/install/pcl_conversions' in the environment variable CMAKE_PREFIX_PATH doesn't exist
[0.705s] WARNING:colcon.colcon_ros.prefix_path.catkin:The path '/home/taylor/Buddy_Bot/buddybot/ros2_workspace/install/pcl_msgs' in the environment variable CMAKE_PREFIX_PATH doesn't exist
[0.705s] WARNING:colcon.colcon_ros.prefix_path.catkin:The path '/home/taylor/Buddy_Bot/buddybot/ros2_workspace/install/move_bot' in the environment variable CMAKE_PREFIX_PATH doesn't exist
[0.705s] WARNING:colcon.colcon_ros.prefix_path.catkin:The path '/home/taylor/Buddy_Bot/buddybot/ros2_workspace/install/image_geometry' in the environment variable CMAKE_PREFIX_PATH doesn't exist
[0.705s] WARNING:colcon.colcon_ros.prefix_path.catkin:The path '/home/taylor/Buddy_Bot/buddybot/ros2_workspace/install/diagnostic_common_diagnostics' in the environment variable CMAKE_PREFIX_PATH doesn't exist
[0.705s] WARNING:colcon.colcon_ros.prefix_path.catkin:The path '/home/taylor/Buddy_Bot/buddybot/ros2_workspace/install/diagnostic_updater' in the environment variable CMAKE_PREFIX_PATH doesn't exist
[0.705s] WARNING:colcon.colcon_ros.prefix_path.catkin:The path '/home/taylor/Buddy_Bot/buddybot/ros2_workspace/install/diagnostic_aggregator' in the environment variable CMAKE_PREFIX_PATH doesn't exist
[0.705s] WARNING:colcon.colcon_ros.prefix_path.catkin:The path '/home/taylor/Buddy_Bot/buddybot/ros2_workspace/install/cv_bridge' in the environment variable CMAKE_PREFIX_PATH doesn't exist
[0.719s] INFO:colcon.colcon_ros.task.catkin.build:Building ROS package in '/home/taylor/Buddy_Bot/buddybot/ros2_workspace/src/mpu' with build type 'catkin'
[0.719s] INFO:colcon.colcon_cmake.task.cmake.build:Building CMake package in '/home/taylor/Buddy_Bot/buddybot/ros2_workspace/src/mpu'
[0.720s] DEBUG:colcon.colcon_core.shell:Skip shell extension 'dsv' for command environment
[0.744s] INFO:colcon.colcon_ros.task.ament_python.build:Building ROS package in '/home/taylor/Buddy_Bot/buddybot/ros2_workspace/src/tfmini_s' with build type 'ament_python'
[0.744s] Level 1:colcon.colcon_core.shell:create_environment_hook('tfmini_s', 'ament_prefix_path')
[0.745s] INFO:colcon.colcon_core.shell:Creating environment descriptor '/home/taylor/Buddy_Bot/buddybot/ros2_workspace/install/tfmini_s/share/tfmini_s/hook/ament_prefix_path.dsv'
[0.746s] INFO:colcon.colcon_core.shell:Creating environment hook '/home/taylor/Buddy_Bot/buddybot/ros2_workspace/install/tfmini_s/share/tfmini_s/hook/ament_prefix_path.sh'
[0.748s] DEBUG:colcon.colcon_core.shell:Skip shell extension 'dsv' for command environment
[0.783s] DEBUG:colcon.colcon_core.event_handler.log_command:Invoking command in '/home/taylor/Buddy_Bot/buddybot/ros2_workspace/build/move_bot': CMAKE_PREFIX_PATH=${CMAKE_PREFIX_PATH}:/home/taylor/Buddy_Bot/buddybot/ros2_workspace/install/tfmini_s:/home/taylor/Buddy_Bot/buddybot/ros2_workspace/install/rtabmap_python:/home/taylor/Buddy_Bot/buddybot/ros2_workspace/install/opencv_tests:/home/taylor/ros2_iron/install/rqt_bag_plugins:/home/taylor/ros2_iron/install/rqt_bag:/home/taylor/ros2_iron/install/rosbag2_examples_py:/home/taylor/ros2_iron/install/launch_testing_examples:/home/taylor/ros2_iron/install/ros2bag:/home/taylor/ros2_iron/install/tracetools_test:/home/taylor/ros2_iron/install/tracetools_launch:/home/taylor/ros2_iron/install/topic_monitor:/home/taylor/ros2_iron/install/tf2_tools:/home/taylor/ros2_iron/install/examples_tf2_py:/home/taylor/ros2_iron/install/tf2_ros_py:/home/taylor/ros2_iron/install/examples_rclpy_pointcloud_publisher:/home/taylor/ros2_iron/install/sensor_msgs_py:/home/taylor/ros2_iron/install/quality_of_service_demo_py:/home/taylor/ros2_iron/install/rqt_plot:/home/taylor/ros2_iron/install/ros2doctor:/home/taylor/ros2_iron/install/lifecycle_py:/home/taylor/ros2_iron/install/examples_rclpy_minimal_subscriber:/home/taylor/ros2_iron/install/examples_rclpy_minimal_service:/home/taylor/ros2_iron/install/examples_rclpy_minimal_publisher:/home/taylor/ros2_iron/install/examples_rclpy_minimal_client:/home/taylor/ros2_iron/install/examples_rclpy_executors:/home/taylor/ros2_iron/install/demo_nodes_py:/home/taylor/ros2_iron/install/rqt:/home/taylor/ros2_iron/install/ros2component:/home/taylor/ros2_iron/install/sros2:/home/taylor/ros2_iron/install/rqt_topic:/home/taylor/ros2_iron/install/rqt_srv:/home/taylor/ros2_iron/install/rqt_shell:/home/taylor/ros2_iron/install/rqt_service_caller:/home/taylor/ros2_iron/install/rqt_reconfigure:/home/taylor/ros2_iron/install/rqt_py_console:/home/taylor/ros2_iron/install/rqt_publisher:/home/taylor/ros2_iron/install/rqt_action:/home/taylor/ros2_iron/install/rqt_msg:/home/taylor/ros2_iron/install/rqt_console:/home/taylor/ros2_iron/install/rqt_graph:/home/taylor/ros2_iron/install/rqt_gui_py:/home/taylor/ros2_iron/install/rqt_gui:/home/taylor/ros2_iron/install/ros2trace:/home/taylor/ros2_iron/install/ros2topic:/home/taylor/ros2_iron/install/ros2test:/home/taylor/ros2_iron/install/ros2param:/home/taylor/ros2_iron/install/ros2lifecycle:/home/taylor/ros2_iron/install/ros2service:/home/taylor/ros2_iron/install/ros2run:/home/taylor/ros2_iron/install/ros2launch:/home/taylor/ros2_iron/install/ros2pkg:/home/taylor/ros2_iron/install/ros2node:/home/taylor/ros2_iron/install/ros2multicast:/home/taylor/ros2_iron/install/ros2interface:/home/taylor/ros2_iron/install/ros2action:/home/taylor/ros2_iron/install/ros2cli:/home/taylor/ros2_iron/install/launch_testing_ros:/home/taylor/ros2_iron/install/launch_ros:/home/taylor/ros2_iron/install/examples_rclpy_minimal_action_server:/home/taylor/ros2_iron/install/examples_rclpy_minimal_action_client:/home/taylor/ros2_iron/install/examples_rclpy_guard_conditions:/home/taylor/ros2_iron/install/action_tutorials_py:/home/taylor/ros2_iron/install/ament_uncrustify:/home/taylor/ros2_iron/install/tracetools_trace:/home/taylor/ros2_iron/install/tracetools_read:/home/taylor/ros2_iron/install/test_tracetools_launch:/home/taylor/ros2_iron/install/test_ros2trace:/home/taylor/ros2_iron/install/test_launch_ros:/home/taylor/ros2_iron/install/rpyutils:/home/taylor/ros2_iron/install/rosidl_runtime_py:/home/taylor/ros2_iron/install/rosidl_pycommon:/home/taylor/ros2_iron/install/rosidl_cli:/home/taylor/ros2_iron/install/launch_pytest:/home/taylor/ros2_iron/install/launch_testing:/home/taylor/ros2_iron/install/launch_yaml:/home/taylor/ros2_iron/install/launch_xml:/home/taylor/ros2_iron/install/launch:/home/taylor/ros2_iron/install/osrf_pycommon:/home/taylor/ros2_iron/install/domain_coordinator:/home/taylor/ros2_iron/install/ament_xmllint:/home/taylor/ros2_iron/install/ament_pyflakes:/home/taylor/ros2_iron/install/ament_pycodestyle:/home/taylor/ros2_iron/install/ament_pep257:/home/taylor/ros2_iron/install/ament_pclint:/home/taylor/ros2_iron/install/ament_package:/home/taylor/ros2_iron/install/ament_mypy:/home/taylor/ros2_iron/install/ament_lint_cmake:/home/taylor/ros2_iron/install/ament_flake8:/home/taylor/ros2_iron/install/ament_copyright:/home/taylor/ros2_iron/install/ament_lint:/home/taylor/ros2_iron/install/ament_index_python:/home/taylor/ros2_iron/install/ament_cpplint:/home/taylor/ros2_iron/install/ament_cppcheck:/home/taylor/ros2_iron/install/ament_clang_tidy:/home/taylor/ros2_iron/install/ament_clang_format /usr/bin/cmake --build /home/taylor/Buddy_Bot/buddybot/ros2_workspace/build/move_bot -- -j4 -l4
[0.799s] DEBUG:colcon.colcon_core.event_handler.log_command:Invoking command in '/home/taylor/Buddy_Bot/buddybot/ros2_workspace/build/mpu': /usr/bin/cmake /home/taylor/Buddy_Bot/buddybot/ros2_workspace/src/mpu -DCATKIN_INSTALL_INTO_PREFIX_ROOT=0 -DCMAKE_INSTALL_PREFIX=/home/taylor/Buddy_Bot/buddybot/ros2_workspace/install/mpu
[1.966s] INFO:colcon.colcon_core.task.python.build:Building Python package in '/home/taylor/Buddy_Bot/buddybot/ros2_workspace/src/tfmini_s'
[1.970s] DEBUG:colcon.colcon_core.shell:Skip shell extension 'dsv' for command environment
[2.029s] DEBUG:colcon.colcon_core.event_handler.log_command:Invoked command in '/home/taylor/Buddy_Bot/buddybot/ros2_workspace/build/mpu' returned '1': /usr/bin/cmake /home/taylor/Buddy_Bot/buddybot/ros2_workspace/src/mpu -DCATKIN_INSTALL_INTO_PREFIX_ROOT=0 -DCMAKE_INSTALL_PREFIX=/home/taylor/Buddy_Bot/buddybot/ros2_workspace/install/mpu
[2.093s] Level 1:colcon.colcon_core.environment:create_environment_scripts_only(mpu)
[2.113s] Level 1:colcon.colcon_core.environment:checking '/home/taylor/Buddy_Bot/buddybot/ros2_workspace/install/mpu' for CMake module files
[2.117s] Level 1:colcon.colcon_core.environment:checking '/home/taylor/Buddy_Bot/buddybot/ros2_workspace/install/mpu' for CMake config files
[2.122s] Level 1:colcon.colcon_core.environment:checking '/home/taylor/Buddy_Bot/buddybot/ros2_workspace/install/mpu/bin'
[2.123s] Level 1:colcon.colcon_core.environment:checking '/home/taylor/Buddy_Bot/buddybot/ros2_workspace/install/mpu/lib/pkgconfig/mpu.pc'
[2.123s] Level 1:colcon.colcon_core.environment:checking '/home/taylor/Buddy_Bot/buddybot/ros2_workspace/install/mpu/lib/python3.11/site-packages'
[2.124s] Level 1:colcon.colcon_core.environment:checking '/home/taylor/Buddy_Bot/buddybot/ros2_workspace/install/mpu/bin'
[2.126s] INFO:colcon.colcon_core.shell:Creating package descriptor '/home/taylor/Buddy_Bot/buddybot/ros2_workspace/install/mpu/share/mpu/package.dsv'
[2.129s] INFO:colcon.colcon_core.shell:Creating package script '/home/taylor/Buddy_Bot/buddybot/ros2_workspace/install/mpu/share/mpu/package.sh'
[2.133s] INFO:colcon.colcon_core.shell:Creating package script '/home/taylor/Buddy_Bot/buddybot/ros2_workspace/install/mpu/share/mpu/package.bash'
[2.135s] INFO:colcon.colcon_core.shell:Creating package script '/home/taylor/Buddy_Bot/buddybot/ros2_workspace/install/mpu/share/mpu/package.zsh'
[2.139s] Level 1:colcon.colcon_core.environment:create_file_with_runtime_dependencies(/home/taylor/Buddy_Bot/buddybot/ros2_workspace/install/mpu/share/colcon-core/packages/mpu)
[18.940s] DEBUG:colcon.colcon_parallel_executor.executor.parallel:closing loop
[18.940s] DEBUG:colcon.colcon_parallel_executor.executor.parallel:loop closed
[18.940s] DEBUG:colcon.colcon_parallel_executor.executor.parallel:run_until_complete finished with '1'
[18.941s] DEBUG:colcon.colcon_core.event_reactor:joining thread
[18.955s] INFO:colcon.colcon_core.plugin_system:Skipping extension 'colcon_notification.desktop_notification.notify_send': Could not find 'notify-send'
[18.956s] INFO:colcon.colcon_core.plugin_system:Skipping extension 'colcon_notification.desktop_notification.terminal_notifier': Not used on non-Darwin systems
[18.956s] INFO:colcon.colcon_core.plugin_system:Skipping extension 'colcon_notification.desktop_notification.win32': Not used on non-Windows systems
[18.956s] INFO:colcon.colcon_notification.desktop_notification:Sending desktop notification using 'notify2'
[18.957s] DEBUG:colcon.colcon_notification.desktop_notification.notify2:Failed to initialize notify2: org.freedesktop.DBus.Error.ServiceUnknown: The name org.freedesktop.Notifications was not provided by any .service files
[18.958s] DEBUG:colcon.colcon_core.event_reactor:joined thread
[18.959s] INFO:colcon.colcon_core.shell:Creating prefix script '/home/taylor/Buddy_Bot/buddybot/ros2_workspace/install/local_setup.sh'
[18.959s] INFO:colcon.colcon_core.shell:Creating prefix util module '/home/taylor/Buddy_Bot/buddybot/ros2_workspace/install/_local_setup_util_sh.py'
[18.960s] INFO:colcon.colcon_core.shell:Creating prefix chain script '/home/taylor/Buddy_Bot/buddybot/ros2_workspace/install/setup.sh'
[18.973s] INFO:colcon.colcon_core.shell:Creating prefix script '/home/taylor/Buddy_Bot/buddybot/ros2_workspace/install/local_setup.bash'
[18.975s] INFO:colcon.colcon_core.shell:Creating prefix chain script '/home/taylor/Buddy_Bot/buddybot/ros2_workspace/install/setup.bash'
[18.988s] INFO:colcon.colcon_core.shell:Creating prefix script '/home/taylor/Buddy_Bot/buddybot/ros2_workspace/install/local_setup.zsh'
[18.989s] INFO:colcon.colcon_core.shell:Creating prefix chain script '/home/taylor/Buddy_Bot/buddybot/ros2_workspace/install/setup.zsh'
