-- The C compiler identification is GNU 12.2.0
-- The CXX compiler identification is GNU 12.2.0
-- Detecting C compiler ABI info
-- Detecting C compiler ABI info - done
-- Check for working C compiler: /usr/bin/cc - skipped
-- Detecting C compile features
-- Detecting C compile features - done
-- Detecting CXX compiler ABI info
-- Detecting CXX compiler ABI info - done
-- Check for working CXX compiler: /usr/bin/c++ - skipped
-- Detecting CXX compile features
-- Detecting CXX compile features - done
-- Found ament_cmake: 2.0.4 (/home/taylor/ros2_iron/install/ament_cmake/share/ament_cmake/cmake)
-- Found Python3: /usr/bin/python3 (found version "3.11.2") found components: Interpreter 
-- Override CMake install command with custom implementation using symlinks instead of copying resources
-- Found diagnostic_msgs: 5.0.0 (/home/taylor/ros2_iron/install/diagnostic_msgs/share/diagnostic_msgs/cmake)
-- Found rosidl_generator_c: 4.0.1 (/home/taylor/ros2_iron/install/rosidl_generator_c/share/rosidl_generator_c/cmake)
-- Found rosidl_generator_cpp: 4.0.1 (/home/taylor/ros2_iron/install/rosidl_generator_cpp/share/rosidl_generator_cpp/cmake)
-- Using all available rosidl_typesupport_c: rosidl_typesupport_introspection_c;rosidl_typesupport_fastrtps_c
-- Using all available rosidl_typesupport_cpp: rosidl_typesupport_introspection_cpp;rosidl_typesupport_fastrtps_cpp
-- Found rclcpp: 21.0.5 (/home/taylor/ros2_iron/install/rclcpp/share/rclcpp/cmake)
-- Found rmw_implementation_cmake: 7.1.0 (/home/taylor/ros2_iron/install/rmw_implementation_cmake/share/rmw_implementation_cmake/cmake)
-- Found rmw_fastrtps_cpp: 7.1.3 (/home/taylor/ros2_iron/install/rmw_fastrtps_cpp/share/rmw_fastrtps_cpp/cmake)
-- Found OpenSSL: /usr/lib/aarch64-linux-gnu/libcrypto.so (found version "3.0.11")  
-- Found FastRTPS: /home/taylor/ros2_iron/install/fastrtps/include  
-- Using RMW implementation 'rmw_fastrtps_cpp' as default
-- Found rclpy: 4.1.4 (/home/taylor/ros2_iron/install/rclpy/share/rclpy/cmake)
-- Found ament_lint_auto: 0.14.3 (/home/taylor/ros2_iron/install/ament_lint_auto/share/ament_lint_auto/cmake)
-- Found gtest sources under '/home/taylor/ros2_iron/install/gtest_vendor/src/gtest_vendor': C++ tests using 'Google Test' will be built
-- Performing Test CMAKE_HAVE_LIBC_PTHREAD
-- Performing Test CMAKE_HAVE_LIBC_PTHREAD - Success
-- Found Threads: TRUE  
-- Added test 'cppcheck' to perform static code analysis on C / C++ code
-- Configured cppcheck include dirs: $<BUILD_INTERFACE:/home/taylor/Buddy_Bot/buddybot/ros2_workspace/src/diagnostics/diagnostic_updater/include>
-- Configured cppcheck exclude dirs and/or files: 
-- Added test 'cpplint' to check C / C++ code against the Google style
-- Configured cpplint exclude dirs and/or files: 
-- Added test 'lint_cmake' to check CMake code style
-- Added test 'pep257' to check Python code against some of the docstring style conventions in PEP 257
-- Added test 'uncrustify' to check C / C++ code style
-- Configured uncrustify additional arguments: 
-- Added test 'xmllint' to check XML markup files
-- Configuring done
-- Generating done
-- Build files have been written to: /home/taylor/Buddy_Bot/buddybot/ros2_workspace/build/diagnostic_updater
[  8%] [32mBuilding CXX object gtest/CMakeFiles/gtest_main.dir/src/gtest_main.cc.o[0m
[ 16%] [32mBuilding CXX object CMakeFiles/example.dir/src/example.cpp.o[0m
[ 25%] [32mBuilding CXX object gtest/CMakeFiles/gtest.dir/src/gtest-all.cc.o[0m
[ 25%] Built target ament_cmake_python_symlink_diagnostic_updater
running egg_info
creating diagnostic_updater.egg-info
writing diagnostic_updater.egg-info/PKG-INFO
writing dependency_links to diagnostic_updater.egg-info/dependency_links.txt
writing top-level names to diagnostic_updater.egg-info/top_level.txt
writing manifest file 'diagnostic_updater.egg-info/SOURCES.txt'
reading manifest file 'diagnostic_updater.egg-info/SOURCES.txt'
writing manifest file 'diagnostic_updater.egg-info/SOURCES.txt'
[ 33%] [32m[1mLinking CXX static library libgtest_main.a[0m
[ 33%] Built target gtest_main
[ 33%] Built target ament_cmake_python_build_diagnostic_updater_egg
[ 41%] [32m[1mLinking CXX static library libgtest.a[0m
[ 41%] Built target gtest
[ 50%] [32mBuilding CXX object CMakeFiles/diagnostic_updater_test.dir/test/diagnostic_updater_test.cpp.o[0m
[ 58%] [32mBuilding CXX object CMakeFiles/status_msg_test.dir/test/status_msg_test.cpp.o[0m
[ 66%] [32mBuilding CXX object CMakeFiles/diagnostic_status_wrapper_test.dir/test/diagnostic_status_wrapper_test.cpp.o[0m
[ 75%] [32m[1mLinking CXX executable example[0m
[ 75%] Built target example
[ 83%] [32m[1mLinking CXX executable diagnostic_status_wrapper_test[0m
[ 83%] Built target diagnostic_status_wrapper_test
[ 91%] [32m[1mLinking CXX executable diagnostic_updater_test[0m
[ 91%] Built target diagnostic_updater_test
[100%] [32m[1mLinking CXX executable status_msg_test[0m
[100%] Built target status_msg_test
-- Install configuration: ""
-- Execute custom install script
-- Symlinking: /home/taylor/Buddy_Bot/buddybot/ros2_workspace/install/diagnostic_updater/share/diagnostic_updater/environment/pythonpath.sh
-- Symlinking: /home/taylor/Buddy_Bot/buddybot/ros2_workspace/install/diagnostic_updater/share/diagnostic_updater/environment/pythonpath.dsv
-- Symlinking: /home/taylor/Buddy_Bot/buddybot/ros2_workspace/install/diagnostic_updater/lib/python3.11/site-packages/diagnostic_updater-3.2.0-py3.11.egg-info/PKG-INFO
-- Symlinking: /home/taylor/Buddy_Bot/buddybot/ros2_workspace/install/diagnostic_updater/lib/python3.11/site-packages/diagnostic_updater-3.2.0-py3.11.egg-info/SOURCES.txt
-- Symlinking: /home/taylor/Buddy_Bot/buddybot/ros2_workspace/install/diagnostic_updater/lib/python3.11/site-packages/diagnostic_updater-3.2.0-py3.11.egg-info/dependency_links.txt
-- Symlinking: /home/taylor/Buddy_Bot/buddybot/ros2_workspace/install/diagnostic_updater/lib/python3.11/site-packages/diagnostic_updater-3.2.0-py3.11.egg-info/top_level.txt
-- Symlinking: /home/taylor/Buddy_Bot/buddybot/ros2_workspace/install/diagnostic_updater/lib/python3.11/site-packages/diagnostic_updater/__init__.py
-- Symlinking: /home/taylor/Buddy_Bot/buddybot/ros2_workspace/install/diagnostic_updater/lib/python3.11/site-packages/diagnostic_updater/_diagnostic_status_wrapper.py
-- Symlinking: /home/taylor/Buddy_Bot/buddybot/ros2_workspace/install/diagnostic_updater/lib/python3.11/site-packages/diagnostic_updater/_diagnostic_updater.py
-- Symlinking: /home/taylor/Buddy_Bot/buddybot/ros2_workspace/install/diagnostic_updater/lib/python3.11/site-packages/diagnostic_updater/_publisher.py
-- Symlinking: /home/taylor/Buddy_Bot/buddybot/ros2_workspace/install/diagnostic_updater/lib/python3.11/site-packages/diagnostic_updater/_update_functions.py
-- Symlinking: /home/taylor/Buddy_Bot/buddybot/ros2_workspace/install/diagnostic_updater/lib/python3.11/site-packages/diagnostic_updater/example.py
-- Symlinking: /home/taylor/Buddy_Bot/buddybot/ros2_workspace/install/diagnostic_updater/lib/diagnostic_updater/example.py
-- Symlinking: /home/taylor/Buddy_Bot/buddybot/ros2_workspace/install/diagnostic_updater/lib/diagnostic_updater/example
-- Symlinking: /home/taylor/Buddy_Bot/buddybot/ros2_workspace/install/diagnostic_updater/include/diagnostic_updater/diagnostic_status_wrapper.hpp
-- Symlinking: /home/taylor/Buddy_Bot/buddybot/ros2_workspace/install/diagnostic_updater/include/diagnostic_updater/diagnostic_updater.hpp
-- Symlinking: /home/taylor/Buddy_Bot/buddybot/ros2_workspace/install/diagnostic_updater/include/diagnostic_updater/publisher.hpp
-- Symlinking: /home/taylor/Buddy_Bot/buddybot/ros2_workspace/install/diagnostic_updater/include/diagnostic_updater/update_functions.hpp
-- Symlinking: /home/taylor/Buddy_Bot/buddybot/ros2_workspace/install/diagnostic_updater/share/diagnostic_updater/environment/library_path.sh
-- Symlinking: /home/taylor/Buddy_Bot/buddybot/ros2_workspace/install/diagnostic_updater/share/diagnostic_updater/environment/library_path.dsv
-- Symlinking: /home/taylor/Buddy_Bot/buddybot/ros2_workspace/install/diagnostic_updater/share/ament_index/resource_index/package_run_dependencies/diagnostic_updater
-- Symlinking: /home/taylor/Buddy_Bot/buddybot/ros2_workspace/install/diagnostic_updater/share/ament_index/resource_index/parent_prefix_path/diagnostic_updater
-- Symlinking: /home/taylor/Buddy_Bot/buddybot/ros2_workspace/install/diagnostic_updater/share/diagnostic_updater/environment/ament_prefix_path.sh
-- Symlinking: /home/taylor/Buddy_Bot/buddybot/ros2_workspace/install/diagnostic_updater/share/diagnostic_updater/environment/ament_prefix_path.dsv
-- Symlinking: /home/taylor/Buddy_Bot/buddybot/ros2_workspace/install/diagnostic_updater/share/diagnostic_updater/environment/path.sh
-- Symlinking: /home/taylor/Buddy_Bot/buddybot/ros2_workspace/install/diagnostic_updater/share/diagnostic_updater/environment/path.dsv
-- Symlinking: /home/taylor/Buddy_Bot/buddybot/ros2_workspace/install/diagnostic_updater/share/diagnostic_updater/local_setup.bash
-- Symlinking: /home/taylor/Buddy_Bot/buddybot/ros2_workspace/install/diagnostic_updater/share/diagnostic_updater/local_setup.sh
-- Symlinking: /home/taylor/Buddy_Bot/buddybot/ros2_workspace/install/diagnostic_updater/share/diagnostic_updater/local_setup.zsh
-- Symlinking: /home/taylor/Buddy_Bot/buddybot/ros2_workspace/install/diagnostic_updater/share/diagnostic_updater/local_setup.dsv
-- Symlinking: /home/taylor/Buddy_Bot/buddybot/ros2_workspace/install/diagnostic_updater/share/diagnostic_updater/package.dsv
-- Symlinking: /home/taylor/Buddy_Bot/buddybot/ros2_workspace/install/diagnostic_updater/share/ament_index/resource_index/packages/diagnostic_updater
-- Symlinking: /home/taylor/Buddy_Bot/buddybot/ros2_workspace/install/diagnostic_updater/share/diagnostic_updater/cmake/ament_cmake_export_targets-extras.cmake
-- Symlinking: /home/taylor/Buddy_Bot/buddybot/ros2_workspace/install/diagnostic_updater/share/diagnostic_updater/cmake/ament_cmake_export_include_directories-extras.cmake
-- Symlinking: /home/taylor/Buddy_Bot/buddybot/ros2_workspace/install/diagnostic_updater/share/diagnostic_updater/cmake/ament_cmake_export_dependencies-extras.cmake
-- Symlinking: /home/taylor/Buddy_Bot/buddybot/ros2_workspace/install/diagnostic_updater/share/diagnostic_updater/cmake/diagnostic_updaterConfig.cmake
-- Symlinking: /home/taylor/Buddy_Bot/buddybot/ros2_workspace/install/diagnostic_updater/share/diagnostic_updater/cmake/diagnostic_updaterConfig-version.cmake
-- Symlinking: /home/taylor/Buddy_Bot/buddybot/ros2_workspace/install/diagnostic_updater/share/diagnostic_updater/package.xml
Listing '/home/taylor/Buddy_Bot/buddybot/ros2_workspace/install/diagnostic_updater/lib/python3.11/site-packages/diagnostic_updater'...
Compiling '/home/taylor/Buddy_Bot/buddybot/ros2_workspace/install/diagnostic_updater/lib/python3.11/site-packages/diagnostic_updater/__init__.py'...
Compiling '/home/taylor/Buddy_Bot/buddybot/ros2_workspace/install/diagnostic_updater/lib/python3.11/site-packages/diagnostic_updater/_diagnostic_status_wrapper.py'...
Compiling '/home/taylor/Buddy_Bot/buddybot/ros2_workspace/install/diagnostic_updater/lib/python3.11/site-packages/diagnostic_updater/_diagnostic_updater.py'...
Compiling '/home/taylor/Buddy_Bot/buddybot/ros2_workspace/install/diagnostic_updater/lib/python3.11/site-packages/diagnostic_updater/_publisher.py'...
Compiling '/home/taylor/Buddy_Bot/buddybot/ros2_workspace/install/diagnostic_updater/lib/python3.11/site-packages/diagnostic_updater/_update_functions.py'...
Compiling '/home/taylor/Buddy_Bot/buddybot/ros2_workspace/install/diagnostic_updater/lib/python3.11/site-packages/diagnostic_updater/example.py'...
-- Installing: /home/taylor/Buddy_Bot/buddybot/ros2_workspace/install/diagnostic_updater/share/diagnostic_updater/cmake/diagnostic_updaterTargetsExport.cmake
