[0.047s] Invoking command in '/home/taylor/Buddy_Bot/buddybot/ros2_workspace/build/mpu': /usr/bin/cmake /home/taylor/Buddy_Bot/buddybot/ros2_workspace/src/mpu -DCATKIN_INSTALL_INTO_PREFIX_ROOT=0 -DCMAKE_INSTALL_PREFIX=/home/taylor/Buddy_Bot/buddybot/ros2_workspace/install/mpu
[0.182s] -- The C compiler identification is GNU 12.2.0
[0.271s] -- The CXX compiler identification is GNU 12.2.0
[0.288s] -- Detecting C compiler ABI info
[0.455s] -- Detecting C compiler ABI info - done
[0.472s] -- Check for working C compiler: /usr/bin/cc - skipped
[0.472s] -- Detecting C compile features
[0.472s] -- Detecting C compile features - done
[0.480s] -- Detecting CXX compiler ABI info
[0.699s] -- Detecting CXX compiler ABI info - done
[0.709s] -- Check for working CXX compiler: /usr/bin/c++ - skipped
[0.710s] -- Detecting CXX compile features
[0.710s] -- Detecting CXX compile features - done
[0.729s] -- Found ament_cmake: 2.0.4 (/home/taylor/ros2_iron/install/ament_cmake/share/ament_cmake/cmake)
[2.559s] -- Found Python3: /usr/bin/python3 (found version "3.11.2") found components: Interpreter 
[3.050s] -- Found rclpy: 4.1.4 (/home/taylor/ros2_iron/install/rclpy/share/rclpy/cmake)
[3.057s] -- Found std_msgs: 5.0.0 (/home/taylor/ros2_iron/install/std_msgs/share/std_msgs/cmake)
[3.221s] -- Found rosidl_generator_c: 4.0.1 (/home/taylor/ros2_iron/install/rosidl_generator_c/share/rosidl_generator_c/cmake)
[3.273s] -- Found rosidl_generator_cpp: 4.0.1 (/home/taylor/ros2_iron/install/rosidl_generator_cpp/share/rosidl_generator_cpp/cmake)
[3.377s] -- Using all available rosidl_typesupport_c: rosidl_typesupport_introspection_c;rosidl_typesupport_fastrtps_c
[3.486s] -- Using all available rosidl_typesupport_cpp: rosidl_typesupport_introspection_cpp;rosidl_typesupport_fastrtps_cpp
[4.271s] -- Configuring done
[4.287s] -- Generating done
[4.294s] -- Build files have been written to: /home/taylor/Buddy_Bot/buddybot/ros2_workspace/build/mpu
[4.294s] [33mCMake Warning:
[4.294s]   Manually-specified variables were not used by the project:
[4.294s] 
[4.295s]     CATKIN_INSTALL_INTO_PREFIX_ROOT
[4.295s] 
[4.295s] [0m
[4.305s] Invoked command in '/home/taylor/Buddy_Bot/buddybot/ros2_workspace/build/mpu' returned '0': /usr/bin/cmake /home/taylor/Buddy_Bot/buddybot/ros2_workspace/src/mpu -DCATKIN_INSTALL_INTO_PREFIX_ROOT=0 -DCMAKE_INSTALL_PREFIX=/home/taylor/Buddy_Bot/buddybot/ros2_workspace/install/mpu
[4.306s] Invoking command in '/home/taylor/Buddy_Bot/buddybot/ros2_workspace/build/mpu': /usr/bin/cmake --build /home/taylor/Buddy_Bot/buddybot/ros2_workspace/build/mpu -- -j4 -l4
[4.460s] Built target ament_cmake_python_copy_mpu
[5.254s] running egg_info
[5.290s] writing mpu.egg-info/PKG-INFO
[5.290s] writing dependency_links to mpu.egg-info/dependency_links.txt
[5.292s] writing top-level names to mpu.egg-info/top_level.txt
[5.400s] reading manifest file 'mpu.egg-info/SOURCES.txt'
[5.400s] writing manifest file 'mpu.egg-info/SOURCES.txt'
[5.549s] Built target ament_cmake_python_build_mpu_egg
[5.573s] Invoked command in '/home/taylor/Buddy_Bot/buddybot/ros2_workspace/build/mpu' returned '0': /usr/bin/cmake --build /home/taylor/Buddy_Bot/buddybot/ros2_workspace/build/mpu -- -j4 -l4
[5.736s] Invoking command in '/home/taylor/Buddy_Bot/buddybot/ros2_workspace/build/mpu': /usr/bin/cmake --install /home/taylor/Buddy_Bot/buddybot/ros2_workspace/build/mpu
[5.758s] -- Install configuration: ""
[5.758s] -- Up-to-date: /home/taylor/Buddy_Bot/buddybot/ros2_workspace/install/mpu/share/mpu/environment/pythonpath.sh
[5.758s] -- Up-to-date: /home/taylor/Buddy_Bot/buddybot/ros2_workspace/install/mpu/share/mpu/environment/pythonpath.dsv
[5.758s] -- Up-to-date: /home/taylor/Buddy_Bot/buddybot/ros2_workspace/install/mpu/lib/python3.11/site-packages/mpu-0.0.1-py3.11.egg-info
[5.758s] -- Installing: /home/taylor/Buddy_Bot/buddybot/ros2_workspace/install/mpu/lib/python3.11/site-packages/mpu-0.0.1-py3.11.egg-info/PKG-INFO
[5.758s] -- Installing: /home/taylor/Buddy_Bot/buddybot/ros2_workspace/install/mpu/lib/python3.11/site-packages/mpu-0.0.1-py3.11.egg-info/top_level.txt
[5.758s] -- Installing: /home/taylor/Buddy_Bot/buddybot/ros2_workspace/install/mpu/lib/python3.11/site-packages/mpu-0.0.1-py3.11.egg-info/dependency_links.txt
[5.758s] -- Installing: /home/taylor/Buddy_Bot/buddybot/ros2_workspace/install/mpu/lib/python3.11/site-packages/mpu-0.0.1-py3.11.egg-info/SOURCES.txt
[5.758s] -- Up-to-date: /home/taylor/Buddy_Bot/buddybot/ros2_workspace/install/mpu/lib/python3.11/site-packages/mpu
[5.758s] -- Up-to-date: /home/taylor/Buddy_Bot/buddybot/ros2_workspace/install/mpu/lib/python3.11/site-packages/mpu/mpupublisher.py
[5.759s] -- Up-to-date: /home/taylor/Buddy_Bot/buddybot/ros2_workspace/install/mpu/lib/python3.11/site-packages/mpu/mpusubscriber.py
[5.759s] -- Up-to-date: /home/taylor/Buddy_Bot/buddybot/ros2_workspace/install/mpu/lib/python3.11/site-packages/mpu/__init__.py
[5.911s] Listing '/home/taylor/Buddy_Bot/buddybot/ros2_workspace/install/mpu/lib/python3.11/site-packages/mpu'...
[5.918s] -- Up-to-date: /home/taylor/Buddy_Bot/buddybot/ros2_workspace/install/mpu/lib/mpu/mpupublisher.py
[5.918s] -- Up-to-date: /home/taylor/Buddy_Bot/buddybot/ros2_workspace/install/mpu/lib/mpu/mpusubscriber.py
[5.918s] -- Installing: /home/taylor/Buddy_Bot/buddybot/ros2_workspace/install/mpu/share/ament_index/resource_index/package_run_dependencies/mpu
[5.919s] -- Installing: /home/taylor/Buddy_Bot/buddybot/ros2_workspace/install/mpu/share/ament_index/resource_index/parent_prefix_path/mpu
[5.919s] -- Installing: /home/taylor/Buddy_Bot/buddybot/ros2_workspace/install/mpu/share/mpu/environment/ament_prefix_path.sh
[5.919s] -- Installing: /home/taylor/Buddy_Bot/buddybot/ros2_workspace/install/mpu/share/mpu/environment/ament_prefix_path.dsv
[5.919s] -- Installing: /home/taylor/Buddy_Bot/buddybot/ros2_workspace/install/mpu/share/mpu/environment/path.sh
[5.919s] -- Installing: /home/taylor/Buddy_Bot/buddybot/ros2_workspace/install/mpu/share/mpu/environment/path.dsv
[5.919s] -- Installing: /home/taylor/Buddy_Bot/buddybot/ros2_workspace/install/mpu/share/mpu/local_setup.bash
[5.919s] -- Installing: /home/taylor/Buddy_Bot/buddybot/ros2_workspace/install/mpu/share/mpu/local_setup.sh
[5.919s] -- Installing: /home/taylor/Buddy_Bot/buddybot/ros2_workspace/install/mpu/share/mpu/local_setup.zsh
[5.919s] -- Installing: /home/taylor/Buddy_Bot/buddybot/ros2_workspace/install/mpu/share/mpu/local_setup.dsv
[5.920s] -- Installing: /home/taylor/Buddy_Bot/buddybot/ros2_workspace/install/mpu/share/mpu/package.dsv
[5.921s] -- Installing: /home/taylor/Buddy_Bot/buddybot/ros2_workspace/install/mpu/share/ament_index/resource_index/packages/mpu
[5.921s] -- Installing: /home/taylor/Buddy_Bot/buddybot/ros2_workspace/install/mpu/share/mpu/cmake/ament_cmake_export_dependencies-extras.cmake
[5.921s] -- Installing: /home/taylor/Buddy_Bot/buddybot/ros2_workspace/install/mpu/share/mpu/cmake/mpuConfig.cmake
[5.921s] -- Installing: /home/taylor/Buddy_Bot/buddybot/ros2_workspace/install/mpu/share/mpu/cmake/mpuConfig-version.cmake
[5.921s] -- Installing: /home/taylor/Buddy_Bot/buddybot/ros2_workspace/install/mpu/share/mpu/package.xml
[5.921s] Invoked command in '/home/taylor/Buddy_Bot/buddybot/ros2_workspace/build/mpu' returned '0': /usr/bin/cmake --install /home/taylor/Buddy_Bot/buddybot/ros2_workspace/build/mpu
