[3.859s] Invoking command in '/home/taylor/Buddy_Bot/buddybot/ros2_workspace/src/tfmini_s': PYTHONPATH=/home/taylor/Buddy_Bot/buddybot/ros2_workspace/build/tfmini_s/prefix_override:/home/taylor/Buddy_Bot/buddybot/ros2_workspace/install/tfmini_s/lib/python3.11/site-packages:${PYTHONPATH} /usr/bin/python3 setup.py egg_info --egg-base ../../build/tfmini_s build --build-base /home/taylor/Buddy_Bot/buddybot/ros2_workspace/build/tfmini_s/build install --record /home/taylor/Buddy_Bot/buddybot/ros2_workspace/build/tfmini_s/install.log --single-version-externally-managed
[4.929s] running egg_info
[4.930s] creating ../../build/tfmini_s/tfmini_s.egg-info
[4.968s] writing ../../build/tfmini_s/tfmini_s.egg-info/PKG-INFO
[4.969s] writing dependency_links to ../../build/tfmini_s/tfmini_s.egg-info/dependency_links.txt
[4.969s] writing entry points to ../../build/tfmini_s/tfmini_s.egg-info/entry_points.txt
[4.969s] writing requirements to ../../build/tfmini_s/tfmini_s.egg-info/requires.txt
[4.969s] writing top-level names to ../../build/tfmini_s/tfmini_s.egg-info/top_level.txt
[4.970s] writing manifest file '../../build/tfmini_s/tfmini_s.egg-info/SOURCES.txt'
[5.042s] reading manifest file '../../build/tfmini_s/tfmini_s.egg-info/SOURCES.txt'
[5.044s] writing manifest file '../../build/tfmini_s/tfmini_s.egg-info/SOURCES.txt'
[5.045s] running build
[5.045s] running build_py
[5.045s] creating /home/taylor/Buddy_Bot/buddybot/ros2_workspace/build/tfmini_s/build
[5.045s] creating /home/taylor/Buddy_Bot/buddybot/ros2_workspace/build/tfmini_s/build/lib
[5.045s] creating /home/taylor/Buddy_Bot/buddybot/ros2_workspace/build/tfmini_s/build/lib/tfmini_s
[5.045s] copying tfmini_s/__init__.py -> /home/taylor/Buddy_Bot/buddybot/ros2_workspace/build/tfmini_s/build/lib/tfmini_s
[5.045s] copying tfmini_s/tfmini_s_node.py -> /home/taylor/Buddy_Bot/buddybot/ros2_workspace/build/tfmini_s/build/lib/tfmini_s
[5.049s] running install
[5.050s] /usr/lib/python3/dist-packages/setuptools/command/install.py:34: SetuptoolsDeprecationWarning: setup.py install is deprecated. Use build and pip and other standards-based tools.
[5.050s]   warnings.warn(
[5.062s] running install_lib
[5.097s] creating /home/taylor/Buddy_Bot/buddybot/ros2_workspace/install/tfmini_s/lib/python3.11/site-packages/tfmini_s
[5.098s] copying /home/taylor/Buddy_Bot/buddybot/ros2_workspace/build/tfmini_s/build/lib/tfmini_s/__init__.py -> /home/taylor/Buddy_Bot/buddybot/ros2_workspace/install/tfmini_s/lib/python3.11/site-packages/tfmini_s
[5.099s] copying /home/taylor/Buddy_Bot/buddybot/ros2_workspace/build/tfmini_s/build/lib/tfmini_s/tfmini_s_node.py -> /home/taylor/Buddy_Bot/buddybot/ros2_workspace/install/tfmini_s/lib/python3.11/site-packages/tfmini_s
[5.101s] byte-compiling /home/taylor/Buddy_Bot/buddybot/ros2_workspace/install/tfmini_s/lib/python3.11/site-packages/tfmini_s/__init__.py to __init__.cpython-311.pyc
[5.102s] byte-compiling /home/taylor/Buddy_Bot/buddybot/ros2_workspace/install/tfmini_s/lib/python3.11/site-packages/tfmini_s/tfmini_s_node.py to tfmini_s_node.cpython-311.pyc
[5.103s] running install_data
[5.147s] creating /home/taylor/Buddy_Bot/buddybot/ros2_workspace/install/tfmini_s/share/ament_index
[5.148s] creating /home/taylor/Buddy_Bot/buddybot/ros2_workspace/install/tfmini_s/share/ament_index/resource_index
[5.148s] creating /home/taylor/Buddy_Bot/buddybot/ros2_workspace/install/tfmini_s/share/ament_index/resource_index/packages
[5.148s] copying resource/tfmini_s -> /home/taylor/Buddy_Bot/buddybot/ros2_workspace/install/tfmini_s/share/ament_index/resource_index/packages
[5.148s] copying package.xml -> /home/taylor/Buddy_Bot/buddybot/ros2_workspace/install/tfmini_s/share/tfmini_s
[5.148s] running install_egg_info
[5.260s] Copying ../../build/tfmini_s/tfmini_s.egg-info to /home/taylor/Buddy_Bot/buddybot/ros2_workspace/install/tfmini_s/lib/python3.11/site-packages/tfmini_s-0.0.0-py3.11.egg-info
[5.262s] running install_scripts
[5.494s] Installing tfmini_s_node script to /home/taylor/Buddy_Bot/buddybot/ros2_workspace/install/tfmini_s/lib/tfmini_s
[5.494s] writing list of installed files to '/home/taylor/Buddy_Bot/buddybot/ros2_workspace/build/tfmini_s/install.log'
