[3.161s] Invoking command in '/home/taylor/Buddy_Bot/buddybot/ros2_workspace/src/tfmini_s': PYTHONPATH=/home/taylor/Buddy_Bot/buddybot/ros2_workspace/build/tfmini_s/prefix_override:/home/taylor/Buddy_Bot/buddybot/ros2_workspace/install/tfmini_s/lib/python3.11/site-packages:${PYTHONPATH} /usr/bin/python3 setup.py egg_info --egg-base ../../build/tfmini_s build --build-base /home/taylor/Buddy_Bot/buddybot/ros2_workspace/build/tfmini_s/build install --record /home/taylor/Buddy_Bot/buddybot/ros2_workspace/build/tfmini_s/install.log --single-version-externally-managed
[4.062s] running egg_info
[4.095s] writing ../../build/tfmini_s/tfmini_s.egg-info/PKG-INFO
[4.096s] writing dependency_links to ../../build/tfmini_s/tfmini_s.egg-info/dependency_links.txt
[4.097s] writing entry points to ../../build/tfmini_s/tfmini_s.egg-info/entry_points.txt
[4.101s] writing requirements to ../../build/tfmini_s/tfmini_s.egg-info/requires.txt
[4.102s] writing top-level names to ../../build/tfmini_s/tfmini_s.egg-info/top_level.txt
[4.178s] reading manifest file '../../build/tfmini_s/tfmini_s.egg-info/SOURCES.txt'
[4.179s] writing manifest file '../../build/tfmini_s/tfmini_s.egg-info/SOURCES.txt'
[4.179s] running build
[4.179s] running build_py
[4.179s] copying tfmini_s/tfmini_s_node.py -> /home/taylor/Buddy_Bot/buddybot/ros2_workspace/build/tfmini_s/build/lib/tfmini_s
[4.180s] running install
[4.182s] /usr/lib/python3/dist-packages/setuptools/command/install.py:34: SetuptoolsDeprecationWarning: setup.py install is deprecated. Use build and pip and other standards-based tools.
[4.182s]   warnings.warn(
[4.190s] running install_lib
[4.228s] copying /home/taylor/Buddy_Bot/buddybot/ros2_workspace/build/tfmini_s/build/lib/tfmini_s/tfmini_s_node.py -> /home/taylor/Buddy_Bot/buddybot/ros2_workspace/install/tfmini_s/lib/python3.11/site-packages/tfmini_s
[4.232s] byte-compiling /home/taylor/Buddy_Bot/buddybot/ros2_workspace/install/tfmini_s/lib/python3.11/site-packages/tfmini_s/tfmini_s_node.py to tfmini_s_node.cpython-311.pyc
[4.233s] running install_data
[4.269s] running install_egg_info
[4.366s] removing '/home/taylor/Buddy_Bot/buddybot/ros2_workspace/install/tfmini_s/lib/python3.11/site-packages/tfmini_s-0.0.0-py3.11.egg-info' (and everything under it)
[4.367s] Copying ../../build/tfmini_s/tfmini_s.egg-info to /home/taylor/Buddy_Bot/buddybot/ros2_workspace/install/tfmini_s/lib/python3.11/site-packages/tfmini_s-0.0.0-py3.11.egg-info
[4.368s] running install_scripts
[4.522s] Installing tfmini_s_node script to /home/taylor/Buddy_Bot/buddybot/ros2_workspace/install/tfmini_s/lib/tfmini_s
[4.523s] writing list of installed files to '/home/taylor/Buddy_Bot/buddybot/ros2_workspace/build/tfmini_s/install.log'
[4.667s] Invoked command in '/home/taylor/Buddy_Bot/buddybot/ros2_workspace/src/tfmini_s' returned '0': PYTHONPATH=/home/taylor/Buddy_Bot/buddybot/ros2_workspace/build/tfmini_s/prefix_override:/home/taylor/Buddy_Bot/buddybot/ros2_workspace/install/tfmini_s/lib/python3.11/site-packages:${PYTHONPATH} /usr/bin/python3 setup.py egg_info --egg-base ../../build/tfmini_s build --build-base /home/taylor/Buddy_Bot/buddybot/ros2_workspace/build/tfmini_s/build install --record /home/taylor/Buddy_Bot/buddybot/ros2_workspace/build/tfmini_s/install.log --single-version-externally-managed
