[3.272s] Invoking command in '/home/taylor/Buddy_Bot/buddybot/ros2_workspace/build/tfmini_s': PYTHONPATH=/home/taylor/Buddy_Bot/buddybot/ros2_workspace/build/tfmini_s/prefix_override:/home/taylor/Buddy_Bot/buddybot/ros2_workspace/install/tfmini_s/lib/python3.11/site-packages:${PYTHONPATH} /usr/bin/python3 setup.py develop --editable --build-directory /home/taylor/Buddy_Bot/buddybot/ros2_workspace/build/tfmini_s/build --no-deps install_data
[4.305s] running develop
[4.305s] /usr/lib/python3/dist-packages/setuptools/command/easy_install.py:146: EasyInstallDeprecationWarning: easy_install command is deprecated. Use build and pip and other standards-based tools.
[4.305s]   warnings.warn(
[4.387s] /usr/lib/python3/dist-packages/setuptools/command/install.py:34: SetuptoolsDeprecationWarning: setup.py install is deprecated. Use build and pip and other standards-based tools.
[4.387s]   warnings.warn(
[5.010s] running egg_info
[5.060s] writing tfmini_s.egg-info/PKG-INFO
[5.060s] writing dependency_links to tfmini_s.egg-info/dependency_links.txt
[5.064s] writing entry points to tfmini_s.egg-info/entry_points.txt
[5.065s] writing requirements to tfmini_s.egg-info/requires.txt
[5.066s] writing top-level names to tfmini_s.egg-info/top_level.txt
[5.178s] reading manifest file 'tfmini_s.egg-info/SOURCES.txt'
[5.178s] writing manifest file 'tfmini_s.egg-info/SOURCES.txt'
[5.242s] running build_ext
[5.242s] Creating /home/taylor/Buddy_Bot/buddybot/ros2_workspace/install/tfmini_s/lib/python3.11/site-packages/tfmini-s.egg-link (link to .)
[5.243s] Installing tfmini_s_node script to /home/taylor/Buddy_Bot/buddybot/ros2_workspace/install/tfmini_s/lib/tfmini_s
[5.243s] 
[5.243s] Installed /home/taylor/Buddy_Bot/buddybot/ros2_workspace/build/tfmini_s
[5.243s] running install_data
