[0.000000] (-) TimerEvent: {}
[0.000219] (-) JobUnselected: {'identifier': 'cv_bridge'}
[0.000381] (-) JobUnselected: {'identifier': 'diagnostic_aggregator'}
[0.000403] (-) JobUnselected: {'identifier': 'diagnostic_common_diagnostics'}
[0.000422] (-) JobUnselected: {'identifier': 'diagnostic_updater'}
[0.000439] (-) JobUnselected: {'identifier': 'diagnostics'}
[0.000457] (-) JobUnselected: {'identifier': 'image_geometry'}
[0.000479] (-) JobUnselected: {'identifier': 'move_bot'}
[0.000523] (-) JobUnselected: {'identifier': 'opencv_tests'}
[0.000541] (-) JobUnselected: {'identifier': 'pcl_conversions'}
[0.000556] (-) JobUnselected: {'identifier': 'pcl_msgs'}
[0.000569] (-) JobUnselected: {'identifier': 'pcl_ros'}
[0.000583] (-) JobUnselected: {'identifier': 'perception_pcl'}
[0.000606] (-) JobUnselected: {'identifier': 'rtabmap_conversions'}
[0.000671] (-) JobUnselected: {'identifier': 'rtabmap_demos'}
[0.000685] (-) JobUnselected: {'identifier': 'rtabmap_examples'}
[0.000699] (-) JobUnselected: {'identifier': 'rtabmap_launch'}
[0.000711] (-) JobUnselected: {'identifier': 'rtabmap_msgs'}
[0.000725] (-) JobUnselected: {'identifier': 'rtabmap_odom'}
[0.000738] (-) JobUnselected: {'identifier': 'rtabmap_python'}
[0.000752] (-) JobUnselected: {'identifier': 'rtabmap_rviz_plugins'}
[0.000765] (-) JobUnselected: {'identifier': 'rtabmap_slam'}
[0.000778] (-) JobUnselected: {'identifier': 'rtabmap_sync'}
[0.000790] (-) JobUnselected: {'identifier': 'rtabmap_util'}
[0.000803] (-) JobUnselected: {'identifier': 'rtabmap_viz'}
[0.000816] (-) JobUnselected: {'identifier': 'self_test'}
[0.000829] (-) JobUnselected: {'identifier': 'tfmini_s'}
[0.000841] (-) JobUnselected: {'identifier': 'vision_opencv'}
[0.000858] (rtabmap_ros) JobQueued: {'identifier': 'rtabmap_ros', 'dependencies': OrderedDict([('cv_bridge', '/home/taylor/Buddy_Bot/buddybot/ros2_workspace/install/cv_bridge'), ('diagnostic_updater', '/home/taylor/Buddy_Bot/buddybot/ros2_workspace/install/diagnostic_updater'), ('image_geometry', '/home/taylor/Buddy_Bot/buddybot/ros2_workspace/install/image_geometry'), ('pcl_msgs', '/home/taylor/Buddy_Bot/buddybot/ros2_workspace/install/pcl_msgs'), ('rtabmap_msgs', '/home/taylor/Buddy_Bot/buddybot/ros2_workspace/install/rtabmap_msgs'), ('rtabmap_python', '/home/taylor/Buddy_Bot/buddybot/ros2_workspace/install/rtabmap_python'), ('pcl_conversions', '/home/taylor/Buddy_Bot/buddybot/ros2_workspace/install/pcl_conversions'), ('pcl_ros', '/home/taylor/Buddy_Bot/buddybot/ros2_workspace/install/pcl_ros'), ('rtabmap_conversions', '/home/taylor/Buddy_Bot/buddybot/ros2_workspace/install/rtabmap_conversions'), ('rtabmap_rviz_plugins', '/home/taylor/Buddy_Bot/buddybot/ros2_workspace/install/rtabmap_rviz_plugins'), ('rtabmap_sync', '/home/taylor/Buddy_Bot/buddybot/ros2_workspace/install/rtabmap_sync'), ('rtabmap_util', '/home/taylor/Buddy_Bot/buddybot/ros2_workspace/install/rtabmap_util'), ('rtabmap_odom', '/home/taylor/Buddy_Bot/buddybot/ros2_workspace/install/rtabmap_odom'), ('rtabmap_slam', '/home/taylor/Buddy_Bot/buddybot/ros2_workspace/install/rtabmap_slam'), ('rtabmap_viz', '/home/taylor/Buddy_Bot/buddybot/ros2_workspace/install/rtabmap_viz'), ('rtabmap_demos', '/home/taylor/Buddy_Bot/buddybot/ros2_workspace/install/rtabmap_demos'), ('rtabmap_examples', '/home/taylor/Buddy_Bot/buddybot/ros2_workspace/install/rtabmap_examples'), ('rtabmap_launch', '/home/taylor/Buddy_Bot/buddybot/ros2_workspace/install/rtabmap_launch')])}
[0.001128] (rtabmap_ros) JobStarted: {'identifier': 'rtabmap_ros'}
[0.057398] (rtabmap_ros) JobEnded: {'identifier': 'rtabmap_ros', 'rc': 1}
[0.067902] (-) EventReactorShutdown: {}
