[5.346s] Invoking command in '/home/taylor/Buddy_Bot/buddybot/ros2_workspace/build/tfmini_s': PYTHONPATH=/home/taylor/Buddy_Bot/buddybot/ros2_workspace/build/tfmini_s/prefix_override:/home/taylor/Buddy_Bot/buddybot/ros2_workspace/install/tfmini_s/lib/python3.11/site-packages:${PYTHONPATH} /usr/bin/python3 setup.py develop --editable --build-directory /home/taylor/Buddy_Bot/buddybot/ros2_workspace/build/tfmini_s/build --no-deps install_data
[6.572s] /usr/lib/python3/dist-packages/setuptools/command/easy_install.py:146: EasyInstallDeprecationWarning: easy_install command is deprecated. Use build and pip and other standards-based tools.
[6.572s]   warnings.warn(
[6.578s] running develop
[6.670s] /usr/lib/python3/dist-packages/setuptools/command/install.py:34: SetuptoolsDeprecationWarning: setup.py install is deprecated. Use build and pip and other standards-based tools.
[6.671s]   warnings.warn(
[7.186s] running egg_info
[7.229s] writing tfmini_s.egg-info/PKG-INFO
[7.230s] writing dependency_links to tfmini_s.egg-info/dependency_links.txt
[7.231s] writing entry points to tfmini_s.egg-info/entry_points.txt
[7.231s] writing requirements to tfmini_s.egg-info/requires.txt
[7.233s] writing top-level names to tfmini_s.egg-info/top_level.txt
[7.330s] reading manifest file 'tfmini_s.egg-info/SOURCES.txt'
[7.332s] writing manifest file 'tfmini_s.egg-info/SOURCES.txt'
[7.390s] running build_ext
[7.391s] Creating /home/taylor/Buddy_Bot/buddybot/ros2_workspace/install/tfmini_s/lib/python3.11/site-packages/tfmini-s.egg-link (link to .)
[7.392s] Installing tfmini_s_node script to /home/taylor/Buddy_Bot/buddybot/ros2_workspace/install/tfmini_s/lib/tfmini_s
[7.393s] 
[7.393s] Installed /home/taylor/Buddy_Bot/buddybot/ros2_workspace/build/tfmini_s
[7.393s] running install_data
[7.602s] Invoked command in '/home/taylor/Buddy_Bot/buddybot/ros2_workspace/build/tfmini_s' returned '0': PYTHONPATH=/home/taylor/Buddy_Bot/buddybot/ros2_workspace/build/tfmini_s/prefix_override:/home/taylor/Buddy_Bot/buddybot/ros2_workspace/install/tfmini_s/lib/python3.11/site-packages:${PYTHONPATH} /usr/bin/python3 setup.py develop --editable --build-directory /home/taylor/Buddy_Bot/buddybot/ros2_workspace/build/tfmini_s/build --no-deps install_data
