running egg_info
creating ../../build/move_pkg/move_pkg.egg-info
writing ../../build/move_pkg/move_pkg.egg-info/PKG-INFO
writing dependency_links to ../../build/move_pkg/move_pkg.egg-info/dependency_links.txt
writing requirements to ../../build/move_pkg/move_pkg.egg-info/requires.txt
writing top-level names to ../../build/move_pkg/move_pkg.egg-info/top_level.txt
writing manifest file '../../build/move_pkg/move_pkg.egg-info/SOURCES.txt'
reading manifest file '../../build/move_pkg/move_pkg.egg-info/SOURCES.txt'
writing manifest file '../../build/move_pkg/move_pkg.egg-info/SOURCES.txt'
running build
running build_py
creating /home/taylor/Buddy_Bot/buddybot/ros2_workspace/build/move_pkg/build
creating /home/taylor/Buddy_Bot/buddybot/ros2_workspace/build/move_pkg/build/lib
creating /home/taylor/Buddy_Bot/buddybot/ros2_workspace/build/move_pkg/build/lib/move_pkg
copying move_pkg/__init__.py -> /home/taylor/Buddy_Bot/buddybot/ros2_workspace/build/move_pkg/build/lib/move_pkg
running install
running install_lib
creating /home/taylor/Buddy_Bot/buddybot/ros2_workspace/install/move_pkg/lib/python3.11/site-packages/move_pkg
copying /home/taylor/Buddy_Bot/buddybot/ros2_workspace/build/move_pkg/build/lib/move_pkg/__init__.py -> /home/taylor/Buddy_Bot/buddybot/ros2_workspace/install/move_pkg/lib/python3.11/site-packages/move_pkg
byte-compiling /home/taylor/Buddy_Bot/buddybot/ros2_workspace/install/move_pkg/lib/python3.11/site-packages/move_pkg/__init__.py to __init__.cpython-311.pyc
running install_data
creating /home/taylor/Buddy_Bot/buddybot/ros2_workspace/install/move_pkg/share/ament_index
creating /home/taylor/Buddy_Bot/buddybot/ros2_workspace/install/move_pkg/share/ament_index/resource_index
creating /home/taylor/Buddy_Bot/buddybot/ros2_workspace/install/move_pkg/share/ament_index/resource_index/packages
copying resource/move_pkg -> /home/taylor/Buddy_Bot/buddybot/ros2_workspace/install/move_pkg/share/ament_index/resource_index/packages
copying package.xml -> /home/taylor/Buddy_Bot/buddybot/ros2_workspace/install/move_pkg/share/move_pkg
running install_egg_info
Copying ../../build/move_pkg/move_pkg.egg-info to /home/taylor/Buddy_Bot/buddybot/ros2_workspace/install/move_pkg/lib/python3.11/site-packages/move_pkg-0.0.0-py3.11.egg-info
running install_scripts
writing list of installed files to '/home/taylor/Buddy_Bot/buddybot/ros2_workspace/build/move_pkg/install.log'
