[3.093s] Invoking command in '/home/taylor/Buddy_Bot/buddybot/ros2_workspace/src/move_pkg': PS1=(venv) \[\e]0;\u@\h: \w\a\]${debian_chroot:+($debian_chroot)}\[\033[01;32m\]\u@\h\[\033[00m\]:\[\033[01;34m\]\w \$\[\033[00m\] PYTHONPATH=/home/taylor/Buddy_Bot/buddybot/ros2_workspace/build/move_pkg/prefix_override:/home/taylor/Buddy_Bot/buddybot/ros2_workspace/install/move_pkg/lib/python3.11/site-packages:${PYTHONPATH} VIRTUAL_ENV_PROMPT=(venv) /usr/bin/python3 setup.py egg_info --egg-base ../../build/move_pkg build --build-base /home/taylor/Buddy_Bot/buddybot/ros2_workspace/build/move_pkg/build install --record /home/taylor/Buddy_Bot/buddybot/ros2_workspace/build/move_pkg/install.log --single-version-externally-managed
[4.060s] running egg_info
[4.061s] creating ../../build/move_pkg/move_pkg.egg-info
[4.094s] writing ../../build/move_pkg/move_pkg.egg-info/PKG-INFO
[4.096s] writing dependency_links to ../../build/move_pkg/move_pkg.egg-info/dependency_links.txt
[4.096s] writing requirements to ../../build/move_pkg/move_pkg.egg-info/requires.txt
[4.096s] writing top-level names to ../../build/move_pkg/move_pkg.egg-info/top_level.txt
[4.096s] writing manifest file '../../build/move_pkg/move_pkg.egg-info/SOURCES.txt'
[4.175s] reading manifest file '../../build/move_pkg/move_pkg.egg-info/SOURCES.txt'
[4.175s] writing manifest file '../../build/move_pkg/move_pkg.egg-info/SOURCES.txt'
[4.175s] running build
[4.175s] running build_py
[4.175s] creating /home/taylor/Buddy_Bot/buddybot/ros2_workspace/build/move_pkg/build
[4.175s] creating /home/taylor/Buddy_Bot/buddybot/ros2_workspace/build/move_pkg/build/lib
[4.175s] creating /home/taylor/Buddy_Bot/buddybot/ros2_workspace/build/move_pkg/build/lib/move_pkg
[4.175s] copying move_pkg/__init__.py -> /home/taylor/Buddy_Bot/buddybot/ros2_workspace/build/move_pkg/build/lib/move_pkg
[4.175s] running install
[4.179s] /usr/lib/python3/dist-packages/setuptools/command/install.py:34: SetuptoolsDeprecationWarning: setup.py install is deprecated. Use build and pip and other standards-based tools.
[4.179s]   warnings.warn(
[4.188s] running install_lib
[4.224s] creating /home/taylor/Buddy_Bot/buddybot/ros2_workspace/install/move_pkg/lib/python3.11/site-packages/move_pkg
[4.225s] copying /home/taylor/Buddy_Bot/buddybot/ros2_workspace/build/move_pkg/build/lib/move_pkg/__init__.py -> /home/taylor/Buddy_Bot/buddybot/ros2_workspace/install/move_pkg/lib/python3.11/site-packages/move_pkg
[4.228s] byte-compiling /home/taylor/Buddy_Bot/buddybot/ros2_workspace/install/move_pkg/lib/python3.11/site-packages/move_pkg/__init__.py to __init__.cpython-311.pyc
[4.228s] running install_data
[4.276s] creating /home/taylor/Buddy_Bot/buddybot/ros2_workspace/install/move_pkg/share/ament_index
[4.276s] creating /home/taylor/Buddy_Bot/buddybot/ros2_workspace/install/move_pkg/share/ament_index/resource_index
[4.276s] creating /home/taylor/Buddy_Bot/buddybot/ros2_workspace/install/move_pkg/share/ament_index/resource_index/packages
[4.276s] copying resource/move_pkg -> /home/taylor/Buddy_Bot/buddybot/ros2_workspace/install/move_pkg/share/ament_index/resource_index/packages
[4.276s] copying package.xml -> /home/taylor/Buddy_Bot/buddybot/ros2_workspace/install/move_pkg/share/move_pkg
[4.276s] running install_egg_info
[4.384s] Copying ../../build/move_pkg/move_pkg.egg-info to /home/taylor/Buddy_Bot/buddybot/ros2_workspace/install/move_pkg/lib/python3.11/site-packages/move_pkg-0.0.0-py3.11.egg-info
[4.384s] running install_scripts
[4.546s] writing list of installed files to '/home/taylor/Buddy_Bot/buddybot/ros2_workspace/build/move_pkg/install.log'
[4.715s] Invoked command in '/home/taylor/Buddy_Bot/buddybot/ros2_workspace/src/move_pkg' returned '0': PS1=(venv) \[\e]0;\u@\h: \w\a\]${debian_chroot:+($debian_chroot)}\[\033[01;32m\]\u@\h\[\033[00m\]:\[\033[01;34m\]\w \$\[\033[00m\] PYTHONPATH=/home/taylor/Buddy_Bot/buddybot/ros2_workspace/build/move_pkg/prefix_override:/home/taylor/Buddy_Bot/buddybot/ros2_workspace/install/move_pkg/lib/python3.11/site-packages:${PYTHONPATH} VIRTUAL_ENV_PROMPT=(venv) /usr/bin/python3 setup.py egg_info --egg-base ../../build/move_pkg build --build-base /home/taylor/Buddy_Bot/buddybot/ros2_workspace/build/move_pkg/build install --record /home/taylor/Buddy_Bot/buddybot/ros2_workspace/build/move_pkg/install.log --single-version-externally-managed
