-- Found ament_cmake: 2.0.4 (/home/taylor/ros2_iron/install/ament_cmake/share/ament_cmake/cmake)
-- Found rclcpp: 21.0.5 (/home/taylor/ros2_iron/install/rclcpp/share/rclcpp/cmake)
-- Found rosidl_generator_c: 4.0.1 (/home/taylor/ros2_iron/install/rosidl_generator_c/share/rosidl_generator_c/cmake)
-- Found rosidl_generator_cpp: 4.0.1 (/home/taylor/ros2_iron/install/rosidl_generator_cpp/share/rosidl_generator_cpp/cmake)
-- Using all available rosidl_typesupport_c: rosidl_typesupport_introspection_c;rosidl_typesupport_fastrtps_c
-- Using all available rosidl_typesupport_cpp: rosidl_typesupport_introspection_cpp;rosidl_typesupport_fastrtps_cpp
-- Found rmw_implementation_cmake: 7.1.0 (/home/taylor/ros2_iron/install/rmw_implementation_cmake/share/rmw_implementation_cmake/cmake)
-- Found rmw_fastrtps_cpp: 7.1.3 (/home/taylor/ros2_iron/install/rmw_fastrtps_cpp/share/rmw_fastrtps_cpp/cmake)
-- Using RMW implementation 'rmw_fastrtps_cpp' as default
-- Found std_msgs: 5.0.0 (/home/taylor/ros2_iron/install/std_msgs/share/std_msgs/cmake)
-- Found rosidl_default_generators: 1.5.0 (/home/taylor/ros2_iron/install/rosidl_default_generators/share/rosidl_default_generators/cmake)
-- Found rosidl_adapter: 4.0.1 (/home/taylor/ros2_iron/install/rosidl_adapter/share/rosidl_adapter/cmake)
-- Found ament_cmake_ros: 0.11.2 (/home/taylor/ros2_iron/install/ament_cmake_ros/share/ament_cmake_ros/cmake)
-- Using all available rosidl_typesupport_c: rosidl_typesupport_introspection_c;rosidl_typesupport_fastrtps_c
-- Using all available rosidl_typesupport_cpp: rosidl_typesupport_introspection_cpp;rosidl_typesupport_fastrtps_cpp
-- Found python_cmake_module: 0.10.2 (/home/taylor/ros2_iron/install/python_cmake_module/share/python_cmake_module/cmake)
-- Using PYTHON_EXECUTABLE: /usr/bin/python3
-- Using PYTHON_INCLUDE_DIRS: /usr/include/python3.11
-- Using PYTHON_LIBRARIES: /usr/lib/aarch64-linux-gnu/libpython3.11.so
-- Found ament_lint_auto: 0.14.3 (/home/taylor/ros2_iron/install/ament_lint_auto/share/ament_lint_auto/cmake)
-- Added test 'copyright' to check source files copyright and LICENSE
-- Added test 'cppcheck' to perform static code analysis on C / C++ code
-- Configured cppcheck include dirs: 
-- Configured cppcheck exclude dirs and/or files: 
-- Added test 'cpplint' to check C / C++ code against the Google style
-- Configured cpplint exclude dirs and/or files: 
-- Added test 'flake8' to check Python code syntax and style conventions
-- Configured 'flake8' exclude dirs and/or files: 
-- Added test 'lint_cmake' to check CMake code style
-- Added test 'pep257' to check Python code against some of the docstring style conventions in PEP 257
-- Added test 'uncrustify' to check C / C++ code style
-- Configured uncrustify additional arguments: 
-- Added test 'xmllint' to check XML markup files
-- Configuring done
-- Generating done
-- Build files have been written to: /home/taylor/Buddy_Bot/buddybot/ros2_workspace/build/move_bot
[  2%] Built target move_bot__rosidl_generator_type_description
[  2%] Built target ament_cmake_python_copy_move_bot
[ 10%] Built target move_bot__cpp
[ 18%] Built target move_bot__rosidl_generator_c
[ 35%] Built target move_bot__rosidl_typesupport_fastrtps_c
[ 35%] Built target move_bot__rosidl_typesupport_introspection_c
[ 43%] Built target move_bot__rosidl_typesupport_fastrtps_cpp
[ 51%] Built target move_bot__rosidl_typesupport_c
[ 59%] Built target move_bot__rosidl_typesupport_introspection_cpp
[ 67%] Built target move_bot__rosidl_typesupport_cpp
[ 67%] Built target move_bot
[ 70%] [32mBuilding CXX object CMakeFiles/move_node.dir/src/move_bot.cpp.o[0m
[ 72%] Built target move_bot__py
[ 75%] [32mBuilding C object CMakeFiles/move_node.dir/src/movements.c.o[0m
[ 81%] Built target move_bot__rosidl_generator_py
[ 86%] Built target move_bot__rosidl_typesupport_introspection_c__pyext
[ 91%] Built target move_bot__rosidl_typesupport_fastrtps_c__pyext
[ 97%] Built target move_bot__rosidl_typesupport_c__pyext
running egg_info
writing move_bot.egg-info/PKG-INFO
writing dependency_links to move_bot.egg-info/dependency_links.txt
writing top-level names to move_bot.egg-info/top_level.txt
reading manifest file 'move_bot.egg-info/SOURCES.txt'
writing manifest file 'move_bot.egg-info/SOURCES.txt'
[ 97%] Built target ament_cmake_python_build_move_bot_egg
[100%] [32m[1mLinking CXX executable move_node[0m
[100%] Built target move_node
-- Install configuration: ""
-- Installing: /home/taylor/Buddy_Bot/buddybot/ros2_workspace/install/move_bot/share/ament_index/resource_index/rosidl_interfaces/move_bot
-- Installing: /home/taylor/Buddy_Bot/buddybot/ros2_workspace/install/move_bot/share/move_bot/msg/Movement.json
-- Installing: /home/taylor/Buddy_Bot/buddybot/ros2_workspace/install/move_bot/include/move_bot/move_bot
-- Installing: /home/taylor/Buddy_Bot/buddybot/ros2_workspace/install/move_bot/include/move_bot/move_bot/msg
-- Installing: /home/taylor/Buddy_Bot/buddybot/ros2_workspace/install/move_bot/include/move_bot/move_bot/msg/rosidl_generator_c__visibility_control.h
-- Installing: /home/taylor/Buddy_Bot/buddybot/ros2_workspace/install/move_bot/include/move_bot/move_bot/msg/movement.h
-- Installing: /home/taylor/Buddy_Bot/buddybot/ros2_workspace/install/move_bot/include/move_bot/move_bot/msg/detail
-- Installing: /home/taylor/Buddy_Bot/buddybot/ros2_workspace/install/move_bot/include/move_bot/move_bot/msg/detail/movement__type_support.c
-- Installing: /home/taylor/Buddy_Bot/buddybot/ros2_workspace/install/move_bot/include/move_bot/move_bot/msg/detail/movement__type_support.h
-- Installing: /home/taylor/Buddy_Bot/buddybot/ros2_workspace/install/move_bot/include/move_bot/move_bot/msg/detail/movement__description.c
-- Installing: /home/taylor/Buddy_Bot/buddybot/ros2_workspace/install/move_bot/include/move_bot/move_bot/msg/detail/movement__functions.h
-- Installing: /home/taylor/Buddy_Bot/buddybot/ros2_workspace/install/move_bot/include/move_bot/move_bot/msg/detail/movement__functions.c
-- Installing: /home/taylor/Buddy_Bot/buddybot/ros2_workspace/install/move_bot/include/move_bot/move_bot/msg/detail/movement__struct.h
-- Installing: /home/taylor/Buddy_Bot/buddybot/ros2_workspace/install/move_bot/share/move_bot/environment/library_path.sh
-- Installing: /home/taylor/Buddy_Bot/buddybot/ros2_workspace/install/move_bot/share/move_bot/environment/library_path.dsv
-- Installing: /home/taylor/Buddy_Bot/buddybot/ros2_workspace/install/move_bot/lib/libmove_bot__rosidl_generator_c.so
-- Set runtime path of "/home/taylor/Buddy_Bot/buddybot/ros2_workspace/install/move_bot/lib/libmove_bot__rosidl_generator_c.so" to ""
-- Up-to-date: /home/taylor/Buddy_Bot/buddybot/ros2_workspace/install/move_bot/include/move_bot/move_bot
-- Up-to-date: /home/taylor/Buddy_Bot/buddybot/ros2_workspace/install/move_bot/include/move_bot/move_bot/msg
-- Up-to-date: /home/taylor/Buddy_Bot/buddybot/ros2_workspace/install/move_bot/include/move_bot/move_bot/msg/detail
-- Installing: /home/taylor/Buddy_Bot/buddybot/ros2_workspace/install/move_bot/include/move_bot/move_bot/msg/detail/movement__rosidl_typesupport_fastrtps_c.h
-- Installing: /home/taylor/Buddy_Bot/buddybot/ros2_workspace/install/move_bot/include/move_bot/move_bot/msg/rosidl_typesupport_fastrtps_c__visibility_control.h
-- Installing: /home/taylor/Buddy_Bot/buddybot/ros2_workspace/install/move_bot/lib/libmove_bot__rosidl_typesupport_fastrtps_c.so
-- Set runtime path of "/home/taylor/Buddy_Bot/buddybot/ros2_workspace/install/move_bot/lib/libmove_bot__rosidl_typesupport_fastrtps_c.so" to ""
-- Up-to-date: /home/taylor/Buddy_Bot/buddybot/ros2_workspace/install/move_bot/include/move_bot/move_bot
-- Up-to-date: /home/taylor/Buddy_Bot/buddybot/ros2_workspace/install/move_bot/include/move_bot/move_bot/msg
-- Installing: /home/taylor/Buddy_Bot/buddybot/ros2_workspace/install/move_bot/include/move_bot/move_bot/msg/movement.hpp
-- Up-to-date: /home/taylor/Buddy_Bot/buddybot/ros2_workspace/install/move_bot/include/move_bot/move_bot/msg/detail
-- Installing: /home/taylor/Buddy_Bot/buddybot/ros2_workspace/install/move_bot/include/move_bot/move_bot/msg/detail/movement__traits.hpp
-- Installing: /home/taylor/Buddy_Bot/buddybot/ros2_workspace/install/move_bot/include/move_bot/move_bot/msg/detail/movement__builder.hpp
-- Installing: /home/taylor/Buddy_Bot/buddybot/ros2_workspace/install/move_bot/include/move_bot/move_bot/msg/detail/movement__struct.hpp
-- Up-to-date: /home/taylor/Buddy_Bot/buddybot/ros2_workspace/install/move_bot/include/move_bot/move_bot
-- Up-to-date: /home/taylor/Buddy_Bot/buddybot/ros2_workspace/install/move_bot/include/move_bot/move_bot/msg
-- Up-to-date: /home/taylor/Buddy_Bot/buddybot/ros2_workspace/install/move_bot/include/move_bot/move_bot/msg/detail
-- Installing: /home/taylor/Buddy_Bot/buddybot/ros2_workspace/install/move_bot/include/move_bot/move_bot/msg/detail/movement__rosidl_typesupport_fastrtps_cpp.hpp
-- Installing: /home/taylor/Buddy_Bot/buddybot/ros2_workspace/install/move_bot/include/move_bot/move_bot/msg/detail/dds_fastrtps
-- Installing: /home/taylor/Buddy_Bot/buddybot/ros2_workspace/install/move_bot/include/move_bot/move_bot/msg/rosidl_typesupport_fastrtps_cpp__visibility_control.h
-- Installing: /home/taylor/Buddy_Bot/buddybot/ros2_workspace/install/move_bot/lib/libmove_bot__rosidl_typesupport_fastrtps_cpp.so
-- Set runtime path of "/home/taylor/Buddy_Bot/buddybot/ros2_workspace/install/move_bot/lib/libmove_bot__rosidl_typesupport_fastrtps_cpp.so" to ""
-- Up-to-date: /home/taylor/Buddy_Bot/buddybot/ros2_workspace/install/move_bot/include/move_bot/move_bot
-- Up-to-date: /home/taylor/Buddy_Bot/buddybot/ros2_workspace/install/move_bot/include/move_bot/move_bot/msg
-- Installing: /home/taylor/Buddy_Bot/buddybot/ros2_workspace/install/move_bot/include/move_bot/move_bot/msg/rosidl_typesupport_introspection_c__visibility_control.h
-- Up-to-date: /home/taylor/Buddy_Bot/buddybot/ros2_workspace/install/move_bot/include/move_bot/move_bot/msg/detail
-- Installing: /home/taylor/Buddy_Bot/buddybot/ros2_workspace/install/move_bot/include/move_bot/move_bot/msg/detail/movement__type_support.c
-- Installing: /home/taylor/Buddy_Bot/buddybot/ros2_workspace/install/move_bot/include/move_bot/move_bot/msg/detail/movement__rosidl_typesupport_introspection_c.h
-- Installing: /home/taylor/Buddy_Bot/buddybot/ros2_workspace/install/move_bot/lib/libmove_bot__rosidl_typesupport_introspection_c.so
-- Set runtime path of "/home/taylor/Buddy_Bot/buddybot/ros2_workspace/install/move_bot/lib/libmove_bot__rosidl_typesupport_introspection_c.so" to ""
-- Installing: /home/taylor/Buddy_Bot/buddybot/ros2_workspace/install/move_bot/lib/libmove_bot__rosidl_typesupport_c.so
-- Set runtime path of "/home/taylor/Buddy_Bot/buddybot/ros2_workspace/install/move_bot/lib/libmove_bot__rosidl_typesupport_c.so" to ""
-- Up-to-date: /home/taylor/Buddy_Bot/buddybot/ros2_workspace/install/move_bot/include/move_bot/move_bot
-- Up-to-date: /home/taylor/Buddy_Bot/buddybot/ros2_workspace/install/move_bot/include/move_bot/move_bot/msg
-- Up-to-date: /home/taylor/Buddy_Bot/buddybot/ros2_workspace/install/move_bot/include/move_bot/move_bot/msg/detail
-- Installing: /home/taylor/Buddy_Bot/buddybot/ros2_workspace/install/move_bot/include/move_bot/move_bot/msg/detail/movement__type_support.cpp
-- Installing: /home/taylor/Buddy_Bot/buddybot/ros2_workspace/install/move_bot/include/move_bot/move_bot/msg/detail/movement__rosidl_typesupport_introspection_cpp.hpp
-- Installing: /home/taylor/Buddy_Bot/buddybot/ros2_workspace/install/move_bot/lib/libmove_bot__rosidl_typesupport_introspection_cpp.so
-- Set runtime path of "/home/taylor/Buddy_Bot/buddybot/ros2_workspace/install/move_bot/lib/libmove_bot__rosidl_typesupport_introspection_cpp.so" to ""
-- Installing: /home/taylor/Buddy_Bot/buddybot/ros2_workspace/install/move_bot/lib/libmove_bot__rosidl_typesupport_cpp.so
-- Set runtime path of "/home/taylor/Buddy_Bot/buddybot/ros2_workspace/install/move_bot/lib/libmove_bot__rosidl_typesupport_cpp.so" to ""
-- Installing: /home/taylor/Buddy_Bot/buddybot/ros2_workspace/install/move_bot/share/move_bot/environment/pythonpath.sh
-- Installing: /home/taylor/Buddy_Bot/buddybot/ros2_workspace/install/move_bot/share/move_bot/environment/pythonpath.dsv
-- Installing: /home/taylor/Buddy_Bot/buddybot/ros2_workspace/install/move_bot/lib/python3.11/site-packages/move_bot-0.0.0-py3.11.egg-info
-- Installing: /home/taylor/Buddy_Bot/buddybot/ros2_workspace/install/move_bot/lib/python3.11/site-packages/move_bot-0.0.0-py3.11.egg-info/PKG-INFO
-- Installing: /home/taylor/Buddy_Bot/buddybot/ros2_workspace/install/move_bot/lib/python3.11/site-packages/move_bot-0.0.0-py3.11.egg-info/top_level.txt
-- Installing: /home/taylor/Buddy_Bot/buddybot/ros2_workspace/install/move_bot/lib/python3.11/site-packages/move_bot-0.0.0-py3.11.egg-info/dependency_links.txt
-- Installing: /home/taylor/Buddy_Bot/buddybot/ros2_workspace/install/move_bot/lib/python3.11/site-packages/move_bot-0.0.0-py3.11.egg-info/SOURCES.txt
-- Installing: /home/taylor/Buddy_Bot/buddybot/ros2_workspace/install/move_bot/lib/python3.11/site-packages/move_bot
-- Installing: /home/taylor/Buddy_Bot/buddybot/ros2_workspace/install/move_bot/lib/python3.11/site-packages/move_bot/msg
-- Installing: /home/taylor/Buddy_Bot/buddybot/ros2_workspace/install/move_bot/lib/python3.11/site-packages/move_bot/msg/_movement.py
-- Installing: /home/taylor/Buddy_Bot/buddybot/ros2_workspace/install/move_bot/lib/python3.11/site-packages/move_bot/msg/_movement_s.c
-- Installing: /home/taylor/Buddy_Bot/buddybot/ros2_workspace/install/move_bot/lib/python3.11/site-packages/move_bot/msg/__init__.py
-- Installing: /home/taylor/Buddy_Bot/buddybot/ros2_workspace/install/move_bot/lib/python3.11/site-packages/move_bot/_move_bot_s.ep.rosidl_typesupport_introspection_c.c
-- Installing: /home/taylor/Buddy_Bot/buddybot/ros2_workspace/install/move_bot/lib/python3.11/site-packages/move_bot/_move_bot_s.ep.rosidl_typesupport_c.c
-- Installing: /home/taylor/Buddy_Bot/buddybot/ros2_workspace/install/move_bot/lib/python3.11/site-packages/move_bot/libmove_bot__rosidl_generator_py.so
-- Installing: /home/taylor/Buddy_Bot/buddybot/ros2_workspace/install/move_bot/lib/python3.11/site-packages/move_bot/_move_bot_s.ep.rosidl_typesupport_fastrtps_c.c
-- Installing: /home/taylor/Buddy_Bot/buddybot/ros2_workspace/install/move_bot/lib/python3.11/site-packages/move_bot/move_bot_s__rosidl_typesupport_introspection_c.cpython-311-aarch64-linux-gnu.so
-- Installing: /home/taylor/Buddy_Bot/buddybot/ros2_workspace/install/move_bot/lib/python3.11/site-packages/move_bot/move_bot_s__rosidl_typesupport_c.cpython-311-aarch64-linux-gnu.so
-- Installing: /home/taylor/Buddy_Bot/buddybot/ros2_workspace/install/move_bot/lib/python3.11/site-packages/move_bot/__init__.py
-- Installing: /home/taylor/Buddy_Bot/buddybot/ros2_workspace/install/move_bot/lib/python3.11/site-packages/move_bot/move_bot_s__rosidl_typesupport_fastrtps_c.cpython-311-aarch64-linux-gnu.so
Listing '/home/taylor/Buddy_Bot/buddybot/ros2_workspace/install/move_bot/lib/python3.11/site-packages/move_bot'...
Compiling '/home/taylor/Buddy_Bot/buddybot/ros2_workspace/install/move_bot/lib/python3.11/site-packages/move_bot/__init__.py'...
Listing '/home/taylor/Buddy_Bot/buddybot/ros2_workspace/install/move_bot/lib/python3.11/site-packages/move_bot/msg'...
Compiling '/home/taylor/Buddy_Bot/buddybot/ros2_workspace/install/move_bot/lib/python3.11/site-packages/move_bot/msg/__init__.py'...
Compiling '/home/taylor/Buddy_Bot/buddybot/ros2_workspace/install/move_bot/lib/python3.11/site-packages/move_bot/msg/_movement.py'...
-- Installing: /home/taylor/Buddy_Bot/buddybot/ros2_workspace/install/move_bot/lib/python3.11/site-packages/move_bot/move_bot_s__rosidl_typesupport_introspection_c.cpython-311-aarch64-linux-gnu.so
-- Set runtime path of "/home/taylor/Buddy_Bot/buddybot/ros2_workspace/install/move_bot/lib/python3.11/site-packages/move_bot/move_bot_s__rosidl_typesupport_introspection_c.cpython-311-aarch64-linux-gnu.so" to ""
-- Installing: /home/taylor/Buddy_Bot/buddybot/ros2_workspace/install/move_bot/lib/python3.11/site-packages/move_bot/move_bot_s__rosidl_typesupport_fastrtps_c.cpython-311-aarch64-linux-gnu.so
-- Set runtime path of "/home/taylor/Buddy_Bot/buddybot/ros2_workspace/install/move_bot/lib/python3.11/site-packages/move_bot/move_bot_s__rosidl_typesupport_fastrtps_c.cpython-311-aarch64-linux-gnu.so" to ""
-- Installing: /home/taylor/Buddy_Bot/buddybot/ros2_workspace/install/move_bot/lib/python3.11/site-packages/move_bot/move_bot_s__rosidl_typesupport_c.cpython-311-aarch64-linux-gnu.so
-- Set runtime path of "/home/taylor/Buddy_Bot/buddybot/ros2_workspace/install/move_bot/lib/python3.11/site-packages/move_bot/move_bot_s__rosidl_typesupport_c.cpython-311-aarch64-linux-gnu.so" to ""
-- Installing: /home/taylor/Buddy_Bot/buddybot/ros2_workspace/install/move_bot/lib/libmove_bot__rosidl_generator_py.so
-- Set runtime path of "/home/taylor/Buddy_Bot/buddybot/ros2_workspace/install/move_bot/lib/libmove_bot__rosidl_generator_py.so" to ""
-- Installing: /home/taylor/Buddy_Bot/buddybot/ros2_workspace/install/move_bot/share/move_bot/msg/Movement.idl
-- Installing: /home/taylor/Buddy_Bot/buddybot/ros2_workspace/install/move_bot/share/move_bot/msg/Movement.msg
-- Installing: /home/taylor/Buddy_Bot/buddybot/ros2_workspace/install/move_bot/lib/move_bot/move_node
-- Set runtime path of "/home/taylor/Buddy_Bot/buddybot/ros2_workspace/install/move_bot/lib/move_bot/move_node" to ""
-- Installing: /home/taylor/Buddy_Bot/buddybot/ros2_workspace/install/move_bot/share/ament_index/resource_index/package_run_dependencies/move_bot
-- Installing: /home/taylor/Buddy_Bot/buddybot/ros2_workspace/install/move_bot/share/ament_index/resource_index/parent_prefix_path/move_bot
-- Installing: /home/taylor/Buddy_Bot/buddybot/ros2_workspace/install/move_bot/share/move_bot/environment/ament_prefix_path.sh
-- Installing: /home/taylor/Buddy_Bot/buddybot/ros2_workspace/install/move_bot/share/move_bot/environment/ament_prefix_path.dsv
-- Installing: /home/taylor/Buddy_Bot/buddybot/ros2_workspace/install/move_bot/share/move_bot/environment/path.sh
-- Installing: /home/taylor/Buddy_Bot/buddybot/ros2_workspace/install/move_bot/share/move_bot/environment/path.dsv
-- Installing: /home/taylor/Buddy_Bot/buddybot/ros2_workspace/install/move_bot/share/move_bot/local_setup.bash
-- Installing: /home/taylor/Buddy_Bot/buddybot/ros2_workspace/install/move_bot/share/move_bot/local_setup.sh
-- Installing: /home/taylor/Buddy_Bot/buddybot/ros2_workspace/install/move_bot/share/move_bot/local_setup.zsh
-- Installing: /home/taylor/Buddy_Bot/buddybot/ros2_workspace/install/move_bot/share/move_bot/local_setup.dsv
-- Installing: /home/taylor/Buddy_Bot/buddybot/ros2_workspace/install/move_bot/share/move_bot/package.dsv
-- Installing: /home/taylor/Buddy_Bot/buddybot/ros2_workspace/install/move_bot/share/ament_index/resource_index/packages/move_bot
-- Installing: /home/taylor/Buddy_Bot/buddybot/ros2_workspace/install/move_bot/share/move_bot/cmake/export_move_bot__rosidl_generator_cExport.cmake
-- Installing: /home/taylor/Buddy_Bot/buddybot/ros2_workspace/install/move_bot/share/move_bot/cmake/export_move_bot__rosidl_generator_cExport-noconfig.cmake
-- Installing: /home/taylor/Buddy_Bot/buddybot/ros2_workspace/install/move_bot/share/move_bot/cmake/export_move_bot__rosidl_typesupport_fastrtps_cExport.cmake
-- Installing: /home/taylor/Buddy_Bot/buddybot/ros2_workspace/install/move_bot/share/move_bot/cmake/export_move_bot__rosidl_typesupport_fastrtps_cExport-noconfig.cmake
-- Installing: /home/taylor/Buddy_Bot/buddybot/ros2_workspace/install/move_bot/share/move_bot/cmake/export_move_bot__rosidl_generator_cppExport.cmake
-- Installing: /home/taylor/Buddy_Bot/buddybot/ros2_workspace/install/move_bot/share/move_bot/cmake/export_move_bot__rosidl_typesupport_fastrtps_cppExport.cmake
-- Installing: /home/taylor/Buddy_Bot/buddybot/ros2_workspace/install/move_bot/share/move_bot/cmake/export_move_bot__rosidl_typesupport_fastrtps_cppExport-noconfig.cmake
-- Installing: /home/taylor/Buddy_Bot/buddybot/ros2_workspace/install/move_bot/share/move_bot/cmake/move_bot__rosidl_typesupport_introspection_cExport.cmake
-- Installing: /home/taylor/Buddy_Bot/buddybot/ros2_workspace/install/move_bot/share/move_bot/cmake/move_bot__rosidl_typesupport_introspection_cExport-noconfig.cmake
-- Installing: /home/taylor/Buddy_Bot/buddybot/ros2_workspace/install/move_bot/share/move_bot/cmake/move_bot__rosidl_typesupport_cExport.cmake
-- Installing: /home/taylor/Buddy_Bot/buddybot/ros2_workspace/install/move_bot/share/move_bot/cmake/move_bot__rosidl_typesupport_cExport-noconfig.cmake
-- Installing: /home/taylor/Buddy_Bot/buddybot/ros2_workspace/install/move_bot/share/move_bot/cmake/move_bot__rosidl_typesupport_introspection_cppExport.cmake
-- Installing: /home/taylor/Buddy_Bot/buddybot/ros2_workspace/install/move_bot/share/move_bot/cmake/move_bot__rosidl_typesupport_introspection_cppExport-noconfig.cmake
-- Installing: /home/taylor/Buddy_Bot/buddybot/ros2_workspace/install/move_bot/share/move_bot/cmake/move_bot__rosidl_typesupport_cppExport.cmake
-- Installing: /home/taylor/Buddy_Bot/buddybot/ros2_workspace/install/move_bot/share/move_bot/cmake/move_bot__rosidl_typesupport_cppExport-noconfig.cmake
-- Installing: /home/taylor/Buddy_Bot/buddybot/ros2_workspace/install/move_bot/share/move_bot/cmake/export_move_bot__rosidl_generator_pyExport.cmake
-- Installing: /home/taylor/Buddy_Bot/buddybot/ros2_workspace/install/move_bot/share/move_bot/cmake/export_move_bot__rosidl_generator_pyExport-noconfig.cmake
-- Installing: /home/taylor/Buddy_Bot/buddybot/ros2_workspace/install/move_bot/share/move_bot/cmake/rosidl_cmake-extras.cmake
-- Installing: /home/taylor/Buddy_Bot/buddybot/ros2_workspace/install/move_bot/share/move_bot/cmake/ament_cmake_export_include_directories-extras.cmake
-- Installing: /home/taylor/Buddy_Bot/buddybot/ros2_workspace/install/move_bot/share/move_bot/cmake/ament_cmake_export_libraries-extras.cmake
-- Installing: /home/taylor/Buddy_Bot/buddybot/ros2_workspace/install/move_bot/share/move_bot/cmake/ament_cmake_export_targets-extras.cmake
-- Installing: /home/taylor/Buddy_Bot/buddybot/ros2_workspace/install/move_bot/share/move_bot/cmake/rosidl_cmake_export_typesupport_targets-extras.cmake
-- Installing: /home/taylor/Buddy_Bot/buddybot/ros2_workspace/install/move_bot/share/move_bot/cmake/ament_cmake_export_dependencies-extras.cmake
-- Installing: /home/taylor/Buddy_Bot/buddybot/ros2_workspace/install/move_bot/share/move_bot/cmake/rosidl_cmake_export_typesupport_libraries-extras.cmake
-- Installing: /home/taylor/Buddy_Bot/buddybot/ros2_workspace/install/move_bot/share/move_bot/cmake/move_botConfig.cmake
-- Installing: /home/taylor/Buddy_Bot/buddybot/ros2_workspace/install/move_bot/share/move_bot/cmake/move_botConfig-version.cmake
-- Installing: /home/taylor/Buddy_Bot/buddybot/ros2_workspace/install/move_bot/share/move_bot/package.xml
