[0.058s] Invoking command in '/home/taylor/Buddy_Bot/buddybot/ros2_workspace/build/move_bot': CMAKE_PREFIX_PATH=${CMAKE_PREFIX_PATH}:/home/taylor/ros2_iron/install/rqt_bag_plugins:/home/taylor/ros2_iron/install/rqt_bag:/home/taylor/ros2_iron/install/rosbag2_examples_py:/home/taylor/ros2_iron/install/launch_testing_examples:/home/taylor/ros2_iron/install/ros2bag:/home/taylor/ros2_iron/install/tracetools_test:/home/taylor/ros2_iron/install/tracetools_launch:/home/taylor/ros2_iron/install/topic_monitor:/home/taylor/ros2_iron/install/tf2_tools:/home/taylor/ros2_iron/install/examples_tf2_py:/home/taylor/ros2_iron/install/tf2_ros_py:/home/taylor/ros2_iron/install/examples_rclpy_pointcloud_publisher:/home/taylor/ros2_iron/install/sensor_msgs_py:/home/taylor/ros2_iron/install/quality_of_service_demo_py:/home/taylor/ros2_iron/install/rqt_plot:/home/taylor/ros2_iron/install/ros2doctor:/home/taylor/ros2_iron/install/lifecycle_py:/home/taylor/ros2_iron/install/examples_rclpy_minimal_subscriber:/home/taylor/ros2_iron/install/examples_rclpy_minimal_service:/home/taylor/ros2_iron/install/examples_rclpy_minimal_publisher:/home/taylor/ros2_iron/install/examples_rclpy_minimal_client:/home/taylor/ros2_iron/install/examples_rclpy_executors:/home/taylor/ros2_iron/install/demo_nodes_py:/home/taylor/ros2_iron/install/rqt:/home/taylor/ros2_iron/install/ros2component:/home/taylor/ros2_iron/install/sros2:/home/taylor/ros2_iron/install/rqt_topic:/home/taylor/ros2_iron/install/rqt_srv:/home/taylor/ros2_iron/install/rqt_shell:/home/taylor/ros2_iron/install/rqt_service_caller:/home/taylor/ros2_iron/install/rqt_reconfigure:/home/taylor/ros2_iron/install/rqt_py_console:/home/taylor/ros2_iron/install/rqt_publisher:/home/taylor/ros2_iron/install/rqt_action:/home/taylor/ros2_iron/install/rqt_msg:/home/taylor/ros2_iron/install/rqt_console:/home/taylor/ros2_iron/install/rqt_graph:/home/taylor/ros2_iron/install/rqt_gui_py:/home/taylor/ros2_iron/install/rqt_gui:/home/taylor/ros2_iron/install/ros2trace:/home/taylor/ros2_iron/install/ros2topic:/home/taylor/ros2_iron/install/ros2test:/home/taylor/ros2_iron/install/ros2param:/home/taylor/ros2_iron/install/ros2lifecycle:/home/taylor/ros2_iron/install/ros2service:/home/taylor/ros2_iron/install/ros2run:/home/taylor/ros2_iron/install/ros2launch:/home/taylor/ros2_iron/install/ros2pkg:/home/taylor/ros2_iron/install/ros2node:/home/taylor/ros2_iron/install/ros2multicast:/home/taylor/ros2_iron/install/ros2interface:/home/taylor/ros2_iron/install/ros2action:/home/taylor/ros2_iron/install/ros2cli:/home/taylor/ros2_iron/install/launch_testing_ros:/home/taylor/ros2_iron/install/launch_ros:/home/taylor/ros2_iron/install/examples_rclpy_minimal_action_server:/home/taylor/ros2_iron/install/examples_rclpy_minimal_action_client:/home/taylor/ros2_iron/install/examples_rclpy_guard_conditions:/home/taylor/ros2_iron/install/action_tutorials_py:/home/taylor/ros2_iron/install/ament_uncrustify:/home/taylor/ros2_iron/install/tracetools_trace:/home/taylor/ros2_iron/install/tracetools_read:/home/taylor/ros2_iron/install/test_tracetools_launch:/home/taylor/ros2_iron/install/test_ros2trace:/home/taylor/ros2_iron/install/test_launch_ros:/home/taylor/ros2_iron/install/rpyutils:/home/taylor/ros2_iron/install/rosidl_runtime_py:/home/taylor/ros2_iron/install/rosidl_pycommon:/home/taylor/ros2_iron/install/rosidl_cli:/home/taylor/ros2_iron/install/launch_pytest:/home/taylor/ros2_iron/install/launch_testing:/home/taylor/ros2_iron/install/launch_yaml:/home/taylor/ros2_iron/install/launch_xml:/home/taylor/ros2_iron/install/launch:/home/taylor/ros2_iron/install/osrf_pycommon:/home/taylor/ros2_iron/install/domain_coordinator:/home/taylor/ros2_iron/install/ament_xmllint:/home/taylor/ros2_iron/install/ament_pyflakes:/home/taylor/ros2_iron/install/ament_pycodestyle:/home/taylor/ros2_iron/install/ament_pep257:/home/taylor/ros2_iron/install/ament_pclint:/home/taylor/ros2_iron/install/ament_package:/home/taylor/ros2_iron/install/ament_mypy:/home/taylor/ros2_iron/install/ament_lint_cmake:/home/taylor/ros2_iron/install/ament_flake8:/home/taylor/ros2_iron/install/ament_copyright:/home/taylor/ros2_iron/install/ament_lint:/home/taylor/ros2_iron/install/ament_index_python:/home/taylor/ros2_iron/install/ament_cpplint:/home/taylor/ros2_iron/install/ament_cppcheck:/home/taylor/ros2_iron/install/ament_clang_tidy:/home/taylor/ros2_iron/install/ament_clang_format /usr/bin/cmake --build /home/taylor/Buddy_Bot/buddybot/ros2_workspace/build/move_bot -- -j4 -l4
[0.132s] -- Found ament_cmake: 2.0.4 (/home/taylor/ros2_iron/install/ament_cmake/share/ament_cmake/cmake)
[0.579s] -- Found rclcpp: 21.0.5 (/home/taylor/ros2_iron/install/rclcpp/share/rclcpp/cmake)
[0.622s] -- Found rosidl_generator_c: 4.0.1 (/home/taylor/ros2_iron/install/rosidl_generator_c/share/rosidl_generator_c/cmake)
[0.637s] -- Found rosidl_generator_cpp: 4.0.1 (/home/taylor/ros2_iron/install/rosidl_generator_cpp/share/rosidl_generator_cpp/cmake)
[0.696s] -- Using all available rosidl_typesupport_c: rosidl_typesupport_introspection_c;rosidl_typesupport_fastrtps_c
[0.763s] -- Using all available rosidl_typesupport_cpp: rosidl_typesupport_introspection_cpp;rosidl_typesupport_fastrtps_cpp
[1.051s] -- Found rmw_implementation_cmake: 7.1.0 (/home/taylor/ros2_iron/install/rmw_implementation_cmake/share/rmw_implementation_cmake/cmake)
[1.091s] -- Found rmw_fastrtps_cpp: 7.1.3 (/home/taylor/ros2_iron/install/rmw_fastrtps_cpp/share/rmw_fastrtps_cpp/cmake)
[1.296s] -- Using RMW implementation 'rmw_fastrtps_cpp' as default
[1.560s] -- Found std_msgs: 5.0.0 (/home/taylor/ros2_iron/install/std_msgs/share/std_msgs/cmake)
[1.607s] -- Found rosidl_default_generators: 1.5.0 (/home/taylor/ros2_iron/install/rosidl_default_generators/share/rosidl_default_generators/cmake)
[1.740s] -- Found rosidl_adapter: 4.0.1 (/home/taylor/ros2_iron/install/rosidl_adapter/share/rosidl_adapter/cmake)
[2.485s] -- Found ament_cmake_ros: 0.11.2 (/home/taylor/ros2_iron/install/ament_cmake_ros/share/ament_cmake_ros/cmake)
[2.938s] -- Using all available rosidl_typesupport_c: rosidl_typesupport_introspection_c;rosidl_typesupport_fastrtps_c
[3.140s] -- Using all available rosidl_typesupport_cpp: rosidl_typesupport_introspection_cpp;rosidl_typesupport_fastrtps_cpp
[3.217s] -- Found python_cmake_module: 0.10.2 (/home/taylor/ros2_iron/install/python_cmake_module/share/python_cmake_module/cmake)
[3.297s] -- Using PYTHON_EXECUTABLE: /usr/bin/python3
[3.297s] -- Using PYTHON_INCLUDE_DIRS: /usr/include/python3.11
[3.297s] -- Using PYTHON_LIBRARIES: /usr/lib/aarch64-linux-gnu/libpython3.11.so
[3.770s] [0mCMake Deprecation Warning at /home/taylor/ros2_iron/install/rosidl_cmake/share/rosidl_cmake/cmake/rosidl_target_interfaces.cmake:32 (message):
[3.770s]   Use rosidl_get_typesupport_target() and target_link_libraries() instead of
[3.770s]   rosidl_target_interfaces()
[3.770s] Call Stack (most recent call first):
[3.770s]   CMakeLists.txt:31 (rosidl_target_interfaces)
[3.770s] 
[3.770s] [0m
[3.774s] -- Found ament_lint_auto: 0.14.3 (/home/taylor/ros2_iron/install/ament_lint_auto/share/ament_lint_auto/cmake)
[3.782s] -- Added test 'copyright' to check source files copyright and LICENSE
[3.784s] -- Added test 'cppcheck' to perform static code analysis on C / C++ code
[3.785s] -- Configured cppcheck include dirs: 
[3.785s] -- Configured cppcheck exclude dirs and/or files: 
[3.787s] -- Added test 'cpplint' to check C / C++ code against the Google style
[3.787s] -- Configured cpplint exclude dirs and/or files: 
[3.788s] -- Added test 'flake8' to check Python code syntax and style conventions
[3.788s] -- Configured 'flake8' exclude dirs and/or files: 
[3.796s] -- Added test 'lint_cmake' to check CMake code style
[3.797s] -- Added test 'pep257' to check Python code against some of the docstring style conventions in PEP 257
[3.806s] -- Added test 'uncrustify' to check C / C++ code style
[3.807s] -- Configured uncrustify additional arguments: 
[3.807s] -- Added test 'xmllint' to check XML markup files
[3.809s] -- Configuring done
[3.905s] -- Generating done
[3.940s] -- Build files have been written to: /home/taylor/Buddy_Bot/buddybot/ros2_workspace/build/move_bot
[4.046s] [  2%] Built target move_bot__rosidl_generator_type_description
[4.083s] [  2%] Built target ament_cmake_python_copy_move_bot
[4.114s] [ 10%] Built target move_bot__cpp
[4.114s] [ 18%] Built target move_bot__rosidl_generator_c
[4.207s] [ 35%] Built target move_bot__rosidl_typesupport_fastrtps_c
[4.207s] [ 35%] Built target move_bot__rosidl_typesupport_introspection_c
[4.218s] [ 43%] Built target move_bot__rosidl_typesupport_fastrtps_cpp
[4.304s] [ 51%] Built target move_bot__rosidl_typesupport_c
[4.335s] [ 59%] Built target move_bot__rosidl_typesupport_introspection_cpp
[4.374s] [ 67%] Built target move_bot__rosidl_typesupport_cpp
[4.467s] [ 67%] Built target move_bot
[4.555s] [ 70%] [32mBuilding CXX object CMakeFiles/move_node.dir/src/move_bot.cpp.o[0m
[4.579s] [ 72%] Built target move_bot__py
[4.584s] [ 75%] [32mBuilding C object CMakeFiles/move_node.dir/src/movements.c.o[0m
[4.715s] [ 81%] Built target move_bot__rosidl_generator_py
[4.800s] [ 86%] Built target move_bot__rosidl_typesupport_introspection_c__pyext
[4.925s] [ 91%] Built target move_bot__rosidl_typesupport_fastrtps_c__pyext
[4.936s] [ 97%] Built target move_bot__rosidl_typesupport_c__pyext
[5.505s] running egg_info
[5.546s] writing move_bot.egg-info/PKG-INFO
[5.546s] writing dependency_links to move_bot.egg-info/dependency_links.txt
[5.548s] writing top-level names to move_bot.egg-info/top_level.txt
[5.681s] reading manifest file 'move_bot.egg-info/SOURCES.txt'
[5.682s] writing manifest file 'move_bot.egg-info/SOURCES.txt'
[5.846s] [ 97%] Built target ament_cmake_python_build_move_bot_egg
[15.774s] [100%] [32m[1mLinking CXX executable move_node[0m
[18.045s] [100%] Built target move_node
[18.069s] Invoked command in '/home/taylor/Buddy_Bot/buddybot/ros2_workspace/build/move_bot' returned '0': CMAKE_PREFIX_PATH=${CMAKE_PREFIX_PATH}:/home/taylor/ros2_iron/install/rqt_bag_plugins:/home/taylor/ros2_iron/install/rqt_bag:/home/taylor/ros2_iron/install/rosbag2_examples_py:/home/taylor/ros2_iron/install/launch_testing_examples:/home/taylor/ros2_iron/install/ros2bag:/home/taylor/ros2_iron/install/tracetools_test:/home/taylor/ros2_iron/install/tracetools_launch:/home/taylor/ros2_iron/install/topic_monitor:/home/taylor/ros2_iron/install/tf2_tools:/home/taylor/ros2_iron/install/examples_tf2_py:/home/taylor/ros2_iron/install/tf2_ros_py:/home/taylor/ros2_iron/install/examples_rclpy_pointcloud_publisher:/home/taylor/ros2_iron/install/sensor_msgs_py:/home/taylor/ros2_iron/install/quality_of_service_demo_py:/home/taylor/ros2_iron/install/rqt_plot:/home/taylor/ros2_iron/install/ros2doctor:/home/taylor/ros2_iron/install/lifecycle_py:/home/taylor/ros2_iron/install/examples_rclpy_minimal_subscriber:/home/taylor/ros2_iron/install/examples_rclpy_minimal_service:/home/taylor/ros2_iron/install/examples_rclpy_minimal_publisher:/home/taylor/ros2_iron/install/examples_rclpy_minimal_client:/home/taylor/ros2_iron/install/examples_rclpy_executors:/home/taylor/ros2_iron/install/demo_nodes_py:/home/taylor/ros2_iron/install/rqt:/home/taylor/ros2_iron/install/ros2component:/home/taylor/ros2_iron/install/sros2:/home/taylor/ros2_iron/install/rqt_topic:/home/taylor/ros2_iron/install/rqt_srv:/home/taylor/ros2_iron/install/rqt_shell:/home/taylor/ros2_iron/install/rqt_service_caller:/home/taylor/ros2_iron/install/rqt_reconfigure:/home/taylor/ros2_iron/install/rqt_py_console:/home/taylor/ros2_iron/install/rqt_publisher:/home/taylor/ros2_iron/install/rqt_action:/home/taylor/ros2_iron/install/rqt_msg:/home/taylor/ros2_iron/install/rqt_console:/home/taylor/ros2_iron/install/rqt_graph:/home/taylor/ros2_iron/install/rqt_gui_py:/home/taylor/ros2_iron/install/rqt_gui:/home/taylor/ros2_iron/install/ros2trace:/home/taylor/ros2_iron/install/ros2topic:/home/taylor/ros2_iron/install/ros2test:/home/taylor/ros2_iron/install/ros2param:/home/taylor/ros2_iron/install/ros2lifecycle:/home/taylor/ros2_iron/install/ros2service:/home/taylor/ros2_iron/install/ros2run:/home/taylor/ros2_iron/install/ros2launch:/home/taylor/ros2_iron/install/ros2pkg:/home/taylor/ros2_iron/install/ros2node:/home/taylor/ros2_iron/install/ros2multicast:/home/taylor/ros2_iron/install/ros2interface:/home/taylor/ros2_iron/install/ros2action:/home/taylor/ros2_iron/install/ros2cli:/home/taylor/ros2_iron/install/launch_testing_ros:/home/taylor/ros2_iron/install/launch_ros:/home/taylor/ros2_iron/install/examples_rclpy_minimal_action_server:/home/taylor/ros2_iron/install/examples_rclpy_minimal_action_client:/home/taylor/ros2_iron/install/examples_rclpy_guard_conditions:/home/taylor/ros2_iron/install/action_tutorials_py:/home/taylor/ros2_iron/install/ament_uncrustify:/home/taylor/ros2_iron/install/tracetools_trace:/home/taylor/ros2_iron/install/tracetools_read:/home/taylor/ros2_iron/install/test_tracetools_launch:/home/taylor/ros2_iron/install/test_ros2trace:/home/taylor/ros2_iron/install/test_launch_ros:/home/taylor/ros2_iron/install/rpyutils:/home/taylor/ros2_iron/install/rosidl_runtime_py:/home/taylor/ros2_iron/install/rosidl_pycommon:/home/taylor/ros2_iron/install/rosidl_cli:/home/taylor/ros2_iron/install/launch_pytest:/home/taylor/ros2_iron/install/launch_testing:/home/taylor/ros2_iron/install/launch_yaml:/home/taylor/ros2_iron/install/launch_xml:/home/taylor/ros2_iron/install/launch:/home/taylor/ros2_iron/install/osrf_pycommon:/home/taylor/ros2_iron/install/domain_coordinator:/home/taylor/ros2_iron/install/ament_xmllint:/home/taylor/ros2_iron/install/ament_pyflakes:/home/taylor/ros2_iron/install/ament_pycodestyle:/home/taylor/ros2_iron/install/ament_pep257:/home/taylor/ros2_iron/install/ament_pclint:/home/taylor/ros2_iron/install/ament_package:/home/taylor/ros2_iron/install/ament_mypy:/home/taylor/ros2_iron/install/ament_lint_cmake:/home/taylor/ros2_iron/install/ament_flake8:/home/taylor/ros2_iron/install/ament_copyright:/home/taylor/ros2_iron/install/ament_lint:/home/taylor/ros2_iron/install/ament_index_python:/home/taylor/ros2_iron/install/ament_cpplint:/home/taylor/ros2_iron/install/ament_cppcheck:/home/taylor/ros2_iron/install/ament_clang_tidy:/home/taylor/ros2_iron/install/ament_clang_format /usr/bin/cmake --build /home/taylor/Buddy_Bot/buddybot/ros2_workspace/build/move_bot -- -j4 -l4
[18.318s] Invoking command in '/home/taylor/Buddy_Bot/buddybot/ros2_workspace/build/move_bot': CMAKE_PREFIX_PATH=${CMAKE_PREFIX_PATH}:/home/taylor/ros2_iron/install/rqt_bag_plugins:/home/taylor/ros2_iron/install/rqt_bag:/home/taylor/ros2_iron/install/rosbag2_examples_py:/home/taylor/ros2_iron/install/launch_testing_examples:/home/taylor/ros2_iron/install/ros2bag:/home/taylor/ros2_iron/install/tracetools_test:/home/taylor/ros2_iron/install/tracetools_launch:/home/taylor/ros2_iron/install/topic_monitor:/home/taylor/ros2_iron/install/tf2_tools:/home/taylor/ros2_iron/install/examples_tf2_py:/home/taylor/ros2_iron/install/tf2_ros_py:/home/taylor/ros2_iron/install/examples_rclpy_pointcloud_publisher:/home/taylor/ros2_iron/install/sensor_msgs_py:/home/taylor/ros2_iron/install/quality_of_service_demo_py:/home/taylor/ros2_iron/install/rqt_plot:/home/taylor/ros2_iron/install/ros2doctor:/home/taylor/ros2_iron/install/lifecycle_py:/home/taylor/ros2_iron/install/examples_rclpy_minimal_subscriber:/home/taylor/ros2_iron/install/examples_rclpy_minimal_service:/home/taylor/ros2_iron/install/examples_rclpy_minimal_publisher:/home/taylor/ros2_iron/install/examples_rclpy_minimal_client:/home/taylor/ros2_iron/install/examples_rclpy_executors:/home/taylor/ros2_iron/install/demo_nodes_py:/home/taylor/ros2_iron/install/rqt:/home/taylor/ros2_iron/install/ros2component:/home/taylor/ros2_iron/install/sros2:/home/taylor/ros2_iron/install/rqt_topic:/home/taylor/ros2_iron/install/rqt_srv:/home/taylor/ros2_iron/install/rqt_shell:/home/taylor/ros2_iron/install/rqt_service_caller:/home/taylor/ros2_iron/install/rqt_reconfigure:/home/taylor/ros2_iron/install/rqt_py_console:/home/taylor/ros2_iron/install/rqt_publisher:/home/taylor/ros2_iron/install/rqt_action:/home/taylor/ros2_iron/install/rqt_msg:/home/taylor/ros2_iron/install/rqt_console:/home/taylor/ros2_iron/install/rqt_graph:/home/taylor/ros2_iron/install/rqt_gui_py:/home/taylor/ros2_iron/install/rqt_gui:/home/taylor/ros2_iron/install/ros2trace:/home/taylor/ros2_iron/install/ros2topic:/home/taylor/ros2_iron/install/ros2test:/home/taylor/ros2_iron/install/ros2param:/home/taylor/ros2_iron/install/ros2lifecycle:/home/taylor/ros2_iron/install/ros2service:/home/taylor/ros2_iron/install/ros2run:/home/taylor/ros2_iron/install/ros2launch:/home/taylor/ros2_iron/install/ros2pkg:/home/taylor/ros2_iron/install/ros2node:/home/taylor/ros2_iron/install/ros2multicast:/home/taylor/ros2_iron/install/ros2interface:/home/taylor/ros2_iron/install/ros2action:/home/taylor/ros2_iron/install/ros2cli:/home/taylor/ros2_iron/install/launch_testing_ros:/home/taylor/ros2_iron/install/launch_ros:/home/taylor/ros2_iron/install/examples_rclpy_minimal_action_server:/home/taylor/ros2_iron/install/examples_rclpy_minimal_action_client:/home/taylor/ros2_iron/install/examples_rclpy_guard_conditions:/home/taylor/ros2_iron/install/action_tutorials_py:/home/taylor/ros2_iron/install/ament_uncrustify:/home/taylor/ros2_iron/install/tracetools_trace:/home/taylor/ros2_iron/install/tracetools_read:/home/taylor/ros2_iron/install/test_tracetools_launch:/home/taylor/ros2_iron/install/test_ros2trace:/home/taylor/ros2_iron/install/test_launch_ros:/home/taylor/ros2_iron/install/rpyutils:/home/taylor/ros2_iron/install/rosidl_runtime_py:/home/taylor/ros2_iron/install/rosidl_pycommon:/home/taylor/ros2_iron/install/rosidl_cli:/home/taylor/ros2_iron/install/launch_pytest:/home/taylor/ros2_iron/install/launch_testing:/home/taylor/ros2_iron/install/launch_yaml:/home/taylor/ros2_iron/install/launch_xml:/home/taylor/ros2_iron/install/launch:/home/taylor/ros2_iron/install/osrf_pycommon:/home/taylor/ros2_iron/install/domain_coordinator:/home/taylor/ros2_iron/install/ament_xmllint:/home/taylor/ros2_iron/install/ament_pyflakes:/home/taylor/ros2_iron/install/ament_pycodestyle:/home/taylor/ros2_iron/install/ament_pep257:/home/taylor/ros2_iron/install/ament_pclint:/home/taylor/ros2_iron/install/ament_package:/home/taylor/ros2_iron/install/ament_mypy:/home/taylor/ros2_iron/install/ament_lint_cmake:/home/taylor/ros2_iron/install/ament_flake8:/home/taylor/ros2_iron/install/ament_copyright:/home/taylor/ros2_iron/install/ament_lint:/home/taylor/ros2_iron/install/ament_index_python:/home/taylor/ros2_iron/install/ament_cpplint:/home/taylor/ros2_iron/install/ament_cppcheck:/home/taylor/ros2_iron/install/ament_clang_tidy:/home/taylor/ros2_iron/install/ament_clang_format /usr/bin/cmake --install /home/taylor/Buddy_Bot/buddybot/ros2_workspace/build/move_bot
[18.342s] -- Install configuration: ""
[18.343s] -- Installing: /home/taylor/Buddy_Bot/buddybot/ros2_workspace/install/move_bot/share/ament_index/resource_index/rosidl_interfaces/move_bot
[18.343s] -- Installing: /home/taylor/Buddy_Bot/buddybot/ros2_workspace/install/move_bot/share/move_bot/msg/Movement.json
[18.344s] -- Installing: /home/taylor/Buddy_Bot/buddybot/ros2_workspace/install/move_bot/include/move_bot/move_bot
[18.344s] -- Installing: /home/taylor/Buddy_Bot/buddybot/ros2_workspace/install/move_bot/include/move_bot/move_bot/msg
[18.344s] -- Installing: /home/taylor/Buddy_Bot/buddybot/ros2_workspace/install/move_bot/include/move_bot/move_bot/msg/rosidl_generator_c__visibility_control.h
[18.346s] -- Installing: /home/taylor/Buddy_Bot/buddybot/ros2_workspace/install/move_bot/include/move_bot/move_bot/msg/movement.h
[18.346s] -- Installing: /home/taylor/Buddy_Bot/buddybot/ros2_workspace/install/move_bot/include/move_bot/move_bot/msg/detail
[18.346s] -- Installing: /home/taylor/Buddy_Bot/buddybot/ros2_workspace/install/move_bot/include/move_bot/move_bot/msg/detail/movement__type_support.c
[18.346s] -- Installing: /home/taylor/Buddy_Bot/buddybot/ros2_workspace/install/move_bot/include/move_bot/move_bot/msg/detail/movement__type_support.h
[18.346s] -- Installing: /home/taylor/Buddy_Bot/buddybot/ros2_workspace/install/move_bot/include/move_bot/move_bot/msg/detail/movement__description.c
[18.346s] -- Installing: /home/taylor/Buddy_Bot/buddybot/ros2_workspace/install/move_bot/include/move_bot/move_bot/msg/detail/movement__functions.h
[18.346s] -- Installing: /home/taylor/Buddy_Bot/buddybot/ros2_workspace/install/move_bot/include/move_bot/move_bot/msg/detail/movement__functions.c
[18.346s] -- Installing: /home/taylor/Buddy_Bot/buddybot/ros2_workspace/install/move_bot/include/move_bot/move_bot/msg/detail/movement__struct.h
[18.346s] -- Installing: /home/taylor/Buddy_Bot/buddybot/ros2_workspace/install/move_bot/share/move_bot/environment/library_path.sh
[18.346s] -- Installing: /home/taylor/Buddy_Bot/buddybot/ros2_workspace/install/move_bot/share/move_bot/environment/library_path.dsv
[18.346s] -- Installing: /home/taylor/Buddy_Bot/buddybot/ros2_workspace/install/move_bot/lib/libmove_bot__rosidl_generator_c.so
[18.346s] -- Set runtime path of "/home/taylor/Buddy_Bot/buddybot/ros2_workspace/install/move_bot/lib/libmove_bot__rosidl_generator_c.so" to ""
[18.347s] -- Up-to-date: /home/taylor/Buddy_Bot/buddybot/ros2_workspace/install/move_bot/include/move_bot/move_bot
[18.347s] -- Up-to-date: /home/taylor/Buddy_Bot/buddybot/ros2_workspace/install/move_bot/include/move_bot/move_bot/msg
[18.347s] -- Up-to-date: /home/taylor/Buddy_Bot/buddybot/ros2_workspace/install/move_bot/include/move_bot/move_bot/msg/detail
[18.347s] -- Installing: /home/taylor/Buddy_Bot/buddybot/ros2_workspace/install/move_bot/include/move_bot/move_bot/msg/detail/movement__rosidl_typesupport_fastrtps_c.h
[18.347s] -- Installing: /home/taylor/Buddy_Bot/buddybot/ros2_workspace/install/move_bot/include/move_bot/move_bot/msg/rosidl_typesupport_fastrtps_c__visibility_control.h
[18.347s] -- Installing: /home/taylor/Buddy_Bot/buddybot/ros2_workspace/install/move_bot/lib/libmove_bot__rosidl_typesupport_fastrtps_c.so
[18.347s] -- Set runtime path of "/home/taylor/Buddy_Bot/buddybot/ros2_workspace/install/move_bot/lib/libmove_bot__rosidl_typesupport_fastrtps_c.so" to ""
[18.347s] -- Up-to-date: /home/taylor/Buddy_Bot/buddybot/ros2_workspace/install/move_bot/include/move_bot/move_bot
[18.347s] -- Up-to-date: /home/taylor/Buddy_Bot/buddybot/ros2_workspace/install/move_bot/include/move_bot/move_bot/msg
[18.347s] -- Installing: /home/taylor/Buddy_Bot/buddybot/ros2_workspace/install/move_bot/include/move_bot/move_bot/msg/movement.hpp
[18.347s] -- Up-to-date: /home/taylor/Buddy_Bot/buddybot/ros2_workspace/install/move_bot/include/move_bot/move_bot/msg/detail
[18.347s] -- Installing: /home/taylor/Buddy_Bot/buddybot/ros2_workspace/install/move_bot/include/move_bot/move_bot/msg/detail/movement__traits.hpp
[18.347s] -- Installing: /home/taylor/Buddy_Bot/buddybot/ros2_workspace/install/move_bot/include/move_bot/move_bot/msg/detail/movement__builder.hpp
[18.347s] -- Installing: /home/taylor/Buddy_Bot/buddybot/ros2_workspace/install/move_bot/include/move_bot/move_bot/msg/detail/movement__struct.hpp
[18.347s] -- Up-to-date: /home/taylor/Buddy_Bot/buddybot/ros2_workspace/install/move_bot/include/move_bot/move_bot
[18.347s] -- Up-to-date: /home/taylor/Buddy_Bot/buddybot/ros2_workspace/install/move_bot/include/move_bot/move_bot/msg
[18.347s] -- Up-to-date: /home/taylor/Buddy_Bot/buddybot/ros2_workspace/install/move_bot/include/move_bot/move_bot/msg/detail
[18.348s] -- Installing: /home/taylor/Buddy_Bot/buddybot/ros2_workspace/install/move_bot/include/move_bot/move_bot/msg/detail/movement__rosidl_typesupport_fastrtps_cpp.hpp
[18.348s] -- Installing: /home/taylor/Buddy_Bot/buddybot/ros2_workspace/install/move_bot/include/move_bot/move_bot/msg/detail/dds_fastrtps
[18.348s] -- Installing: /home/taylor/Buddy_Bot/buddybot/ros2_workspace/install/move_bot/include/move_bot/move_bot/msg/rosidl_typesupport_fastrtps_cpp__visibility_control.h
[18.348s] -- Installing: /home/taylor/Buddy_Bot/buddybot/ros2_workspace/install/move_bot/lib/libmove_bot__rosidl_typesupport_fastrtps_cpp.so
[18.348s] -- Set runtime path of "/home/taylor/Buddy_Bot/buddybot/ros2_workspace/install/move_bot/lib/libmove_bot__rosidl_typesupport_fastrtps_cpp.so" to ""
[18.348s] -- Up-to-date: /home/taylor/Buddy_Bot/buddybot/ros2_workspace/install/move_bot/include/move_bot/move_bot
[18.348s] -- Up-to-date: /home/taylor/Buddy_Bot/buddybot/ros2_workspace/install/move_bot/include/move_bot/move_bot/msg
[18.348s] -- Installing: /home/taylor/Buddy_Bot/buddybot/ros2_workspace/install/move_bot/include/move_bot/move_bot/msg/rosidl_typesupport_introspection_c__visibility_control.h
[18.348s] -- Up-to-date: /home/taylor/Buddy_Bot/buddybot/ros2_workspace/install/move_bot/include/move_bot/move_bot/msg/detail
[18.348s] -- Installing: /home/taylor/Buddy_Bot/buddybot/ros2_workspace/install/move_bot/include/move_bot/move_bot/msg/detail/movement__type_support.c
[18.348s] -- Installing: /home/taylor/Buddy_Bot/buddybot/ros2_workspace/install/move_bot/include/move_bot/move_bot/msg/detail/movement__rosidl_typesupport_introspection_c.h
[18.348s] -- Installing: /home/taylor/Buddy_Bot/buddybot/ros2_workspace/install/move_bot/lib/libmove_bot__rosidl_typesupport_introspection_c.so
[18.349s] -- Set runtime path of "/home/taylor/Buddy_Bot/buddybot/ros2_workspace/install/move_bot/lib/libmove_bot__rosidl_typesupport_introspection_c.so" to ""
[18.349s] -- Installing: /home/taylor/Buddy_Bot/buddybot/ros2_workspace/install/move_bot/lib/libmove_bot__rosidl_typesupport_c.so
[18.349s] -- Set runtime path of "/home/taylor/Buddy_Bot/buddybot/ros2_workspace/install/move_bot/lib/libmove_bot__rosidl_typesupport_c.so" to ""
[18.349s] -- Up-to-date: /home/taylor/Buddy_Bot/buddybot/ros2_workspace/install/move_bot/include/move_bot/move_bot
[18.349s] -- Up-to-date: /home/taylor/Buddy_Bot/buddybot/ros2_workspace/install/move_bot/include/move_bot/move_bot/msg
[18.349s] -- Up-to-date: /home/taylor/Buddy_Bot/buddybot/ros2_workspace/install/move_bot/include/move_bot/move_bot/msg/detail
[18.349s] -- Installing: /home/taylor/Buddy_Bot/buddybot/ros2_workspace/install/move_bot/include/move_bot/move_bot/msg/detail/movement__type_support.cpp
[18.349s] -- Installing: /home/taylor/Buddy_Bot/buddybot/ros2_workspace/install/move_bot/include/move_bot/move_bot/msg/detail/movement__rosidl_typesupport_introspection_cpp.hpp
[18.349s] -- Installing: /home/taylor/Buddy_Bot/buddybot/ros2_workspace/install/move_bot/lib/libmove_bot__rosidl_typesupport_introspection_cpp.so
[18.350s] -- Set runtime path of "/home/taylor/Buddy_Bot/buddybot/ros2_workspace/install/move_bot/lib/libmove_bot__rosidl_typesupport_introspection_cpp.so" to ""
[18.350s] -- Installing: /home/taylor/Buddy_Bot/buddybot/ros2_workspace/install/move_bot/lib/libmove_bot__rosidl_typesupport_cpp.so
[18.350s] -- Set runtime path of "/home/taylor/Buddy_Bot/buddybot/ros2_workspace/install/move_bot/lib/libmove_bot__rosidl_typesupport_cpp.so" to ""
[18.350s] -- Installing: /home/taylor/Buddy_Bot/buddybot/ros2_workspace/install/move_bot/share/move_bot/environment/pythonpath.sh
[18.350s] -- Installing: /home/taylor/Buddy_Bot/buddybot/ros2_workspace/install/move_bot/share/move_bot/environment/pythonpath.dsv
[18.350s] -- Installing: /home/taylor/Buddy_Bot/buddybot/ros2_workspace/install/move_bot/lib/python3.11/site-packages/move_bot-0.0.0-py3.11.egg-info
[18.351s] -- Installing: /home/taylor/Buddy_Bot/buddybot/ros2_workspace/install/move_bot/lib/python3.11/site-packages/move_bot-0.0.0-py3.11.egg-info/PKG-INFO
[18.351s] -- Installing: /home/taylor/Buddy_Bot/buddybot/ros2_workspace/install/move_bot/lib/python3.11/site-packages/move_bot-0.0.0-py3.11.egg-info/top_level.txt
[18.351s] -- Installing: /home/taylor/Buddy_Bot/buddybot/ros2_workspace/install/move_bot/lib/python3.11/site-packages/move_bot-0.0.0-py3.11.egg-info/dependency_links.txt
[18.351s] -- Installing: /home/taylor/Buddy_Bot/buddybot/ros2_workspace/install/move_bot/lib/python3.11/site-packages/move_bot-0.0.0-py3.11.egg-info/SOURCES.txt
[18.351s] -- Installing: /home/taylor/Buddy_Bot/buddybot/ros2_workspace/install/move_bot/lib/python3.11/site-packages/move_bot
[18.351s] -- Installing: /home/taylor/Buddy_Bot/buddybot/ros2_workspace/install/move_bot/lib/python3.11/site-packages/move_bot/msg
[18.351s] -- Installing: /home/taylor/Buddy_Bot/buddybot/ros2_workspace/install/move_bot/lib/python3.11/site-packages/move_bot/msg/_movement.py
[18.351s] -- Installing: /home/taylor/Buddy_Bot/buddybot/ros2_workspace/install/move_bot/lib/python3.11/site-packages/move_bot/msg/_movement_s.c
[18.351s] -- Installing: /home/taylor/Buddy_Bot/buddybot/ros2_workspace/install/move_bot/lib/python3.11/site-packages/move_bot/msg/__init__.py
[18.351s] -- Installing: /home/taylor/Buddy_Bot/buddybot/ros2_workspace/install/move_bot/lib/python3.11/site-packages/move_bot/_move_bot_s.ep.rosidl_typesupport_introspection_c.c
[18.351s] -- Installing: /home/taylor/Buddy_Bot/buddybot/ros2_workspace/install/move_bot/lib/python3.11/site-packages/move_bot/_move_bot_s.ep.rosidl_typesupport_c.c
[18.352s] -- Installing: /home/taylor/Buddy_Bot/buddybot/ros2_workspace/install/move_bot/lib/python3.11/site-packages/move_bot/libmove_bot__rosidl_generator_py.so
[18.352s] -- Installing: /home/taylor/Buddy_Bot/buddybot/ros2_workspace/install/move_bot/lib/python3.11/site-packages/move_bot/_move_bot_s.ep.rosidl_typesupport_fastrtps_c.c
[18.352s] -- Installing: /home/taylor/Buddy_Bot/buddybot/ros2_workspace/install/move_bot/lib/python3.11/site-packages/move_bot/move_bot_s__rosidl_typesupport_introspection_c.cpython-311-aarch64-linux-gnu.so
[18.352s] -- Installing: /home/taylor/Buddy_Bot/buddybot/ros2_workspace/install/move_bot/lib/python3.11/site-packages/move_bot/move_bot_s__rosidl_typesupport_c.cpython-311-aarch64-linux-gnu.so
[18.352s] -- Installing: /home/taylor/Buddy_Bot/buddybot/ros2_workspace/install/move_bot/lib/python3.11/site-packages/move_bot/__init__.py
[18.352s] -- Installing: /home/taylor/Buddy_Bot/buddybot/ros2_workspace/install/move_bot/lib/python3.11/site-packages/move_bot/move_bot_s__rosidl_typesupport_fastrtps_c.cpython-311-aarch64-linux-gnu.so
[18.505s] Listing '/home/taylor/Buddy_Bot/buddybot/ros2_workspace/install/move_bot/lib/python3.11/site-packages/move_bot'...
[18.505s] Compiling '/home/taylor/Buddy_Bot/buddybot/ros2_workspace/install/move_bot/lib/python3.11/site-packages/move_bot/__init__.py'...
[18.505s] Listing '/home/taylor/Buddy_Bot/buddybot/ros2_workspace/install/move_bot/lib/python3.11/site-packages/move_bot/msg'...
[18.505s] Compiling '/home/taylor/Buddy_Bot/buddybot/ros2_workspace/install/move_bot/lib/python3.11/site-packages/move_bot/msg/__init__.py'...
[18.505s] Compiling '/home/taylor/Buddy_Bot/buddybot/ros2_workspace/install/move_bot/lib/python3.11/site-packages/move_bot/msg/_movement.py'...
[18.517s] -- Installing: /home/taylor/Buddy_Bot/buddybot/ros2_workspace/install/move_bot/lib/python3.11/site-packages/move_bot/move_bot_s__rosidl_typesupport_introspection_c.cpython-311-aarch64-linux-gnu.so
[18.517s] -- Set runtime path of "/home/taylor/Buddy_Bot/buddybot/ros2_workspace/install/move_bot/lib/python3.11/site-packages/move_bot/move_bot_s__rosidl_typesupport_introspection_c.cpython-311-aarch64-linux-gnu.so" to ""
[18.517s] -- Installing: /home/taylor/Buddy_Bot/buddybot/ros2_workspace/install/move_bot/lib/python3.11/site-packages/move_bot/move_bot_s__rosidl_typesupport_fastrtps_c.cpython-311-aarch64-linux-gnu.so
[18.518s] -- Set runtime path of "/home/taylor/Buddy_Bot/buddybot/ros2_workspace/install/move_bot/lib/python3.11/site-packages/move_bot/move_bot_s__rosidl_typesupport_fastrtps_c.cpython-311-aarch64-linux-gnu.so" to ""
[18.518s] -- Installing: /home/taylor/Buddy_Bot/buddybot/ros2_workspace/install/move_bot/lib/python3.11/site-packages/move_bot/move_bot_s__rosidl_typesupport_c.cpython-311-aarch64-linux-gnu.so
[18.518s] -- Set runtime path of "/home/taylor/Buddy_Bot/buddybot/ros2_workspace/install/move_bot/lib/python3.11/site-packages/move_bot/move_bot_s__rosidl_typesupport_c.cpython-311-aarch64-linux-gnu.so" to ""
[18.518s] -- Installing: /home/taylor/Buddy_Bot/buddybot/ros2_workspace/install/move_bot/lib/libmove_bot__rosidl_generator_py.so
[18.519s] -- Set runtime path of "/home/taylor/Buddy_Bot/buddybot/ros2_workspace/install/move_bot/lib/libmove_bot__rosidl_generator_py.so" to ""
[18.519s] -- Installing: /home/taylor/Buddy_Bot/buddybot/ros2_workspace/install/move_bot/share/move_bot/msg/Movement.idl
[18.519s] -- Installing: /home/taylor/Buddy_Bot/buddybot/ros2_workspace/install/move_bot/share/move_bot/msg/Movement.msg
[18.519s] -- Installing: /home/taylor/Buddy_Bot/buddybot/ros2_workspace/install/move_bot/lib/move_bot/move_node
[18.527s] -- Set runtime path of "/home/taylor/Buddy_Bot/buddybot/ros2_workspace/install/move_bot/lib/move_bot/move_node" to ""
[18.528s] -- Installing: /home/taylor/Buddy_Bot/buddybot/ros2_workspace/install/move_bot/share/ament_index/resource_index/package_run_dependencies/move_bot
[18.528s] -- Installing: /home/taylor/Buddy_Bot/buddybot/ros2_workspace/install/move_bot/share/ament_index/resource_index/parent_prefix_path/move_bot
[18.529s] -- Installing: /home/taylor/Buddy_Bot/buddybot/ros2_workspace/install/move_bot/share/move_bot/environment/ament_prefix_path.sh
[18.529s] -- Installing: /home/taylor/Buddy_Bot/buddybot/ros2_workspace/install/move_bot/share/move_bot/environment/ament_prefix_path.dsv
[18.529s] -- Installing: /home/taylor/Buddy_Bot/buddybot/ros2_workspace/install/move_bot/share/move_bot/environment/path.sh
[18.529s] -- Installing: /home/taylor/Buddy_Bot/buddybot/ros2_workspace/install/move_bot/share/move_bot/environment/path.dsv
[18.529s] -- Installing: /home/taylor/Buddy_Bot/buddybot/ros2_workspace/install/move_bot/share/move_bot/local_setup.bash
[18.529s] -- Installing: /home/taylor/Buddy_Bot/buddybot/ros2_workspace/install/move_bot/share/move_bot/local_setup.sh
[18.529s] -- Installing: /home/taylor/Buddy_Bot/buddybot/ros2_workspace/install/move_bot/share/move_bot/local_setup.zsh
[18.529s] -- Installing: /home/taylor/Buddy_Bot/buddybot/ros2_workspace/install/move_bot/share/move_bot/local_setup.dsv
[18.529s] -- Installing: /home/taylor/Buddy_Bot/buddybot/ros2_workspace/install/move_bot/share/move_bot/package.dsv
[18.529s] -- Installing: /home/taylor/Buddy_Bot/buddybot/ros2_workspace/install/move_bot/share/ament_index/resource_index/packages/move_bot
[18.530s] -- Installing: /home/taylor/Buddy_Bot/buddybot/ros2_workspace/install/move_bot/share/move_bot/cmake/export_move_bot__rosidl_generator_cExport.cmake
[18.530s] -- Installing: /home/taylor/Buddy_Bot/buddybot/ros2_workspace/install/move_bot/share/move_bot/cmake/export_move_bot__rosidl_generator_cExport-noconfig.cmake
[18.530s] -- Installing: /home/taylor/Buddy_Bot/buddybot/ros2_workspace/install/move_bot/share/move_bot/cmake/export_move_bot__rosidl_typesupport_fastrtps_cExport.cmake
[18.531s] -- Installing: /home/taylor/Buddy_Bot/buddybot/ros2_workspace/install/move_bot/share/move_bot/cmake/export_move_bot__rosidl_typesupport_fastrtps_cExport-noconfig.cmake
[18.531s] -- Installing: /home/taylor/Buddy_Bot/buddybot/ros2_workspace/install/move_bot/share/move_bot/cmake/export_move_bot__rosidl_generator_cppExport.cmake
[18.531s] -- Installing: /home/taylor/Buddy_Bot/buddybot/ros2_workspace/install/move_bot/share/move_bot/cmake/export_move_bot__rosidl_typesupport_fastrtps_cppExport.cmake
[18.531s] -- Installing: /home/taylor/Buddy_Bot/buddybot/ros2_workspace/install/move_bot/share/move_bot/cmake/export_move_bot__rosidl_typesupport_fastrtps_cppExport-noconfig.cmake
[18.531s] -- Installing: /home/taylor/Buddy_Bot/buddybot/ros2_workspace/install/move_bot/share/move_bot/cmake/move_bot__rosidl_typesupport_introspection_cExport.cmake
[18.531s] -- Installing: /home/taylor/Buddy_Bot/buddybot/ros2_workspace/install/move_bot/share/move_bot/cmake/move_bot__rosidl_typesupport_introspection_cExport-noconfig.cmake
[18.531s] -- Installing: /home/taylor/Buddy_Bot/buddybot/ros2_workspace/install/move_bot/share/move_bot/cmake/move_bot__rosidl_typesupport_cExport.cmake
[18.532s] -- Installing: /home/taylor/Buddy_Bot/buddybot/ros2_workspace/install/move_bot/share/move_bot/cmake/move_bot__rosidl_typesupport_cExport-noconfig.cmake
[18.532s] -- Installing: /home/taylor/Buddy_Bot/buddybot/ros2_workspace/install/move_bot/share/move_bot/cmake/move_bot__rosidl_typesupport_introspection_cppExport.cmake
[18.532s] -- Installing: /home/taylor/Buddy_Bot/buddybot/ros2_workspace/install/move_bot/share/move_bot/cmake/move_bot__rosidl_typesupport_introspection_cppExport-noconfig.cmake
[18.532s] -- Installing: /home/taylor/Buddy_Bot/buddybot/ros2_workspace/install/move_bot/share/move_bot/cmake/move_bot__rosidl_typesupport_cppExport.cmake
[18.532s] -- Installing: /home/taylor/Buddy_Bot/buddybot/ros2_workspace/install/move_bot/share/move_bot/cmake/move_bot__rosidl_typesupport_cppExport-noconfig.cmake
[18.533s] -- Installing: /home/taylor/Buddy_Bot/buddybot/ros2_workspace/install/move_bot/share/move_bot/cmake/export_move_bot__rosidl_generator_pyExport.cmake
[18.539s] -- Installing: /home/taylor/Buddy_Bot/buddybot/ros2_workspace/install/move_bot/share/move_bot/cmake/export_move_bot__rosidl_generator_pyExport-noconfig.cmake
[18.539s] -- Installing: /home/taylor/Buddy_Bot/buddybot/ros2_workspace/install/move_bot/share/move_bot/cmake/rosidl_cmake-extras.cmake
[18.539s] -- Installing: /home/taylor/Buddy_Bot/buddybot/ros2_workspace/install/move_bot/share/move_bot/cmake/ament_cmake_export_include_directories-extras.cmake
[18.539s] -- Installing: /home/taylor/Buddy_Bot/buddybot/ros2_workspace/install/move_bot/share/move_bot/cmake/ament_cmake_export_libraries-extras.cmake
[18.540s] -- Installing: /home/taylor/Buddy_Bot/buddybot/ros2_workspace/install/move_bot/share/move_bot/cmake/ament_cmake_export_targets-extras.cmake
[18.540s] -- Installing: /home/taylor/Buddy_Bot/buddybot/ros2_workspace/install/move_bot/share/move_bot/cmake/rosidl_cmake_export_typesupport_targets-extras.cmake
[18.540s] -- Installing: /home/taylor/Buddy_Bot/buddybot/ros2_workspace/install/move_bot/share/move_bot/cmake/ament_cmake_export_dependencies-extras.cmake
[18.540s] -- Installing: /home/taylor/Buddy_Bot/buddybot/ros2_workspace/install/move_bot/share/move_bot/cmake/rosidl_cmake_export_typesupport_libraries-extras.cmake
[18.540s] -- Installing: /home/taylor/Buddy_Bot/buddybot/ros2_workspace/install/move_bot/share/move_bot/cmake/move_botConfig.cmake
[18.541s] -- Installing: /home/taylor/Buddy_Bot/buddybot/ros2_workspace/install/move_bot/share/move_bot/cmake/move_botConfig-version.cmake
[18.541s] -- Installing: /home/taylor/Buddy_Bot/buddybot/ros2_workspace/install/move_bot/share/move_bot/package.xml
[18.551s] Invoked command in '/home/taylor/Buddy_Bot/buddybot/ros2_workspace/build/move_bot' returned '0': CMAKE_PREFIX_PATH=${CMAKE_PREFIX_PATH}:/home/taylor/ros2_iron/install/rqt_bag_plugins:/home/taylor/ros2_iron/install/rqt_bag:/home/taylor/ros2_iron/install/rosbag2_examples_py:/home/taylor/ros2_iron/install/launch_testing_examples:/home/taylor/ros2_iron/install/ros2bag:/home/taylor/ros2_iron/install/tracetools_test:/home/taylor/ros2_iron/install/tracetools_launch:/home/taylor/ros2_iron/install/topic_monitor:/home/taylor/ros2_iron/install/tf2_tools:/home/taylor/ros2_iron/install/examples_tf2_py:/home/taylor/ros2_iron/install/tf2_ros_py:/home/taylor/ros2_iron/install/examples_rclpy_pointcloud_publisher:/home/taylor/ros2_iron/install/sensor_msgs_py:/home/taylor/ros2_iron/install/quality_of_service_demo_py:/home/taylor/ros2_iron/install/rqt_plot:/home/taylor/ros2_iron/install/ros2doctor:/home/taylor/ros2_iron/install/lifecycle_py:/home/taylor/ros2_iron/install/examples_rclpy_minimal_subscriber:/home/taylor/ros2_iron/install/examples_rclpy_minimal_service:/home/taylor/ros2_iron/install/examples_rclpy_minimal_publisher:/home/taylor/ros2_iron/install/examples_rclpy_minimal_client:/home/taylor/ros2_iron/install/examples_rclpy_executors:/home/taylor/ros2_iron/install/demo_nodes_py:/home/taylor/ros2_iron/install/rqt:/home/taylor/ros2_iron/install/ros2component:/home/taylor/ros2_iron/install/sros2:/home/taylor/ros2_iron/install/rqt_topic:/home/taylor/ros2_iron/install/rqt_srv:/home/taylor/ros2_iron/install/rqt_shell:/home/taylor/ros2_iron/install/rqt_service_caller:/home/taylor/ros2_iron/install/rqt_reconfigure:/home/taylor/ros2_iron/install/rqt_py_console:/home/taylor/ros2_iron/install/rqt_publisher:/home/taylor/ros2_iron/install/rqt_action:/home/taylor/ros2_iron/install/rqt_msg:/home/taylor/ros2_iron/install/rqt_console:/home/taylor/ros2_iron/install/rqt_graph:/home/taylor/ros2_iron/install/rqt_gui_py:/home/taylor/ros2_iron/install/rqt_gui:/home/taylor/ros2_iron/install/ros2trace:/home/taylor/ros2_iron/install/ros2topic:/home/taylor/ros2_iron/install/ros2test:/home/taylor/ros2_iron/install/ros2param:/home/taylor/ros2_iron/install/ros2lifecycle:/home/taylor/ros2_iron/install/ros2service:/home/taylor/ros2_iron/install/ros2run:/home/taylor/ros2_iron/install/ros2launch:/home/taylor/ros2_iron/install/ros2pkg:/home/taylor/ros2_iron/install/ros2node:/home/taylor/ros2_iron/install/ros2multicast:/home/taylor/ros2_iron/install/ros2interface:/home/taylor/ros2_iron/install/ros2action:/home/taylor/ros2_iron/install/ros2cli:/home/taylor/ros2_iron/install/launch_testing_ros:/home/taylor/ros2_iron/install/launch_ros:/home/taylor/ros2_iron/install/examples_rclpy_minimal_action_server:/home/taylor/ros2_iron/install/examples_rclpy_minimal_action_client:/home/taylor/ros2_iron/install/examples_rclpy_guard_conditions:/home/taylor/ros2_iron/install/action_tutorials_py:/home/taylor/ros2_iron/install/ament_uncrustify:/home/taylor/ros2_iron/install/tracetools_trace:/home/taylor/ros2_iron/install/tracetools_read:/home/taylor/ros2_iron/install/test_tracetools_launch:/home/taylor/ros2_iron/install/test_ros2trace:/home/taylor/ros2_iron/install/test_launch_ros:/home/taylor/ros2_iron/install/rpyutils:/home/taylor/ros2_iron/install/rosidl_runtime_py:/home/taylor/ros2_iron/install/rosidl_pycommon:/home/taylor/ros2_iron/install/rosidl_cli:/home/taylor/ros2_iron/install/launch_pytest:/home/taylor/ros2_iron/install/launch_testing:/home/taylor/ros2_iron/install/launch_yaml:/home/taylor/ros2_iron/install/launch_xml:/home/taylor/ros2_iron/install/launch:/home/taylor/ros2_iron/install/osrf_pycommon:/home/taylor/ros2_iron/install/domain_coordinator:/home/taylor/ros2_iron/install/ament_xmllint:/home/taylor/ros2_iron/install/ament_pyflakes:/home/taylor/ros2_iron/install/ament_pycodestyle:/home/taylor/ros2_iron/install/ament_pep257:/home/taylor/ros2_iron/install/ament_pclint:/home/taylor/ros2_iron/install/ament_package:/home/taylor/ros2_iron/install/ament_mypy:/home/taylor/ros2_iron/install/ament_lint_cmake:/home/taylor/ros2_iron/install/ament_flake8:/home/taylor/ros2_iron/install/ament_copyright:/home/taylor/ros2_iron/install/ament_lint:/home/taylor/ros2_iron/install/ament_index_python:/home/taylor/ros2_iron/install/ament_cpplint:/home/taylor/ros2_iron/install/ament_cppcheck:/home/taylor/ros2_iron/install/ament_clang_tidy:/home/taylor/ros2_iron/install/ament_clang_format /usr/bin/cmake --install /home/taylor/Buddy_Bot/buddybot/ros2_workspace/build/move_bot
