[0.042s] Invoking command in '/home/taylor/Buddy_Bot/buddybot/ros2_workspace/build/mpu': /usr/bin/cmake /home/taylor/Buddy_Bot/buddybot/ros2_workspace/src/mpu -DCATKIN_INSTALL_INTO_PREFIX_ROOT=0 -DCMAKE_INSTALL_PREFIX=/home/taylor/Buddy_Bot/buddybot/ros2_workspace/install/mpu
[0.172s] -- The C compiler identification is GNU 12.2.0
[0.261s] -- The CXX compiler identification is GNU 12.2.0
[0.278s] -- Detecting C compiler ABI info
[0.462s] -- Detecting C compiler ABI info - done
[0.474s] -- Check for working C compiler: /usr/bin/cc - skipped
[0.475s] -- Detecting C compile features
[0.476s] -- Detecting C compile features - done
[0.480s] -- Detecting CXX compiler ABI info
[0.680s] -- Detecting CXX compiler ABI info - done
[0.692s] -- Check for working CXX compiler: /usr/bin/c++ - skipped
[0.692s] -- Detecting CXX compile features
[0.693s] -- Detecting CXX compile features - done
[0.710s] -- Found ament_cmake: 2.0.4 (/home/taylor/ros2_iron/install/ament_cmake/share/ament_cmake/cmake)
[2.537s] -- Found Python3: /usr/bin/python3 (found version "3.11.2") found components: Interpreter 
[3.036s] -- Found rclpy: 4.1.4 (/home/taylor/ros2_iron/install/rclpy/share/rclpy/cmake)
[3.042s] -- Found std_msgs: 5.0.0 (/home/taylor/ros2_iron/install/std_msgs/share/std_msgs/cmake)
[3.207s] -- Found rosidl_generator_c: 4.0.1 (/home/taylor/ros2_iron/install/rosidl_generator_c/share/rosidl_generator_c/cmake)
[3.260s] -- Found rosidl_generator_cpp: 4.0.1 (/home/taylor/ros2_iron/install/rosidl_generator_cpp/share/rosidl_generator_cpp/cmake)
[3.362s] -- Using all available rosidl_typesupport_c: rosidl_typesupport_introspection_c;rosidl_typesupport_fastrtps_c
[3.475s] -- Using all available rosidl_typesupport_cpp: rosidl_typesupport_introspection_cpp;rosidl_typesupport_fastrtps_cpp
[4.252s] -- Configuring done
[4.260s] -- Generating done
[4.260s] -- Build files have been written to: /home/taylor/Buddy_Bot/buddybot/ros2_workspace/build/mpu
[4.260s] [33mCMake Warning:
[4.260s]   Manually-specified variables were not used by the project:
[4.260s] 
[4.260s]     CATKIN_INSTALL_INTO_PREFIX_ROOT
[4.260s] 
[4.260s] [0m
[4.266s] Invoked command in '/home/taylor/Buddy_Bot/buddybot/ros2_workspace/build/mpu' returned '0': /usr/bin/cmake /home/taylor/Buddy_Bot/buddybot/ros2_workspace/src/mpu -DCATKIN_INSTALL_INTO_PREFIX_ROOT=0 -DCMAKE_INSTALL_PREFIX=/home/taylor/Buddy_Bot/buddybot/ros2_workspace/install/mpu
[4.272s] Invoking command in '/home/taylor/Buddy_Bot/buddybot/ros2_workspace/build/mpu': /usr/bin/cmake --build /home/taylor/Buddy_Bot/buddybot/ros2_workspace/build/mpu -- -j4 -l4
[4.421s] Built target ament_cmake_python_copy_mpu
[5.214s] running egg_info
[5.215s] creating mpu.egg-info
[5.249s] writing mpu.egg-info/PKG-INFO
[5.250s] writing dependency_links to mpu.egg-info/dependency_links.txt
[5.250s] writing top-level names to mpu.egg-info/top_level.txt
[5.250s] writing manifest file 'mpu.egg-info/SOURCES.txt'
[5.363s] reading manifest file 'mpu.egg-info/SOURCES.txt'
[5.364s] writing manifest file 'mpu.egg-info/SOURCES.txt'
[5.507s] Built target ament_cmake_python_build_mpu_egg
[5.533s] Invoked command in '/home/taylor/Buddy_Bot/buddybot/ros2_workspace/build/mpu' returned '0': /usr/bin/cmake --build /home/taylor/Buddy_Bot/buddybot/ros2_workspace/build/mpu -- -j4 -l4
[5.693s] Invoking command in '/home/taylor/Buddy_Bot/buddybot/ros2_workspace/build/mpu': /usr/bin/cmake --install /home/taylor/Buddy_Bot/buddybot/ros2_workspace/build/mpu
[5.712s] -- Install configuration: ""
[5.713s] -- Installing: /home/taylor/Buddy_Bot/buddybot/ros2_workspace/install/mpu/share/mpu/environment/pythonpath.sh
[5.714s] -- Installing: /home/taylor/Buddy_Bot/buddybot/ros2_workspace/install/mpu/share/mpu/environment/pythonpath.dsv
[5.714s] -- Installing: /home/taylor/Buddy_Bot/buddybot/ros2_workspace/install/mpu/lib/python3.11/site-packages/mpu-0.0.1-py3.11.egg-info
[5.714s] -- Installing: /home/taylor/Buddy_Bot/buddybot/ros2_workspace/install/mpu/lib/python3.11/site-packages/mpu-0.0.1-py3.11.egg-info/PKG-INFO
[5.714s] -- Installing: /home/taylor/Buddy_Bot/buddybot/ros2_workspace/install/mpu/lib/python3.11/site-packages/mpu-0.0.1-py3.11.egg-info/top_level.txt
[5.714s] -- Installing: /home/taylor/Buddy_Bot/buddybot/ros2_workspace/install/mpu/lib/python3.11/site-packages/mpu-0.0.1-py3.11.egg-info/dependency_links.txt
[5.714s] -- Installing: /home/taylor/Buddy_Bot/buddybot/ros2_workspace/install/mpu/lib/python3.11/site-packages/mpu-0.0.1-py3.11.egg-info/SOURCES.txt
[5.714s] -- Installing: /home/taylor/Buddy_Bot/buddybot/ros2_workspace/install/mpu/lib/python3.11/site-packages/mpu
[5.714s] -- Installing: /home/taylor/Buddy_Bot/buddybot/ros2_workspace/install/mpu/lib/python3.11/site-packages/mpu/mpupublisher.py
[5.714s] -- Installing: /home/taylor/Buddy_Bot/buddybot/ros2_workspace/install/mpu/lib/python3.11/site-packages/mpu/mpusubscriber.py
[5.714s] -- Installing: /home/taylor/Buddy_Bot/buddybot/ros2_workspace/install/mpu/lib/python3.11/site-packages/mpu/__init__.py
[5.871s] Listing '/home/taylor/Buddy_Bot/buddybot/ros2_workspace/install/mpu/lib/python3.11/site-packages/mpu'...
[5.871s] Compiling '/home/taylor/Buddy_Bot/buddybot/ros2_workspace/install/mpu/lib/python3.11/site-packages/mpu/__init__.py'...
[5.871s] Compiling '/home/taylor/Buddy_Bot/buddybot/ros2_workspace/install/mpu/lib/python3.11/site-packages/mpu/mpupublisher.py'...
[5.871s] Compiling '/home/taylor/Buddy_Bot/buddybot/ros2_workspace/install/mpu/lib/python3.11/site-packages/mpu/mpusubscriber.py'...
[5.883s] [31mCMake Error at cmake_install.cmake:70 (file):
[5.883s]   file INSTALL cannot find
[5.883s]   "/home/taylor/Buddy_Bot/buddybot/ros2_workspace/src/mpu/src/mpu/mpupublisher.py":
[5.883s]   No such file or directory.
[5.883s] 
[5.883s] [0m
[5.886s] Invoked command in '/home/taylor/Buddy_Bot/buddybot/ros2_workspace/build/mpu' returned '1': /usr/bin/cmake --install /home/taylor/Buddy_Bot/buddybot/ros2_workspace/build/mpu
