[0.508s] DEBUG:colcon:Command line arguments: ['/usr/bin/colcon', 'build', '--packages-select', 'mpu', '--cmake-clean-cache']
[0.508s] DEBUG:colcon:Parsed command line arguments: Namespace(log_base=None, log_level=None, verb_name='build', build_base='build', install_base='install', merge_install=False, symlink_install=False, test_result_base=None, continue_on_error=False, executor='parallel', parallel_workers=4, event_handlers=None, ignore_user_meta=False, metas=['./colcon.meta'], base_paths=['.'], packages_ignore=None, packages_ignore_regex=None, paths=None, packages_up_to=None, packages_up_to_regex=None, packages_above=None, packages_above_and_dependencies=None, packages_above_depth=None, packages_select_by_dep=None, packages_skip_by_dep=None, packages_skip_up_to=None, packages_select_build_failed=False, packages_skip_build_finished=False, packages_select_test_failures=False, packages_skip_test_passed=False, packages_select=['mpu'], packages_skip=None, packages_select_regex=None, packages_skip_regex=None, packages_start=None, packages_end=None, cmake_args=None, cmake_target=None, cmake_target_skip_unavailable=False, cmake_clean_cache=True, cmake_clean_first=False, cmake_force_configure=False, ament_cmake_args=None, catkin_cmake_args=None, catkin_skip_building_tests=False, verb_parser=<colcon_defaults.argument_parser.defaults.DefaultArgumentsDecorator object at 0x7fff30d9fe90>, verb_extension=<colcon_core.verb.build.BuildVerb object at 0x7fff2fcca290>, main=<bound method BuildVerb.main of <colcon_core.verb.build.BuildVerb object at 0x7fff2fcca290>>)
[0.610s] Level 1:colcon.colcon_core.package_discovery:discover_packages(colcon_meta) check parameters
[0.611s] Level 1:colcon.colcon_core.package_discovery:discover_packages(recursive) check parameters
[0.611s] Level 1:colcon.colcon_core.package_discovery:discover_packages(ignore) check parameters
[0.611s] Level 1:colcon.colcon_core.package_discovery:discover_packages(path) check parameters
[0.611s] Level 1:colcon.colcon_core.package_discovery:discover_packages(colcon_meta) discover
[0.611s] Level 1:colcon.colcon_core.package_discovery:discover_packages(recursive) discover
[0.611s] INFO:colcon.colcon_core.package_discovery:Crawling recursively for packages in '/home/taylor/Buddy_Bot/buddybot/ros2_workspace'
[0.611s] Level 1:colcon.colcon_core.package_identification:_identify(.) by extensions ['ignore', 'ignore_ament_install']
[0.611s] Level 1:colcon.colcon_core.package_identification:_identify(.) by extension 'ignore'
[0.611s] Level 1:colcon.colcon_core.package_identification:_identify(.) by extension 'ignore_ament_install'
[0.611s] Level 1:colcon.colcon_core.package_identification:_identify(.) by extensions ['colcon_pkg']
[0.611s] Level 1:colcon.colcon_core.package_identification:_identify(.) by extension 'colcon_pkg'
[0.611s] Level 1:colcon.colcon_core.package_identification:_identify(.) by extensions ['colcon_meta']
[0.611s] Level 1:colcon.colcon_core.package_identification:_identify(.) by extension 'colcon_meta'
[0.611s] Level 1:colcon.colcon_core.package_identification:_identify(.) by extensions ['ros']
[0.611s] Level 1:colcon.colcon_core.package_identification:_identify(.) by extension 'ros'
[0.641s] Level 1:colcon.colcon_core.package_identification:_identify(.) by extensions ['cmake', 'python']
[0.641s] Level 1:colcon.colcon_core.package_identification:_identify(.) by extension 'cmake'
[0.641s] Level 1:colcon.colcon_core.package_identification:_identify(.) by extension 'python'
[0.641s] Level 1:colcon.colcon_core.package_identification:_identify(.) by extensions ['python_setup_py']
[0.641s] Level 1:colcon.colcon_core.package_identification:_identify(.) by extension 'python_setup_py'
[0.641s] Level 1:colcon.colcon_core.package_identification:_identify(build) by extensions ['ignore', 'ignore_ament_install']
[0.641s] Level 1:colcon.colcon_core.package_identification:_identify(build) by extension 'ignore'
[0.641s] Level 1:colcon.colcon_core.package_identification:_identify(build) ignored
[0.641s] Level 1:colcon.colcon_core.package_identification:_identify(install) by extensions ['ignore', 'ignore_ament_install']
[0.642s] Level 1:colcon.colcon_core.package_identification:_identify(install) by extension 'ignore'
[0.642s] Level 1:colcon.colcon_core.package_identification:_identify(install) ignored
[0.642s] Level 1:colcon.colcon_core.package_identification:_identify(log) by extensions ['ignore', 'ignore_ament_install']
[0.642s] Level 1:colcon.colcon_core.package_identification:_identify(log) by extension 'ignore'
[0.642s] Level 1:colcon.colcon_core.package_identification:_identify(log) ignored
[0.642s] Level 1:colcon.colcon_core.package_identification:_identify(src) by extensions ['ignore', 'ignore_ament_install']
[0.642s] Level 1:colcon.colcon_core.package_identification:_identify(src) by extension 'ignore'
[0.642s] Level 1:colcon.colcon_core.package_identification:_identify(src) by extension 'ignore_ament_install'
[0.642s] Level 1:colcon.colcon_core.package_identification:_identify(src) by extensions ['colcon_pkg']
[0.642s] Level 1:colcon.colcon_core.package_identification:_identify(src) by extension 'colcon_pkg'
[0.642s] Level 1:colcon.colcon_core.package_identification:_identify(src) by extensions ['colcon_meta']
[0.642s] Level 1:colcon.colcon_core.package_identification:_identify(src) by extension 'colcon_meta'
[0.642s] Level 1:colcon.colcon_core.package_identification:_identify(src) by extensions ['ros']
[0.642s] Level 1:colcon.colcon_core.package_identification:_identify(src) by extension 'ros'
[0.642s] Level 1:colcon.colcon_core.package_identification:_identify(src) by extensions ['cmake', 'python']
[0.642s] Level 1:colcon.colcon_core.package_identification:_identify(src) by extension 'cmake'
[0.642s] Level 1:colcon.colcon_core.package_identification:_identify(src) by extension 'python'
[0.642s] Level 1:colcon.colcon_core.package_identification:_identify(src) by extensions ['python_setup_py']
[0.642s] Level 1:colcon.colcon_core.package_identification:_identify(src) by extension 'python_setup_py'
[0.642s] Level 1:colcon.colcon_core.package_identification:_identify(src/move_bot) by extensions ['ignore', 'ignore_ament_install']
[0.643s] Level 1:colcon.colcon_core.package_identification:_identify(src/move_bot) by extension 'ignore'
[0.643s] Level 1:colcon.colcon_core.package_identification:_identify(src/move_bot) by extension 'ignore_ament_install'
[0.643s] Level 1:colcon.colcon_core.package_identification:_identify(src/move_bot) by extensions ['colcon_pkg']
[0.643s] Level 1:colcon.colcon_core.package_identification:_identify(src/move_bot) by extension 'colcon_pkg'
[0.643s] Level 1:colcon.colcon_core.package_identification:_identify(src/move_bot) by extensions ['colcon_meta']
[0.643s] Level 1:colcon.colcon_core.package_identification:_identify(src/move_bot) by extension 'colcon_meta'
[0.643s] Level 1:colcon.colcon_core.package_identification:_identify(src/move_bot) by extensions ['ros']
[0.643s] Level 1:colcon.colcon_core.package_identification:_identify(src/move_bot) by extension 'ros'
[0.646s] DEBUG:colcon.colcon_core.package_identification:Package 'src/move_bot' with type 'ros.ament_cmake' and name 'move_bot'
[0.646s] Level 1:colcon.colcon_core.package_identification:_identify(src/mpu) by extensions ['ignore', 'ignore_ament_install']
[0.646s] Level 1:colcon.colcon_core.package_identification:_identify(src/mpu) by extension 'ignore'
[0.646s] Level 1:colcon.colcon_core.package_identification:_identify(src/mpu) by extension 'ignore_ament_install'
[0.646s] Level 1:colcon.colcon_core.package_identification:_identify(src/mpu) by extensions ['colcon_pkg']
[0.646s] Level 1:colcon.colcon_core.package_identification:_identify(src/mpu) by extension 'colcon_pkg'
[0.646s] Level 1:colcon.colcon_core.package_identification:_identify(src/mpu) by extensions ['colcon_meta']
[0.646s] Level 1:colcon.colcon_core.package_identification:_identify(src/mpu) by extension 'colcon_meta'
[0.646s] Level 1:colcon.colcon_core.package_identification:_identify(src/mpu) by extensions ['ros']
[0.646s] Level 1:colcon.colcon_core.package_identification:_identify(src/mpu) by extension 'ros'
[0.647s] DEBUG:colcon.colcon_core.package_identification:Package 'src/mpu' with type 'ros.catkin' and name 'mpu'
[0.647s] Level 1:colcon.colcon_core.package_identification:_identify(src/tfmini_s) by extensions ['ignore', 'ignore_ament_install']
[0.647s] Level 1:colcon.colcon_core.package_identification:_identify(src/tfmini_s) by extension 'ignore'
[0.647s] Level 1:colcon.colcon_core.package_identification:_identify(src/tfmini_s) by extension 'ignore_ament_install'
[0.647s] Level 1:colcon.colcon_core.package_identification:_identify(src/tfmini_s) by extensions ['colcon_pkg']
[0.647s] Level 1:colcon.colcon_core.package_identification:_identify(src/tfmini_s) by extension 'colcon_pkg'
[0.647s] Level 1:colcon.colcon_core.package_identification:_identify(src/tfmini_s) by extensions ['colcon_meta']
[0.647s] Level 1:colcon.colcon_core.package_identification:_identify(src/tfmini_s) by extension 'colcon_meta'
[0.647s] Level 1:colcon.colcon_core.package_identification:_identify(src/tfmini_s) by extensions ['ros']
[0.647s] Level 1:colcon.colcon_core.package_identification:_identify(src/tfmini_s) by extension 'ros'
[0.647s] DEBUG:colcon.colcon_core.package_identification:Package 'src/tfmini_s' with type 'ros.ament_python' and name 'tfmini_s'
[0.648s] Level 1:colcon.colcon_core.package_discovery:discover_packages(recursive) using defaults
[0.648s] Level 1:colcon.colcon_core.package_discovery:discover_packages(ignore) discover
[0.648s] Level 1:colcon.colcon_core.package_discovery:discover_packages(ignore) using defaults
[0.648s] Level 1:colcon.colcon_core.package_discovery:discover_packages(path) discover
[0.648s] Level 1:colcon.colcon_core.package_discovery:discover_packages(path) using defaults
[0.695s] INFO:colcon.colcon_core.package_selection:Skipping not selected package 'move_bot' in 'src/move_bot'
[0.695s] INFO:colcon.colcon_core.package_selection:Skipping not selected package 'tfmini_s' in 'src/tfmini_s'
[0.696s] Level 5:colcon.colcon_core.verb:set package 'mpu' build argument 'cmake_args' from command line to 'None'
[0.696s] Level 5:colcon.colcon_core.verb:set package 'mpu' build argument 'cmake_target' from command line to 'None'
[0.696s] Level 5:colcon.colcon_core.verb:set package 'mpu' build argument 'cmake_target_skip_unavailable' from command line to 'False'
[0.696s] Level 5:colcon.colcon_core.verb:set package 'mpu' build argument 'cmake_clean_cache' from command line to 'True'
[0.696s] Level 5:colcon.colcon_core.verb:set package 'mpu' build argument 'cmake_clean_first' from command line to 'False'
[0.696s] Level 5:colcon.colcon_core.verb:set package 'mpu' build argument 'cmake_force_configure' from command line to 'False'
[0.696s] Level 5:colcon.colcon_core.verb:set package 'mpu' build argument 'ament_cmake_args' from command line to 'None'
[0.696s] Level 5:colcon.colcon_core.verb:set package 'mpu' build argument 'catkin_cmake_args' from command line to 'None'
[0.696s] Level 5:colcon.colcon_core.verb:set package 'mpu' build argument 'catkin_skip_building_tests' from command line to 'False'
[0.696s] DEBUG:colcon.colcon_core.verb:Building package 'mpu' with the following arguments: {'ament_cmake_args': None, 'build_base': '/home/taylor/Buddy_Bot/buddybot/ros2_workspace/build/mpu', 'catkin_cmake_args': None, 'catkin_skip_building_tests': False, 'cmake_args': None, 'cmake_clean_cache': True, 'cmake_clean_first': False, 'cmake_force_configure': False, 'cmake_target': None, 'cmake_target_skip_unavailable': False, 'install_base': '/home/taylor/Buddy_Bot/buddybot/ros2_workspace/install/mpu', 'merge_install': False, 'path': '/home/taylor/Buddy_Bot/buddybot/ros2_workspace/src/mpu', 'symlink_install': False, 'test_result_base': None}
[0.697s] INFO:colcon.colcon_core.executor:Executing jobs using 'parallel' executor
[0.700s] DEBUG:colcon.colcon_parallel_executor.executor.parallel:run_until_complete
[0.700s] INFO:colcon.colcon_ros.task.catkin.build:Building ROS package in '/home/taylor/Buddy_Bot/buddybot/ros2_workspace/src/mpu' with build type 'catkin'
[0.700s] INFO:colcon.colcon_cmake.task.cmake.build:Building CMake package in '/home/taylor/Buddy_Bot/buddybot/ros2_workspace/src/mpu'
[0.708s] INFO:colcon.colcon_core.plugin_system:Skipping extension 'colcon_core.shell.bat': Not used on non-Windows systems
[0.708s] DEBUG:colcon.colcon_core.shell:Skip shell extension 'dsv' for command environment
[0.709s] WARNING:colcon.colcon_ros.prefix_path.ament:The path '/home/taylor/Buddy_Bot/buddybot/ros2_workspace/install/vision_opencv' in the environment variable AMENT_PREFIX_PATH doesn't exist
[0.710s] WARNING:colcon.colcon_ros.prefix_path.ament:The path '/home/taylor/Buddy_Bot/buddybot/ros2_workspace/install/tfmini_s' in the environment variable AMENT_PREFIX_PATH doesn't exist
[0.710s] WARNING:colcon.colcon_ros.prefix_path.ament:The path '/home/taylor/Buddy_Bot/buddybot/ros2_workspace/install/diagnostics' in the environment variable AMENT_PREFIX_PATH doesn't exist
[0.710s] WARNING:colcon.colcon_ros.prefix_path.ament:The path '/home/taylor/Buddy_Bot/buddybot/ros2_workspace/install/self_test' in the environment variable AMENT_PREFIX_PATH doesn't exist
[0.710s] WARNING:colcon.colcon_ros.prefix_path.ament:The path '/home/taylor/Buddy_Bot/buddybot/ros2_workspace/install/rtabmap_odom' in the environment variable AMENT_PREFIX_PATH doesn't exist
[0.710s] WARNING:colcon.colcon_ros.prefix_path.ament:The path '/home/taylor/Buddy_Bot/buddybot/ros2_workspace/install/rtabmap_util' in the environment variable AMENT_PREFIX_PATH doesn't exist
[0.710s] WARNING:colcon.colcon_ros.prefix_path.ament:The path '/home/taylor/Buddy_Bot/buddybot/ros2_workspace/install/rtabmap_sync' in the environment variable AMENT_PREFIX_PATH doesn't exist
[0.710s] WARNING:colcon.colcon_ros.prefix_path.ament:The path '/home/taylor/Buddy_Bot/buddybot/ros2_workspace/install/rtabmap_rviz_plugins' in the environment variable AMENT_PREFIX_PATH doesn't exist
[0.710s] WARNING:colcon.colcon_ros.prefix_path.ament:The path '/home/taylor/Buddy_Bot/buddybot/ros2_workspace/install/rtabmap_python' in the environment variable AMENT_PREFIX_PATH doesn't exist
[0.710s] WARNING:colcon.colcon_ros.prefix_path.ament:The path '/home/taylor/Buddy_Bot/buddybot/ros2_workspace/install/rtabmap_conversions' in the environment variable AMENT_PREFIX_PATH doesn't exist
[0.710s] WARNING:colcon.colcon_ros.prefix_path.ament:The path '/home/taylor/Buddy_Bot/buddybot/ros2_workspace/install/rtabmap_msgs' in the environment variable AMENT_PREFIX_PATH doesn't exist
[0.710s] WARNING:colcon.colcon_ros.prefix_path.ament:The path '/home/taylor/Buddy_Bot/buddybot/ros2_workspace/install/perception_pcl' in the environment variable AMENT_PREFIX_PATH doesn't exist
[0.710s] WARNING:colcon.colcon_ros.prefix_path.ament:The path '/home/taylor/Buddy_Bot/buddybot/ros2_workspace/install/pcl_ros' in the environment variable AMENT_PREFIX_PATH doesn't exist
[0.710s] WARNING:colcon.colcon_ros.prefix_path.ament:The path '/home/taylor/Buddy_Bot/buddybot/ros2_workspace/install/pcl_conversions' in the environment variable AMENT_PREFIX_PATH doesn't exist
[0.710s] WARNING:colcon.colcon_ros.prefix_path.ament:The path '/home/taylor/Buddy_Bot/buddybot/ros2_workspace/install/pcl_msgs' in the environment variable AMENT_PREFIX_PATH doesn't exist
[0.710s] WARNING:colcon.colcon_ros.prefix_path.ament:The path '/home/taylor/Buddy_Bot/buddybot/ros2_workspace/install/opencv_tests' in the environment variable AMENT_PREFIX_PATH doesn't exist
[0.710s] WARNING:colcon.colcon_ros.prefix_path.ament:The path '/home/taylor/Buddy_Bot/buddybot/ros2_workspace/install/move_bot' in the environment variable AMENT_PREFIX_PATH doesn't exist
[0.710s] WARNING:colcon.colcon_ros.prefix_path.ament:The path '/home/taylor/Buddy_Bot/buddybot/ros2_workspace/install/image_geometry' in the environment variable AMENT_PREFIX_PATH doesn't exist
[0.710s] WARNING:colcon.colcon_ros.prefix_path.ament:The path '/home/taylor/Buddy_Bot/buddybot/ros2_workspace/install/diagnostic_common_diagnostics' in the environment variable AMENT_PREFIX_PATH doesn't exist
[0.710s] WARNING:colcon.colcon_ros.prefix_path.ament:The path '/home/taylor/Buddy_Bot/buddybot/ros2_workspace/install/diagnostic_updater' in the environment variable AMENT_PREFIX_PATH doesn't exist
[0.710s] WARNING:colcon.colcon_ros.prefix_path.ament:The path '/home/taylor/Buddy_Bot/buddybot/ros2_workspace/install/diagnostic_aggregator' in the environment variable AMENT_PREFIX_PATH doesn't exist
[0.710s] WARNING:colcon.colcon_ros.prefix_path.ament:The path '/home/taylor/Buddy_Bot/buddybot/ros2_workspace/install/cv_bridge' in the environment variable AMENT_PREFIX_PATH doesn't exist
[0.720s] WARNING:colcon.colcon_ros.prefix_path.catkin:The path '/home/taylor/Buddy_Bot/buddybot/ros2_workspace/install/vision_opencv' in the environment variable CMAKE_PREFIX_PATH doesn't exist
[0.720s] WARNING:colcon.colcon_ros.prefix_path.catkin:The path '/home/taylor/Buddy_Bot/buddybot/ros2_workspace/install/diagnostics' in the environment variable CMAKE_PREFIX_PATH doesn't exist
[0.720s] WARNING:colcon.colcon_ros.prefix_path.catkin:The path '/home/taylor/Buddy_Bot/buddybot/ros2_workspace/install/self_test' in the environment variable CMAKE_PREFIX_PATH doesn't exist
[0.720s] WARNING:colcon.colcon_ros.prefix_path.catkin:The path '/home/taylor/Buddy_Bot/buddybot/ros2_workspace/install/rtabmap_odom' in the environment variable CMAKE_PREFIX_PATH doesn't exist
[0.720s] WARNING:colcon.colcon_ros.prefix_path.catkin:The path '/home/taylor/Buddy_Bot/buddybot/ros2_workspace/install/rtabmap_util' in the environment variable CMAKE_PREFIX_PATH doesn't exist
[0.720s] WARNING:colcon.colcon_ros.prefix_path.catkin:The path '/home/taylor/Buddy_Bot/buddybot/ros2_workspace/install/rtabmap_sync' in the environment variable CMAKE_PREFIX_PATH doesn't exist
[0.720s] WARNING:colcon.colcon_ros.prefix_path.catkin:The path '/home/taylor/Buddy_Bot/buddybot/ros2_workspace/install/rtabmap_rviz_plugins' in the environment variable CMAKE_PREFIX_PATH doesn't exist
[0.720s] WARNING:colcon.colcon_ros.prefix_path.catkin:The path '/home/taylor/Buddy_Bot/buddybot/ros2_workspace/install/rtabmap_conversions' in the environment variable CMAKE_PREFIX_PATH doesn't exist
[0.720s] WARNING:colcon.colcon_ros.prefix_path.catkin:The path '/home/taylor/Buddy_Bot/buddybot/ros2_workspace/install/rtabmap_msgs' in the environment variable CMAKE_PREFIX_PATH doesn't exist
[0.720s] WARNING:colcon.colcon_ros.prefix_path.catkin:The path '/home/taylor/Buddy_Bot/buddybot/ros2_workspace/install/perception_pcl' in the environment variable CMAKE_PREFIX_PATH doesn't exist
[0.720s] WARNING:colcon.colcon_ros.prefix_path.catkin:The path '/home/taylor/Buddy_Bot/buddybot/ros2_workspace/install/pcl_ros' in the environment variable CMAKE_PREFIX_PATH doesn't exist
[0.720s] WARNING:colcon.colcon_ros.prefix_path.catkin:The path '/home/taylor/Buddy_Bot/buddybot/ros2_workspace/install/pcl_conversions' in the environment variable CMAKE_PREFIX_PATH doesn't exist
[0.720s] WARNING:colcon.colcon_ros.prefix_path.catkin:The path '/home/taylor/Buddy_Bot/buddybot/ros2_workspace/install/pcl_msgs' in the environment variable CMAKE_PREFIX_PATH doesn't exist
[0.720s] WARNING:colcon.colcon_ros.prefix_path.catkin:The path '/home/taylor/Buddy_Bot/buddybot/ros2_workspace/install/move_bot' in the environment variable CMAKE_PREFIX_PATH doesn't exist
[0.720s] WARNING:colcon.colcon_ros.prefix_path.catkin:The path '/home/taylor/Buddy_Bot/buddybot/ros2_workspace/install/image_geometry' in the environment variable CMAKE_PREFIX_PATH doesn't exist
[0.720s] WARNING:colcon.colcon_ros.prefix_path.catkin:The path '/home/taylor/Buddy_Bot/buddybot/ros2_workspace/install/diagnostic_common_diagnostics' in the environment variable CMAKE_PREFIX_PATH doesn't exist
[0.720s] WARNING:colcon.colcon_ros.prefix_path.catkin:The path '/home/taylor/Buddy_Bot/buddybot/ros2_workspace/install/diagnostic_updater' in the environment variable CMAKE_PREFIX_PATH doesn't exist
[0.720s] WARNING:colcon.colcon_ros.prefix_path.catkin:The path '/home/taylor/Buddy_Bot/buddybot/ros2_workspace/install/diagnostic_aggregator' in the environment variable CMAKE_PREFIX_PATH doesn't exist
[0.720s] WARNING:colcon.colcon_ros.prefix_path.catkin:The path '/home/taylor/Buddy_Bot/buddybot/ros2_workspace/install/cv_bridge' in the environment variable CMAKE_PREFIX_PATH doesn't exist
[0.741s] DEBUG:colcon.colcon_core.event_handler.log_command:Invoking command in '/home/taylor/Buddy_Bot/buddybot/ros2_workspace/build/mpu': /usr/bin/cmake /home/taylor/Buddy_Bot/buddybot/ros2_workspace/src/mpu -DCATKIN_INSTALL_INTO_PREFIX_ROOT=0 -DCMAKE_INSTALL_PREFIX=/home/taylor/Buddy_Bot/buddybot/ros2_workspace/install/mpu
[4.685s] DEBUG:colcon.colcon_core.event_handler.log_command:Invoked command in '/home/taylor/Buddy_Bot/buddybot/ros2_workspace/build/mpu' returned '1': /usr/bin/cmake /home/taylor/Buddy_Bot/buddybot/ros2_workspace/src/mpu -DCATKIN_INSTALL_INTO_PREFIX_ROOT=0 -DCMAKE_INSTALL_PREFIX=/home/taylor/Buddy_Bot/buddybot/ros2_workspace/install/mpu
[4.712s] Level 1:colcon.colcon_core.environment:create_environment_scripts_only(mpu)
[4.720s] Level 1:colcon.colcon_core.environment:checking '/home/taylor/Buddy_Bot/buddybot/ros2_workspace/install/mpu' for CMake module files
[4.720s] Level 1:colcon.colcon_core.environment:checking '/home/taylor/Buddy_Bot/buddybot/ros2_workspace/install/mpu' for CMake config files
[4.721s] Level 1:colcon.colcon_core.environment:checking '/home/taylor/Buddy_Bot/buddybot/ros2_workspace/install/mpu/bin'
[4.721s] Level 1:colcon.colcon_core.environment:checking '/home/taylor/Buddy_Bot/buddybot/ros2_workspace/install/mpu/lib/pkgconfig/mpu.pc'
[4.724s] Level 1:colcon.colcon_core.environment:checking '/home/taylor/Buddy_Bot/buddybot/ros2_workspace/install/mpu/lib/python3.11/site-packages'
[4.725s] Level 1:colcon.colcon_core.environment:checking '/home/taylor/Buddy_Bot/buddybot/ros2_workspace/install/mpu/bin'
[4.725s] INFO:colcon.colcon_core.shell:Creating package descriptor '/home/taylor/Buddy_Bot/buddybot/ros2_workspace/install/mpu/share/mpu/package.dsv'
[4.726s] INFO:colcon.colcon_core.shell:Creating package script '/home/taylor/Buddy_Bot/buddybot/ros2_workspace/install/mpu/share/mpu/package.sh'
[4.727s] INFO:colcon.colcon_core.shell:Creating package script '/home/taylor/Buddy_Bot/buddybot/ros2_workspace/install/mpu/share/mpu/package.bash'
[4.727s] INFO:colcon.colcon_core.shell:Creating package script '/home/taylor/Buddy_Bot/buddybot/ros2_workspace/install/mpu/share/mpu/package.zsh'
[4.728s] Level 1:colcon.colcon_core.environment:create_file_with_runtime_dependencies(/home/taylor/Buddy_Bot/buddybot/ros2_workspace/install/mpu/share/colcon-core/packages/mpu)
[4.738s] DEBUG:colcon.colcon_parallel_executor.executor.parallel:closing loop
[4.739s] DEBUG:colcon.colcon_parallel_executor.executor.parallel:loop closed
[4.739s] DEBUG:colcon.colcon_parallel_executor.executor.parallel:run_until_complete finished with '1'
[4.739s] DEBUG:colcon.colcon_core.event_reactor:joining thread
[4.753s] INFO:colcon.colcon_core.plugin_system:Skipping extension 'colcon_notification.desktop_notification.notify_send': Could not find 'notify-send'
[4.753s] INFO:colcon.colcon_core.plugin_system:Skipping extension 'colcon_notification.desktop_notification.terminal_notifier': Not used on non-Darwin systems
[4.753s] INFO:colcon.colcon_core.plugin_system:Skipping extension 'colcon_notification.desktop_notification.win32': Not used on non-Windows systems
[4.753s] INFO:colcon.colcon_notification.desktop_notification:Sending desktop notification using 'notify2'
[4.754s] DEBUG:colcon.colcon_notification.desktop_notification.notify2:Failed to initialize notify2: org.freedesktop.DBus.Error.ServiceUnknown: The name org.freedesktop.Notifications was not provided by any .service files
[4.755s] DEBUG:colcon.colcon_core.event_reactor:joined thread
[4.755s] INFO:colcon.colcon_core.shell:Creating prefix script '/home/taylor/Buddy_Bot/buddybot/ros2_workspace/install/local_setup.sh'
[4.756s] INFO:colcon.colcon_core.shell:Creating prefix util module '/home/taylor/Buddy_Bot/buddybot/ros2_workspace/install/_local_setup_util_sh.py'
[4.757s] INFO:colcon.colcon_core.shell:Creating prefix chain script '/home/taylor/Buddy_Bot/buddybot/ros2_workspace/install/setup.sh'
[4.770s] INFO:colcon.colcon_core.shell:Creating prefix script '/home/taylor/Buddy_Bot/buddybot/ros2_workspace/install/local_setup.bash'
[4.770s] INFO:colcon.colcon_core.shell:Creating prefix chain script '/home/taylor/Buddy_Bot/buddybot/ros2_workspace/install/setup.bash'
[4.782s] INFO:colcon.colcon_core.shell:Creating prefix script '/home/taylor/Buddy_Bot/buddybot/ros2_workspace/install/local_setup.zsh'
[4.783s] INFO:colcon.colcon_core.shell:Creating prefix chain script '/home/taylor/Buddy_Bot/buddybot/ros2_workspace/install/setup.zsh'
