[0.051s] Invoking command in '/home/taylor/Buddy_Bot/buddybot/ros2_workspace/build/tfmini_ros': /usr/bin/cmake /home/taylor/Buddy_Bot/buddybot/ros2_workspace/src/tfmini_ros -DCATKIN_INSTALL_INTO_PREFIX_ROOT=0 -DCMAKE_INSTALL_PREFIX=/home/taylor/Buddy_Bot/buddybot/ros2_workspace/install/tfmini_ros
[0.083s] [0mCMake Deprecation Warning at CMakeLists.txt:1 (cmake_minimum_required):
[0.083s]   Compatibility with CMake < 2.8.12 will be removed from a future version of
[0.083s]   CMake.
[0.083s] 
[0.083s]   Update the VERSION argument <min> value or use a ...<max> suffix to tell
[0.083s]   CMake that the project does not need compatibility with older versions.
[0.084s] 
[0.084s] [0m
[0.199s] -- The C compiler identification is GNU 12.2.0
[0.295s] -- The CXX compiler identification is GNU 12.2.0
[0.313s] -- Detecting C compiler ABI info
[0.529s] -- Detecting C compiler ABI info - done
[0.545s] -- Check for working C compiler: /usr/bin/cc - skipped
[0.545s] -- Detecting C compile features
[0.546s] -- Detecting C compile features - done
[0.555s] -- Detecting CXX compiler ABI info
[0.832s] -- Detecting CXX compiler ABI info - done
[0.846s] -- Check for working CXX compiler: /usr/bin/c++ - skipped
[0.847s] -- Detecting CXX compile features
[0.849s] -- Detecting CXX compile features - done
[0.875s] [31mCMake Error at CMakeLists.txt:7 (find_package):
[0.876s]   By not providing "Findcatkin.cmake" in CMAKE_MODULE_PATH this project has
[0.876s]   asked CMake to find a package configuration file provided by "catkin", but
[0.876s]   CMake did not find one.
[0.876s] 
[0.876s]   Could not find a package configuration file provided by "catkin" with any
[0.876s]   of the following names:
[0.876s] 
[0.876s]     catkinConfig.cmake
[0.876s]     catkin-config.cmake
[0.876s] 
[0.876s]   Add the installation prefix of "catkin" to CMAKE_PREFIX_PATH or set
[0.877s] -- Configuring incomplete, errors occurred!
[0.877s] See also "/home/taylor/Buddy_Bot/buddybot/ros2_workspace/build/tfmini_ros/CMakeFiles/CMakeOutput.log".
[0.877s]   "catkin_DIR" to a directory containing one of the above files.  If "catkin"
[0.877s]   provides a separate development package or SDK, be sure it has been
[0.877s]   installed.
[0.877s] 
[0.877s] [0m
[0.888s] Invoked command in '/home/taylor/Buddy_Bot/buddybot/ros2_workspace/build/tfmini_ros' returned '1': /usr/bin/cmake /home/taylor/Buddy_Bot/buddybot/ros2_workspace/src/tfmini_ros -DCATKIN_INSTALL_INTO_PREFIX_ROOT=0 -DCMAKE_INSTALL_PREFIX=/home/taylor/Buddy_Bot/buddybot/ros2_workspace/install/tfmini_ros
