[3.253s] Invoking command in '/home/taylor/Buddy_Bot/buddybot/ros2_workspace/src/tfmini_s': PYTHONPATH=/home/taylor/Buddy_Bot/buddybot/ros2_workspace/build/tfmini_s/prefix_override:/home/taylor/Buddy_Bot/buddybot/ros2_workspace/install/tfmini_s/lib/python3.11/site-packages:${PYTHONPATH} /usr/bin/python3 setup.py egg_info --egg-base ../../build/tfmini_s build --build-base /home/taylor/Buddy_Bot/buddybot/ros2_workspace/build/tfmini_s/build install --record /home/taylor/Buddy_Bot/buddybot/ros2_workspace/build/tfmini_s/install.log --single-version-externally-managed
[4.222s] running egg_info
[4.222s] creating ../../build/tfmini_s/tfmini_s.egg-info
[4.262s] writing ../../build/tfmini_s/tfmini_s.egg-info/PKG-INFO
[4.264s] writing dependency_links to ../../build/tfmini_s/tfmini_s.egg-info/dependency_links.txt
[4.264s] writing entry points to ../../build/tfmini_s/tfmini_s.egg-info/entry_points.txt
[4.264s] writing requirements to ../../build/tfmini_s/tfmini_s.egg-info/requires.txt
[4.264s] writing top-level names to ../../build/tfmini_s/tfmini_s.egg-info/top_level.txt
[4.264s] writing manifest file '../../build/tfmini_s/tfmini_s.egg-info/SOURCES.txt'
[4.338s] reading manifest file '../../build/tfmini_s/tfmini_s.egg-info/SOURCES.txt'
[4.341s] writing manifest file '../../build/tfmini_s/tfmini_s.egg-info/SOURCES.txt'
[4.341s] running build
[4.341s] running build_py
[4.341s] creating /home/taylor/Buddy_Bot/buddybot/ros2_workspace/build/tfmini_s/build
[4.341s] creating /home/taylor/Buddy_Bot/buddybot/ros2_workspace/build/tfmini_s/build/lib
[4.341s] creating /home/taylor/Buddy_Bot/buddybot/ros2_workspace/build/tfmini_s/build/lib/tfmini_s
[4.341s] copying tfmini_s/__init__.py -> /home/taylor/Buddy_Bot/buddybot/ros2_workspace/build/tfmini_s/build/lib/tfmini_s
[4.341s] copying tfmini_s/tfmini_s_node.py -> /home/taylor/Buddy_Bot/buddybot/ros2_workspace/build/tfmini_s/build/lib/tfmini_s
[4.341s] running install
[4.341s] /usr/lib/python3/dist-packages/setuptools/command/install.py:34: SetuptoolsDeprecationWarning: setup.py install is deprecated. Use build and pip and other standards-based tools.
[4.341s]   warnings.warn(
[4.353s] running install_lib
[4.397s] creating /home/taylor/Buddy_Bot/buddybot/ros2_workspace/install/tfmini_s/lib/python3.11/site-packages/tfmini_s
[4.397s] copying /home/taylor/Buddy_Bot/buddybot/ros2_workspace/build/tfmini_s/build/lib/tfmini_s/__init__.py -> /home/taylor/Buddy_Bot/buddybot/ros2_workspace/install/tfmini_s/lib/python3.11/site-packages/tfmini_s
[4.397s] copying /home/taylor/Buddy_Bot/buddybot/ros2_workspace/build/tfmini_s/build/lib/tfmini_s/tfmini_s_node.py -> /home/taylor/Buddy_Bot/buddybot/ros2_workspace/install/tfmini_s/lib/python3.11/site-packages/tfmini_s
[4.397s] byte-compiling /home/taylor/Buddy_Bot/buddybot/ros2_workspace/install/tfmini_s/lib/python3.11/site-packages/tfmini_s/__init__.py to __init__.cpython-311.pyc
[4.397s] byte-compiling /home/taylor/Buddy_Bot/buddybot/ros2_workspace/install/tfmini_s/lib/python3.11/site-packages/tfmini_s/tfmini_s_node.py to tfmini_s_node.cpython-311.pyc
[4.397s] running install_data
[4.439s] creating /home/taylor/Buddy_Bot/buddybot/ros2_workspace/install/tfmini_s/share/ament_index
[4.439s] creating /home/taylor/Buddy_Bot/buddybot/ros2_workspace/install/tfmini_s/share/ament_index/resource_index
[4.439s] creating /home/taylor/Buddy_Bot/buddybot/ros2_workspace/install/tfmini_s/share/ament_index/resource_index/packages
[4.439s] copying resource/tfmini_s -> /home/taylor/Buddy_Bot/buddybot/ros2_workspace/install/tfmini_s/share/ament_index/resource_index/packages
[4.439s] copying package.xml -> /home/taylor/Buddy_Bot/buddybot/ros2_workspace/install/tfmini_s/share/tfmini_s
[4.440s] running install_egg_info
[4.545s] Copying ../../build/tfmini_s/tfmini_s.egg-info to /home/taylor/Buddy_Bot/buddybot/ros2_workspace/install/tfmini_s/lib/python3.11/site-packages/tfmini_s-0.0.0-py3.11.egg-info
[4.547s] running install_scripts
[4.717s] Installing tfmini_s_node script to /home/taylor/Buddy_Bot/buddybot/ros2_workspace/install/tfmini_s/lib/tfmini_s
[4.720s] writing list of installed files to '/home/taylor/Buddy_Bot/buddybot/ros2_workspace/build/tfmini_s/install.log'
