[0.041s] Invoking command in '/home/taylor/Buddy_Bot/buddybot/ros2_workspace/build/mpu': /usr/bin/cmake /home/taylor/Buddy_Bot/buddybot/ros2_workspace/src/mpu -DCATKIN_INSTALL_INTO_PREFIX_ROOT=0 -DCMAKE_INSTALL_PREFIX=/home/taylor/Buddy_Bot/buddybot/ros2_workspace/install/mpu
[0.173s] -- The C compiler identification is GNU 12.2.0
[0.262s] -- The CXX compiler identification is GNU 12.2.0
[0.279s] -- Detecting C compiler ABI info
[0.453s] -- Detecting C compiler ABI info - done
[0.473s] -- Check for working C compiler: /usr/bin/cc - skipped
[0.473s] -- Detecting C compile features
[0.473s] -- Detecting C compile features - done
[0.479s] -- Detecting CXX compiler ABI info
[0.678s] -- Detecting CXX compiler ABI info - done
[0.689s] -- Check for working CXX compiler: /usr/bin/c++ - skipped
[0.690s] -- Detecting CXX compile features
[0.691s] -- Detecting CXX compile features - done
[0.708s] -- Found ament_cmake: 2.0.4 (/home/taylor/ros2_iron/install/ament_cmake/share/ament_cmake/cmake)
[2.603s] -- Found Python3: /usr/bin/python3 (found version "3.11.2") found components: Interpreter 
[3.104s] -- Found rclpy: 4.1.4 (/home/taylor/ros2_iron/install/rclpy/share/rclpy/cmake)
[3.106s] -- Found std_msgs: 5.0.0 (/home/taylor/ros2_iron/install/std_msgs/share/std_msgs/cmake)
[3.271s] -- Found rosidl_generator_c: 4.0.1 (/home/taylor/ros2_iron/install/rosidl_generator_c/share/rosidl_generator_c/cmake)
[3.323s] -- Found rosidl_generator_cpp: 4.0.1 (/home/taylor/ros2_iron/install/rosidl_generator_cpp/share/rosidl_generator_cpp/cmake)
[3.429s] -- Using all available rosidl_typesupport_c: rosidl_typesupport_introspection_c;rosidl_typesupport_fastrtps_c
[3.538s] -- Using all available rosidl_typesupport_cpp: rosidl_typesupport_introspection_cpp;rosidl_typesupport_fastrtps_cpp
[4.324s] -- Configuring done
[4.330s] -- Generating done
[4.331s] [33mCMake Warning:
[4.331s]   Manually-specified variables were not used by the project:
[4.331s] 
[4.331s]     CATKIN_INSTALL_INTO_PREFIX_ROOT
[4.331s] 
[4.331s] [0m
[4.331s] -- Build files have been written to: /home/taylor/Buddy_Bot/buddybot/ros2_workspace/build/mpu
[4.339s] Invoked command in '/home/taylor/Buddy_Bot/buddybot/ros2_workspace/build/mpu' returned '0': /usr/bin/cmake /home/taylor/Buddy_Bot/buddybot/ros2_workspace/src/mpu -DCATKIN_INSTALL_INTO_PREFIX_ROOT=0 -DCMAKE_INSTALL_PREFIX=/home/taylor/Buddy_Bot/buddybot/ros2_workspace/install/mpu
[4.344s] Invoking command in '/home/taylor/Buddy_Bot/buddybot/ros2_workspace/build/mpu': /usr/bin/cmake --build /home/taylor/Buddy_Bot/buddybot/ros2_workspace/build/mpu -- -j4 -l4
[4.498s] Built target ament_cmake_python_copy_mpu
[5.293s] running egg_info
[5.294s] creating mpu.egg-info
[5.329s] writing mpu.egg-info/PKG-INFO
[5.329s] writing dependency_links to mpu.egg-info/dependency_links.txt
[5.329s] writing top-level names to mpu.egg-info/top_level.txt
[5.329s] writing manifest file 'mpu.egg-info/SOURCES.txt'
[5.443s] reading manifest file 'mpu.egg-info/SOURCES.txt'
[5.444s] writing manifest file 'mpu.egg-info/SOURCES.txt'
[5.587s] Built target ament_cmake_python_build_mpu_egg
[5.609s] Invoked command in '/home/taylor/Buddy_Bot/buddybot/ros2_workspace/build/mpu' returned '0': /usr/bin/cmake --build /home/taylor/Buddy_Bot/buddybot/ros2_workspace/build/mpu -- -j4 -l4
[5.776s] Invoking command in '/home/taylor/Buddy_Bot/buddybot/ros2_workspace/build/mpu': /usr/bin/cmake --install /home/taylor/Buddy_Bot/buddybot/ros2_workspace/build/mpu
[5.795s] -- Install configuration: ""
[5.796s] -- Installing: /home/taylor/Buddy_Bot/buddybot/ros2_workspace/install/mpu/share/mpu/environment/pythonpath.sh
[5.796s] -- Installing: /home/taylor/Buddy_Bot/buddybot/ros2_workspace/install/mpu/share/mpu/environment/pythonpath.dsv
[5.797s] -- Installing: /home/taylor/Buddy_Bot/buddybot/ros2_workspace/install/mpu/lib/python3.11/site-packages/mpu-0.0.1-py3.11.egg-info
[5.797s] -- Installing: /home/taylor/Buddy_Bot/buddybot/ros2_workspace/install/mpu/lib/python3.11/site-packages/mpu-0.0.1-py3.11.egg-info/PKG-INFO
[5.797s] -- Installing: /home/taylor/Buddy_Bot/buddybot/ros2_workspace/install/mpu/lib/python3.11/site-packages/mpu-0.0.1-py3.11.egg-info/top_level.txt
[5.797s] -- Installing: /home/taylor/Buddy_Bot/buddybot/ros2_workspace/install/mpu/lib/python3.11/site-packages/mpu-0.0.1-py3.11.egg-info/dependency_links.txt
[5.797s] -- Installing: /home/taylor/Buddy_Bot/buddybot/ros2_workspace/install/mpu/lib/python3.11/site-packages/mpu-0.0.1-py3.11.egg-info/SOURCES.txt
[5.797s] -- Installing: /home/taylor/Buddy_Bot/buddybot/ros2_workspace/install/mpu/lib/python3.11/site-packages/mpu
[5.797s] -- Installing: /home/taylor/Buddy_Bot/buddybot/ros2_workspace/install/mpu/lib/python3.11/site-packages/mpu/mpupublisher.py
[5.797s] -- Installing: /home/taylor/Buddy_Bot/buddybot/ros2_workspace/install/mpu/lib/python3.11/site-packages/mpu/mpusubscriber.py
[5.797s] -- Installing: /home/taylor/Buddy_Bot/buddybot/ros2_workspace/install/mpu/lib/python3.11/site-packages/mpu/__init__.py
[5.952s] Listing '/home/taylor/Buddy_Bot/buddybot/ros2_workspace/install/mpu/lib/python3.11/site-packages/mpu'...
[5.952s] Compiling '/home/taylor/Buddy_Bot/buddybot/ros2_workspace/install/mpu/lib/python3.11/site-packages/mpu/__init__.py'...
[5.952s] Compiling '/home/taylor/Buddy_Bot/buddybot/ros2_workspace/install/mpu/lib/python3.11/site-packages/mpu/mpupublisher.py'...
[5.953s] Compiling '/home/taylor/Buddy_Bot/buddybot/ros2_workspace/install/mpu/lib/python3.11/site-packages/mpu/mpusubscriber.py'...
[5.964s] -- Installing: /home/taylor/Buddy_Bot/buddybot/ros2_workspace/install/mpu/lib/mpu/mpupublisher.py
[5.964s] -- Installing: /home/taylor/Buddy_Bot/buddybot/ros2_workspace/install/mpu/lib/mpu/mpusubscriber.py
[5.964s] [31mCMake Error at cmake_install.cmake:77 (file):
[5.964s]   file INSTALL cannot find
[5.964s]   "/home/taylor/Buddy_Bot/buddybot/ros2_workspace/src/mpu/launch": No such
[5.967s]   file or directory.
[5.968s] 
[5.969s] [0m
[5.970s] Invoked command in '/home/taylor/Buddy_Bot/buddybot/ros2_workspace/build/mpu' returned '1': /usr/bin/cmake --install /home/taylor/Buddy_Bot/buddybot/ros2_workspace/build/mpu
