[3.002s] Invoking command in '/home/taylor/Buddy_Bot/buddybot/ros2_workspace/src/tfmini_s': PYTHONPATH=/home/taylor/Buddy_Bot/buddybot/ros2_workspace/build/tfmini_s/prefix_override:/home/taylor/Buddy_Bot/buddybot/ros2_workspace/install/tfmini_s/lib/python3.11/site-packages:${PYTHONPATH} /usr/bin/python3 setup.py egg_info --egg-base ../../build/tfmini_s build --build-base /home/taylor/Buddy_Bot/buddybot/ros2_workspace/build/tfmini_s/build install --record /home/taylor/Buddy_Bot/buddybot/ros2_workspace/build/tfmini_s/install.log --single-version-externally-managed
[3.874s] running egg_info
[3.907s] writing ../../build/tfmini_s/tfmini_s.egg-info/PKG-INFO
[3.907s] writing dependency_links to ../../build/tfmini_s/tfmini_s.egg-info/dependency_links.txt
[3.909s] writing entry points to ../../build/tfmini_s/tfmini_s.egg-info/entry_points.txt
[3.910s] writing requirements to ../../build/tfmini_s/tfmini_s.egg-info/requires.txt
[3.911s] writing top-level names to ../../build/tfmini_s/tfmini_s.egg-info/top_level.txt
[3.985s] reading manifest file '../../build/tfmini_s/tfmini_s.egg-info/SOURCES.txt'
[3.987s] writing manifest file '../../build/tfmini_s/tfmini_s.egg-info/SOURCES.txt'
[3.987s] running build
[3.991s] running build_py
[3.991s] running install
[3.991s] /usr/lib/python3/dist-packages/setuptools/command/install.py:34: SetuptoolsDeprecationWarning: setup.py install is deprecated. Use build and pip and other standards-based tools.
[3.991s]   warnings.warn(
[3.999s] running install_lib
[4.041s] running install_data
[4.079s] running install_egg_info
[4.175s] removing '/home/taylor/Buddy_Bot/buddybot/ros2_workspace/install/tfmini_s/lib/python3.11/site-packages/tfmini_s-0.0.0-py3.11.egg-info' (and everything under it)
[4.175s] Copying ../../build/tfmini_s/tfmini_s.egg-info to /home/taylor/Buddy_Bot/buddybot/ros2_workspace/install/tfmini_s/lib/python3.11/site-packages/tfmini_s-0.0.0-py3.11.egg-info
[4.175s] running install_scripts
[4.328s] Installing tfmini_s_node script to /home/taylor/Buddy_Bot/buddybot/ros2_workspace/install/tfmini_s/lib/tfmini_s
[4.328s] writing list of installed files to '/home/taylor/Buddy_Bot/buddybot/ros2_workspace/build/tfmini_s/install.log'
[4.472s] Invoked command in '/home/taylor/Buddy_Bot/buddybot/ros2_workspace/src/tfmini_s' returned '0': PYTHONPATH=/home/taylor/Buddy_Bot/buddybot/ros2_workspace/build/tfmini_s/prefix_override:/home/taylor/Buddy_Bot/buddybot/ros2_workspace/install/tfmini_s/lib/python3.11/site-packages:${PYTHONPATH} /usr/bin/python3 setup.py egg_info --egg-base ../../build/tfmini_s build --build-base /home/taylor/Buddy_Bot/buddybot/ros2_workspace/build/tfmini_s/build install --record /home/taylor/Buddy_Bot/buddybot/ros2_workspace/build/tfmini_s/install.log --single-version-externally-managed
