[5.056s] Invoking command in '/home/taylor/Buddy_Bot/buddybot/ros2_workspace/src/tfmini_s': PYTHONPATH=/home/taylor/Buddy_Bot/buddybot/ros2_workspace/build/tfmini_s/prefix_override:/home/taylor/Buddy_Bot/buddybot/ros2_workspace/install/tfmini_s/lib/python3.11/site-packages:${PYTHONPATH} /usr/bin/python3 setup.py egg_info --egg-base ../../build/tfmini_s build --build-base /home/taylor/Buddy_Bot/buddybot/ros2_workspace/build/tfmini_s/build install --record /home/taylor/Buddy_Bot/buddybot/ros2_workspace/build/tfmini_s/install.log --single-version-externally-managed
[6.838s] running egg_info
[6.915s] writing ../../build/tfmini_s/tfmini_s.egg-info/PKG-INFO
[6.915s] writing dependency_links to ../../build/tfmini_s/tfmini_s.egg-info/dependency_links.txt
[6.915s] writing entry points to ../../build/tfmini_s/tfmini_s.egg-info/entry_points.txt
[6.917s] writing requirements to ../../build/tfmini_s/tfmini_s.egg-info/requires.txt
[6.917s] writing top-level names to ../../build/tfmini_s/tfmini_s.egg-info/top_level.txt
[7.079s] reading manifest file '../../build/tfmini_s/tfmini_s.egg-info/SOURCES.txt'
[7.086s] writing manifest file '../../build/tfmini_s/tfmini_s.egg-info/SOURCES.txt'
[7.086s] running build
[7.086s] running build_py
[7.086s] running install
[7.086s] /usr/lib/python3/dist-packages/setuptools/command/install.py:34: SetuptoolsDeprecationWarning: setup.py install is deprecated. Use build and pip and other standards-based tools.
[7.086s]   warnings.warn(
[7.097s] running install_lib
[7.169s] running install_data
[7.226s] running install_egg_info
[7.350s] removing '/home/taylor/Buddy_Bot/buddybot/ros2_workspace/install/tfmini_s/lib/python3.11/site-packages/tfmini_s-0.0.0-py3.11.egg-info' (and everything under it)
[7.354s] Copying ../../build/tfmini_s/tfmini_s.egg-info to /home/taylor/Buddy_Bot/buddybot/ros2_workspace/install/tfmini_s/lib/python3.11/site-packages/tfmini_s-0.0.0-py3.11.egg-info
[7.356s] running install_scripts
[7.613s] Installing tfmini_s_node script to /home/taylor/Buddy_Bot/buddybot/ros2_workspace/install/tfmini_s/lib/tfmini_s
[7.615s] writing list of installed files to '/home/taylor/Buddy_Bot/buddybot/ros2_workspace/build/tfmini_s/install.log'
