[0.064s] Invoking command in '/home/taylor/Buddy_Bot/buddybot/ros2_workspace/build/rtabmap': CMAKE_PREFIX_PATH=${CMAKE_PREFIX_PATH}:/home/taylor/Buddy_Bot/buddybot/ros2_workspace/install/tfmini_s:/home/taylor/ros2_iron/install/rqt_bag_plugins:/home/taylor/ros2_iron/install/rqt_bag:/home/taylor/ros2_iron/install/rosbag2_examples_py:/home/taylor/ros2_iron/install/launch_testing_examples:/home/taylor/ros2_iron/install/ros2bag:/home/taylor/ros2_iron/install/tracetools_test:/home/taylor/ros2_iron/install/tracetools_launch:/home/taylor/ros2_iron/install/topic_monitor:/home/taylor/ros2_iron/install/tf2_tools:/home/taylor/ros2_iron/install/examples_tf2_py:/home/taylor/ros2_iron/install/tf2_ros_py:/home/taylor/ros2_iron/install/examples_rclpy_pointcloud_publisher:/home/taylor/ros2_iron/install/sensor_msgs_py:/home/taylor/ros2_iron/install/quality_of_service_demo_py:/home/taylor/ros2_iron/install/rqt_plot:/home/taylor/ros2_iron/install/ros2doctor:/home/taylor/ros2_iron/install/lifecycle_py:/home/taylor/ros2_iron/install/examples_rclpy_minimal_subscriber:/home/taylor/ros2_iron/install/examples_rclpy_minimal_service:/home/taylor/ros2_iron/install/examples_rclpy_minimal_publisher:/home/taylor/ros2_iron/install/examples_rclpy_minimal_client:/home/taylor/ros2_iron/install/examples_rclpy_executors:/home/taylor/ros2_iron/install/demo_nodes_py:/home/taylor/ros2_iron/install/rqt:/home/taylor/ros2_iron/install/ros2component:/home/taylor/ros2_iron/install/sros2:/home/taylor/ros2_iron/install/rqt_topic:/home/taylor/ros2_iron/install/rqt_srv:/home/taylor/ros2_iron/install/rqt_shell:/home/taylor/ros2_iron/install/rqt_service_caller:/home/taylor/ros2_iron/install/rqt_reconfigure:/home/taylor/ros2_iron/install/rqt_py_console:/home/taylor/ros2_iron/install/rqt_publisher:/home/taylor/ros2_iron/install/rqt_action:/home/taylor/ros2_iron/install/rqt_msg:/home/taylor/ros2_iron/install/rqt_console:/home/taylor/ros2_iron/install/rqt_graph:/home/taylor/ros2_iron/install/rqt_gui_py:/home/taylor/ros2_iron/install/rqt_gui:/home/taylor/ros2_iron/install/ros2trace:/home/taylor/ros2_iron/install/ros2topic:/home/taylor/ros2_iron/install/ros2test:/home/taylor/ros2_iron/install/ros2param:/home/taylor/ros2_iron/install/ros2lifecycle:/home/taylor/ros2_iron/install/ros2service:/home/taylor/ros2_iron/install/ros2run:/home/taylor/ros2_iron/install/ros2launch:/home/taylor/ros2_iron/install/ros2pkg:/home/taylor/ros2_iron/install/ros2node:/home/taylor/ros2_iron/install/ros2multicast:/home/taylor/ros2_iron/install/ros2interface:/home/taylor/ros2_iron/install/ros2action:/home/taylor/ros2_iron/install/ros2cli:/home/taylor/ros2_iron/install/launch_testing_ros:/home/taylor/ros2_iron/install/launch_ros:/home/taylor/ros2_iron/install/examples_rclpy_minimal_action_server:/home/taylor/ros2_iron/install/examples_rclpy_minimal_action_client:/home/taylor/ros2_iron/install/examples_rclpy_guard_conditions:/home/taylor/ros2_iron/install/action_tutorials_py:/home/taylor/ros2_iron/install/ament_uncrustify:/home/taylor/ros2_iron/install/tracetools_trace:/home/taylor/ros2_iron/install/tracetools_read:/home/taylor/ros2_iron/install/test_tracetools_launch:/home/taylor/ros2_iron/install/test_ros2trace:/home/taylor/ros2_iron/install/test_launch_ros:/home/taylor/ros2_iron/install/rpyutils:/home/taylor/ros2_iron/install/rosidl_runtime_py:/home/taylor/ros2_iron/install/rosidl_pycommon:/home/taylor/ros2_iron/install/rosidl_cli:/home/taylor/ros2_iron/install/launch_pytest:/home/taylor/ros2_iron/install/launch_testing:/home/taylor/ros2_iron/install/launch_yaml:/home/taylor/ros2_iron/install/launch_xml:/home/taylor/ros2_iron/install/launch:/home/taylor/ros2_iron/install/osrf_pycommon:/home/taylor/ros2_iron/install/domain_coordinator:/home/taylor/ros2_iron/install/ament_xmllint:/home/taylor/ros2_iron/install/ament_pyflakes:/home/taylor/ros2_iron/install/ament_pycodestyle:/home/taylor/ros2_iron/install/ament_pep257:/home/taylor/ros2_iron/install/ament_pclint:/home/taylor/ros2_iron/install/ament_package:/home/taylor/ros2_iron/install/ament_mypy:/home/taylor/ros2_iron/install/ament_lint_cmake:/home/taylor/ros2_iron/install/ament_flake8:/home/taylor/ros2_iron/install/ament_copyright:/home/taylor/ros2_iron/install/ament_lint:/home/taylor/ros2_iron/install/ament_index_python:/home/taylor/ros2_iron/install/ament_cpplint:/home/taylor/ros2_iron/install/ament_cppcheck:/home/taylor/ros2_iron/install/ament_clang_tidy:/home/taylor/ros2_iron/install/ament_clang_format PS1=(yolov8_venv) \[\e]0;\u@\h: \w\a\]${debian_chroot:+($debian_chroot)}\[\033[01;32m\]\u@\h\[\033[00m\]:\[\033[01;34m\]\w \$\[\033[00m\] VIRTUAL_ENV_PROMPT=(yolov8_venv) /usr/bin/cmake /home/taylor/Buddy_Bot/buddybot/ros2_workspace/src/rtabmap -DCMAKE_INSTALL_PREFIX=/home/taylor/Buddy_Bot/buddybot/ros2_workspace/install/rtabmap
[0.245s] -- The C compiler identification is GNU 12.2.0
[0.381s] -- The CXX compiler identification is GNU 12.2.0
[0.403s] -- Detecting C compiler ABI info
[0.726s] -- Detecting C compiler ABI info - done
[0.736s] -- Check for working C compiler: /usr/bin/cc - skipped
[0.736s] -- Detecting C compile features
[0.737s] -- Detecting C compile features - done
[0.741s] -- Detecting CXX compiler ABI info
[1.031s] -- Detecting CXX compiler ABI info - done
[1.042s] -- Check for working CXX compiler: /usr/bin/c++ - skipped
[1.043s] -- Detecting CXX compile features
[1.043s] -- Detecting CXX compile features - done
[1.050s] -- MOBILE_BUILD=OFF
[1.185s] -- Checking for module 'eigen3'
[1.240s] --   Found eigen3, version 3.4.0
[1.373s] -- Found Eigen: /usr/include/eigen3 (Required is at least version "3.3") 
[1.373s] -- Eigen found (include: /usr/include/eigen3, version: 3.4.0)
[1.807s] -- Checking for module 'libusb-1.0'
[1.864s] --   Found libusb-1.0, version 1.0.26
[1.949s] -- Found libusb: /usr/lib/aarch64-linux-gnu/libusb-1.0.so  
[1.950s] -- OpenNI found (version: 1.5.4.0, include: /usr/include/ni, lib: /usr/lib/libOpenNI.so;libusb::libusb)
[4.934s] -- Eigen found (include: /usr/include/eigen3, version: 3.4.0)
[4.938s] -- Found flann version 1.9.2
[4.968s] -- Found Qhull version 8.0.2
[6.650s] -- OpenNI found (version: 1.5.4.0, include: /usr/include/ni, lib: /usr/lib/libOpenNI.so;libusb::libusb)
[7.215s] -- Found PCL_COMMON: /usr/lib/aarch64-linux-gnu/libpcl_common.so  
[7.215s] -- Found PCL_OCTREE: /usr/lib/aarch64-linux-gnu/libpcl_octree.so  
[7.215s] -- Found PCL_IO: /usr/lib/aarch64-linux-gnu/libpcl_io.so  
[7.215s] -- Found PCL_KDTREE: /usr/lib/aarch64-linux-gnu/libpcl_kdtree.so  
[7.218s] -- Found PCL_SEARCH: /usr/lib/aarch64-linux-gnu/libpcl_search.so  
[7.219s] -- Found PCL_SURFACE: /usr/lib/aarch64-linux-gnu/libpcl_surface.so  
[7.219s] -- Found PCL_FILTERS: /usr/lib/aarch64-linux-gnu/libpcl_filters.so  
[7.219s] -- Found PCL_2D: /usr/include/pcl-1.13  
[7.222s] -- Found PCL_FEATURES: /usr/lib/aarch64-linux-gnu/libpcl_features.so  
[7.222s] -- Found PCL_REGISTRATION: /usr/lib/aarch64-linux-gnu/libpcl_registration.so  
[7.223s] -- Found PCL_SAMPLE_CONSENSUS: /usr/lib/aarch64-linux-gnu/libpcl_sample_consensus.so  
[7.224s] -- Found PCL_GEOMETRY: /usr/include/pcl-1.13  
[7.225s] -- Found PCL_ML: /usr/lib/aarch64-linux-gnu/libpcl_ml.so  
[7.226s] -- Found PCL_SEGMENTATION: /usr/lib/aarch64-linux-gnu/libpcl_segmentation.so  
[7.227s] -- Found PCL_VISUALIZATION: /usr/lib/aarch64-linux-gnu/libpcl_visualization.so  
[7.229s] -- PCL definitions don't contain "-march=native", make sure all libraries using Eigen are also compiled without that flag to avoid some segmentation faults (with gdb referring to some Eigen functions).
[7.249s] -- Found SQLite3: /usr/include /usr/lib/aarch64-linux-gnu/libsqlite3.so
[7.811s] -- Found OpenMP_C: -fopenmp (found version "4.5") 
[8.000s] -- Found OpenMP_CXX: -fopenmp (found version "4.5") 
[8.000s] -- Found OpenMP: TRUE (found version "4.5") found components: C CXX 
[8.001s] -- Found OpenMP: /usr/lib/gcc/aarch64-linux-gnu/12/libgomp.so;/usr/lib/aarch64-linux-gnu/libpthread.a
[8.001s] -- Add PCL_OMP to definitions
[8.001s] -- Found OpenCV: /usr/include/opencv4
[8.001s] -- Found PCL: /usr/include/pcl-1.13;/usr/include/eigen3;/usr/include;/usr/include/ni
[8.001s] -- Found ZLIB: /usr/include
[8.022s] -- Found Threads: TRUE  
[8.024s] -- Found GLEW: /usr/lib/aarch64-linux-gnu/libGLEW.so  
[8.032s] -- Found OpenGL: /usr/lib/aarch64-linux-gnu/libOpenGL.so  found components: OpenGL GLX 
[11.847s] -- Found Python3: /home/taylor/Buddy_Bot/buddybot/ros2_workspace/yolov8_venv/bin/python3 (found suitable version "3.11.2", minimum required is "3.11") found components: Interpreter Development.Module Development.Embed 
[11.858s] -- Found MPI_C: /usr/lib/aarch64-linux-gnu/libmpi.so (found version "3.1") 
[11.859s] -- Found MPI: TRUE (found version "3.1") found components: C 
[12.505s] -- Found HDF5: /usr/lib/aarch64-linux-gnu/hdf5/serial/libhdf5.so;/usr/lib/aarch64-linux-gnu/libcrypto.so;/usr/lib/aarch64-linux-gnu/libcurl.so;/usr/lib/aarch64-linux-gnu/libpthread.a;/usr/lib/aarch64-linux-gnu/libsz.so;/usr/lib/aarch64-linux-gnu/libz.so;/usr/lib/aarch64-linux-gnu/libdl.a;/usr/lib/aarch64-linux-gnu/libm.so (found version "1.10.8") found components: C HL 
[12.511s] -- Found NetCDF: /usr/include (found version "4.9.0") 
[12.521s] -- Found OGG: /usr/lib/aarch64-linux-gnu/libogg.so  
[12.543s] -- Found THEORA: /usr/lib/aarch64-linux-gnu/libtheora.so  
[12.543s] -- Found JsonCpp: /usr/lib/aarch64-linux-gnu/libjsoncpp.so (found suitable version "1.9.5", minimum required is "0.7.0") 
[12.684s] -- Found LibXml2: /usr/lib/aarch64-linux-gnu/libxml2.so (found version "2.9.14") 
[12.842s] -- Found ZLIB: /usr/lib/aarch64-linux-gnu/libz.so (found version "1.2.13") 
[12.856s] -- Found GL2PS: /usr/lib/aarch64-linux-gnu/libgl2ps.so (found suitable version "1.4.2", minimum required is "1.4.2") 
[12.866s] -- Found PNG: /usr/lib/aarch64-linux-gnu/libpng.so (found version "1.6.39") 
[12.868s] -- Found SQLite3: /usr/include (found version "3.40.1") 
[12.895s] -- Found LibPROJ: /usr/lib/aarch64-linux-gnu/libproj.so (found version "9.1.1") 
[12.895s] -- Found Eigen3: /usr/include/eigen3 (found version "3.4.0") 
[13.105s] -- Found X11: /usr/include   
[13.335s] -- Found EXPAT: /usr/lib/aarch64-linux-gnu/libexpat.so (found version "2.5.0") 
[13.336s] -- Found double-conversion: /usr/lib/aarch64-linux-gnu/libdouble-conversion.so  
[13.339s] -- Found LZ4: /usr/lib/aarch64-linux-gnu/liblz4.so (found version "1.9.4") 
[13.340s] -- Found LZMA: /usr/lib/aarch64-linux-gnu/liblzma.so (found version "5.4.1") 
[13.350s] -- Found JPEG: /usr/lib/aarch64-linux-gnu/libjpeg.so (found version "62") 
[13.352s] -- Found TIFF: /usr/lib/aarch64-linux-gnu/libtiff.so (found version "4.5.0")  
[13.358s] -- Found Freetype: /usr/lib/aarch64-linux-gnu/libfreetype.so (found version "2.12.1") 
[13.365s] -- Found utf8cpp: /usr/include/utf8cpp  
[13.382s] -- VTK>=9 detected, will use VTK_QT_VERSION=5 for Qt version.
[13.389s] -- VTK_RENDERING_BACKEND=
[13.460s] -- Found Freenect: /usr/include
[13.565s] -- Found OpenNI2: /usr/include/openni2
[13.583s] -- Found DC1394: /usr/include/dc1394
[13.617s] -- Could NOT find g2o (missing: g2o_DIR)
[13.618s] -- RTAB-Map's cmake g2o find module used for convenience (for older g2o versions)
[13.656s] [33mCMake Warning (dev) at /usr/share/cmake-3.25/Modules/FindPackageHandleStandardArgs.cmake:438 (message):
[13.656s]   The package name passed to `find_package_handle_standard_args` (CSPARSE)
[13.656s]   does not match the name of the calling package (G2O).  This can lead to
[13.656s]   problems in calling code that expects `find_package` result variables
[13.656s]   (e.g., `_FOUND`) to follow a certain pattern.
[13.656s] Call Stack (most recent call first):
[13.657s]   cmake_modules/FindG2O.cmake:9 (find_package_handle_standard_args)
[13.657s]   CMakeLists.txt:497 (FIND_PACKAGE)
[13.657s] This warning is for project developers.  Use -Wno-dev to suppress it.
[13.657s] [0m
[13.657s] -- Could NOT find CSPARSE (missing: CSPARSE_INCLUDE_DIR CSPARSE_LIBRARY) 
[14.068s] -- FlyCapture2_INCLUDE_DIR=FlyCapture2_INCLUDE_DIR-NOTFOUND
[14.069s] -- FlyCapture2_LIBRARY=FlyCapture2_LIBRARY-NOTFOUND
[14.076s] -- Triclops_INCLUDE_DIR=Triclops_INCLUDE_DIR-NOTFOUND
[14.076s] -- Triclops_LIBRARY=Triclops_LIBRARY-NOTFOUND
[14.076s] -- FlyCaptureBridge_LIBRARY=FlyCaptureBridge_LIBRARY-NOTFOUND
[14.327s] -- Found octomap 1.9.7: /usr/include
[14.372s] -- Architecture: aarch64
[14.434s] -- Performing Test COMPILER_SUPPORTS_CXX14
[14.623s] -- Performing Test COMPILER_SUPPORTS_CXX14 - Success
[14.642s] -- Found Pthreads
[14.646s] -- Performing Test COMPILER_HAS_HIDDEN_VISIBILITY
[14.827s] -- Performing Test COMPILER_HAS_HIDDEN_VISIBILITY - Success
[14.827s] -- Performing Test COMPILER_HAS_HIDDEN_INLINE_VISIBILITY
[15.015s] -- Performing Test COMPILER_HAS_HIDDEN_INLINE_VISIBILITY - Success
[15.015s] -- Performing Test COMPILER_HAS_DEPRECATED_ATTR
[15.194s] -- Performing Test COMPILER_HAS_DEPRECATED_ATTR - Success
[15.322s] -- --------------------------------------------
[15.323s] -- Info :
[15.323s] --   RTAB-Map Version =     0.21.4
[15.323s] --   CMAKE_VERSION =        3.25.1
[15.323s] --   CMAKE_INSTALL_PREFIX = /home/taylor/Buddy_Bot/buddybot/ros2_workspace/install/rtabmap
[15.323s] --   CMAKE_BUILD_TYPE =     Release
[15.323s] --   CMAKE_INSTALL_LIBDIR = lib
[15.323s] --   BUILD_APP =            ON
[15.323s] --   BUILD_TOOLS =          ON
[15.323s] --   BUILD_EXAMPLES =       ON
[15.323s] --   BUILD_SHARED_LIBS =    ON
[15.323s] --   CMAKE_CXX_FLAGS =  -fmessage-length=0 -fopenmp -std=c++14
[15.323s] --   FLANN_KDTREE_MEM_OPT = OFF
[15.323s] --   PCL_DEFINITIONS = -DDISABLE_OPENNI2;-DDISABLE_PCAP;-DDISABLE_PNG
[15.323s] --   PCL_VERSION = 1.13.0
[15.324s] -- 
[15.324s] -- Optional dependencies ('*' affects some default parameters) :
[15.324s] --  *With OpenCV 4.6.0 xfeatures2d = NO, nonfree = NO (License: Apache 2)
[15.324s] --   With Qt 5.15.8            = YES (License: Open Source or Commercial)
[15.324s] --   With VTK 9.1              = YES (License: BSD)
[15.324s] --   With external SQLite3     = YES (License: Public Domain)
[15.324s] --   With ORB OcTree           = YES (License: GPLv3)
[15.324s] --   With SupertPoint          = NO (WITH_TORCH=OFF)
[15.324s] --   With Python3              = NO (WITH_PYTHON=OFF)
[15.324s] --   With Madgwick             = YES (License: GPL)
[15.324s] --   With FastCV               = NO (FastCV not found)
[15.324s] --   With PDAL                 = NO (PDAL not found)
[15.324s] -- 
[15.324s] --  Solvers:
[15.324s] --   With TORO                 = YES (License: Creative Commons [Attribution-NonCommercial-ShareAlike])
[15.324s] --  *With g2o                  = NO (g2o not found)
[15.324s] --  *With GTSAM                = NO (GTSAM not found)
[15.324s] --  *With Ceres                = NO (WITH_CERES=OFF)
[15.324s] --   With MRPT                 = NO (MRPT not found)
[15.324s] --   With VERTIGO              = NO (GTSAM or g2o required)
[15.324s] --   With cvsba                = NO (WITH_CVSBA=OFF)
[15.324s] --  *With libpointmatcher      = NO (libpointmatcher not found)
[15.324s] --   With CCCoreLib            = NO (WITH_CCCORELIB=OFF)
[15.325s] --   With Open3D               = NO (WITH_OPEN3D=OFF)
[15.325s] --   With OpenGV               = NO (OpenGV not found)
[15.325s] -- 
[15.325s] --  Reconstruction Approaches:
[15.325s] --   With OctoMap 1.9.7        = YES (License: BSD)
[15.325s] --   With GridMap              = NO (grid_map_core not found)
[15.325s] --   With CPUTSDF              = NO (WITH_CPUTSDF=OFF)
[15.325s] --   With OpenChisel           = NO (WITH_OPENCHISEL=OFF)
[15.325s] --   With AliceVision          = NO (WITH_ALICE_VISION=OFF)
[15.325s] -- 
[15.325s] --  Camera Drivers:
[15.325s] --   With Freenect             = YES (License: Apache v2 and/or GPLv2)
[15.325s] --   With OpenNI2              = YES (License: Apache v2)
[15.325s] --   With Freenect2            = NO (libfreenect2 not found)
[15.325s] --   With Kinect for Windows 2 = NO (Kinect for Windows 2 SDK not found)
[15.325s] --   With Kinect for Azure     = NO (Kinect for Azure SDK not found)
[15.325s] --   With dc1394               = YES (License: LGPL)
[15.325s] --   With FlyCapture2/Triclops = NO (Point Grey SDK not found)
[15.325s] --   With ZED                  = NO (ZED sdk and/or cuda not found)
[15.325s] --   With ZEDOC                = NO (ZED Open Capture not found)
[15.325s] --   With RealSense            = NO (librealsense not found)
[15.325s] --   With RealSense2           = NO (librealsense2 not found)
[15.325s] --   With MyntEyeS             = NO (mynteye s sdk not found)
[15.326s] --   With DepthAI              = NO (WITH_DEPTHAI=OFF)
[15.326s] -- 
[15.326s] --  Odometry Approaches:
[15.326s] --   With loam_velodyne        = NO (WITH_LOAM=OFF)
[15.326s] --   With floam                = NO (WITH_FLOAM=OFF)
[15.326s] --   With libfovis             = NO (WITH_FOVIS=OFF)
[15.326s] --   With libviso2             = NO (WITH_VISO2=OFF)
[15.326s] --   With dvo_core             = NO (WITH_DVO=OFF)
[15.326s] --   With okvis                = NO (WITH_OKVIS=OFF)
[15.326s] --   With msckf_vio            = NO (WITH_MSCKF_VIO=OFF)
[15.326s] --   With VINS-Fusion          = NO (WITH_VINS=OFF)
[15.326s] --   With OpenVINS             = NO (WITH_OPENVINS=OFF)
[15.326s] --   With ORB_SLAM             = NO (WITH_ORB_SLAM=OFF)
[15.326s] -- Show all options with: cmake -LA | grep WITH_
[15.326s] -- --------------------------------------------
[15.327s] -- Configuring done
[15.804s] -- Generating done
[15.813s] -- Build files have been written to: /home/taylor/Buddy_Bot/buddybot/ros2_workspace/build/rtabmap
