[3.070s] Invoking command in '/home/taylor/Buddy_Bot/buddybot/ros2_workspace/src/tfmini_s': PYTHONPATH=/home/taylor/Buddy_Bot/buddybot/ros2_workspace/build/tfmini_s/prefix_override:/home/taylor/Buddy_Bot/buddybot/ros2_workspace/install/tfmini_s/lib/python3.11/site-packages:${PYTHONPATH} /usr/bin/python3 setup.py egg_info --egg-base ../../build/tfmini_s build --build-base /home/taylor/Buddy_Bot/buddybot/ros2_workspace/build/tfmini_s/build install --record /home/taylor/Buddy_Bot/buddybot/ros2_workspace/build/tfmini_s/install.log --single-version-externally-managed
[3.967s] running egg_info
[4.000s] writing ../../build/tfmini_s/tfmini_s.egg-info/PKG-INFO
[4.001s] writing dependency_links to ../../build/tfmini_s/tfmini_s.egg-info/dependency_links.txt
[4.002s] writing requirements to ../../build/tfmini_s/tfmini_s.egg-info/requires.txt
[4.003s] writing top-level names to ../../build/tfmini_s/tfmini_s.egg-info/top_level.txt
[4.080s] reading manifest file '../../build/tfmini_s/tfmini_s.egg-info/SOURCES.txt'
[4.081s] writing manifest file '../../build/tfmini_s/tfmini_s.egg-info/SOURCES.txt'
[4.082s] running build
[4.082s] running build_py
[4.082s] running install
[4.082s] /usr/lib/python3/dist-packages/setuptools/command/install.py:34: SetuptoolsDeprecationWarning: setup.py install is deprecated. Use build and pip and other standards-based tools.
[4.082s]   warnings.warn(
[4.092s] running install_lib
[4.135s] running install_data
[4.171s] running install_egg_info
[4.266s] removing '/home/taylor/Buddy_Bot/buddybot/ros2_workspace/install/tfmini_s/lib/python3.11/site-packages/tfmini_s-0.0.0-py3.11.egg-info' (and everything under it)
[4.267s] Copying ../../build/tfmini_s/tfmini_s.egg-info to /home/taylor/Buddy_Bot/buddybot/ros2_workspace/install/tfmini_s/lib/python3.11/site-packages/tfmini_s-0.0.0-py3.11.egg-info
[4.268s] running install_scripts
[4.426s] writing list of installed files to '/home/taylor/Buddy_Bot/buddybot/ros2_workspace/build/tfmini_s/install.log'
[4.567s] Invoked command in '/home/taylor/Buddy_Bot/buddybot/ros2_workspace/src/tfmini_s' returned '0': PYTHONPATH=/home/taylor/Buddy_Bot/buddybot/ros2_workspace/build/tfmini_s/prefix_override:/home/taylor/Buddy_Bot/buddybot/ros2_workspace/install/tfmini_s/lib/python3.11/site-packages:${PYTHONPATH} /usr/bin/python3 setup.py egg_info --egg-base ../../build/tfmini_s build --build-base /home/taylor/Buddy_Bot/buddybot/ros2_workspace/build/tfmini_s/build install --record /home/taylor/Buddy_Bot/buddybot/ros2_workspace/build/tfmini_s/install.log --single-version-externally-managed
