-- Eigen found (include: /usr/include/eigen3, version: 3.4.0)
-- OpenNI found (version: 1.5.4.0, include: /usr/include/ni, lib: /usr/lib/libOpenNI.so;libusb::libusb)
-- OpenNI2 found (version: 2.2.0.33, include: /usr/include/openni2, lib: /usr/lib/aarch64-linux-gnu/libOpenNI2.so;libusb::libusb)
-- Found Eigen3: /usr/include/eigen3 (found version "3.4.0") 
-- Eigen found (include: /usr/include/eigen3, version: 3.4.0)
-- Found flann version 1.9.2
-- Found Qhull version 8.0.2
-- OpenNI found (version: 1.5.4.0, include: /usr/include/ni, lib: /usr/lib/libOpenNI.so;libusb::libusb)
-- OpenNI2 found (version: 2.2.0.33, include: /usr/include/openni2, lib: /usr/lib/aarch64-linux-gnu/libOpenNI2.so;libusb::libusb)
-- looking for PCL_COMMON
-- looking for PCL_OCTREE
-- looking for PCL_IO
-- looking for PCL_KDTREE
-- looking for PCL_SEARCH
-- looking for PCL_SURFACE
-- looking for PCL_FILTERS
-- looking for PCL_2D
-- looking for PCL_FEATURES
-- looking for PCL_REGISTRATION
-- looking for PCL_SAMPLE_CONSENSUS
-- looking for PCL_GEOMETRY
-- looking for PCL_ML
-- looking for PCL_SEGMENTATION
-- looking for PCL_VISUALIZATION
-- RTABMap=rtabmap::utilite;rtabmap::core;rtabmap::gui
-- Found ament_cmake: 2.0.4 (/home/taylor/ros2_iron/install/ament_cmake/share/ament_cmake/cmake)
-- Override CMake install command with custom implementation using symlinks instead of copying resources
-- Found cv_bridge: 3.4.0 (/home/taylor/Buddy_Bot/buddybot/ros2_workspace/install/cv_bridge/share/cv_bridge/cmake)
-- Found rosidl_generator_c: 4.0.1 (/home/taylor/ros2_iron/install/rosidl_generator_c/share/rosidl_generator_c/cmake)
-- Found rosidl_generator_cpp: 4.0.1 (/home/taylor/ros2_iron/install/rosidl_generator_cpp/share/rosidl_generator_cpp/cmake)
-- Using all available rosidl_typesupport_c: rosidl_typesupport_introspection_c;rosidl_typesupport_fastrtps_c
-- Using all available rosidl_typesupport_cpp: rosidl_typesupport_introspection_cpp;rosidl_typesupport_fastrtps_cpp
-- Found rmw_implementation_cmake: 7.1.0 (/home/taylor/ros2_iron/install/rmw_implementation_cmake/share/rmw_implementation_cmake/cmake)
-- Found rmw_fastrtps_cpp: 7.1.3 (/home/taylor/ros2_iron/install/rmw_fastrtps_cpp/share/rmw_fastrtps_cpp/cmake)
-- Using RMW implementation 'rmw_fastrtps_cpp' as default
-- Found image_transport: 4.2.4 (/home/taylor/ros2_iron/install/image_transport/share/image_transport/cmake)
-- Found rclcpp_components: 21.0.5 (/home/taylor/ros2_iron/install/rclcpp_components/share/rclcpp_components/cmake)
-- Found stereo_msgs: 5.0.0 (/home/taylor/ros2_iron/install/stereo_msgs/share/stereo_msgs/cmake)
-- Found nav_msgs: 5.0.0 (/home/taylor/ros2_iron/install/nav_msgs/share/nav_msgs/cmake)
-- Found tf2: 0.31.5 (/home/taylor/ros2_iron/install/tf2/share/tf2/cmake)
-- Found tf2_geometry_msgs: 0.31.5 (/home/taylor/ros2_iron/install/tf2_geometry_msgs/share/tf2_geometry_msgs/cmake)
-- Found eigen3_cmake_module: 0.2.2 (/home/taylor/ros2_iron/install/eigen3_cmake_module/share/eigen3_cmake_module/cmake)
-- Found Eigen3: TRUE (found version "3.4.0") 
-- Ensuring Eigen3 include directory is part of orocos-kdl CMake target
-- Found laser_geometry: 2.5.0 (/home/taylor/ros2_iron/install/laser_geometry/share/laser_geometry/cmake)
-- Found pcl_conversions: 2.6.1 (/home/taylor/Buddy_Bot/buddybot/ros2_workspace/install/pcl_conversions/share/pcl_conversions/cmake)
-- Found pcl_ros: 2.6.1 (/home/taylor/Buddy_Bot/buddybot/ros2_workspace/install/pcl_ros/share/pcl_ros/cmake)
-- Found rtabmap_msgs: 0.21.4 (/home/taylor/Buddy_Bot/buddybot/ros2_workspace/install/rtabmap_msgs/share/rtabmap_msgs/cmake)
-- Found rtabmap_conversions: 0.21.4 (/home/taylor/Buddy_Bot/buddybot/ros2_workspace/install/rtabmap_conversions/share/rtabmap_conversions/cmake)
-- Configuring done
-- Generating done
-- Build files have been written to: /home/taylor/Buddy_Bot/buddybot/ros2_workspace/build/rtabmap_util
[  8%] [32mBuilding CXX object CMakeFiles/rtabmap_util_plugins.dir/src/MapsManager.cpp.o[0m
[  8%] [32mBuilding CXX object CMakeFiles/rtabmap_util_plugins.dir/src/nodelets/point_cloud_xyzrgb.cpp.o[0m
[  8%] [32mBuilding CXX object CMakeFiles/rtabmap_util_plugins.dir/src/nodelets/point_cloud_xyz.cpp.o[0m
[ 11%] [32mBuilding CXX object CMakeFiles/rtabmap_util_plugins.dir/src/nodelets/disparity_to_depth.cpp.o[0m
[ 14%] [32mBuilding CXX object CMakeFiles/rtabmap_util_plugins.dir/src/nodelets/pointcloud_to_depthimage.cpp.o[0m
[ 17%] [32mBuilding CXX object CMakeFiles/rtabmap_util_plugins.dir/src/nodelets/obstacles_detection.cpp.o[0m
[ 20%] [32mBuilding CXX object CMakeFiles/rtabmap_util_plugins.dir/src/nodelets/point_cloud_aggregator.cpp.o[0m
[ 22%] [32mBuilding CXX object CMakeFiles/rtabmap_util_plugins.dir/src/nodelets/point_cloud_assembler.cpp.o[0m
[ 25%] [32mBuilding CXX object CMakeFiles/rtabmap_util_plugins.dir/src/nodelets/imu_to_tf.cpp.o[0m
[ 28%] [32mBuilding CXX object CMakeFiles/rtabmap_util_plugins.dir/src/nodelets/lidar_deskewing.cpp.o[0m
[ 31%] [32mBuilding CXX object CMakeFiles/rtabmap_util_plugins.dir/src/nodelets/rgbd_relay.cpp.o[0m
[ 34%] [32mBuilding CXX object CMakeFiles/rtabmap_util_plugins.dir/src/nodelets/rgbd_split.cpp.o[0m
[ 37%] [32m[1mLinking CXX shared library librtabmap_util_plugins.so[0m
[ 37%] Built target rtabmap_util_plugins
[ 45%] [32mBuilding CXX object CMakeFiles/rtabmap_rgbd_relay.dir/src/RGBDRelayNode.cpp.o[0m
[ 45%] [32mBuilding CXX object CMakeFiles/rtabmap_imu_to_tf.dir/src/ImuToTFNode.cpp.o[0m
[ 45%] [32mBuilding CXX object CMakeFiles/rtabmap_rgbd_split.dir/src/RGBDSplitNode.cpp.o[0m
[ 48%] [32mBuilding CXX object CMakeFiles/rtabmap_disparity_to_depth.dir/src/DisparityToDepthNode.cpp.o[0m
[ 51%] [32m[1mLinking CXX executable rgbd_relay[0m
[ 54%] [32m[1mLinking CXX executable disparity_to_depth[0m
[ 57%] [32m[1mLinking CXX executable imu_to_tf[0m
[ 60%] [32m[1mLinking CXX executable rgbd_split[0m
[ 60%] Built target rtabmap_rgbd_relay
[ 60%] Built target rtabmap_disparity_to_depth
[ 62%] [32mBuilding CXX object CMakeFiles/rtabmap_point_cloud_xyz.dir/src/PointCloudXYZNode.cpp.o[0m
[ 62%] Built target rtabmap_imu_to_tf
[ 65%] [32mBuilding CXX object CMakeFiles/rtabmap_point_cloud_xyzrgb.dir/src/PointCloudXYZRGBNode.cpp.o[0m
[ 68%] [32mBuilding CXX object CMakeFiles/rtabmap_lidar_deskewing.dir/src/LidarDeskewingNode.cpp.o[0m
[ 68%] Built target rtabmap_rgbd_split
[ 71%] [32mBuilding CXX object CMakeFiles/rtabmap_pointcloud_to_depthimage.dir/src/PointCloudToDepthImageNode.cpp.o[0m
[ 74%] [32m[1mLinking CXX executable lidar_deskewing[0m
[ 77%] [32m[1mLinking CXX executable pointcloud_to_depthimage[0m
[ 80%] [32m[1mLinking CXX executable point_cloud_xyz[0m
[ 82%] [32m[1mLinking CXX executable point_cloud_xyzrgb[0m
[ 82%] Built target rtabmap_lidar_deskewing
[ 82%] Built target rtabmap_point_cloud_xyz
[ 82%] Built target rtabmap_pointcloud_to_depthimage
[ 82%] Built target rtabmap_point_cloud_xyzrgb
[ 91%] [32mBuilding CXX object CMakeFiles/rtabmap_obstacles_detection.dir/src/ObstaclesDetectionNode.cpp.o[0m
[ 91%] [32mBuilding CXX object CMakeFiles/rtabmap_point_cloud_assembler.dir/src/PointCloudAssemblerNode.cpp.o[0m
[ 91%] [32mBuilding CXX object CMakeFiles/rtabmap_point_cloud_aggregator.dir/src/PointCloudAggregatorNode.cpp.o[0m
[ 94%] [32m[1mLinking CXX executable point_cloud_aggregator[0m
[ 94%] Built target rtabmap_point_cloud_aggregator
[ 97%] [32m[1mLinking CXX executable obstacles_detection[0m
[100%] [32m[1mLinking CXX executable point_cloud_assembler[0m
[100%] Built target rtabmap_obstacles_detection
[100%] Built target rtabmap_point_cloud_assembler
-- Install configuration: ""
-- Execute custom install script
-- Symlinking: /home/taylor/Buddy_Bot/buddybot/ros2_workspace/install/rtabmap_util/share/rtabmap_util/environment/library_path.sh
-- Symlinking: /home/taylor/Buddy_Bot/buddybot/ros2_workspace/install/rtabmap_util/share/rtabmap_util/environment/library_path.dsv
-- Symlinking: /home/taylor/Buddy_Bot/buddybot/ros2_workspace/install/rtabmap_util/lib/rtabmap_util/transform_to_tf.py
-- Symlinking: /home/taylor/Buddy_Bot/buddybot/ros2_workspace/install/rtabmap_util/lib/rtabmap_util/yaml_to_camera_info.py
-- Symlinking: /home/taylor/Buddy_Bot/buddybot/ros2_workspace/install/rtabmap_util/lib/rtabmap_util/republish_tf_static.py
-- Symlinking: /home/taylor/Buddy_Bot/buddybot/ros2_workspace/install/rtabmap_util/lib/rtabmap_util/imu_to_tf
-- Symlinking: /home/taylor/Buddy_Bot/buddybot/ros2_workspace/install/rtabmap_util/lib/rtabmap_util/disparity_to_depth
-- Symlinking: /home/taylor/Buddy_Bot/buddybot/ros2_workspace/install/rtabmap_util/lib/rtabmap_util/rgbd_relay
-- Symlinking: /home/taylor/Buddy_Bot/buddybot/ros2_workspace/install/rtabmap_util/lib/rtabmap_util/rgbd_split
-- Symlinking: /home/taylor/Buddy_Bot/buddybot/ros2_workspace/install/rtabmap_util/lib/rtabmap_util/lidar_deskewing
-- Symlinking: /home/taylor/Buddy_Bot/buddybot/ros2_workspace/install/rtabmap_util/lib/rtabmap_util/point_cloud_xyz
-- Symlinking: /home/taylor/Buddy_Bot/buddybot/ros2_workspace/install/rtabmap_util/lib/rtabmap_util/point_cloud_xyzrgb
-- Symlinking: /home/taylor/Buddy_Bot/buddybot/ros2_workspace/install/rtabmap_util/lib/rtabmap_util/pointcloud_to_depthimage
-- Symlinking: /home/taylor/Buddy_Bot/buddybot/ros2_workspace/install/rtabmap_util/lib/rtabmap_util/obstacles_detection
-- Symlinking: /home/taylor/Buddy_Bot/buddybot/ros2_workspace/install/rtabmap_util/lib/rtabmap_util/point_cloud_aggregator
-- Symlinking: /home/taylor/Buddy_Bot/buddybot/ros2_workspace/install/rtabmap_util/lib/rtabmap_util/point_cloud_assembler
-- Symlinking: /home/taylor/Buddy_Bot/buddybot/ros2_workspace/install/rtabmap_util/share/ament_index/resource_index/package_run_dependencies/rtabmap_util
-- Symlinking: /home/taylor/Buddy_Bot/buddybot/ros2_workspace/install/rtabmap_util/share/ament_index/resource_index/parent_prefix_path/rtabmap_util
-- Symlinking: /home/taylor/Buddy_Bot/buddybot/ros2_workspace/install/rtabmap_util/share/rtabmap_util/environment/ament_prefix_path.sh
-- Symlinking: /home/taylor/Buddy_Bot/buddybot/ros2_workspace/install/rtabmap_util/share/rtabmap_util/environment/ament_prefix_path.dsv
-- Symlinking: /home/taylor/Buddy_Bot/buddybot/ros2_workspace/install/rtabmap_util/share/rtabmap_util/environment/path.sh
-- Symlinking: /home/taylor/Buddy_Bot/buddybot/ros2_workspace/install/rtabmap_util/share/rtabmap_util/environment/path.dsv
-- Symlinking: /home/taylor/Buddy_Bot/buddybot/ros2_workspace/install/rtabmap_util/share/rtabmap_util/local_setup.bash
-- Symlinking: /home/taylor/Buddy_Bot/buddybot/ros2_workspace/install/rtabmap_util/share/rtabmap_util/local_setup.sh
-- Symlinking: /home/taylor/Buddy_Bot/buddybot/ros2_workspace/install/rtabmap_util/share/rtabmap_util/local_setup.zsh
-- Symlinking: /home/taylor/Buddy_Bot/buddybot/ros2_workspace/install/rtabmap_util/share/rtabmap_util/local_setup.dsv
-- Symlinking: /home/taylor/Buddy_Bot/buddybot/ros2_workspace/install/rtabmap_util/share/rtabmap_util/package.dsv
-- Symlinking: /home/taylor/Buddy_Bot/buddybot/ros2_workspace/install/rtabmap_util/share/ament_index/resource_index/packages/rtabmap_util
-- Symlinking: /home/taylor/Buddy_Bot/buddybot/ros2_workspace/install/rtabmap_util/share/ament_index/resource_index/rclcpp_components/rtabmap_util
-- Symlinking: /home/taylor/Buddy_Bot/buddybot/ros2_workspace/install/rtabmap_util/share/rtabmap_util/cmake/ament_cmake_export_dependencies-extras.cmake
-- Symlinking: /home/taylor/Buddy_Bot/buddybot/ros2_workspace/install/rtabmap_util/share/rtabmap_util/cmake/ament_cmake_export_include_directories-extras.cmake
-- Symlinking: /home/taylor/Buddy_Bot/buddybot/ros2_workspace/install/rtabmap_util/share/rtabmap_util/cmake/ament_cmake_export_targets-extras.cmake
-- Symlinking: /home/taylor/Buddy_Bot/buddybot/ros2_workspace/install/rtabmap_util/share/rtabmap_util/cmake/ament_cmake_export_libraries-extras.cmake
-- Symlinking: /home/taylor/Buddy_Bot/buddybot/ros2_workspace/install/rtabmap_util/share/rtabmap_util/cmake/rtabmap_utilConfig.cmake
-- Symlinking: /home/taylor/Buddy_Bot/buddybot/ros2_workspace/install/rtabmap_util/share/rtabmap_util/cmake/rtabmap_utilConfig-version.cmake
-- Symlinking: /home/taylor/Buddy_Bot/buddybot/ros2_workspace/install/rtabmap_util/share/rtabmap_util/package.xml
-- Installing: /home/taylor/Buddy_Bot/buddybot/ros2_workspace/install/rtabmap_util/lib/librtabmap_util_plugins.so
-- Set runtime path of "/home/taylor/Buddy_Bot/buddybot/ros2_workspace/install/rtabmap_util/lib/librtabmap_util_plugins.so" to ""
-- Installing: /home/taylor/Buddy_Bot/buddybot/ros2_workspace/install/rtabmap_util/include
-- Installing: /home/taylor/Buddy_Bot/buddybot/ros2_workspace/install/rtabmap_util/include/rtabmap_util
-- Installing: /home/taylor/Buddy_Bot/buddybot/ros2_workspace/install/rtabmap_util/include/rtabmap_util/MapsManager.h
-- Installing: /home/taylor/Buddy_Bot/buddybot/ros2_workspace/install/rtabmap_util/include/rtabmap_util/visibility.h
-- Installing: /home/taylor/Buddy_Bot/buddybot/ros2_workspace/install/rtabmap_util/include/rtabmap_util/ULogToRosout.h
-- Installing: /home/taylor/Buddy_Bot/buddybot/ros2_workspace/install/rtabmap_util/share/rtabmap_util/cmake/rtabmap_utilExport.cmake
-- Installing: /home/taylor/Buddy_Bot/buddybot/ros2_workspace/install/rtabmap_util/share/rtabmap_util/cmake/rtabmap_utilExport-noconfig.cmake
