[3.258s] Invoking command in '/home/taylor/Buddy_Bot/buddybot/ros2_workspace/src/tfmini_s': PYTHONPATH=/home/taylor/Buddy_Bot/buddybot/ros2_workspace/build/tfmini_s/prefix_override:/home/taylor/Buddy_Bot/buddybot/ros2_workspace/install/tfmini_s/lib/python3.11/site-packages:${PYTHONPATH} /usr/bin/python3 setup.py egg_info --egg-base ../../build/tfmini_s build --build-base /home/taylor/Buddy_Bot/buddybot/ros2_workspace/build/tfmini_s/build install --record /home/taylor/Buddy_Bot/buddybot/ros2_workspace/build/tfmini_s/install.log --single-version-externally-managed
[4.149s] running egg_info
[4.182s] writing ../../build/tfmini_s/tfmini_s.egg-info/PKG-INFO
[4.182s] writing dependency_links to ../../build/tfmini_s/tfmini_s.egg-info/dependency_links.txt
[4.184s] writing entry points to ../../build/tfmini_s/tfmini_s.egg-info/entry_points.txt
[4.187s] writing requirements to ../../build/tfmini_s/tfmini_s.egg-info/requires.txt
[4.188s] writing top-level names to ../../build/tfmini_s/tfmini_s.egg-info/top_level.txt
[4.263s] reading manifest file '../../build/tfmini_s/tfmini_s.egg-info/SOURCES.txt'
[4.264s] writing manifest file '../../build/tfmini_s/tfmini_s.egg-info/SOURCES.txt'
[4.265s] running build
[4.265s] running build_py
[4.265s] copying tfmini_s/tfmini_s_node.py -> /home/taylor/Buddy_Bot/buddybot/ros2_workspace/build/tfmini_s/build/lib/tfmini_s
[4.265s] running install
[4.265s] /usr/lib/python3/dist-packages/setuptools/command/install.py:34: SetuptoolsDeprecationWarning: setup.py install is deprecated. Use build and pip and other standards-based tools.
[4.265s]   warnings.warn(
[4.278s] running install_lib
[4.317s] copying /home/taylor/Buddy_Bot/buddybot/ros2_workspace/build/tfmini_s/build/lib/tfmini_s/tfmini_s_node.py -> /home/taylor/Buddy_Bot/buddybot/ros2_workspace/install/tfmini_s/lib/python3.11/site-packages/tfmini_s
[4.318s] byte-compiling /home/taylor/Buddy_Bot/buddybot/ros2_workspace/install/tfmini_s/lib/python3.11/site-packages/tfmini_s/tfmini_s_node.py to tfmini_s_node.cpython-311.pyc
[4.319s] running install_data
[4.354s] running install_egg_info
[4.451s] removing '/home/taylor/Buddy_Bot/buddybot/ros2_workspace/install/tfmini_s/lib/python3.11/site-packages/tfmini_s-0.0.0-py3.11.egg-info' (and everything under it)
[4.453s] Copying ../../build/tfmini_s/tfmini_s.egg-info to /home/taylor/Buddy_Bot/buddybot/ros2_workspace/install/tfmini_s/lib/python3.11/site-packages/tfmini_s-0.0.0-py3.11.egg-info
[4.454s] running install_scripts
[4.602s] Installing tfmini_s_node script to /home/taylor/Buddy_Bot/buddybot/ros2_workspace/install/tfmini_s/lib/tfmini_s
[4.602s] writing list of installed files to '/home/taylor/Buddy_Bot/buddybot/ros2_workspace/build/tfmini_s/install.log'
[4.752s] Invoked command in '/home/taylor/Buddy_Bot/buddybot/ros2_workspace/src/tfmini_s' returned '0': PYTHONPATH=/home/taylor/Buddy_Bot/buddybot/ros2_workspace/build/tfmini_s/prefix_override:/home/taylor/Buddy_Bot/buddybot/ros2_workspace/install/tfmini_s/lib/python3.11/site-packages:${PYTHONPATH} /usr/bin/python3 setup.py egg_info --egg-base ../../build/tfmini_s build --build-base /home/taylor/Buddy_Bot/buddybot/ros2_workspace/build/tfmini_s/build install --record /home/taylor/Buddy_Bot/buddybot/ros2_workspace/build/tfmini_s/install.log --single-version-externally-managed
