running develop
running egg_info
creating yolov8_ros.egg-info
writing yolov8_ros.egg-info/PKG-INFO
writing dependency_links to yolov8_ros.egg-info/dependency_links.txt
writing entry points to yolov8_ros.egg-info/entry_points.txt
writing requirements to yolov8_ros.egg-info/requires.txt
writing top-level names to yolov8_ros.egg-info/top_level.txt
writing manifest file 'yolov8_ros.egg-info/SOURCES.txt'
reading manifest file 'yolov8_ros.egg-info/SOURCES.txt'
writing manifest file 'yolov8_ros.egg-info/SOURCES.txt'
running build_ext
Creating /home/taylor/Buddy_Bot/buddybot/ros2_workspace/install/yolov8_ros/lib/python3.11/site-packages/yolov8-ros.egg-link (link to .)
Installing debug_node script to /home/taylor/Buddy_Bot/buddybot/ros2_workspace/install/yolov8_ros/lib/yolov8_ros
Installing detect_3d_node script to /home/taylor/Buddy_Bot/buddybot/ros2_workspace/install/yolov8_ros/lib/yolov8_ros
Installing tracking_node script to /home/taylor/Buddy_Bot/buddybot/ros2_workspace/install/yolov8_ros/lib/yolov8_ros
Installing yolov8_node script to /home/taylor/Buddy_Bot/buddybot/ros2_workspace/install/yolov8_ros/lib/yolov8_ros

Installed /home/taylor/Buddy_Bot/buddybot/ros2_workspace/build/yolov8_ros
running install_data
creating /home/taylor/Buddy_Bot/buddybot/ros2_workspace/install/yolov8_ros/share/ament_index
creating /home/taylor/Buddy_Bot/buddybot/ros2_workspace/install/yolov8_ros/share/ament_index/resource_index
creating /home/taylor/Buddy_Bot/buddybot/ros2_workspace/install/yolov8_ros/share/ament_index/resource_index/packages
copying resource/yolov8_ros -> /home/taylor/Buddy_Bot/buddybot/ros2_workspace/install/yolov8_ros/share/ament_index/resource_index/packages
copying package.xml -> /home/taylor/Buddy_Bot/buddybot/ros2_workspace/install/yolov8_ros/share/yolov8_ros
