[3.248s] Invoking command in '/home/taylor/Buddy_Bot/buddybot/ros2_workspace/src/move_pkg': PS1=(venv) \[\e]0;\u@\h: \w\a\]${debian_chroot:+($debian_chroot)}\[\033[01;32m\]\u@\h\[\033[00m\]:\[\033[01;34m\]\w \$\[\033[00m\] PYTHONPATH=/home/taylor/Buddy_Bot/buddybot/ros2_workspace/build/move_pkg/prefix_override:/home/taylor/Buddy_Bot/buddybot/ros2_workspace/install/move_pkg/lib/python3.11/site-packages:${PYTHONPATH} VIRTUAL_ENV_PROMPT=(venv) /usr/bin/python3 setup.py egg_info --egg-base ../../build/move_pkg build --build-base /home/taylor/Buddy_Bot/buddybot/ros2_workspace/build/move_pkg/build install --record /home/taylor/Buddy_Bot/buddybot/ros2_workspace/build/move_pkg/install.log --single-version-externally-managed
[4.327s] running egg_info
[4.373s] writing ../../build/move_pkg/move_pkg.egg-info/PKG-INFO
[4.374s] writing dependency_links to ../../build/move_pkg/move_pkg.egg-info/dependency_links.txt
[4.375s] writing requirements to ../../build/move_pkg/move_pkg.egg-info/requires.txt
[4.376s] writing top-level names to ../../build/move_pkg/move_pkg.egg-info/top_level.txt
[4.453s] reading manifest file '../../build/move_pkg/move_pkg.egg-info/SOURCES.txt'
[4.455s] writing manifest file '../../build/move_pkg/move_pkg.egg-info/SOURCES.txt'
[4.455s] running build
[4.456s] running build_py
[4.456s] running install
[4.456s] /usr/lib/python3/dist-packages/setuptools/command/install.py:34: SetuptoolsDeprecationWarning: setup.py install is deprecated. Use build and pip and other standards-based tools.
[4.456s]   warnings.warn(
[4.473s] running install_lib
[4.514s] running install_data
[4.552s] running install_egg_info
[4.671s] removing '/home/taylor/Buddy_Bot/buddybot/ros2_workspace/install/move_pkg/lib/python3.11/site-packages/move_pkg-0.0.0-py3.11.egg-info' (and everything under it)
[4.672s] Copying ../../build/move_pkg/move_pkg.egg-info to /home/taylor/Buddy_Bot/buddybot/ros2_workspace/install/move_pkg/lib/python3.11/site-packages/move_pkg-0.0.0-py3.11.egg-info
[4.672s] running install_scripts
[4.848s] writing list of installed files to '/home/taylor/Buddy_Bot/buddybot/ros2_workspace/build/move_pkg/install.log'
[5.029s] Invoked command in '/home/taylor/Buddy_Bot/buddybot/ros2_workspace/src/move_pkg' returned '0': PS1=(venv) \[\e]0;\u@\h: \w\a\]${debian_chroot:+($debian_chroot)}\[\033[01;32m\]\u@\h\[\033[00m\]:\[\033[01;34m\]\w \$\[\033[00m\] PYTHONPATH=/home/taylor/Buddy_Bot/buddybot/ros2_workspace/build/move_pkg/prefix_override:/home/taylor/Buddy_Bot/buddybot/ros2_workspace/install/move_pkg/lib/python3.11/site-packages:${PYTHONPATH} VIRTUAL_ENV_PROMPT=(venv) /usr/bin/python3 setup.py egg_info --egg-base ../../build/move_pkg build --build-base /home/taylor/Buddy_Bot/buddybot/ros2_workspace/build/move_pkg/build install --record /home/taylor/Buddy_Bot/buddybot/ros2_workspace/build/move_pkg/install.log --single-version-externally-managed
