[0.080s] Invoking command in '/home/taylor/Buddy_Bot/buddybot/ros2_workspace/build/move_bot': CMAKE_PREFIX_PATH=${CMAKE_PREFIX_PATH}:/home/taylor/ros2_iron/install/rqt_bag_plugins:/home/taylor/ros2_iron/install/rqt_bag:/home/taylor/ros2_iron/install/rosbag2_examples_py:/home/taylor/ros2_iron/install/launch_testing_examples:/home/taylor/ros2_iron/install/ros2bag:/home/taylor/ros2_iron/install/tracetools_test:/home/taylor/ros2_iron/install/tracetools_launch:/home/taylor/ros2_iron/install/topic_monitor:/home/taylor/ros2_iron/install/tf2_tools:/home/taylor/ros2_iron/install/examples_tf2_py:/home/taylor/ros2_iron/install/tf2_ros_py:/home/taylor/ros2_iron/install/examples_rclpy_pointcloud_publisher:/home/taylor/ros2_iron/install/sensor_msgs_py:/home/taylor/ros2_iron/install/quality_of_service_demo_py:/home/taylor/ros2_iron/install/rqt_plot:/home/taylor/ros2_iron/install/ros2doctor:/home/taylor/ros2_iron/install/lifecycle_py:/home/taylor/ros2_iron/install/examples_rclpy_minimal_subscriber:/home/taylor/ros2_iron/install/examples_rclpy_minimal_service:/home/taylor/ros2_iron/install/examples_rclpy_minimal_publisher:/home/taylor/ros2_iron/install/examples_rclpy_minimal_client:/home/taylor/ros2_iron/install/examples_rclpy_executors:/home/taylor/ros2_iron/install/demo_nodes_py:/home/taylor/ros2_iron/install/rqt:/home/taylor/ros2_iron/install/ros2component:/home/taylor/ros2_iron/install/sros2:/home/taylor/ros2_iron/install/rqt_topic:/home/taylor/ros2_iron/install/rqt_srv:/home/taylor/ros2_iron/install/rqt_shell:/home/taylor/ros2_iron/install/rqt_service_caller:/home/taylor/ros2_iron/install/rqt_reconfigure:/home/taylor/ros2_iron/install/rqt_py_console:/home/taylor/ros2_iron/install/rqt_publisher:/home/taylor/ros2_iron/install/rqt_action:/home/taylor/ros2_iron/install/rqt_msg:/home/taylor/ros2_iron/install/rqt_console:/home/taylor/ros2_iron/install/rqt_graph:/home/taylor/ros2_iron/install/rqt_gui_py:/home/taylor/ros2_iron/install/rqt_gui:/home/taylor/ros2_iron/install/ros2trace:/home/taylor/ros2_iron/install/ros2topic:/home/taylor/ros2_iron/install/ros2test:/home/taylor/ros2_iron/install/ros2param:/home/taylor/ros2_iron/install/ros2lifecycle:/home/taylor/ros2_iron/install/ros2service:/home/taylor/ros2_iron/install/ros2run:/home/taylor/ros2_iron/install/ros2launch:/home/taylor/ros2_iron/install/ros2pkg:/home/taylor/ros2_iron/install/ros2node:/home/taylor/ros2_iron/install/ros2multicast:/home/taylor/ros2_iron/install/ros2interface:/home/taylor/ros2_iron/install/ros2action:/home/taylor/ros2_iron/install/ros2cli:/home/taylor/ros2_iron/install/launch_testing_ros:/home/taylor/ros2_iron/install/launch_ros:/home/taylor/ros2_iron/install/examples_rclpy_minimal_action_server:/home/taylor/ros2_iron/install/examples_rclpy_minimal_action_client:/home/taylor/ros2_iron/install/examples_rclpy_guard_conditions:/home/taylor/ros2_iron/install/action_tutorials_py:/home/taylor/ros2_iron/install/ament_uncrustify:/home/taylor/ros2_iron/install/tracetools_trace:/home/taylor/ros2_iron/install/tracetools_read:/home/taylor/ros2_iron/install/test_tracetools_launch:/home/taylor/ros2_iron/install/test_ros2trace:/home/taylor/ros2_iron/install/test_launch_ros:/home/taylor/ros2_iron/install/rpyutils:/home/taylor/ros2_iron/install/rosidl_runtime_py:/home/taylor/ros2_iron/install/rosidl_pycommon:/home/taylor/ros2_iron/install/rosidl_cli:/home/taylor/ros2_iron/install/launch_pytest:/home/taylor/ros2_iron/install/launch_testing:/home/taylor/ros2_iron/install/launch_yaml:/home/taylor/ros2_iron/install/launch_xml:/home/taylor/ros2_iron/install/launch:/home/taylor/ros2_iron/install/osrf_pycommon:/home/taylor/ros2_iron/install/domain_coordinator:/home/taylor/ros2_iron/install/ament_xmllint:/home/taylor/ros2_iron/install/ament_pyflakes:/home/taylor/ros2_iron/install/ament_pycodestyle:/home/taylor/ros2_iron/install/ament_pep257:/home/taylor/ros2_iron/install/ament_pclint:/home/taylor/ros2_iron/install/ament_package:/home/taylor/ros2_iron/install/ament_mypy:/home/taylor/ros2_iron/install/ament_lint_cmake:/home/taylor/ros2_iron/install/ament_flake8:/home/taylor/ros2_iron/install/ament_copyright:/home/taylor/ros2_iron/install/ament_lint:/home/taylor/ros2_iron/install/ament_index_python:/home/taylor/ros2_iron/install/ament_cpplint:/home/taylor/ros2_iron/install/ament_cppcheck:/home/taylor/ros2_iron/install/ament_clang_tidy:/home/taylor/ros2_iron/install/ament_clang_format /usr/bin/cmake --build /home/taylor/Buddy_Bot/buddybot/ros2_workspace/build/move_bot -- -j4 -l4
[0.238s] [  2%] [34m[1mGenerating type hashes for ROS interfaces[0m
[0.264s] [  2%] Built target ament_cmake_python_copy_move_bot
[0.717s] [  2%] Built target move_bot__rosidl_generator_type_description
[0.750s] [  5%] [34m[1mGenerating C code for ROS interfaces[0m
[0.783s] [  8%] [34m[1mGenerating C++ code for ROS interfaces[0m
[1.305s] running egg_info
[1.309s] creating move_bot.egg-info
[1.386s] writing move_bot.egg-info/PKG-INFO
[1.386s] writing dependency_links to move_bot.egg-info/dependency_links.txt
[1.386s] writing top-level names to move_bot.egg-info/top_level.txt
[1.386s] writing manifest file 'move_bot.egg-info/SOURCES.txt'
[1.517s] [  8%] Built target move_bot__cpp
[1.568s] [ 10%] [32mBuilding C object CMakeFiles/move_bot__rosidl_generator_c.dir/rosidl_generator_c/move_bot/msg/detail/movement__functions.c.o[0m
[1.591s] [ 13%] [32mBuilding C object CMakeFiles/move_bot__rosidl_generator_c.dir/rosidl_generator_c/move_bot/msg/detail/movement__description.c.o[0m
[1.596s] reading manifest file 'move_bot.egg-info/SOURCES.txt'
[1.597s] writing manifest file 'move_bot.egg-info/SOURCES.txt'
[1.602s] [ 16%] [32mBuilding C object CMakeFiles/move_bot__rosidl_generator_c.dir/rosidl_generator_c/move_bot/msg/detail/movement__type_support.c.o[0m
[1.759s] [ 18%] [32m[1mLinking C shared library libmove_bot__rosidl_generator_c.so[0m
[1.867s] [ 18%] Built target ament_cmake_python_build_move_bot_egg
[1.882s] [ 18%] Built target move_bot__rosidl_generator_c
[1.917s] [ 21%] [34m[1mGenerating C++ type support dispatch for ROS interfaces[0m
[1.933s] [ 24%] [34m[1mGenerating C++ type support for eProsima Fast-RTPS[0m
[1.943s] [ 27%] [34m[1mGenerating C introspection for ROS interfaces[0m
[1.965s] [ 29%] [34m[1mGenerating C type support for eProsima Fast-RTPS[0m
[3.014s] [ 32%] [32mBuilding C object CMakeFiles/move_bot__rosidl_typesupport_introspection_c.dir/rosidl_typesupport_introspection_c/move_bot/msg/detail/movement__type_support.c.o[0m
[3.149s] [ 35%] [32m[1mLinking C shared library libmove_bot__rosidl_typesupport_introspection_c.so[0m
[3.266s] [ 35%] Built target move_bot__rosidl_typesupport_introspection_c
[3.334s] [ 37%] [32mBuilding CXX object CMakeFiles/move_bot__rosidl_typesupport_cpp.dir/rosidl_typesupport_cpp/move_bot/msg/movement__type_support.cpp.o[0m
[3.342s] [ 40%] [34m[1mGenerating C type support dispatch for ROS interfaces[0m
[3.414s] [ 43%] [32mBuilding CXX object CMakeFiles/move_bot__rosidl_typesupport_fastrtps_cpp.dir/rosidl_typesupport_fastrtps_cpp/move_bot/msg/detail/dds_fastrtps/movement__type_support.cpp.o[0m
[3.430s] [ 45%] [32mBuilding CXX object CMakeFiles/move_bot__rosidl_typesupport_fastrtps_c.dir/rosidl_typesupport_fastrtps_c/move_bot/msg/detail/movement__type_support_c.cpp.o[0m
[4.259s] [ 48%] [32m[1mLinking CXX shared library libmove_bot__rosidl_typesupport_fastrtps_c.so[0m
[4.319s] [ 51%] [32m[1mLinking CXX shared library libmove_bot__rosidl_typesupport_cpp.so[0m
[4.459s] [ 54%] [32mBuilding CXX object CMakeFiles/move_bot__rosidl_typesupport_c.dir/rosidl_typesupport_c/move_bot/msg/movement__type_support.cpp.o[0m
[4.475s] [ 54%] Built target move_bot__rosidl_typesupport_cpp
[4.511s] [ 56%] [34m[1mGenerating C++ introspection for ROS interfaces[0m
[4.523s] [ 56%] Built target move_bot__rosidl_typesupport_fastrtps_c
[4.571s] [ 59%] [32m[1mLinking CXX shared library libmove_bot__rosidl_typesupport_c.so[0m
[4.668s] [ 59%] Built target move_bot__rosidl_typesupport_c
[4.805s] [ 62%] [32m[1mLinking CXX shared library libmove_bot__rosidl_typesupport_fastrtps_cpp.so[0m
[4.967s] [ 62%] Built target move_bot__rosidl_typesupport_fastrtps_cpp
[5.124s] [ 64%] [32mBuilding CXX object CMakeFiles/move_bot__rosidl_typesupport_introspection_cpp.dir/rosidl_typesupport_introspection_cpp/move_bot/msg/detail/movement__type_support.cpp.o[0m
[5.572s] [ 67%] [32m[1mLinking CXX shared library libmove_bot__rosidl_typesupport_introspection_cpp.so[0m
[5.709s] [ 67%] Built target move_bot__rosidl_typesupport_introspection_cpp
[5.764s] [ 67%] Built target move_bot
[5.823s] [ 75%] [32mBuilding CXX object CMakeFiles/move_node.dir/src/move_bot.cpp.o[0m
[5.825s] [ 75%] [32mBuilding C object CMakeFiles/move_node.dir/src/movements.c.o[0m
[5.826s] [ 75%] [34m[1mGenerating Python code for ROS interfaces[0m
[6.463s] [ 75%] Built target move_bot__py
[6.526s] [ 78%] [32mBuilding C object CMakeFiles/move_bot__rosidl_generator_py.dir/rosidl_generator_py/move_bot/msg/_movement_s.c.o[0m
[6.720s] [ 81%] [32m[1mLinking C shared library rosidl_generator_py/move_bot/libmove_bot__rosidl_generator_py.so[0m
[6.813s] [ 81%] Built target move_bot__rosidl_generator_py
[6.875s] [ 89%] [32mBuilding C object CMakeFiles/move_bot__rosidl_typesupport_c__pyext.dir/rosidl_generator_py/move_bot/_move_bot_s.ep.rosidl_typesupport_c.c.o[0m
[6.875s] [ 89%] [32mBuilding C object CMakeFiles/move_bot__rosidl_typesupport_fastrtps_c__pyext.dir/rosidl_generator_py/move_bot/_move_bot_s.ep.rosidl_typesupport_fastrtps_c.c.o[0m
[6.875s] [ 89%] [32mBuilding C object CMakeFiles/move_bot__rosidl_typesupport_introspection_c__pyext.dir/rosidl_generator_py/move_bot/_move_bot_s.ep.rosidl_typesupport_introspection_c.c.o[0m
[7.084s] [ 94%] [32m[1mLinking C shared library rosidl_generator_py/move_bot/move_bot_s__rosidl_typesupport_introspection_c.cpython-311-aarch64-linux-gnu.so[0m
[7.084s] [ 94%] [32m[1mLinking C shared library rosidl_generator_py/move_bot/move_bot_s__rosidl_typesupport_fastrtps_c.cpython-311-aarch64-linux-gnu.so[0m
[7.103s] [ 97%] [32m[1mLinking C shared library rosidl_generator_py/move_bot/move_bot_s__rosidl_typesupport_c.cpython-311-aarch64-linux-gnu.so[0m
[7.190s] [ 97%] Built target move_bot__rosidl_typesupport_fastrtps_c__pyext
[7.200s] [ 97%] Built target move_bot__rosidl_typesupport_c__pyext
[7.212s] [ 97%] Built target move_bot__rosidl_typesupport_introspection_c__pyext
[16.970s] [100%] [32m[1mLinking CXX executable move_node[0m
[19.168s] [100%] Built target move_node
