[0.112s] Invoking command in '/home/taylor/Buddy_Bot/buddybot/ros2_workspace/build/pcl_conversions': CMAKE_PREFIX_PATH=${CMAKE_PREFIX_PATH}:/home/taylor/Buddy_Bot/buddybot/ros2_workspace/install/tfmini_s:/home/taylor/ros2_iron/install/rqt_bag_plugins:/home/taylor/ros2_iron/install/rqt_bag:/home/taylor/ros2_iron/install/rosbag2_examples_py:/home/taylor/ros2_iron/install/launch_testing_examples:/home/taylor/ros2_iron/install/ros2bag:/home/taylor/ros2_iron/install/tracetools_test:/home/taylor/ros2_iron/install/tracetools_launch:/home/taylor/ros2_iron/install/topic_monitor:/home/taylor/ros2_iron/install/tf2_tools:/home/taylor/ros2_iron/install/examples_tf2_py:/home/taylor/ros2_iron/install/tf2_ros_py:/home/taylor/ros2_iron/install/examples_rclpy_pointcloud_publisher:/home/taylor/ros2_iron/install/sensor_msgs_py:/home/taylor/ros2_iron/install/quality_of_service_demo_py:/home/taylor/ros2_iron/install/rqt_plot:/home/taylor/ros2_iron/install/ros2doctor:/home/taylor/ros2_iron/install/lifecycle_py:/home/taylor/ros2_iron/install/examples_rclpy_minimal_subscriber:/home/taylor/ros2_iron/install/examples_rclpy_minimal_service:/home/taylor/ros2_iron/install/examples_rclpy_minimal_publisher:/home/taylor/ros2_iron/install/examples_rclpy_minimal_client:/home/taylor/ros2_iron/install/examples_rclpy_executors:/home/taylor/ros2_iron/install/demo_nodes_py:/home/taylor/ros2_iron/install/rqt:/home/taylor/ros2_iron/install/ros2component:/home/taylor/ros2_iron/install/sros2:/home/taylor/ros2_iron/install/rqt_topic:/home/taylor/ros2_iron/install/rqt_srv:/home/taylor/ros2_iron/install/rqt_shell:/home/taylor/ros2_iron/install/rqt_service_caller:/home/taylor/ros2_iron/install/rqt_reconfigure:/home/taylor/ros2_iron/install/rqt_py_console:/home/taylor/ros2_iron/install/rqt_publisher:/home/taylor/ros2_iron/install/rqt_action:/home/taylor/ros2_iron/install/rqt_msg:/home/taylor/ros2_iron/install/rqt_console:/home/taylor/ros2_iron/install/rqt_graph:/home/taylor/ros2_iron/install/rqt_gui_py:/home/taylor/ros2_iron/install/rqt_gui:/home/taylor/ros2_iron/install/ros2trace:/home/taylor/ros2_iron/install/ros2topic:/home/taylor/ros2_iron/install/ros2test:/home/taylor/ros2_iron/install/ros2param:/home/taylor/ros2_iron/install/ros2lifecycle:/home/taylor/ros2_iron/install/ros2service:/home/taylor/ros2_iron/install/ros2run:/home/taylor/ros2_iron/install/ros2launch:/home/taylor/ros2_iron/install/ros2pkg:/home/taylor/ros2_iron/install/ros2node:/home/taylor/ros2_iron/install/ros2multicast:/home/taylor/ros2_iron/install/ros2interface:/home/taylor/ros2_iron/install/ros2action:/home/taylor/ros2_iron/install/ros2cli:/home/taylor/ros2_iron/install/launch_testing_ros:/home/taylor/ros2_iron/install/launch_ros:/home/taylor/ros2_iron/install/examples_rclpy_minimal_action_server:/home/taylor/ros2_iron/install/examples_rclpy_minimal_action_client:/home/taylor/ros2_iron/install/examples_rclpy_guard_conditions:/home/taylor/ros2_iron/install/action_tutorials_py:/home/taylor/ros2_iron/install/ament_uncrustify:/home/taylor/ros2_iron/install/tracetools_trace:/home/taylor/ros2_iron/install/tracetools_read:/home/taylor/ros2_iron/install/test_tracetools_launch:/home/taylor/ros2_iron/install/test_ros2trace:/home/taylor/ros2_iron/install/test_launch_ros:/home/taylor/ros2_iron/install/rpyutils:/home/taylor/ros2_iron/install/rosidl_runtime_py:/home/taylor/ros2_iron/install/rosidl_pycommon:/home/taylor/ros2_iron/install/rosidl_cli:/home/taylor/ros2_iron/install/launch_pytest:/home/taylor/ros2_iron/install/launch_testing:/home/taylor/ros2_iron/install/launch_yaml:/home/taylor/ros2_iron/install/launch_xml:/home/taylor/ros2_iron/install/launch:/home/taylor/ros2_iron/install/osrf_pycommon:/home/taylor/ros2_iron/install/domain_coordinator:/home/taylor/ros2_iron/install/ament_xmllint:/home/taylor/ros2_iron/install/ament_pyflakes:/home/taylor/ros2_iron/install/ament_pycodestyle:/home/taylor/ros2_iron/install/ament_pep257:/home/taylor/ros2_iron/install/ament_pclint:/home/taylor/ros2_iron/install/ament_package:/home/taylor/ros2_iron/install/ament_mypy:/home/taylor/ros2_iron/install/ament_lint_cmake:/home/taylor/ros2_iron/install/ament_flake8:/home/taylor/ros2_iron/install/ament_copyright:/home/taylor/ros2_iron/install/ament_lint:/home/taylor/ros2_iron/install/ament_index_python:/home/taylor/ros2_iron/install/ament_cpplint:/home/taylor/ros2_iron/install/ament_cppcheck:/home/taylor/ros2_iron/install/ament_clang_tidy:/home/taylor/ros2_iron/install/ament_clang_format /usr/bin/cmake /home/taylor/Buddy_Bot/buddybot/ros2_workspace/src/perception_pcl/pcl_conversions -DAMENT_CMAKE_SYMLINK_INSTALL=1 -DCMAKE_INSTALL_PREFIX=/home/taylor/Buddy_Bot/buddybot/ros2_workspace/install/pcl_conversions
[0.406s] -- The C compiler identification is GNU 12.2.0
[0.680s] -- The CXX compiler identification is GNU 12.2.0
[0.722s] -- Detecting C compiler ABI info
[1.143s] -- Detecting C compiler ABI info - done
[1.175s] -- Check for working C compiler: /usr/bin/cc - skipped
[1.175s] -- Detecting C compile features
[1.175s] -- Detecting C compile features - done
[1.187s] -- Detecting CXX compiler ABI info
[1.516s] -- Detecting CXX compiler ABI info - done
[1.538s] -- Check for working CXX compiler: /usr/bin/c++ - skipped
[1.540s] -- Detecting CXX compile features
[1.542s] -- Detecting CXX compile features - done
[1.564s] -- Found ament_cmake: 2.0.4 (/home/taylor/ros2_iron/install/ament_cmake/share/ament_cmake/cmake)
[4.163s] -- Found Python3: /usr/bin/python3 (found version "3.11.2") found components: Interpreter 
[4.514s] -- Override CMake install command with custom implementation using symlinks instead of copying resources
[4.996s] -- Found Boost: /usr/lib/aarch64-linux-gnu/cmake/Boost-1.74.0/BoostConfig.cmake (found version "1.74.0")  
[5.059s] -- Found message_filters: 4.7.0 (/home/taylor/ros2_iron/install/message_filters/share/message_filters/cmake)
[5.498s] -- Found rosidl_generator_c: 4.0.1 (/home/taylor/ros2_iron/install/rosidl_generator_c/share/rosidl_generator_c/cmake)
[5.538s] -- Found rosidl_generator_cpp: 4.0.1 (/home/taylor/ros2_iron/install/rosidl_generator_cpp/share/rosidl_generator_cpp/cmake)
[5.662s] -- Using all available rosidl_typesupport_c: rosidl_typesupport_introspection_c;rosidl_typesupport_fastrtps_c
[5.805s] -- Using all available rosidl_typesupport_cpp: rosidl_typesupport_introspection_cpp;rosidl_typesupport_fastrtps_cpp
[6.310s] -- Found rmw_implementation_cmake: 7.1.0 (/home/taylor/ros2_iron/install/rmw_implementation_cmake/share/rmw_implementation_cmake/cmake)
[6.372s] -- Found rmw_fastrtps_cpp: 7.1.3 (/home/taylor/ros2_iron/install/rmw_fastrtps_cpp/share/rmw_fastrtps_cpp/cmake)
[6.827s] -- Found OpenSSL: /usr/lib/aarch64-linux-gnu/libcrypto.so (found version "3.0.11")  
[6.890s] -- Found FastRTPS: /home/taylor/ros2_iron/install/fastrtps/include  
[7.027s] -- Using RMW implementation 'rmw_fastrtps_cpp' as default
[7.482s] -- Checking for module 'eigen3'
[7.545s] --   Found eigen3, version 3.4.0
[7.649s] -- Found Eigen: /usr/include/eigen3 (Required is at least version "3.3") 
[7.660s] -- Eigen found (include: /usr/include/eigen3, version: 3.4.0)
[8.065s] -- Checking for module 'libusb-1.0'
[8.120s] --   Found libusb-1.0, version 1.0.26
[8.207s] -- Found libusb: /usr/lib/aarch64-linux-gnu/libusb-1.0.so  
[8.213s] -- OpenNI found (version: 1.5.4.0, include: /usr/include/ni, lib: /usr/lib/libOpenNI.so;libusb::libusb)
[8.366s] -- OpenNI2 found (version: 2.2.0.33, include: /usr/include/openni2, lib: /usr/lib/aarch64-linux-gnu/libOpenNI2.so;libusb::libusb)
[12.266s] -- Eigen found (include: /usr/include/eigen3, version: 3.4.0)
[12.266s] -- Found PCL_COMMON: /usr/lib/aarch64-linux-gnu/libpcl_common.so  
[12.271s] -- Found PCL_OCTREE: /usr/lib/aarch64-linux-gnu/libpcl_octree.so  
[12.275s] -- Found PCL_IO: /usr/lib/aarch64-linux-gnu/libpcl_io.so  
[12.324s] -- Configuring incomplete, errors occurred!
[12.324s] See also "/home/taylor/Buddy_Bot/buddybot/ros2_workspace/build/pcl_conversions/CMakeFiles/CMakeOutput.log".
[12.324s] [31mCMake Error at CMakeLists.txt:18 (find_package):
[12.324s]   By not providing "Findpcl_msgs.cmake" in CMAKE_MODULE_PATH this project has
[12.324s]   asked CMake to find a package configuration file provided by "pcl_msgs",
[12.324s]   but CMake did not find one.
[12.324s] 
[12.325s]   Could not find a package configuration file provided by "pcl_msgs" with any
[12.325s]   of the following names:
[12.325s] 
[12.325s]     pcl_msgsConfig.cmake
[12.325s]     pcl_msgs-config.cmake
[12.325s] 
[12.325s]   Add the installation prefix of "pcl_msgs" to CMAKE_PREFIX_PATH or set
[12.325s]   "pcl_msgs_DIR" to a directory containing one of the above files.  If
[12.325s]   "pcl_msgs" provides a separate development package or SDK, be sure it has
[12.325s]   been installed.
[12.325s] 
[12.325s] [0m
[12.378s] Invoked command in '/home/taylor/Buddy_Bot/buddybot/ros2_workspace/build/pcl_conversions' returned '1': CMAKE_PREFIX_PATH=${CMAKE_PREFIX_PATH}:/home/taylor/Buddy_Bot/buddybot/ros2_workspace/install/tfmini_s:/home/taylor/ros2_iron/install/rqt_bag_plugins:/home/taylor/ros2_iron/install/rqt_bag:/home/taylor/ros2_iron/install/rosbag2_examples_py:/home/taylor/ros2_iron/install/launch_testing_examples:/home/taylor/ros2_iron/install/ros2bag:/home/taylor/ros2_iron/install/tracetools_test:/home/taylor/ros2_iron/install/tracetools_launch:/home/taylor/ros2_iron/install/topic_monitor:/home/taylor/ros2_iron/install/tf2_tools:/home/taylor/ros2_iron/install/examples_tf2_py:/home/taylor/ros2_iron/install/tf2_ros_py:/home/taylor/ros2_iron/install/examples_rclpy_pointcloud_publisher:/home/taylor/ros2_iron/install/sensor_msgs_py:/home/taylor/ros2_iron/install/quality_of_service_demo_py:/home/taylor/ros2_iron/install/rqt_plot:/home/taylor/ros2_iron/install/ros2doctor:/home/taylor/ros2_iron/install/lifecycle_py:/home/taylor/ros2_iron/install/examples_rclpy_minimal_subscriber:/home/taylor/ros2_iron/install/examples_rclpy_minimal_service:/home/taylor/ros2_iron/install/examples_rclpy_minimal_publisher:/home/taylor/ros2_iron/install/examples_rclpy_minimal_client:/home/taylor/ros2_iron/install/examples_rclpy_executors:/home/taylor/ros2_iron/install/demo_nodes_py:/home/taylor/ros2_iron/install/rqt:/home/taylor/ros2_iron/install/ros2component:/home/taylor/ros2_iron/install/sros2:/home/taylor/ros2_iron/install/rqt_topic:/home/taylor/ros2_iron/install/rqt_srv:/home/taylor/ros2_iron/install/rqt_shell:/home/taylor/ros2_iron/install/rqt_service_caller:/home/taylor/ros2_iron/install/rqt_reconfigure:/home/taylor/ros2_iron/install/rqt_py_console:/home/taylor/ros2_iron/install/rqt_publisher:/home/taylor/ros2_iron/install/rqt_action:/home/taylor/ros2_iron/install/rqt_msg:/home/taylor/ros2_iron/install/rqt_console:/home/taylor/ros2_iron/install/rqt_graph:/home/taylor/ros2_iron/install/rqt_gui_py:/home/taylor/ros2_iron/install/rqt_gui:/home/taylor/ros2_iron/install/ros2trace:/home/taylor/ros2_iron/install/ros2topic:/home/taylor/ros2_iron/install/ros2test:/home/taylor/ros2_iron/install/ros2param:/home/taylor/ros2_iron/install/ros2lifecycle:/home/taylor/ros2_iron/install/ros2service:/home/taylor/ros2_iron/install/ros2run:/home/taylor/ros2_iron/install/ros2launch:/home/taylor/ros2_iron/install/ros2pkg:/home/taylor/ros2_iron/install/ros2node:/home/taylor/ros2_iron/install/ros2multicast:/home/taylor/ros2_iron/install/ros2interface:/home/taylor/ros2_iron/install/ros2action:/home/taylor/ros2_iron/install/ros2cli:/home/taylor/ros2_iron/install/launch_testing_ros:/home/taylor/ros2_iron/install/launch_ros:/home/taylor/ros2_iron/install/examples_rclpy_minimal_action_server:/home/taylor/ros2_iron/install/examples_rclpy_minimal_action_client:/home/taylor/ros2_iron/install/examples_rclpy_guard_conditions:/home/taylor/ros2_iron/install/action_tutorials_py:/home/taylor/ros2_iron/install/ament_uncrustify:/home/taylor/ros2_iron/install/tracetools_trace:/home/taylor/ros2_iron/install/tracetools_read:/home/taylor/ros2_iron/install/test_tracetools_launch:/home/taylor/ros2_iron/install/test_ros2trace:/home/taylor/ros2_iron/install/test_launch_ros:/home/taylor/ros2_iron/install/rpyutils:/home/taylor/ros2_iron/install/rosidl_runtime_py:/home/taylor/ros2_iron/install/rosidl_pycommon:/home/taylor/ros2_iron/install/rosidl_cli:/home/taylor/ros2_iron/install/launch_pytest:/home/taylor/ros2_iron/install/launch_testing:/home/taylor/ros2_iron/install/launch_yaml:/home/taylor/ros2_iron/install/launch_xml:/home/taylor/ros2_iron/install/launch:/home/taylor/ros2_iron/install/osrf_pycommon:/home/taylor/ros2_iron/install/domain_coordinator:/home/taylor/ros2_iron/install/ament_xmllint:/home/taylor/ros2_iron/install/ament_pyflakes:/home/taylor/ros2_iron/install/ament_pycodestyle:/home/taylor/ros2_iron/install/ament_pep257:/home/taylor/ros2_iron/install/ament_pclint:/home/taylor/ros2_iron/install/ament_package:/home/taylor/ros2_iron/install/ament_mypy:/home/taylor/ros2_iron/install/ament_lint_cmake:/home/taylor/ros2_iron/install/ament_flake8:/home/taylor/ros2_iron/install/ament_copyright:/home/taylor/ros2_iron/install/ament_lint:/home/taylor/ros2_iron/install/ament_index_python:/home/taylor/ros2_iron/install/ament_cpplint:/home/taylor/ros2_iron/install/ament_cppcheck:/home/taylor/ros2_iron/install/ament_clang_tidy:/home/taylor/ros2_iron/install/ament_clang_format /usr/bin/cmake /home/taylor/Buddy_Bot/buddybot/ros2_workspace/src/perception_pcl/pcl_conversions -DAMENT_CMAKE_SYMLINK_INSTALL=1 -DCMAKE_INSTALL_PREFIX=/home/taylor/Buddy_Bot/buddybot/ros2_workspace/install/pcl_conversions
