[100%] Built target tfmini_ros_node
-- Install configuration: ""
-- Up-to-date: /home/taylor/Buddy_Bot/buddybot/ros2_workspace/src/install/tfmini_ros/share/ament_index/resource_index/package_run_dependencies/tfmini_ros
-- Up-to-date: /home/taylor/Buddy_Bot/buddybot/ros2_workspace/src/install/tfmini_ros/share/ament_index/resource_index/parent_prefix_path/tfmini_ros
-- Up-to-date: /home/taylor/Buddy_Bot/buddybot/ros2_workspace/src/install/tfmini_ros/share/tfmini_ros/environment/ament_prefix_path.dsv
-- Up-to-date: /home/taylor/Buddy_Bot/buddybot/ros2_workspace/src/install/tfmini_ros/share/tfmini_ros/environment/path.dsv
-- Up-to-date: /home/taylor/Buddy_Bot/buddybot/ros2_workspace/src/install/tfmini_ros/share/tfmini_ros/local_setup.bash
-- Up-to-date: /home/taylor/Buddy_Bot/buddybot/ros2_workspace/src/install/tfmini_ros/share/tfmini_ros/local_setup.sh
-- Up-to-date: /home/taylor/Buddy_Bot/buddybot/ros2_workspace/src/install/tfmini_ros/share/tfmini_ros/local_setup.zsh
-- Up-to-date: /home/taylor/Buddy_Bot/buddybot/ros2_workspace/src/install/tfmini_ros/share/tfmini_ros/local_setup.dsv
-- Installing: /home/taylor/Buddy_Bot/buddybot/ros2_workspace/src/install/tfmini_ros/share/tfmini_ros/package.dsv
-- Up-to-date: /home/taylor/Buddy_Bot/buddybot/ros2_workspace/src/install/tfmini_ros/share/ament_index/resource_index/packages/tfmini_ros
-- Up-to-date: /home/taylor/Buddy_Bot/buddybot/ros2_workspace/src/install/tfmini_ros/share/tfmini_ros/cmake/tfmini_rosConfig.cmake
-- Up-to-date: /home/taylor/Buddy_Bot/buddybot/ros2_workspace/src/install/tfmini_ros/share/tfmini_ros/cmake/tfmini_rosConfig-version.cmake
-- Up-to-date: /home/taylor/Buddy_Bot/buddybot/ros2_workspace/src/install/tfmini_ros/share/tfmini_ros/package.xml
-- Up-to-date: /home/taylor/Buddy_Bot/buddybot/ros2_workspace/src/install/tfmini_ros/lib/tfmini_ros/tfmini_ros_node
-- Up-to-date: /home/taylor/Buddy_Bot/buddybot/ros2_workspace/src/install/tfmini_ros/include/
-- Up-to-date: /home/taylor/Buddy_Bot/buddybot/ros2_workspace/src/install/tfmini_ros/include//TFmini.h
-- Up-to-date: /home/taylor/Buddy_Bot/buddybot/ros2_workspace/src/install/tfmini_ros/share/tfmini_ros/launch
-- Up-to-date: /home/taylor/Buddy_Bot/buddybot/ros2_workspace/src/install/tfmini_ros/share/tfmini_ros/launch/tfmini.launch
