[0.079s] Invoking command in '/home/taylor/Buddy_Bot/buddybot/ros2_workspace/build/move_bot': CMAKE_PREFIX_PATH=${CMAKE_PREFIX_PATH}:/home/taylor/Buddy_Bot/buddybot/ros2_workspace/install/tfmini_s:/home/taylor/Buddy_Bot/buddybot/ros2_workspace/install/rtabmap_python:/home/taylor/Buddy_Bot/buddybot/ros2_workspace/install/opencv_tests:/home/taylor/ros2_iron/install/rqt_bag_plugins:/home/taylor/ros2_iron/install/rqt_bag:/home/taylor/ros2_iron/install/rosbag2_examples_py:/home/taylor/ros2_iron/install/launch_testing_examples:/home/taylor/ros2_iron/install/ros2bag:/home/taylor/ros2_iron/install/tracetools_test:/home/taylor/ros2_iron/install/tracetools_launch:/home/taylor/ros2_iron/install/topic_monitor:/home/taylor/ros2_iron/install/tf2_tools:/home/taylor/ros2_iron/install/examples_tf2_py:/home/taylor/ros2_iron/install/tf2_ros_py:/home/taylor/ros2_iron/install/examples_rclpy_pointcloud_publisher:/home/taylor/ros2_iron/install/sensor_msgs_py:/home/taylor/ros2_iron/install/quality_of_service_demo_py:/home/taylor/ros2_iron/install/rqt_plot:/home/taylor/ros2_iron/install/ros2doctor:/home/taylor/ros2_iron/install/lifecycle_py:/home/taylor/ros2_iron/install/examples_rclpy_minimal_subscriber:/home/taylor/ros2_iron/install/examples_rclpy_minimal_service:/home/taylor/ros2_iron/install/examples_rclpy_minimal_publisher:/home/taylor/ros2_iron/install/examples_rclpy_minimal_client:/home/taylor/ros2_iron/install/examples_rclpy_executors:/home/taylor/ros2_iron/install/demo_nodes_py:/home/taylor/ros2_iron/install/rqt:/home/taylor/ros2_iron/install/ros2component:/home/taylor/ros2_iron/install/sros2:/home/taylor/ros2_iron/install/rqt_topic:/home/taylor/ros2_iron/install/rqt_srv:/home/taylor/ros2_iron/install/rqt_shell:/home/taylor/ros2_iron/install/rqt_service_caller:/home/taylor/ros2_iron/install/rqt_reconfigure:/home/taylor/ros2_iron/install/rqt_py_console:/home/taylor/ros2_iron/install/rqt_publisher:/home/taylor/ros2_iron/install/rqt_action:/home/taylor/ros2_iron/install/rqt_msg:/home/taylor/ros2_iron/install/rqt_console:/home/taylor/ros2_iron/install/rqt_graph:/home/taylor/ros2_iron/install/rqt_gui_py:/home/taylor/ros2_iron/install/rqt_gui:/home/taylor/ros2_iron/install/ros2trace:/home/taylor/ros2_iron/install/ros2topic:/home/taylor/ros2_iron/install/ros2test:/home/taylor/ros2_iron/install/ros2param:/home/taylor/ros2_iron/install/ros2lifecycle:/home/taylor/ros2_iron/install/ros2service:/home/taylor/ros2_iron/install/ros2run:/home/taylor/ros2_iron/install/ros2launch:/home/taylor/ros2_iron/install/ros2pkg:/home/taylor/ros2_iron/install/ros2node:/home/taylor/ros2_iron/install/ros2multicast:/home/taylor/ros2_iron/install/ros2interface:/home/taylor/ros2_iron/install/ros2action:/home/taylor/ros2_iron/install/ros2cli:/home/taylor/ros2_iron/install/launch_testing_ros:/home/taylor/ros2_iron/install/launch_ros:/home/taylor/ros2_iron/install/examples_rclpy_minimal_action_server:/home/taylor/ros2_iron/install/examples_rclpy_minimal_action_client:/home/taylor/ros2_iron/install/examples_rclpy_guard_conditions:/home/taylor/ros2_iron/install/action_tutorials_py:/home/taylor/ros2_iron/install/ament_uncrustify:/home/taylor/ros2_iron/install/tracetools_trace:/home/taylor/ros2_iron/install/tracetools_read:/home/taylor/ros2_iron/install/test_tracetools_launch:/home/taylor/ros2_iron/install/test_ros2trace:/home/taylor/ros2_iron/install/test_launch_ros:/home/taylor/ros2_iron/install/rpyutils:/home/taylor/ros2_iron/install/rosidl_runtime_py:/home/taylor/ros2_iron/install/rosidl_pycommon:/home/taylor/ros2_iron/install/rosidl_cli:/home/taylor/ros2_iron/install/launch_pytest:/home/taylor/ros2_iron/install/launch_testing:/home/taylor/ros2_iron/install/launch_yaml:/home/taylor/ros2_iron/install/launch_xml:/home/taylor/ros2_iron/install/launch:/home/taylor/ros2_iron/install/osrf_pycommon:/home/taylor/ros2_iron/install/domain_coordinator:/home/taylor/ros2_iron/install/ament_xmllint:/home/taylor/ros2_iron/install/ament_pyflakes:/home/taylor/ros2_iron/install/ament_pycodestyle:/home/taylor/ros2_iron/install/ament_pep257:/home/taylor/ros2_iron/install/ament_pclint:/home/taylor/ros2_iron/install/ament_package:/home/taylor/ros2_iron/install/ament_mypy:/home/taylor/ros2_iron/install/ament_lint_cmake:/home/taylor/ros2_iron/install/ament_flake8:/home/taylor/ros2_iron/install/ament_copyright:/home/taylor/ros2_iron/install/ament_lint:/home/taylor/ros2_iron/install/ament_index_python:/home/taylor/ros2_iron/install/ament_cpplint:/home/taylor/ros2_iron/install/ament_cppcheck:/home/taylor/ros2_iron/install/ament_clang_tidy:/home/taylor/ros2_iron/install/ament_clang_format /usr/bin/cmake --build /home/taylor/Buddy_Bot/buddybot/ros2_workspace/build/move_bot -- -j4 -l4
[0.255s] [  2%] Built target move_bot__rosidl_generator_type_description
[0.287s] [  2%] Built target ament_cmake_python_copy_move_bot
[0.390s] [ 16%] Built target move_bot__cpp
[0.390s] [ 18%] Built target move_bot__rosidl_generator_c
[0.537s] [ 27%] Built target move_bot__rosidl_typesupport_fastrtps_cpp
[0.615s] [ 35%] Built target move_bot__rosidl_typesupport_introspection_c
[0.630s] [ 43%] Built target move_bot__rosidl_typesupport_c
[0.768s] [ 51%] Built target move_bot__rosidl_typesupport_cpp
[0.777s] [ 59%] Built target move_bot__rosidl_typesupport_introspection_cpp
[0.803s] [ 67%] Built target move_bot__rosidl_typesupport_fastrtps_c
[0.903s] [ 67%] Built target move_bot
[1.005s] [ 70%] Built target move_bot__py
[1.045s] [ 78%] Built target move_node
[1.217s] [ 83%] Built target move_bot__rosidl_generator_py
[1.420s] [ 89%] Built target move_bot__rosidl_typesupport_c__pyext
[1.430s] [ 94%] Built target move_bot__rosidl_typesupport_fastrtps_c__pyext
[1.446s] [100%] Built target move_bot__rosidl_typesupport_introspection_c__pyext
[1.929s] running egg_info
[1.972s] writing move_bot.egg-info/PKG-INFO
[1.973s] writing dependency_links to move_bot.egg-info/dependency_links.txt
[1.974s] writing top-level names to move_bot.egg-info/top_level.txt
[2.106s] reading manifest file 'move_bot.egg-info/SOURCES.txt'
[2.107s] writing manifest file 'move_bot.egg-info/SOURCES.txt'
[2.292s] [100%] Built target ament_cmake_python_build_move_bot_egg
[2.325s] Invoked command in '/home/taylor/Buddy_Bot/buddybot/ros2_workspace/build/move_bot' returned '0': CMAKE_PREFIX_PATH=${CMAKE_PREFIX_PATH}:/home/taylor/Buddy_Bot/buddybot/ros2_workspace/install/tfmini_s:/home/taylor/Buddy_Bot/buddybot/ros2_workspace/install/rtabmap_python:/home/taylor/Buddy_Bot/buddybot/ros2_workspace/install/opencv_tests:/home/taylor/ros2_iron/install/rqt_bag_plugins:/home/taylor/ros2_iron/install/rqt_bag:/home/taylor/ros2_iron/install/rosbag2_examples_py:/home/taylor/ros2_iron/install/launch_testing_examples:/home/taylor/ros2_iron/install/ros2bag:/home/taylor/ros2_iron/install/tracetools_test:/home/taylor/ros2_iron/install/tracetools_launch:/home/taylor/ros2_iron/install/topic_monitor:/home/taylor/ros2_iron/install/tf2_tools:/home/taylor/ros2_iron/install/examples_tf2_py:/home/taylor/ros2_iron/install/tf2_ros_py:/home/taylor/ros2_iron/install/examples_rclpy_pointcloud_publisher:/home/taylor/ros2_iron/install/sensor_msgs_py:/home/taylor/ros2_iron/install/quality_of_service_demo_py:/home/taylor/ros2_iron/install/rqt_plot:/home/taylor/ros2_iron/install/ros2doctor:/home/taylor/ros2_iron/install/lifecycle_py:/home/taylor/ros2_iron/install/examples_rclpy_minimal_subscriber:/home/taylor/ros2_iron/install/examples_rclpy_minimal_service:/home/taylor/ros2_iron/install/examples_rclpy_minimal_publisher:/home/taylor/ros2_iron/install/examples_rclpy_minimal_client:/home/taylor/ros2_iron/install/examples_rclpy_executors:/home/taylor/ros2_iron/install/demo_nodes_py:/home/taylor/ros2_iron/install/rqt:/home/taylor/ros2_iron/install/ros2component:/home/taylor/ros2_iron/install/sros2:/home/taylor/ros2_iron/install/rqt_topic:/home/taylor/ros2_iron/install/rqt_srv:/home/taylor/ros2_iron/install/rqt_shell:/home/taylor/ros2_iron/install/rqt_service_caller:/home/taylor/ros2_iron/install/rqt_reconfigure:/home/taylor/ros2_iron/install/rqt_py_console:/home/taylor/ros2_iron/install/rqt_publisher:/home/taylor/ros2_iron/install/rqt_action:/home/taylor/ros2_iron/install/rqt_msg:/home/taylor/ros2_iron/install/rqt_console:/home/taylor/ros2_iron/install/rqt_graph:/home/taylor/ros2_iron/install/rqt_gui_py:/home/taylor/ros2_iron/install/rqt_gui:/home/taylor/ros2_iron/install/ros2trace:/home/taylor/ros2_iron/install/ros2topic:/home/taylor/ros2_iron/install/ros2test:/home/taylor/ros2_iron/install/ros2param:/home/taylor/ros2_iron/install/ros2lifecycle:/home/taylor/ros2_iron/install/ros2service:/home/taylor/ros2_iron/install/ros2run:/home/taylor/ros2_iron/install/ros2launch:/home/taylor/ros2_iron/install/ros2pkg:/home/taylor/ros2_iron/install/ros2node:/home/taylor/ros2_iron/install/ros2multicast:/home/taylor/ros2_iron/install/ros2interface:/home/taylor/ros2_iron/install/ros2action:/home/taylor/ros2_iron/install/ros2cli:/home/taylor/ros2_iron/install/launch_testing_ros:/home/taylor/ros2_iron/install/launch_ros:/home/taylor/ros2_iron/install/examples_rclpy_minimal_action_server:/home/taylor/ros2_iron/install/examples_rclpy_minimal_action_client:/home/taylor/ros2_iron/install/examples_rclpy_guard_conditions:/home/taylor/ros2_iron/install/action_tutorials_py:/home/taylor/ros2_iron/install/ament_uncrustify:/home/taylor/ros2_iron/install/tracetools_trace:/home/taylor/ros2_iron/install/tracetools_read:/home/taylor/ros2_iron/install/test_tracetools_launch:/home/taylor/ros2_iron/install/test_ros2trace:/home/taylor/ros2_iron/install/test_launch_ros:/home/taylor/ros2_iron/install/rpyutils:/home/taylor/ros2_iron/install/rosidl_runtime_py:/home/taylor/ros2_iron/install/rosidl_pycommon:/home/taylor/ros2_iron/install/rosidl_cli:/home/taylor/ros2_iron/install/launch_pytest:/home/taylor/ros2_iron/install/launch_testing:/home/taylor/ros2_iron/install/launch_yaml:/home/taylor/ros2_iron/install/launch_xml:/home/taylor/ros2_iron/install/launch:/home/taylor/ros2_iron/install/osrf_pycommon:/home/taylor/ros2_iron/install/domain_coordinator:/home/taylor/ros2_iron/install/ament_xmllint:/home/taylor/ros2_iron/install/ament_pyflakes:/home/taylor/ros2_iron/install/ament_pycodestyle:/home/taylor/ros2_iron/install/ament_pep257:/home/taylor/ros2_iron/install/ament_pclint:/home/taylor/ros2_iron/install/ament_package:/home/taylor/ros2_iron/install/ament_mypy:/home/taylor/ros2_iron/install/ament_lint_cmake:/home/taylor/ros2_iron/install/ament_flake8:/home/taylor/ros2_iron/install/ament_copyright:/home/taylor/ros2_iron/install/ament_lint:/home/taylor/ros2_iron/install/ament_index_python:/home/taylor/ros2_iron/install/ament_cpplint:/home/taylor/ros2_iron/install/ament_cppcheck:/home/taylor/ros2_iron/install/ament_clang_tidy:/home/taylor/ros2_iron/install/ament_clang_format /usr/bin/cmake --build /home/taylor/Buddy_Bot/buddybot/ros2_workspace/build/move_bot -- -j4 -l4
[2.647s] Invoking command in '/home/taylor/Buddy_Bot/buddybot/ros2_workspace/build/move_bot': CMAKE_PREFIX_PATH=${CMAKE_PREFIX_PATH}:/home/taylor/Buddy_Bot/buddybot/ros2_workspace/install/tfmini_s:/home/taylor/Buddy_Bot/buddybot/ros2_workspace/install/rtabmap_python:/home/taylor/Buddy_Bot/buddybot/ros2_workspace/install/opencv_tests:/home/taylor/ros2_iron/install/rqt_bag_plugins:/home/taylor/ros2_iron/install/rqt_bag:/home/taylor/ros2_iron/install/rosbag2_examples_py:/home/taylor/ros2_iron/install/launch_testing_examples:/home/taylor/ros2_iron/install/ros2bag:/home/taylor/ros2_iron/install/tracetools_test:/home/taylor/ros2_iron/install/tracetools_launch:/home/taylor/ros2_iron/install/topic_monitor:/home/taylor/ros2_iron/install/tf2_tools:/home/taylor/ros2_iron/install/examples_tf2_py:/home/taylor/ros2_iron/install/tf2_ros_py:/home/taylor/ros2_iron/install/examples_rclpy_pointcloud_publisher:/home/taylor/ros2_iron/install/sensor_msgs_py:/home/taylor/ros2_iron/install/quality_of_service_demo_py:/home/taylor/ros2_iron/install/rqt_plot:/home/taylor/ros2_iron/install/ros2doctor:/home/taylor/ros2_iron/install/lifecycle_py:/home/taylor/ros2_iron/install/examples_rclpy_minimal_subscriber:/home/taylor/ros2_iron/install/examples_rclpy_minimal_service:/home/taylor/ros2_iron/install/examples_rclpy_minimal_publisher:/home/taylor/ros2_iron/install/examples_rclpy_minimal_client:/home/taylor/ros2_iron/install/examples_rclpy_executors:/home/taylor/ros2_iron/install/demo_nodes_py:/home/taylor/ros2_iron/install/rqt:/home/taylor/ros2_iron/install/ros2component:/home/taylor/ros2_iron/install/sros2:/home/taylor/ros2_iron/install/rqt_topic:/home/taylor/ros2_iron/install/rqt_srv:/home/taylor/ros2_iron/install/rqt_shell:/home/taylor/ros2_iron/install/rqt_service_caller:/home/taylor/ros2_iron/install/rqt_reconfigure:/home/taylor/ros2_iron/install/rqt_py_console:/home/taylor/ros2_iron/install/rqt_publisher:/home/taylor/ros2_iron/install/rqt_action:/home/taylor/ros2_iron/install/rqt_msg:/home/taylor/ros2_iron/install/rqt_console:/home/taylor/ros2_iron/install/rqt_graph:/home/taylor/ros2_iron/install/rqt_gui_py:/home/taylor/ros2_iron/install/rqt_gui:/home/taylor/ros2_iron/install/ros2trace:/home/taylor/ros2_iron/install/ros2topic:/home/taylor/ros2_iron/install/ros2test:/home/taylor/ros2_iron/install/ros2param:/home/taylor/ros2_iron/install/ros2lifecycle:/home/taylor/ros2_iron/install/ros2service:/home/taylor/ros2_iron/install/ros2run:/home/taylor/ros2_iron/install/ros2launch:/home/taylor/ros2_iron/install/ros2pkg:/home/taylor/ros2_iron/install/ros2node:/home/taylor/ros2_iron/install/ros2multicast:/home/taylor/ros2_iron/install/ros2interface:/home/taylor/ros2_iron/install/ros2action:/home/taylor/ros2_iron/install/ros2cli:/home/taylor/ros2_iron/install/launch_testing_ros:/home/taylor/ros2_iron/install/launch_ros:/home/taylor/ros2_iron/install/examples_rclpy_minimal_action_server:/home/taylor/ros2_iron/install/examples_rclpy_minimal_action_client:/home/taylor/ros2_iron/install/examples_rclpy_guard_conditions:/home/taylor/ros2_iron/install/action_tutorials_py:/home/taylor/ros2_iron/install/ament_uncrustify:/home/taylor/ros2_iron/install/tracetools_trace:/home/taylor/ros2_iron/install/tracetools_read:/home/taylor/ros2_iron/install/test_tracetools_launch:/home/taylor/ros2_iron/install/test_ros2trace:/home/taylor/ros2_iron/install/test_launch_ros:/home/taylor/ros2_iron/install/rpyutils:/home/taylor/ros2_iron/install/rosidl_runtime_py:/home/taylor/ros2_iron/install/rosidl_pycommon:/home/taylor/ros2_iron/install/rosidl_cli:/home/taylor/ros2_iron/install/launch_pytest:/home/taylor/ros2_iron/install/launch_testing:/home/taylor/ros2_iron/install/launch_yaml:/home/taylor/ros2_iron/install/launch_xml:/home/taylor/ros2_iron/install/launch:/home/taylor/ros2_iron/install/osrf_pycommon:/home/taylor/ros2_iron/install/domain_coordinator:/home/taylor/ros2_iron/install/ament_xmllint:/home/taylor/ros2_iron/install/ament_pyflakes:/home/taylor/ros2_iron/install/ament_pycodestyle:/home/taylor/ros2_iron/install/ament_pep257:/home/taylor/ros2_iron/install/ament_pclint:/home/taylor/ros2_iron/install/ament_package:/home/taylor/ros2_iron/install/ament_mypy:/home/taylor/ros2_iron/install/ament_lint_cmake:/home/taylor/ros2_iron/install/ament_flake8:/home/taylor/ros2_iron/install/ament_copyright:/home/taylor/ros2_iron/install/ament_lint:/home/taylor/ros2_iron/install/ament_index_python:/home/taylor/ros2_iron/install/ament_cpplint:/home/taylor/ros2_iron/install/ament_cppcheck:/home/taylor/ros2_iron/install/ament_clang_tidy:/home/taylor/ros2_iron/install/ament_clang_format /usr/bin/cmake --install /home/taylor/Buddy_Bot/buddybot/ros2_workspace/build/move_bot
[2.673s] -- Install configuration: ""
[2.674s] -- Installing: /home/taylor/Buddy_Bot/buddybot/ros2_workspace/install/move_bot/share/ament_index/resource_index/rosidl_interfaces/move_bot
[2.677s] -- Installing: /home/taylor/Buddy_Bot/buddybot/ros2_workspace/install/move_bot/share/move_bot/msg/Movement.json
[2.680s] -- Installing: /home/taylor/Buddy_Bot/buddybot/ros2_workspace/install/move_bot/include/move_bot/move_bot
[2.681s] -- Installing: /home/taylor/Buddy_Bot/buddybot/ros2_workspace/install/move_bot/include/move_bot/move_bot/msg
[2.682s] -- Installing: /home/taylor/Buddy_Bot/buddybot/ros2_workspace/install/move_bot/include/move_bot/move_bot/msg/rosidl_generator_c__visibility_control.h
[2.683s] -- Installing: /home/taylor/Buddy_Bot/buddybot/ros2_workspace/install/move_bot/include/move_bot/move_bot/msg/movement.h
[2.683s] -- Installing: /home/taylor/Buddy_Bot/buddybot/ros2_workspace/install/move_bot/include/move_bot/move_bot/msg/detail
[2.683s] -- Installing: /home/taylor/Buddy_Bot/buddybot/ros2_workspace/install/move_bot/include/move_bot/move_bot/msg/detail/movement__type_support.c
[2.685s] -- Installing: /home/taylor/Buddy_Bot/buddybot/ros2_workspace/install/move_bot/include/move_bot/move_bot/msg/detail/movement__type_support.h
[2.685s] -- Installing: /home/taylor/Buddy_Bot/buddybot/ros2_workspace/install/move_bot/include/move_bot/move_bot/msg/detail/movement__description.c
[2.687s] -- Installing: /home/taylor/Buddy_Bot/buddybot/ros2_workspace/install/move_bot/include/move_bot/move_bot/msg/detail/movement__functions.h
[2.687s] -- Installing: /home/taylor/Buddy_Bot/buddybot/ros2_workspace/install/move_bot/include/move_bot/move_bot/msg/detail/movement__functions.c
[2.687s] -- Installing: /home/taylor/Buddy_Bot/buddybot/ros2_workspace/install/move_bot/include/move_bot/move_bot/msg/detail/movement__struct.h
[2.687s] -- Installing: /home/taylor/Buddy_Bot/buddybot/ros2_workspace/install/move_bot/share/move_bot/environment/library_path.sh
[2.690s] -- Installing: /home/taylor/Buddy_Bot/buddybot/ros2_workspace/install/move_bot/share/move_bot/environment/library_path.dsv
[2.694s] -- Installing: /home/taylor/Buddy_Bot/buddybot/ros2_workspace/install/move_bot/lib/libmove_bot__rosidl_generator_c.so
[2.694s] -- Set runtime path of "/home/taylor/Buddy_Bot/buddybot/ros2_workspace/install/move_bot/lib/libmove_bot__rosidl_generator_c.so" to ""
[2.694s] -- Up-to-date: /home/taylor/Buddy_Bot/buddybot/ros2_workspace/install/move_bot/include/move_bot/move_bot
[2.694s] -- Up-to-date: /home/taylor/Buddy_Bot/buddybot/ros2_workspace/install/move_bot/include/move_bot/move_bot/msg
[2.694s] -- Up-to-date: /home/taylor/Buddy_Bot/buddybot/ros2_workspace/install/move_bot/include/move_bot/move_bot/msg/detail
[2.694s] -- Installing: /home/taylor/Buddy_Bot/buddybot/ros2_workspace/install/move_bot/include/move_bot/move_bot/msg/detail/movement__rosidl_typesupport_fastrtps_c.h
[2.696s] -- Installing: /home/taylor/Buddy_Bot/buddybot/ros2_workspace/install/move_bot/include/move_bot/move_bot/msg/rosidl_typesupport_fastrtps_c__visibility_control.h
[2.697s] -- Installing: /home/taylor/Buddy_Bot/buddybot/ros2_workspace/install/move_bot/lib/libmove_bot__rosidl_typesupport_fastrtps_c.so
[2.698s] -- Set runtime path of "/home/taylor/Buddy_Bot/buddybot/ros2_workspace/install/move_bot/lib/libmove_bot__rosidl_typesupport_fastrtps_c.so" to ""
[2.698s] -- Up-to-date: /home/taylor/Buddy_Bot/buddybot/ros2_workspace/install/move_bot/include/move_bot/move_bot
[2.698s] -- Up-to-date: /home/taylor/Buddy_Bot/buddybot/ros2_workspace/install/move_bot/include/move_bot/move_bot/msg
[2.698s] -- Installing: /home/taylor/Buddy_Bot/buddybot/ros2_workspace/install/move_bot/include/move_bot/move_bot/msg/movement.hpp
[2.698s] -- Up-to-date: /home/taylor/Buddy_Bot/buddybot/ros2_workspace/install/move_bot/include/move_bot/move_bot/msg/detail
[2.698s] -- Installing: /home/taylor/Buddy_Bot/buddybot/ros2_workspace/install/move_bot/include/move_bot/move_bot/msg/detail/movement__traits.hpp
[2.698s] -- Installing: /home/taylor/Buddy_Bot/buddybot/ros2_workspace/install/move_bot/include/move_bot/move_bot/msg/detail/movement__builder.hpp
[2.698s] -- Installing: /home/taylor/Buddy_Bot/buddybot/ros2_workspace/install/move_bot/include/move_bot/move_bot/msg/detail/movement__struct.hpp
[2.698s] -- Up-to-date: /home/taylor/Buddy_Bot/buddybot/ros2_workspace/install/move_bot/include/move_bot/move_bot
[2.698s] -- Up-to-date: /home/taylor/Buddy_Bot/buddybot/ros2_workspace/install/move_bot/include/move_bot/move_bot/msg
[2.698s] -- Up-to-date: /home/taylor/Buddy_Bot/buddybot/ros2_workspace/install/move_bot/include/move_bot/move_bot/msg/detail
[2.698s] -- Installing: /home/taylor/Buddy_Bot/buddybot/ros2_workspace/install/move_bot/include/move_bot/move_bot/msg/detail/movement__rosidl_typesupport_fastrtps_cpp.hpp
[2.699s] -- Installing: /home/taylor/Buddy_Bot/buddybot/ros2_workspace/install/move_bot/include/move_bot/move_bot/msg/detail/dds_fastrtps
[2.699s] -- Installing: /home/taylor/Buddy_Bot/buddybot/ros2_workspace/install/move_bot/include/move_bot/move_bot/msg/rosidl_typesupport_fastrtps_cpp__visibility_control.h
[2.699s] -- Installing: /home/taylor/Buddy_Bot/buddybot/ros2_workspace/install/move_bot/lib/libmove_bot__rosidl_typesupport_fastrtps_cpp.so
[2.699s] -- Set runtime path of "/home/taylor/Buddy_Bot/buddybot/ros2_workspace/install/move_bot/lib/libmove_bot__rosidl_typesupport_fastrtps_cpp.so" to ""
[2.699s] -- Up-to-date: /home/taylor/Buddy_Bot/buddybot/ros2_workspace/install/move_bot/include/move_bot/move_bot
[2.699s] -- Up-to-date: /home/taylor/Buddy_Bot/buddybot/ros2_workspace/install/move_bot/include/move_bot/move_bot/msg
[2.699s] -- Installing: /home/taylor/Buddy_Bot/buddybot/ros2_workspace/install/move_bot/include/move_bot/move_bot/msg/rosidl_typesupport_introspection_c__visibility_control.h
[2.699s] -- Up-to-date: /home/taylor/Buddy_Bot/buddybot/ros2_workspace/install/move_bot/include/move_bot/move_bot/msg/detail
[2.699s] -- Installing: /home/taylor/Buddy_Bot/buddybot/ros2_workspace/install/move_bot/include/move_bot/move_bot/msg/detail/movement__type_support.c
[2.699s] -- Installing: /home/taylor/Buddy_Bot/buddybot/ros2_workspace/install/move_bot/include/move_bot/move_bot/msg/detail/movement__rosidl_typesupport_introspection_c.h
[2.699s] -- Installing: /home/taylor/Buddy_Bot/buddybot/ros2_workspace/install/move_bot/lib/libmove_bot__rosidl_typesupport_introspection_c.so
[2.699s] -- Set runtime path of "/home/taylor/Buddy_Bot/buddybot/ros2_workspace/install/move_bot/lib/libmove_bot__rosidl_typesupport_introspection_c.so" to ""
[2.699s] -- Installing: /home/taylor/Buddy_Bot/buddybot/ros2_workspace/install/move_bot/lib/libmove_bot__rosidl_typesupport_c.so
[2.699s] -- Set runtime path of "/home/taylor/Buddy_Bot/buddybot/ros2_workspace/install/move_bot/lib/libmove_bot__rosidl_typesupport_c.so" to ""
[2.699s] -- Up-to-date: /home/taylor/Buddy_Bot/buddybot/ros2_workspace/install/move_bot/include/move_bot/move_bot
[2.699s] -- Up-to-date: /home/taylor/Buddy_Bot/buddybot/ros2_workspace/install/move_bot/include/move_bot/move_bot/msg
[2.699s] -- Up-to-date: /home/taylor/Buddy_Bot/buddybot/ros2_workspace/install/move_bot/include/move_bot/move_bot/msg/detail
[2.700s] -- Installing: /home/taylor/Buddy_Bot/buddybot/ros2_workspace/install/move_bot/include/move_bot/move_bot/msg/detail/movement__type_support.cpp
[2.700s] -- Installing: /home/taylor/Buddy_Bot/buddybot/ros2_workspace/install/move_bot/include/move_bot/move_bot/msg/detail/movement__rosidl_typesupport_introspection_cpp.hpp
[2.700s] -- Installing: /home/taylor/Buddy_Bot/buddybot/ros2_workspace/install/move_bot/lib/libmove_bot__rosidl_typesupport_introspection_cpp.so
[2.700s] -- Set runtime path of "/home/taylor/Buddy_Bot/buddybot/ros2_workspace/install/move_bot/lib/libmove_bot__rosidl_typesupport_introspection_cpp.so" to ""
[2.700s] -- Installing: /home/taylor/Buddy_Bot/buddybot/ros2_workspace/install/move_bot/lib/libmove_bot__rosidl_typesupport_cpp.so
[2.700s] -- Set runtime path of "/home/taylor/Buddy_Bot/buddybot/ros2_workspace/install/move_bot/lib/libmove_bot__rosidl_typesupport_cpp.so" to ""
[2.700s] -- Installing: /home/taylor/Buddy_Bot/buddybot/ros2_workspace/install/move_bot/share/move_bot/environment/pythonpath.sh
[2.700s] -- Installing: /home/taylor/Buddy_Bot/buddybot/ros2_workspace/install/move_bot/share/move_bot/environment/pythonpath.dsv
[2.700s] -- Installing: /home/taylor/Buddy_Bot/buddybot/ros2_workspace/install/move_bot/lib/python3.11/site-packages/move_bot-0.0.0-py3.11.egg-info
[2.700s] -- Installing: /home/taylor/Buddy_Bot/buddybot/ros2_workspace/install/move_bot/lib/python3.11/site-packages/move_bot-0.0.0-py3.11.egg-info/PKG-INFO
[2.700s] -- Installing: /home/taylor/Buddy_Bot/buddybot/ros2_workspace/install/move_bot/lib/python3.11/site-packages/move_bot-0.0.0-py3.11.egg-info/top_level.txt
[2.700s] -- Installing: /home/taylor/Buddy_Bot/buddybot/ros2_workspace/install/move_bot/lib/python3.11/site-packages/move_bot-0.0.0-py3.11.egg-info/dependency_links.txt
[2.700s] -- Installing: /home/taylor/Buddy_Bot/buddybot/ros2_workspace/install/move_bot/lib/python3.11/site-packages/move_bot-0.0.0-py3.11.egg-info/SOURCES.txt
[2.700s] -- Installing: /home/taylor/Buddy_Bot/buddybot/ros2_workspace/install/move_bot/lib/python3.11/site-packages/move_bot
[2.700s] -- Installing: /home/taylor/Buddy_Bot/buddybot/ros2_workspace/install/move_bot/lib/python3.11/site-packages/move_bot/msg
[2.700s] -- Installing: /home/taylor/Buddy_Bot/buddybot/ros2_workspace/install/move_bot/lib/python3.11/site-packages/move_bot/msg/_movement.py
[2.700s] -- Installing: /home/taylor/Buddy_Bot/buddybot/ros2_workspace/install/move_bot/lib/python3.11/site-packages/move_bot/msg/_movement_s.c
[2.700s] -- Installing: /home/taylor/Buddy_Bot/buddybot/ros2_workspace/install/move_bot/lib/python3.11/site-packages/move_bot/msg/__init__.py
[2.700s] -- Installing: /home/taylor/Buddy_Bot/buddybot/ros2_workspace/install/move_bot/lib/python3.11/site-packages/move_bot/_move_bot_s.ep.rosidl_typesupport_introspection_c.c
[2.700s] -- Installing: /home/taylor/Buddy_Bot/buddybot/ros2_workspace/install/move_bot/lib/python3.11/site-packages/move_bot/_move_bot_s.ep.rosidl_typesupport_c.c
[2.700s] -- Installing: /home/taylor/Buddy_Bot/buddybot/ros2_workspace/install/move_bot/lib/python3.11/site-packages/move_bot/libmove_bot__rosidl_generator_py.so
[2.701s] -- Installing: /home/taylor/Buddy_Bot/buddybot/ros2_workspace/install/move_bot/lib/python3.11/site-packages/move_bot/_move_bot_s.ep.rosidl_typesupport_fastrtps_c.c
[2.701s] -- Installing: /home/taylor/Buddy_Bot/buddybot/ros2_workspace/install/move_bot/lib/python3.11/site-packages/move_bot/move_bot_s__rosidl_typesupport_introspection_c.cpython-311-aarch64-linux-gnu.so
[2.701s] -- Installing: /home/taylor/Buddy_Bot/buddybot/ros2_workspace/install/move_bot/lib/python3.11/site-packages/move_bot/move_bot_s__rosidl_typesupport_c.cpython-311-aarch64-linux-gnu.so
[2.701s] -- Installing: /home/taylor/Buddy_Bot/buddybot/ros2_workspace/install/move_bot/lib/python3.11/site-packages/move_bot/__init__.py
[2.701s] -- Installing: /home/taylor/Buddy_Bot/buddybot/ros2_workspace/install/move_bot/lib/python3.11/site-packages/move_bot/move_bot_s__rosidl_typesupport_fastrtps_c.cpython-311-aarch64-linux-gnu.so
[2.941s] Listing '/home/taylor/Buddy_Bot/buddybot/ros2_workspace/install/move_bot/lib/python3.11/site-packages/move_bot'...
[2.941s] Compiling '/home/taylor/Buddy_Bot/buddybot/ros2_workspace/install/move_bot/lib/python3.11/site-packages/move_bot/__init__.py'...
[2.941s] Listing '/home/taylor/Buddy_Bot/buddybot/ros2_workspace/install/move_bot/lib/python3.11/site-packages/move_bot/msg'...
[2.941s] Compiling '/home/taylor/Buddy_Bot/buddybot/ros2_workspace/install/move_bot/lib/python3.11/site-packages/move_bot/msg/__init__.py'...
[2.946s] Compiling '/home/taylor/Buddy_Bot/buddybot/ros2_workspace/install/move_bot/lib/python3.11/site-packages/move_bot/msg/_movement.py'...
[2.959s] -- Installing: /home/taylor/Buddy_Bot/buddybot/ros2_workspace/install/move_bot/lib/python3.11/site-packages/move_bot/move_bot_s__rosidl_typesupport_introspection_c.cpython-311-aarch64-linux-gnu.so
[2.959s] -- Set runtime path of "/home/taylor/Buddy_Bot/buddybot/ros2_workspace/install/move_bot/lib/python3.11/site-packages/move_bot/move_bot_s__rosidl_typesupport_introspection_c.cpython-311-aarch64-linux-gnu.so" to ""
[2.959s] -- Installing: /home/taylor/Buddy_Bot/buddybot/ros2_workspace/install/move_bot/lib/python3.11/site-packages/move_bot/move_bot_s__rosidl_typesupport_fastrtps_c.cpython-311-aarch64-linux-gnu.so
[2.959s] -- Set runtime path of "/home/taylor/Buddy_Bot/buddybot/ros2_workspace/install/move_bot/lib/python3.11/site-packages/move_bot/move_bot_s__rosidl_typesupport_fastrtps_c.cpython-311-aarch64-linux-gnu.so" to ""
[2.959s] -- Installing: /home/taylor/Buddy_Bot/buddybot/ros2_workspace/install/move_bot/lib/python3.11/site-packages/move_bot/move_bot_s__rosidl_typesupport_c.cpython-311-aarch64-linux-gnu.so
[2.959s] -- Set runtime path of "/home/taylor/Buddy_Bot/buddybot/ros2_workspace/install/move_bot/lib/python3.11/site-packages/move_bot/move_bot_s__rosidl_typesupport_c.cpython-311-aarch64-linux-gnu.so" to ""
[2.966s] -- Installing: /home/taylor/Buddy_Bot/buddybot/ros2_workspace/install/move_bot/lib/libmove_bot__rosidl_generator_py.so
[2.966s] -- Set runtime path of "/home/taylor/Buddy_Bot/buddybot/ros2_workspace/install/move_bot/lib/libmove_bot__rosidl_generator_py.so" to ""
[2.966s] -- Installing: /home/taylor/Buddy_Bot/buddybot/ros2_workspace/install/move_bot/share/move_bot/msg/Movement.idl
[2.966s] -- Installing: /home/taylor/Buddy_Bot/buddybot/ros2_workspace/install/move_bot/share/move_bot/msg/Movement.msg
[2.966s] -- Installing: /home/taylor/Buddy_Bot/buddybot/ros2_workspace/install/move_bot/lib/move_bot/move_node
[2.966s] -- Set runtime path of "/home/taylor/Buddy_Bot/buddybot/ros2_workspace/install/move_bot/lib/move_bot/move_node" to ""
[2.966s] -- Installing: /home/taylor/Buddy_Bot/buddybot/ros2_workspace/install/move_bot/share/ament_index/resource_index/package_run_dependencies/move_bot
[2.967s] -- Installing: /home/taylor/Buddy_Bot/buddybot/ros2_workspace/install/move_bot/share/ament_index/resource_index/parent_prefix_path/move_bot
[2.967s] -- Installing: /home/taylor/Buddy_Bot/buddybot/ros2_workspace/install/move_bot/share/move_bot/environment/ament_prefix_path.sh
[2.967s] -- Installing: /home/taylor/Buddy_Bot/buddybot/ros2_workspace/install/move_bot/share/move_bot/environment/ament_prefix_path.dsv
[2.967s] -- Installing: /home/taylor/Buddy_Bot/buddybot/ros2_workspace/install/move_bot/share/move_bot/environment/path.sh
[2.968s] -- Installing: /home/taylor/Buddy_Bot/buddybot/ros2_workspace/install/move_bot/share/move_bot/environment/path.dsv
[2.968s] -- Installing: /home/taylor/Buddy_Bot/buddybot/ros2_workspace/install/move_bot/share/move_bot/local_setup.bash
[2.968s] -- Installing: /home/taylor/Buddy_Bot/buddybot/ros2_workspace/install/move_bot/share/move_bot/local_setup.sh
[2.968s] -- Installing: /home/taylor/Buddy_Bot/buddybot/ros2_workspace/install/move_bot/share/move_bot/local_setup.zsh
[2.968s] -- Installing: /home/taylor/Buddy_Bot/buddybot/ros2_workspace/install/move_bot/share/move_bot/local_setup.dsv
[2.974s] -- Installing: /home/taylor/Buddy_Bot/buddybot/ros2_workspace/install/move_bot/share/move_bot/package.dsv
[2.974s] -- Installing: /home/taylor/Buddy_Bot/buddybot/ros2_workspace/install/move_bot/share/ament_index/resource_index/packages/move_bot
[2.974s] -- Installing: /home/taylor/Buddy_Bot/buddybot/ros2_workspace/install/move_bot/share/move_bot/cmake/export_move_bot__rosidl_generator_cExport.cmake
[2.974s] -- Installing: /home/taylor/Buddy_Bot/buddybot/ros2_workspace/install/move_bot/share/move_bot/cmake/export_move_bot__rosidl_generator_cExport-noconfig.cmake
[2.974s] -- Installing: /home/taylor/Buddy_Bot/buddybot/ros2_workspace/install/move_bot/share/move_bot/cmake/export_move_bot__rosidl_typesupport_fastrtps_cExport.cmake
[2.974s] -- Installing: /home/taylor/Buddy_Bot/buddybot/ros2_workspace/install/move_bot/share/move_bot/cmake/export_move_bot__rosidl_typesupport_fastrtps_cExport-noconfig.cmake
[2.974s] -- Installing: /home/taylor/Buddy_Bot/buddybot/ros2_workspace/install/move_bot/share/move_bot/cmake/export_move_bot__rosidl_generator_cppExport.cmake
[2.974s] -- Installing: /home/taylor/Buddy_Bot/buddybot/ros2_workspace/install/move_bot/share/move_bot/cmake/export_move_bot__rosidl_typesupport_fastrtps_cppExport.cmake
[2.974s] -- Installing: /home/taylor/Buddy_Bot/buddybot/ros2_workspace/install/move_bot/share/move_bot/cmake/export_move_bot__rosidl_typesupport_fastrtps_cppExport-noconfig.cmake
[2.974s] -- Installing: /home/taylor/Buddy_Bot/buddybot/ros2_workspace/install/move_bot/share/move_bot/cmake/move_bot__rosidl_typesupport_introspection_cExport.cmake
[2.974s] -- Installing: /home/taylor/Buddy_Bot/buddybot/ros2_workspace/install/move_bot/share/move_bot/cmake/move_bot__rosidl_typesupport_introspection_cExport-noconfig.cmake
[2.974s] -- Installing: /home/taylor/Buddy_Bot/buddybot/ros2_workspace/install/move_bot/share/move_bot/cmake/move_bot__rosidl_typesupport_cExport.cmake
[2.974s] -- Installing: /home/taylor/Buddy_Bot/buddybot/ros2_workspace/install/move_bot/share/move_bot/cmake/move_bot__rosidl_typesupport_cExport-noconfig.cmake
[2.974s] -- Installing: /home/taylor/Buddy_Bot/buddybot/ros2_workspace/install/move_bot/share/move_bot/cmake/move_bot__rosidl_typesupport_introspection_cppExport.cmake
[2.974s] -- Installing: /home/taylor/Buddy_Bot/buddybot/ros2_workspace/install/move_bot/share/move_bot/cmake/move_bot__rosidl_typesupport_introspection_cppExport-noconfig.cmake
[2.975s] -- Installing: /home/taylor/Buddy_Bot/buddybot/ros2_workspace/install/move_bot/share/move_bot/cmake/move_bot__rosidl_typesupport_cppExport.cmake
[2.975s] -- Installing: /home/taylor/Buddy_Bot/buddybot/ros2_workspace/install/move_bot/share/move_bot/cmake/move_bot__rosidl_typesupport_cppExport-noconfig.cmake
[2.975s] -- Installing: /home/taylor/Buddy_Bot/buddybot/ros2_workspace/install/move_bot/share/move_bot/cmake/export_move_bot__rosidl_generator_pyExport.cmake
[2.975s] -- Installing: /home/taylor/Buddy_Bot/buddybot/ros2_workspace/install/move_bot/share/move_bot/cmake/export_move_bot__rosidl_generator_pyExport-noconfig.cmake
[2.975s] -- Installing: /home/taylor/Buddy_Bot/buddybot/ros2_workspace/install/move_bot/share/move_bot/cmake/rosidl_cmake-extras.cmake
[2.975s] -- Installing: /home/taylor/Buddy_Bot/buddybot/ros2_workspace/install/move_bot/share/move_bot/cmake/ament_cmake_export_include_directories-extras.cmake
[2.975s] -- Installing: /home/taylor/Buddy_Bot/buddybot/ros2_workspace/install/move_bot/share/move_bot/cmake/ament_cmake_export_libraries-extras.cmake
[2.975s] -- Installing: /home/taylor/Buddy_Bot/buddybot/ros2_workspace/install/move_bot/share/move_bot/cmake/ament_cmake_export_targets-extras.cmake
[2.975s] -- Installing: /home/taylor/Buddy_Bot/buddybot/ros2_workspace/install/move_bot/share/move_bot/cmake/rosidl_cmake_export_typesupport_targets-extras.cmake
[2.975s] -- Installing: /home/taylor/Buddy_Bot/buddybot/ros2_workspace/install/move_bot/share/move_bot/cmake/ament_cmake_export_dependencies-extras.cmake
[2.975s] -- Installing: /home/taylor/Buddy_Bot/buddybot/ros2_workspace/install/move_bot/share/move_bot/cmake/rosidl_cmake_export_typesupport_libraries-extras.cmake
[2.980s] -- Installing: /home/taylor/Buddy_Bot/buddybot/ros2_workspace/install/move_bot/share/move_bot/cmake/move_botConfig.cmake
[2.980s] -- Installing: /home/taylor/Buddy_Bot/buddybot/ros2_workspace/install/move_bot/share/move_bot/cmake/move_botConfig-version.cmake
[2.980s] -- Installing: /home/taylor/Buddy_Bot/buddybot/ros2_workspace/install/move_bot/share/move_bot/package.xml
[2.997s] Invoked command in '/home/taylor/Buddy_Bot/buddybot/ros2_workspace/build/move_bot' returned '0': CMAKE_PREFIX_PATH=${CMAKE_PREFIX_PATH}:/home/taylor/Buddy_Bot/buddybot/ros2_workspace/install/tfmini_s:/home/taylor/Buddy_Bot/buddybot/ros2_workspace/install/rtabmap_python:/home/taylor/Buddy_Bot/buddybot/ros2_workspace/install/opencv_tests:/home/taylor/ros2_iron/install/rqt_bag_plugins:/home/taylor/ros2_iron/install/rqt_bag:/home/taylor/ros2_iron/install/rosbag2_examples_py:/home/taylor/ros2_iron/install/launch_testing_examples:/home/taylor/ros2_iron/install/ros2bag:/home/taylor/ros2_iron/install/tracetools_test:/home/taylor/ros2_iron/install/tracetools_launch:/home/taylor/ros2_iron/install/topic_monitor:/home/taylor/ros2_iron/install/tf2_tools:/home/taylor/ros2_iron/install/examples_tf2_py:/home/taylor/ros2_iron/install/tf2_ros_py:/home/taylor/ros2_iron/install/examples_rclpy_pointcloud_publisher:/home/taylor/ros2_iron/install/sensor_msgs_py:/home/taylor/ros2_iron/install/quality_of_service_demo_py:/home/taylor/ros2_iron/install/rqt_plot:/home/taylor/ros2_iron/install/ros2doctor:/home/taylor/ros2_iron/install/lifecycle_py:/home/taylor/ros2_iron/install/examples_rclpy_minimal_subscriber:/home/taylor/ros2_iron/install/examples_rclpy_minimal_service:/home/taylor/ros2_iron/install/examples_rclpy_minimal_publisher:/home/taylor/ros2_iron/install/examples_rclpy_minimal_client:/home/taylor/ros2_iron/install/examples_rclpy_executors:/home/taylor/ros2_iron/install/demo_nodes_py:/home/taylor/ros2_iron/install/rqt:/home/taylor/ros2_iron/install/ros2component:/home/taylor/ros2_iron/install/sros2:/home/taylor/ros2_iron/install/rqt_topic:/home/taylor/ros2_iron/install/rqt_srv:/home/taylor/ros2_iron/install/rqt_shell:/home/taylor/ros2_iron/install/rqt_service_caller:/home/taylor/ros2_iron/install/rqt_reconfigure:/home/taylor/ros2_iron/install/rqt_py_console:/home/taylor/ros2_iron/install/rqt_publisher:/home/taylor/ros2_iron/install/rqt_action:/home/taylor/ros2_iron/install/rqt_msg:/home/taylor/ros2_iron/install/rqt_console:/home/taylor/ros2_iron/install/rqt_graph:/home/taylor/ros2_iron/install/rqt_gui_py:/home/taylor/ros2_iron/install/rqt_gui:/home/taylor/ros2_iron/install/ros2trace:/home/taylor/ros2_iron/install/ros2topic:/home/taylor/ros2_iron/install/ros2test:/home/taylor/ros2_iron/install/ros2param:/home/taylor/ros2_iron/install/ros2lifecycle:/home/taylor/ros2_iron/install/ros2service:/home/taylor/ros2_iron/install/ros2run:/home/taylor/ros2_iron/install/ros2launch:/home/taylor/ros2_iron/install/ros2pkg:/home/taylor/ros2_iron/install/ros2node:/home/taylor/ros2_iron/install/ros2multicast:/home/taylor/ros2_iron/install/ros2interface:/home/taylor/ros2_iron/install/ros2action:/home/taylor/ros2_iron/install/ros2cli:/home/taylor/ros2_iron/install/launch_testing_ros:/home/taylor/ros2_iron/install/launch_ros:/home/taylor/ros2_iron/install/examples_rclpy_minimal_action_server:/home/taylor/ros2_iron/install/examples_rclpy_minimal_action_client:/home/taylor/ros2_iron/install/examples_rclpy_guard_conditions:/home/taylor/ros2_iron/install/action_tutorials_py:/home/taylor/ros2_iron/install/ament_uncrustify:/home/taylor/ros2_iron/install/tracetools_trace:/home/taylor/ros2_iron/install/tracetools_read:/home/taylor/ros2_iron/install/test_tracetools_launch:/home/taylor/ros2_iron/install/test_ros2trace:/home/taylor/ros2_iron/install/test_launch_ros:/home/taylor/ros2_iron/install/rpyutils:/home/taylor/ros2_iron/install/rosidl_runtime_py:/home/taylor/ros2_iron/install/rosidl_pycommon:/home/taylor/ros2_iron/install/rosidl_cli:/home/taylor/ros2_iron/install/launch_pytest:/home/taylor/ros2_iron/install/launch_testing:/home/taylor/ros2_iron/install/launch_yaml:/home/taylor/ros2_iron/install/launch_xml:/home/taylor/ros2_iron/install/launch:/home/taylor/ros2_iron/install/osrf_pycommon:/home/taylor/ros2_iron/install/domain_coordinator:/home/taylor/ros2_iron/install/ament_xmllint:/home/taylor/ros2_iron/install/ament_pyflakes:/home/taylor/ros2_iron/install/ament_pycodestyle:/home/taylor/ros2_iron/install/ament_pep257:/home/taylor/ros2_iron/install/ament_pclint:/home/taylor/ros2_iron/install/ament_package:/home/taylor/ros2_iron/install/ament_mypy:/home/taylor/ros2_iron/install/ament_lint_cmake:/home/taylor/ros2_iron/install/ament_flake8:/home/taylor/ros2_iron/install/ament_copyright:/home/taylor/ros2_iron/install/ament_lint:/home/taylor/ros2_iron/install/ament_index_python:/home/taylor/ros2_iron/install/ament_cpplint:/home/taylor/ros2_iron/install/ament_cppcheck:/home/taylor/ros2_iron/install/ament_clang_tidy:/home/taylor/ros2_iron/install/ament_clang_format /usr/bin/cmake --install /home/taylor/Buddy_Bot/buddybot/ros2_workspace/build/move_bot
