[3.196s] Invoking command in '/home/taylor/Buddy_Bot/buddybot/ros2_workspace/src/tfmini_s': PYTHONPATH=/home/taylor/Buddy_Bot/buddybot/ros2_workspace/build/tfmini_s/prefix_override:/home/taylor/Buddy_Bot/buddybot/ros2_workspace/install/tfmini_s/lib/python3.11/site-packages:${PYTHONPATH} /usr/bin/python3 setup.py egg_info --egg-base ../../build/tfmini_s build --build-base /home/taylor/Buddy_Bot/buddybot/ros2_workspace/build/tfmini_s/build install --record /home/taylor/Buddy_Bot/buddybot/ros2_workspace/build/tfmini_s/install.log --single-version-externally-managed
[4.121s] running egg_info
[4.122s] creating ../../build/tfmini_s/tfmini_s.egg-info
[4.161s] writing ../../build/tfmini_s/tfmini_s.egg-info/PKG-INFO
[4.163s] writing dependency_links to ../../build/tfmini_s/tfmini_s.egg-info/dependency_links.txt
[4.163s] writing entry points to ../../build/tfmini_s/tfmini_s.egg-info/entry_points.txt
[4.163s] writing requirements to ../../build/tfmini_s/tfmini_s.egg-info/requires.txt
[4.163s] writing top-level names to ../../build/tfmini_s/tfmini_s.egg-info/top_level.txt
[4.163s] writing manifest file '../../build/tfmini_s/tfmini_s.egg-info/SOURCES.txt'
[4.241s] reading manifest file '../../build/tfmini_s/tfmini_s.egg-info/SOURCES.txt'
[4.242s] writing manifest file '../../build/tfmini_s/tfmini_s.egg-info/SOURCES.txt'
[4.243s] running build
[4.243s] running build_py
[4.243s] creating /home/taylor/Buddy_Bot/buddybot/ros2_workspace/build/tfmini_s/build
[4.243s] creating /home/taylor/Buddy_Bot/buddybot/ros2_workspace/build/tfmini_s/build/lib
[4.245s] creating /home/taylor/Buddy_Bot/buddybot/ros2_workspace/build/tfmini_s/build/lib/tfmini_s
[4.245s] copying tfmini_s/__init__.py -> /home/taylor/Buddy_Bot/buddybot/ros2_workspace/build/tfmini_s/build/lib/tfmini_s
[4.245s] copying tfmini_s/tfmini_s_node.py -> /home/taylor/Buddy_Bot/buddybot/ros2_workspace/build/tfmini_s/build/lib/tfmini_s
[4.246s] /usr/lib/python3/dist-packages/setuptools/command/install.py:34: SetuptoolsDeprecationWarning: setup.py install is deprecated. Use build and pip and other standards-based tools.
[4.246s]   warnings.warn(
[4.246s] running install
[4.255s] running install_lib
[4.292s] creating /home/taylor/Buddy_Bot/buddybot/ros2_workspace/install/tfmini_s/lib/python3.11/site-packages/tfmini_s
[4.293s] copying /home/taylor/Buddy_Bot/buddybot/ros2_workspace/build/tfmini_s/build/lib/tfmini_s/__init__.py -> /home/taylor/Buddy_Bot/buddybot/ros2_workspace/install/tfmini_s/lib/python3.11/site-packages/tfmini_s
[4.293s] copying /home/taylor/Buddy_Bot/buddybot/ros2_workspace/build/tfmini_s/build/lib/tfmini_s/tfmini_s_node.py -> /home/taylor/Buddy_Bot/buddybot/ros2_workspace/install/tfmini_s/lib/python3.11/site-packages/tfmini_s
[4.295s] byte-compiling /home/taylor/Buddy_Bot/buddybot/ros2_workspace/install/tfmini_s/lib/python3.11/site-packages/tfmini_s/__init__.py to __init__.cpython-311.pyc
[4.296s] byte-compiling /home/taylor/Buddy_Bot/buddybot/ros2_workspace/install/tfmini_s/lib/python3.11/site-packages/tfmini_s/tfmini_s_node.py to tfmini_s_node.cpython-311.pyc
[4.297s] running install_data
[4.338s] creating /home/taylor/Buddy_Bot/buddybot/ros2_workspace/install/tfmini_s/share/ament_index
[4.339s] creating /home/taylor/Buddy_Bot/buddybot/ros2_workspace/install/tfmini_s/share/ament_index/resource_index
[4.339s] creating /home/taylor/Buddy_Bot/buddybot/ros2_workspace/install/tfmini_s/share/ament_index/resource_index/packages
[4.339s] copying resource/tfmini_s -> /home/taylor/Buddy_Bot/buddybot/ros2_workspace/install/tfmini_s/share/ament_index/resource_index/packages
[4.339s] copying package.xml -> /home/taylor/Buddy_Bot/buddybot/ros2_workspace/install/tfmini_s/share/tfmini_s
[4.339s] running install_egg_info
[4.436s] Copying ../../build/tfmini_s/tfmini_s.egg-info to /home/taylor/Buddy_Bot/buddybot/ros2_workspace/install/tfmini_s/lib/python3.11/site-packages/tfmini_s-0.0.0-py3.11.egg-info
[4.439s] running install_scripts
[4.595s] Installing tfmini_s_node script to /home/taylor/Buddy_Bot/buddybot/ros2_workspace/install/tfmini_s/lib/tfmini_s
[4.596s] writing list of installed files to '/home/taylor/Buddy_Bot/buddybot/ros2_workspace/build/tfmini_s/install.log'
[4.748s] Invoked command in '/home/taylor/Buddy_Bot/buddybot/ros2_workspace/src/tfmini_s' returned '0': PYTHONPATH=/home/taylor/Buddy_Bot/buddybot/ros2_workspace/build/tfmini_s/prefix_override:/home/taylor/Buddy_Bot/buddybot/ros2_workspace/install/tfmini_s/lib/python3.11/site-packages:${PYTHONPATH} /usr/bin/python3 setup.py egg_info --egg-base ../../build/tfmini_s build --build-base /home/taylor/Buddy_Bot/buddybot/ros2_workspace/build/tfmini_s/build install --record /home/taylor/Buddy_Bot/buddybot/ros2_workspace/build/tfmini_s/install.log --single-version-externally-managed
