[  1%] Built target rtabmap_msgs__rosidl_generator_type_description
[  1%] Built target ament_cmake_python_symlink_rtabmap_msgs
[  2%] Built target rtabmap_msgs__cpp
[ 30%] Built target rtabmap_msgs__rosidl_generator_c
[ 40%] Built target rtabmap_msgs__rosidl_typesupport_cpp
[ 50%] Built target rtabmap_msgs__rosidl_typesupport_introspection_c
[ 60%] Built target rtabmap_msgs__rosidl_typesupport_fastrtps_c
[ 70%] Built target rtabmap_msgs__rosidl_typesupport_c
[ 80%] Built target rtabmap_msgs__rosidl_typesupport_introspection_cpp
[ 90%] Built target rtabmap_msgs__rosidl_typesupport_fastrtps_cpp
[ 90%] Built target rtabmap_msgs
[ 90%] Built target rtabmap_msgs__py
[ 99%] Built target rtabmap_msgs__rosidl_generator_py
[100%] Built target rtabmap_msgs__rosidl_typesupport_introspection_c__pyext
[100%] Built target rtabmap_msgs__rosidl_typesupport_fastrtps_c__pyext
[100%] Built target rtabmap_msgs__rosidl_typesupport_c__pyext
running egg_info
writing rtabmap_msgs.egg-info/PKG-INFO
writing dependency_links to rtabmap_msgs.egg-info/dependency_links.txt
writing top-level names to rtabmap_msgs.egg-info/top_level.txt
reading manifest file 'rtabmap_msgs.egg-info/SOURCES.txt'
writing manifest file 'rtabmap_msgs.egg-info/SOURCES.txt'
[100%] Built target ament_cmake_python_build_rtabmap_msgs_egg
