[  2%] Built target move_bot__rosidl_generator_type_description
[  2%] Built target ament_cmake_python_copy_move_bot
[  5%] Built target move_bot__cpp
[ 18%] Built target move_bot__rosidl_generator_c
[ 27%] Built target move_bot__rosidl_typesupport_fastrtps_c
[ 35%] Built target move_bot__rosidl_typesupport_fastrtps_cpp
[ 43%] Built target move_bot__rosidl_typesupport_cpp
[ 51%] Built target move_bot__rosidl_typesupport_introspection_c
[ 59%] Built target move_bot__rosidl_typesupport_c
[ 67%] Built target move_bot__rosidl_typesupport_introspection_cpp
[ 67%] Built target move_bot
[ 70%] Built target move_bot__py
[ 78%] Built target move_node
[ 83%] Built target move_bot__rosidl_generator_py
[ 89%] Built target move_bot__rosidl_typesupport_introspection_c__pyext
[ 94%] Built target move_bot__rosidl_typesupport_c__pyext
[100%] Built target move_bot__rosidl_typesupport_fastrtps_c__pyext
running egg_info
writing move_bot.egg-info/PKG-INFO
writing dependency_links to move_bot.egg-info/dependency_links.txt
writing top-level names to move_bot.egg-info/top_level.txt
reading manifest file 'move_bot.egg-info/SOURCES.txt'
writing manifest file 'move_bot.egg-info/SOURCES.txt'
[100%] Built target ament_cmake_python_build_move_bot_egg
