[2.867s] Invoking command in '/home/taylor/Buddy_Bot/buddybot/ros2_workspace/src/move_pkg': PS1=(venv) \[\e]0;\u@\h: \w\a\]${debian_chroot:+($debian_chroot)}\[\033[01;32m\]\u@\h\[\033[00m\]:\[\033[01;34m\]\w \$\[\033[00m\] PYTHONPATH=/home/taylor/Buddy_Bot/buddybot/ros2_workspace/build/move_pkg/prefix_override:/home/taylor/Buddy_Bot/buddybot/ros2_workspace/install/move_pkg/lib/python3.11/site-packages:${PYTHONPATH} VIRTUAL_ENV_PROMPT=(venv) /usr/bin/python3 setup.py egg_info --egg-base ../../build/move_pkg build --build-base /home/taylor/Buddy_Bot/buddybot/ros2_workspace/build/move_pkg/build install --record /home/taylor/Buddy_Bot/buddybot/ros2_workspace/build/move_pkg/install.log --single-version-externally-managed
[3.833s] running egg_info
[3.875s] writing ../../build/move_pkg/move_pkg.egg-info/PKG-INFO
[3.876s] writing dependency_links to ../../build/move_pkg/move_pkg.egg-info/dependency_links.txt
[3.876s] writing requirements to ../../build/move_pkg/move_pkg.egg-info/requires.txt
[3.877s] writing top-level names to ../../build/move_pkg/move_pkg.egg-info/top_level.txt
[3.954s] reading manifest file '../../build/move_pkg/move_pkg.egg-info/SOURCES.txt'
[3.956s] writing manifest file '../../build/move_pkg/move_pkg.egg-info/SOURCES.txt'
[3.956s] running build
[3.956s] running build_py
[3.957s] running install
[3.957s] /usr/lib/python3/dist-packages/setuptools/command/install.py:34: SetuptoolsDeprecationWarning: setup.py install is deprecated. Use build and pip and other standards-based tools.
[3.957s]   warnings.warn(
[3.967s] running install_lib
[4.007s] running install_data
[4.051s] running install_egg_info
[4.160s] removing '/home/taylor/Buddy_Bot/buddybot/ros2_workspace/install/move_pkg/lib/python3.11/site-packages/move_pkg-0.0.0-py3.11.egg-info' (and everything under it)
[4.160s] Copying ../../build/move_pkg/move_pkg.egg-info to /home/taylor/Buddy_Bot/buddybot/ros2_workspace/install/move_pkg/lib/python3.11/site-packages/move_pkg-0.0.0-py3.11.egg-info
[4.161s] running install_scripts
[4.321s] writing list of installed files to '/home/taylor/Buddy_Bot/buddybot/ros2_workspace/build/move_pkg/install.log'
[4.494s] Invoked command in '/home/taylor/Buddy_Bot/buddybot/ros2_workspace/src/move_pkg' returned '0': PS1=(venv) \[\e]0;\u@\h: \w\a\]${debian_chroot:+($debian_chroot)}\[\033[01;32m\]\u@\h\[\033[00m\]:\[\033[01;34m\]\w \$\[\033[00m\] PYTHONPATH=/home/taylor/Buddy_Bot/buddybot/ros2_workspace/build/move_pkg/prefix_override:/home/taylor/Buddy_Bot/buddybot/ros2_workspace/install/move_pkg/lib/python3.11/site-packages:${PYTHONPATH} VIRTUAL_ENV_PROMPT=(venv) /usr/bin/python3 setup.py egg_info --egg-base ../../build/move_pkg build --build-base /home/taylor/Buddy_Bot/buddybot/ros2_workspace/build/move_pkg/build install --record /home/taylor/Buddy_Bot/buddybot/ros2_workspace/build/move_pkg/install.log --single-version-externally-managed
