[4.008s] Invoking command in '/home/taylor/Buddy_Bot/buddybot/ros2_workspace/src/tfmini_s': PYTHONPATH=/home/taylor/Buddy_Bot/buddybot/ros2_workspace/build/tfmini_s/prefix_override:/home/taylor/Buddy_Bot/buddybot/ros2_workspace/install/tfmini_s/lib/python3.11/site-packages:${PYTHONPATH} /usr/bin/python3 setup.py egg_info --egg-base ../../build/tfmini_s build --build-base /home/taylor/Buddy_Bot/buddybot/ros2_workspace/build/tfmini_s/build install --record /home/taylor/Buddy_Bot/buddybot/ros2_workspace/build/tfmini_s/install.log --single-version-externally-managed
[4.967s] running egg_info
[5.006s] writing ../../build/tfmini_s/tfmini_s.egg-info/PKG-INFO
[5.006s] writing dependency_links to ../../build/tfmini_s/tfmini_s.egg-info/dependency_links.txt
[5.008s] writing entry points to ../../build/tfmini_s/tfmini_s.egg-info/entry_points.txt
[5.009s] writing requirements to ../../build/tfmini_s/tfmini_s.egg-info/requires.txt
[5.010s] writing top-level names to ../../build/tfmini_s/tfmini_s.egg-info/top_level.txt
[5.088s] reading manifest file '../../build/tfmini_s/tfmini_s.egg-info/SOURCES.txt'
[5.089s] writing manifest file '../../build/tfmini_s/tfmini_s.egg-info/SOURCES.txt'
[5.089s] running build
[5.089s] running build_py
[5.090s] running install
[5.090s] /usr/lib/python3/dist-packages/setuptools/command/install.py:34: SetuptoolsDeprecationWarning: setup.py install is deprecated. Use build and pip and other standards-based tools.
[5.091s]   warnings.warn(
[5.101s] running install_lib
[5.139s] running install_data
[5.179s] running install_egg_info
[5.278s] removing '/home/taylor/Buddy_Bot/buddybot/ros2_workspace/install/tfmini_s/lib/python3.11/site-packages/tfmini_s-0.0.0-py3.11.egg-info' (and everything under it)
[5.283s] Copying ../../build/tfmini_s/tfmini_s.egg-info to /home/taylor/Buddy_Bot/buddybot/ros2_workspace/install/tfmini_s/lib/python3.11/site-packages/tfmini_s-0.0.0-py3.11.egg-info
[5.283s] running install_scripts
[5.456s] Installing tfmini_s_node script to /home/taylor/Buddy_Bot/buddybot/ros2_workspace/install/tfmini_s/lib/tfmini_s
[5.457s] writing list of installed files to '/home/taylor/Buddy_Bot/buddybot/ros2_workspace/build/tfmini_s/install.log'
[5.625s] Invoked command in '/home/taylor/Buddy_Bot/buddybot/ros2_workspace/src/tfmini_s' returned '0': PYTHONPATH=/home/taylor/Buddy_Bot/buddybot/ros2_workspace/build/tfmini_s/prefix_override:/home/taylor/Buddy_Bot/buddybot/ros2_workspace/install/tfmini_s/lib/python3.11/site-packages:${PYTHONPATH} /usr/bin/python3 setup.py egg_info --egg-base ../../build/tfmini_s build --build-base /home/taylor/Buddy_Bot/buddybot/ros2_workspace/build/tfmini_s/build install --record /home/taylor/Buddy_Bot/buddybot/ros2_workspace/build/tfmini_s/install.log --single-version-externally-managed
