[0.047s] Invoking command in '/home/taylor/Buddy_Bot/buddybot/ros2_workspace/src/move_bot/build/move_bot': CMAKE_PREFIX_PATH=${CMAKE_PREFIX_PATH}:/home/taylor/Buddy_Bot/buddybot/ros2_workspace/install/tfmini_s:/home/taylor/ros2_iron/install/rqt_bag_plugins:/home/taylor/ros2_iron/install/rqt_bag:/home/taylor/ros2_iron/install/rosbag2_examples_py:/home/taylor/ros2_iron/install/launch_testing_examples:/home/taylor/ros2_iron/install/ros2bag:/home/taylor/ros2_iron/install/tracetools_test:/home/taylor/ros2_iron/install/tracetools_launch:/home/taylor/ros2_iron/install/topic_monitor:/home/taylor/ros2_iron/install/tf2_tools:/home/taylor/ros2_iron/install/examples_tf2_py:/home/taylor/ros2_iron/install/tf2_ros_py:/home/taylor/ros2_iron/install/examples_rclpy_pointcloud_publisher:/home/taylor/ros2_iron/install/sensor_msgs_py:/home/taylor/ros2_iron/install/quality_of_service_demo_py:/home/taylor/ros2_iron/install/rqt_plot:/home/taylor/ros2_iron/install/ros2doctor:/home/taylor/ros2_iron/install/lifecycle_py:/home/taylor/ros2_iron/install/examples_rclpy_minimal_subscriber:/home/taylor/ros2_iron/install/examples_rclpy_minimal_service:/home/taylor/ros2_iron/install/examples_rclpy_minimal_publisher:/home/taylor/ros2_iron/install/examples_rclpy_minimal_client:/home/taylor/ros2_iron/install/examples_rclpy_executors:/home/taylor/ros2_iron/install/demo_nodes_py:/home/taylor/ros2_iron/install/rqt:/home/taylor/ros2_iron/install/ros2component:/home/taylor/ros2_iron/install/sros2:/home/taylor/ros2_iron/install/rqt_topic:/home/taylor/ros2_iron/install/rqt_srv:/home/taylor/ros2_iron/install/rqt_shell:/home/taylor/ros2_iron/install/rqt_service_caller:/home/taylor/ros2_iron/install/rqt_reconfigure:/home/taylor/ros2_iron/install/rqt_py_console:/home/taylor/ros2_iron/install/rqt_publisher:/home/taylor/ros2_iron/install/rqt_action:/home/taylor/ros2_iron/install/rqt_msg:/home/taylor/ros2_iron/install/rqt_console:/home/taylor/ros2_iron/install/rqt_graph:/home/taylor/ros2_iron/install/rqt_gui_py:/home/taylor/ros2_iron/install/rqt_gui:/home/taylor/ros2_iron/install/ros2trace:/home/taylor/ros2_iron/install/ros2topic:/home/taylor/ros2_iron/install/ros2test:/home/taylor/ros2_iron/install/ros2param:/home/taylor/ros2_iron/install/ros2lifecycle:/home/taylor/ros2_iron/install/ros2service:/home/taylor/ros2_iron/install/ros2run:/home/taylor/ros2_iron/install/ros2launch:/home/taylor/ros2_iron/install/ros2pkg:/home/taylor/ros2_iron/install/ros2node:/home/taylor/ros2_iron/install/ros2multicast:/home/taylor/ros2_iron/install/ros2interface:/home/taylor/ros2_iron/install/ros2action:/home/taylor/ros2_iron/install/ros2cli:/home/taylor/ros2_iron/install/launch_testing_ros:/home/taylor/ros2_iron/install/launch_ros:/home/taylor/ros2_iron/install/examples_rclpy_minimal_action_server:/home/taylor/ros2_iron/install/examples_rclpy_minimal_action_client:/home/taylor/ros2_iron/install/examples_rclpy_guard_conditions:/home/taylor/ros2_iron/install/action_tutorials_py:/home/taylor/ros2_iron/install/ament_uncrustify:/home/taylor/ros2_iron/install/tracetools_trace:/home/taylor/ros2_iron/install/tracetools_read:/home/taylor/ros2_iron/install/test_tracetools_launch:/home/taylor/ros2_iron/install/test_ros2trace:/home/taylor/ros2_iron/install/test_launch_ros:/home/taylor/ros2_iron/install/rpyutils:/home/taylor/ros2_iron/install/rosidl_runtime_py:/home/taylor/ros2_iron/install/rosidl_pycommon:/home/taylor/ros2_iron/install/rosidl_cli:/home/taylor/ros2_iron/install/launch_pytest:/home/taylor/ros2_iron/install/launch_testing:/home/taylor/ros2_iron/install/launch_yaml:/home/taylor/ros2_iron/install/launch_xml:/home/taylor/ros2_iron/install/launch:/home/taylor/ros2_iron/install/osrf_pycommon:/home/taylor/ros2_iron/install/domain_coordinator:/home/taylor/ros2_iron/install/ament_xmllint:/home/taylor/ros2_iron/install/ament_pyflakes:/home/taylor/ros2_iron/install/ament_pycodestyle:/home/taylor/ros2_iron/install/ament_pep257:/home/taylor/ros2_iron/install/ament_pclint:/home/taylor/ros2_iron/install/ament_package:/home/taylor/ros2_iron/install/ament_mypy:/home/taylor/ros2_iron/install/ament_lint_cmake:/home/taylor/ros2_iron/install/ament_flake8:/home/taylor/ros2_iron/install/ament_copyright:/home/taylor/ros2_iron/install/ament_lint:/home/taylor/ros2_iron/install/ament_index_python:/home/taylor/ros2_iron/install/ament_cpplint:/home/taylor/ros2_iron/install/ament_cppcheck:/home/taylor/ros2_iron/install/ament_clang_tidy:/home/taylor/ros2_iron/install/ament_clang_format /usr/bin/cmake /home/taylor/Buddy_Bot/buddybot/ros2_workspace/src/move_bot -DCMAKE_INSTALL_PREFIX=/home/taylor/Buddy_Bot/buddybot/ros2_workspace/src/move_bot/install/move_bot
[0.570s] -- The C compiler identification is GNU 12.2.0
[0.978s] -- The CXX compiler identification is GNU 12.2.0
[1.004s] -- Detecting C compiler ABI info
[1.164s] -- Detecting C compiler ABI info - done
[1.175s] -- Check for working C compiler: /usr/bin/cc - skipped
[1.176s] -- Detecting C compile features
[1.177s] -- Detecting C compile features - done
[1.182s] -- Detecting CXX compiler ABI info
[1.358s] -- Detecting CXX compiler ABI info - done
[1.371s] -- Check for working CXX compiler: /usr/bin/c++ - skipped
[1.371s] -- Detecting CXX compile features
[1.372s] -- Detecting CXX compile features - done
[1.392s] -- Found ament_cmake: 2.0.4 (/home/taylor/ros2_iron/install/ament_cmake/share/ament_cmake/cmake)
[3.287s] -- Found Python3: /usr/bin/python3 (found version "3.11.2") found components: Interpreter 
[3.826s] -- Found rclcpp: 21.0.5 (/home/taylor/ros2_iron/install/rclcpp/share/rclcpp/cmake)
[4.059s] -- Found rosidl_generator_c: 4.0.1 (/home/taylor/ros2_iron/install/rosidl_generator_c/share/rosidl_generator_c/cmake)
[4.117s] -- Found rosidl_generator_cpp: 4.0.1 (/home/taylor/ros2_iron/install/rosidl_generator_cpp/share/rosidl_generator_cpp/cmake)
[4.258s] -- Using all available rosidl_typesupport_c: rosidl_typesupport_introspection_c;rosidl_typesupport_fastrtps_c
[4.371s] -- Using all available rosidl_typesupport_cpp: rosidl_typesupport_introspection_cpp;rosidl_typesupport_fastrtps_cpp
[4.795s] -- Found rmw_implementation_cmake: 7.1.0 (/home/taylor/ros2_iron/install/rmw_implementation_cmake/share/rmw_implementation_cmake/cmake)
[4.851s] -- Found rmw_fastrtps_cpp: 7.1.3 (/home/taylor/ros2_iron/install/rmw_fastrtps_cpp/share/rmw_fastrtps_cpp/cmake)
[5.269s] -- Found OpenSSL: /usr/lib/aarch64-linux-gnu/libcrypto.so (found version "3.0.11")  
[5.324s] -- Found FastRTPS: /home/taylor/ros2_iron/install/fastrtps/include  
[5.417s] -- Using RMW implementation 'rmw_fastrtps_cpp' as default
[5.796s] -- Found std_msgs: 5.0.0 (/home/taylor/ros2_iron/install/std_msgs/share/std_msgs/cmake)
[5.861s] -- Found rosidl_default_generators: 1.5.0 (/home/taylor/ros2_iron/install/rosidl_default_generators/share/rosidl_default_generators/cmake)
[6.058s] -- Found rosidl_adapter: 4.0.1 (/home/taylor/ros2_iron/install/rosidl_adapter/share/rosidl_adapter/cmake)
[6.812s] -- Found ament_cmake_ros: 0.11.2 (/home/taylor/ros2_iron/install/ament_cmake_ros/share/ament_cmake_ros/cmake)
[7.330s] -- Using all available rosidl_typesupport_c: rosidl_typesupport_introspection_c;rosidl_typesupport_fastrtps_c
[7.538s] -- Using all available rosidl_typesupport_cpp: rosidl_typesupport_introspection_cpp;rosidl_typesupport_fastrtps_cpp
[7.628s] -- Found PythonInterp: /usr/bin/python3 (found suitable version "3.11.2", minimum required is "3.6") 
[7.642s] -- Found python_cmake_module: 0.10.2 (/home/taylor/ros2_iron/install/python_cmake_module/share/python_cmake_module/cmake)
[7.750s] -- Found PythonLibs: /usr/lib/aarch64-linux-gnu/libpython3.11.so (found suitable version "3.11.2", minimum required is "3.5") 
[7.750s] -- Using PYTHON_EXECUTABLE: /usr/bin/python3
[7.750s] -- Using PYTHON_INCLUDE_DIRS: /usr/include/python3.11
[7.750s] -- Using PYTHON_LIBRARIES: /usr/lib/aarch64-linux-gnu/libpython3.11.so
[7.827s] -- Found PythonExtra: .so  
[8.392s] [0mCMake Deprecation Warning at /home/taylor/ros2_iron/install/rosidl_cmake/share/rosidl_cmake/cmake/rosidl_target_interfaces.cmake:32 (message):
[8.392s]   Use rosidl_get_typesupport_target() and target_link_libraries() instead of
[8.392s]   rosidl_target_interfaces()
[8.392s] Call Stack (most recent call first):
[8.392s]   CMakeLists.txt:31 (rosidl_target_interfaces)
[8.392s] 
[8.392s] [0m
[8.410s] -- Found ament_lint_auto: 0.14.3 (/home/taylor/ros2_iron/install/ament_lint_auto/share/ament_lint_auto/cmake)
[8.590s] -- Added test 'copyright' to check source files copyright and LICENSE
[8.607s] -- Added test 'cppcheck' to perform static code analysis on C / C++ code
[8.608s] -- Configured cppcheck include dirs: $<BUILD_INTERFACE:/home/taylor/Buddy_Bot/buddybot/ros2_workspace/src/move_bot/build/move_bot/rosidl_generator_c>;$<BUILD_INTERFACE:/home/taylor/Buddy_Bot/buddybot/ros2_workspace/src/move_bot/build/move_bot/rosidl_typesupport_fastrtps_c>;$<BUILD_INTERFACE:/home/taylor/Buddy_Bot/buddybot/ros2_workspace/src/move_bot/build/move_bot/rosidl_generator_cpp>;$<BUILD_INTERFACE:/home/taylor/Buddy_Bot/buddybot/ros2_workspace/src/move_bot/build/move_bot/rosidl_typesupport_fastrtps_cpp>;$<BUILD_INTERFACE:/home/taylor/Buddy_Bot/buddybot/ros2_workspace/src/move_bot/build/move_bot/rosidl_typesupport_introspection_c>;$<BUILD_INTERFACE:/home/taylor/Buddy_Bot/buddybot/ros2_workspace/src/move_bot/build/move_bot/rosidl_typesupport_introspection_cpp>;/home/taylor/Buddy_Bot/buddybot/ros2_workspace/src/move_bot/build/move_bot/rosidl_generator_c;/home/taylor/Buddy_Bot/buddybot/ros2_workspace/src/move_bot/build/move_bot/rosidl_generator_py
[8.608s] -- Configured cppcheck exclude dirs and/or files: 
[8.624s] -- Added test 'cpplint' to check C / C++ code against the Google style
[8.625s] -- Configured cpplint exclude dirs and/or files: 
[8.634s] -- Added test 'flake8' to check Python code syntax and style conventions
[8.634s] -- Configured 'flake8' exclude dirs and/or files: 
[8.645s] -- Added test 'lint_cmake' to check CMake code style
[8.655s] -- Added test 'pep257' to check Python code against some of the docstring style conventions in PEP 257
[8.676s] -- Added test 'uncrustify' to check C / C++ code style
[8.676s] -- Configured uncrustify additional arguments: 
[8.682s] -- Added test 'xmllint' to check XML markup files
[8.701s] -- Configuring done
[8.752s] -- Generating done
[8.757s] -- Build files have been written to: /home/taylor/Buddy_Bot/buddybot/ros2_workspace/src/move_bot/build/move_bot
[8.787s] Invoked command in '/home/taylor/Buddy_Bot/buddybot/ros2_workspace/src/move_bot/build/move_bot' returned '0': CMAKE_PREFIX_PATH=${CMAKE_PREFIX_PATH}:/home/taylor/Buddy_Bot/buddybot/ros2_workspace/install/tfmini_s:/home/taylor/ros2_iron/install/rqt_bag_plugins:/home/taylor/ros2_iron/install/rqt_bag:/home/taylor/ros2_iron/install/rosbag2_examples_py:/home/taylor/ros2_iron/install/launch_testing_examples:/home/taylor/ros2_iron/install/ros2bag:/home/taylor/ros2_iron/install/tracetools_test:/home/taylor/ros2_iron/install/tracetools_launch:/home/taylor/ros2_iron/install/topic_monitor:/home/taylor/ros2_iron/install/tf2_tools:/home/taylor/ros2_iron/install/examples_tf2_py:/home/taylor/ros2_iron/install/tf2_ros_py:/home/taylor/ros2_iron/install/examples_rclpy_pointcloud_publisher:/home/taylor/ros2_iron/install/sensor_msgs_py:/home/taylor/ros2_iron/install/quality_of_service_demo_py:/home/taylor/ros2_iron/install/rqt_plot:/home/taylor/ros2_iron/install/ros2doctor:/home/taylor/ros2_iron/install/lifecycle_py:/home/taylor/ros2_iron/install/examples_rclpy_minimal_subscriber:/home/taylor/ros2_iron/install/examples_rclpy_minimal_service:/home/taylor/ros2_iron/install/examples_rclpy_minimal_publisher:/home/taylor/ros2_iron/install/examples_rclpy_minimal_client:/home/taylor/ros2_iron/install/examples_rclpy_executors:/home/taylor/ros2_iron/install/demo_nodes_py:/home/taylor/ros2_iron/install/rqt:/home/taylor/ros2_iron/install/ros2component:/home/taylor/ros2_iron/install/sros2:/home/taylor/ros2_iron/install/rqt_topic:/home/taylor/ros2_iron/install/rqt_srv:/home/taylor/ros2_iron/install/rqt_shell:/home/taylor/ros2_iron/install/rqt_service_caller:/home/taylor/ros2_iron/install/rqt_reconfigure:/home/taylor/ros2_iron/install/rqt_py_console:/home/taylor/ros2_iron/install/rqt_publisher:/home/taylor/ros2_iron/install/rqt_action:/home/taylor/ros2_iron/install/rqt_msg:/home/taylor/ros2_iron/install/rqt_console:/home/taylor/ros2_iron/install/rqt_graph:/home/taylor/ros2_iron/install/rqt_gui_py:/home/taylor/ros2_iron/install/rqt_gui:/home/taylor/ros2_iron/install/ros2trace:/home/taylor/ros2_iron/install/ros2topic:/home/taylor/ros2_iron/install/ros2test:/home/taylor/ros2_iron/install/ros2param:/home/taylor/ros2_iron/install/ros2lifecycle:/home/taylor/ros2_iron/install/ros2service:/home/taylor/ros2_iron/install/ros2run:/home/taylor/ros2_iron/install/ros2launch:/home/taylor/ros2_iron/install/ros2pkg:/home/taylor/ros2_iron/install/ros2node:/home/taylor/ros2_iron/install/ros2multicast:/home/taylor/ros2_iron/install/ros2interface:/home/taylor/ros2_iron/install/ros2action:/home/taylor/ros2_iron/install/ros2cli:/home/taylor/ros2_iron/install/launch_testing_ros:/home/taylor/ros2_iron/install/launch_ros:/home/taylor/ros2_iron/install/examples_rclpy_minimal_action_server:/home/taylor/ros2_iron/install/examples_rclpy_minimal_action_client:/home/taylor/ros2_iron/install/examples_rclpy_guard_conditions:/home/taylor/ros2_iron/install/action_tutorials_py:/home/taylor/ros2_iron/install/ament_uncrustify:/home/taylor/ros2_iron/install/tracetools_trace:/home/taylor/ros2_iron/install/tracetools_read:/home/taylor/ros2_iron/install/test_tracetools_launch:/home/taylor/ros2_iron/install/test_ros2trace:/home/taylor/ros2_iron/install/test_launch_ros:/home/taylor/ros2_iron/install/rpyutils:/home/taylor/ros2_iron/install/rosidl_runtime_py:/home/taylor/ros2_iron/install/rosidl_pycommon:/home/taylor/ros2_iron/install/rosidl_cli:/home/taylor/ros2_iron/install/launch_pytest:/home/taylor/ros2_iron/install/launch_testing:/home/taylor/ros2_iron/install/launch_yaml:/home/taylor/ros2_iron/install/launch_xml:/home/taylor/ros2_iron/install/launch:/home/taylor/ros2_iron/install/osrf_pycommon:/home/taylor/ros2_iron/install/domain_coordinator:/home/taylor/ros2_iron/install/ament_xmllint:/home/taylor/ros2_iron/install/ament_pyflakes:/home/taylor/ros2_iron/install/ament_pycodestyle:/home/taylor/ros2_iron/install/ament_pep257:/home/taylor/ros2_iron/install/ament_pclint:/home/taylor/ros2_iron/install/ament_package:/home/taylor/ros2_iron/install/ament_mypy:/home/taylor/ros2_iron/install/ament_lint_cmake:/home/taylor/ros2_iron/install/ament_flake8:/home/taylor/ros2_iron/install/ament_copyright:/home/taylor/ros2_iron/install/ament_lint:/home/taylor/ros2_iron/install/ament_index_python:/home/taylor/ros2_iron/install/ament_cpplint:/home/taylor/ros2_iron/install/ament_cppcheck:/home/taylor/ros2_iron/install/ament_clang_tidy:/home/taylor/ros2_iron/install/ament_clang_format /usr/bin/cmake /home/taylor/Buddy_Bot/buddybot/ros2_workspace/src/move_bot -DCMAKE_INSTALL_PREFIX=/home/taylor/Buddy_Bot/buddybot/ros2_workspace/src/move_bot/install/move_bot
[8.789s] Invoking command in '/home/taylor/Buddy_Bot/buddybot/ros2_workspace/src/move_bot/build/move_bot': CMAKE_PREFIX_PATH=${CMAKE_PREFIX_PATH}:/home/taylor/Buddy_Bot/buddybot/ros2_workspace/install/tfmini_s:/home/taylor/ros2_iron/install/rqt_bag_plugins:/home/taylor/ros2_iron/install/rqt_bag:/home/taylor/ros2_iron/install/rosbag2_examples_py:/home/taylor/ros2_iron/install/launch_testing_examples:/home/taylor/ros2_iron/install/ros2bag:/home/taylor/ros2_iron/install/tracetools_test:/home/taylor/ros2_iron/install/tracetools_launch:/home/taylor/ros2_iron/install/topic_monitor:/home/taylor/ros2_iron/install/tf2_tools:/home/taylor/ros2_iron/install/examples_tf2_py:/home/taylor/ros2_iron/install/tf2_ros_py:/home/taylor/ros2_iron/install/examples_rclpy_pointcloud_publisher:/home/taylor/ros2_iron/install/sensor_msgs_py:/home/taylor/ros2_iron/install/quality_of_service_demo_py:/home/taylor/ros2_iron/install/rqt_plot:/home/taylor/ros2_iron/install/ros2doctor:/home/taylor/ros2_iron/install/lifecycle_py:/home/taylor/ros2_iron/install/examples_rclpy_minimal_subscriber:/home/taylor/ros2_iron/install/examples_rclpy_minimal_service:/home/taylor/ros2_iron/install/examples_rclpy_minimal_publisher:/home/taylor/ros2_iron/install/examples_rclpy_minimal_client:/home/taylor/ros2_iron/install/examples_rclpy_executors:/home/taylor/ros2_iron/install/demo_nodes_py:/home/taylor/ros2_iron/install/rqt:/home/taylor/ros2_iron/install/ros2component:/home/taylor/ros2_iron/install/sros2:/home/taylor/ros2_iron/install/rqt_topic:/home/taylor/ros2_iron/install/rqt_srv:/home/taylor/ros2_iron/install/rqt_shell:/home/taylor/ros2_iron/install/rqt_service_caller:/home/taylor/ros2_iron/install/rqt_reconfigure:/home/taylor/ros2_iron/install/rqt_py_console:/home/taylor/ros2_iron/install/rqt_publisher:/home/taylor/ros2_iron/install/rqt_action:/home/taylor/ros2_iron/install/rqt_msg:/home/taylor/ros2_iron/install/rqt_console:/home/taylor/ros2_iron/install/rqt_graph:/home/taylor/ros2_iron/install/rqt_gui_py:/home/taylor/ros2_iron/install/rqt_gui:/home/taylor/ros2_iron/install/ros2trace:/home/taylor/ros2_iron/install/ros2topic:/home/taylor/ros2_iron/install/ros2test:/home/taylor/ros2_iron/install/ros2param:/home/taylor/ros2_iron/install/ros2lifecycle:/home/taylor/ros2_iron/install/ros2service:/home/taylor/ros2_iron/install/ros2run:/home/taylor/ros2_iron/install/ros2launch:/home/taylor/ros2_iron/install/ros2pkg:/home/taylor/ros2_iron/install/ros2node:/home/taylor/ros2_iron/install/ros2multicast:/home/taylor/ros2_iron/install/ros2interface:/home/taylor/ros2_iron/install/ros2action:/home/taylor/ros2_iron/install/ros2cli:/home/taylor/ros2_iron/install/launch_testing_ros:/home/taylor/ros2_iron/install/launch_ros:/home/taylor/ros2_iron/install/examples_rclpy_minimal_action_server:/home/taylor/ros2_iron/install/examples_rclpy_minimal_action_client:/home/taylor/ros2_iron/install/examples_rclpy_guard_conditions:/home/taylor/ros2_iron/install/action_tutorials_py:/home/taylor/ros2_iron/install/ament_uncrustify:/home/taylor/ros2_iron/install/tracetools_trace:/home/taylor/ros2_iron/install/tracetools_read:/home/taylor/ros2_iron/install/test_tracetools_launch:/home/taylor/ros2_iron/install/test_ros2trace:/home/taylor/ros2_iron/install/test_launch_ros:/home/taylor/ros2_iron/install/rpyutils:/home/taylor/ros2_iron/install/rosidl_runtime_py:/home/taylor/ros2_iron/install/rosidl_pycommon:/home/taylor/ros2_iron/install/rosidl_cli:/home/taylor/ros2_iron/install/launch_pytest:/home/taylor/ros2_iron/install/launch_testing:/home/taylor/ros2_iron/install/launch_yaml:/home/taylor/ros2_iron/install/launch_xml:/home/taylor/ros2_iron/install/launch:/home/taylor/ros2_iron/install/osrf_pycommon:/home/taylor/ros2_iron/install/domain_coordinator:/home/taylor/ros2_iron/install/ament_xmllint:/home/taylor/ros2_iron/install/ament_pyflakes:/home/taylor/ros2_iron/install/ament_pycodestyle:/home/taylor/ros2_iron/install/ament_pep257:/home/taylor/ros2_iron/install/ament_pclint:/home/taylor/ros2_iron/install/ament_package:/home/taylor/ros2_iron/install/ament_mypy:/home/taylor/ros2_iron/install/ament_lint_cmake:/home/taylor/ros2_iron/install/ament_flake8:/home/taylor/ros2_iron/install/ament_copyright:/home/taylor/ros2_iron/install/ament_lint:/home/taylor/ros2_iron/install/ament_index_python:/home/taylor/ros2_iron/install/ament_cpplint:/home/taylor/ros2_iron/install/ament_cppcheck:/home/taylor/ros2_iron/install/ament_clang_tidy:/home/taylor/ros2_iron/install/ament_clang_format /usr/bin/cmake --build /home/taylor/Buddy_Bot/buddybot/ros2_workspace/src/move_bot/build/move_bot -- -j4 -l4
[8.934s] [  2%] [34m[1mGenerating type hashes for ROS interfaces[0m
[8.954s] [  2%] Built target ament_cmake_python_copy_move_bot
[9.410s] [  2%] Built target move_bot__rosidl_generator_type_description
[9.442s] [  5%] [34m[1mGenerating C code for ROS interfaces[0m
[9.485s] [  8%] [34m[1mGenerating C++ code for ROS interfaces[0m
[9.878s] running egg_info
[9.878s] creating move_bot.egg-info
[9.918s] writing move_bot.egg-info/PKG-INFO
[9.920s] writing dependency_links to move_bot.egg-info/dependency_links.txt
[9.920s] writing top-level names to move_bot.egg-info/top_level.txt
[9.920s] writing manifest file 'move_bot.egg-info/SOURCES.txt'
[10.113s] [  8%] Built target move_bot__cpp
[10.127s] reading manifest file 'move_bot.egg-info/SOURCES.txt'
[10.128s] writing manifest file 'move_bot.egg-info/SOURCES.txt'
[10.178s] [ 16%] [32mBuilding C object CMakeFiles/move_bot__rosidl_generator_c.dir/rosidl_generator_c/move_bot/msg/detail/movement__description.c.o[0m
[10.178s] [ 16%] [32mBuilding C object CMakeFiles/move_bot__rosidl_generator_c.dir/rosidl_generator_c/move_bot/msg/detail/movement__type_support.c.o[0m
[10.178s] [ 16%] [32mBuilding C object CMakeFiles/move_bot__rosidl_generator_c.dir/rosidl_generator_c/move_bot/msg/detail/movement__functions.c.o[0m
[10.323s] [ 18%] [32m[1mLinking C shared library libmove_bot__rosidl_generator_c.so[0m
[10.347s] [ 18%] Built target ament_cmake_python_build_move_bot_egg
[10.414s] [ 18%] Built target move_bot__rosidl_generator_c
[10.448s] [ 24%] [34m[1mGenerating C type support for eProsima Fast-RTPS[0m
[10.449s] [ 24%] [34m[1mGenerating C introspection for ROS interfaces[0m
[10.450s] [ 27%] [34m[1mGenerating C++ type support for eProsima Fast-RTPS[0m
[10.456s] [ 29%] [34m[1mGenerating C type support dispatch for ROS interfaces[0m
[11.105s] [ 32%] [32mBuilding CXX object CMakeFiles/move_bot__rosidl_typesupport_c.dir/rosidl_typesupport_c/move_bot/msg/movement__type_support.cpp.o[0m
[11.135s] [ 35%] [32mBuilding C object CMakeFiles/move_bot__rosidl_typesupport_introspection_c.dir/rosidl_typesupport_introspection_c/move_bot/msg/detail/movement__type_support.c.o[0m
[11.179s] [ 37%] [32mBuilding CXX object CMakeFiles/move_bot__rosidl_typesupport_fastrtps_cpp.dir/rosidl_typesupport_fastrtps_cpp/move_bot/msg/detail/dds_fastrtps/movement__type_support.cpp.o[0m
[11.213s] [ 40%] [32mBuilding CXX object CMakeFiles/move_bot__rosidl_typesupport_fastrtps_c.dir/rosidl_typesupport_fastrtps_c/move_bot/msg/detail/movement__type_support_c.cpp.o[0m
[11.240s] [ 43%] [32m[1mLinking C shared library libmove_bot__rosidl_typesupport_introspection_c.so[0m
[11.257s] [ 45%] [32m[1mLinking CXX shared library libmove_bot__rosidl_typesupport_c.so[0m
[11.349s] [ 45%] Built target move_bot__rosidl_typesupport_introspection_c
[11.364s] [ 45%] Built target move_bot__rosidl_typesupport_c
[11.386s] [ 48%] [34m[1mGenerating C++ introspection for ROS interfaces[0m
[11.409s] [ 51%] [34m[1mGenerating C++ type support dispatch for ROS interfaces[0m
[11.977s] [ 54%] [32m[1mLinking CXX shared library libmove_bot__rosidl_typesupport_fastrtps_c.so[0m
[12.222s] [ 56%] [32mBuilding CXX object CMakeFiles/move_bot__rosidl_typesupport_introspection_cpp.dir/rosidl_typesupport_introspection_cpp/move_bot/msg/detail/movement__type_support.cpp.o[0m
[12.237s] [ 59%] [32mBuilding CXX object CMakeFiles/move_bot__rosidl_typesupport_cpp.dir/rosidl_typesupport_cpp/move_bot/msg/movement__type_support.cpp.o[0m
[12.241s] [ 59%] Built target move_bot__rosidl_typesupport_fastrtps_c
[12.291s] [ 62%] [32m[1mLinking CXX shared library libmove_bot__rosidl_typesupport_fastrtps_cpp.so[0m
[12.513s] [ 62%] Built target move_bot__rosidl_typesupport_fastrtps_cpp
[12.787s] [ 64%] [32m[1mLinking CXX shared library libmove_bot__rosidl_typesupport_introspection_cpp.so[0m
[12.815s] [ 67%] [32m[1mLinking CXX shared library libmove_bot__rosidl_typesupport_cpp.so[0m
[12.916s] [ 67%] Built target move_bot__rosidl_typesupport_cpp
[12.942s] [ 67%] Built target move_bot__rosidl_typesupport_introspection_cpp
[12.995s] [ 67%] Built target move_bot
[13.060s] [ 72%] [32mBuilding C object CMakeFiles/move_node.dir/src/movements.c.o[0m
[13.061s] [ 72%] [34m[1mGenerating Python code for ROS interfaces[0m
[13.061s] [ 75%] [32mBuilding CXX object CMakeFiles/move_node.dir/src/move_bot.cpp.o[0m
[13.703s] [ 75%] Built target move_bot__py
[13.766s] [ 78%] [32mBuilding C object CMakeFiles/move_bot__rosidl_generator_py.dir/rosidl_generator_py/move_bot/msg/_movement_s.c.o[0m
[13.964s] [ 81%] [32m[1mLinking C shared library rosidl_generator_py/move_bot/libmove_bot__rosidl_generator_py.so[0m
[14.061s] [ 81%] Built target move_bot__rosidl_generator_py
[14.132s] [ 86%] [32mBuilding C object CMakeFiles/move_bot__rosidl_typesupport_fastrtps_c__pyext.dir/rosidl_generator_py/move_bot/_move_bot_s.ep.rosidl_typesupport_fastrtps_c.c.o[0m
[14.132s] [ 86%] [32mBuilding C object CMakeFiles/move_bot__rosidl_typesupport_c__pyext.dir/rosidl_generator_py/move_bot/_move_bot_s.ep.rosidl_typesupport_c.c.o[0m
[14.150s] [ 89%] [32mBuilding C object CMakeFiles/move_bot__rosidl_typesupport_introspection_c__pyext.dir/rosidl_generator_py/move_bot/_move_bot_s.ep.rosidl_typesupport_introspection_c.c.o[0m
[14.351s] [ 91%] [32m[1mLinking C shared library rosidl_generator_py/move_bot/move_bot_s__rosidl_typesupport_c.cpython-311-aarch64-linux-gnu.so[0m
[14.365s] [ 94%] [32m[1mLinking C shared library rosidl_generator_py/move_bot/move_bot_s__rosidl_typesupport_introspection_c.cpython-311-aarch64-linux-gnu.so[0m
[14.387s] [ 97%] [32m[1mLinking C shared library rosidl_generator_py/move_bot/move_bot_s__rosidl_typesupport_fastrtps_c.cpython-311-aarch64-linux-gnu.so[0m
[14.464s] [ 97%] Built target move_bot__rosidl_typesupport_c__pyext
[14.478s] [ 97%] Built target move_bot__rosidl_typesupport_introspection_c__pyext
[14.504s] [ 97%] Built target move_bot__rosidl_typesupport_fastrtps_c__pyext
[24.134s] [100%] [32m[1mLinking CXX executable move_node[0m
[26.584s] [100%] Built target move_node
[26.607s] Invoked command in '/home/taylor/Buddy_Bot/buddybot/ros2_workspace/src/move_bot/build/move_bot' returned '0': CMAKE_PREFIX_PATH=${CMAKE_PREFIX_PATH}:/home/taylor/Buddy_Bot/buddybot/ros2_workspace/install/tfmini_s:/home/taylor/ros2_iron/install/rqt_bag_plugins:/home/taylor/ros2_iron/install/rqt_bag:/home/taylor/ros2_iron/install/rosbag2_examples_py:/home/taylor/ros2_iron/install/launch_testing_examples:/home/taylor/ros2_iron/install/ros2bag:/home/taylor/ros2_iron/install/tracetools_test:/home/taylor/ros2_iron/install/tracetools_launch:/home/taylor/ros2_iron/install/topic_monitor:/home/taylor/ros2_iron/install/tf2_tools:/home/taylor/ros2_iron/install/examples_tf2_py:/home/taylor/ros2_iron/install/tf2_ros_py:/home/taylor/ros2_iron/install/examples_rclpy_pointcloud_publisher:/home/taylor/ros2_iron/install/sensor_msgs_py:/home/taylor/ros2_iron/install/quality_of_service_demo_py:/home/taylor/ros2_iron/install/rqt_plot:/home/taylor/ros2_iron/install/ros2doctor:/home/taylor/ros2_iron/install/lifecycle_py:/home/taylor/ros2_iron/install/examples_rclpy_minimal_subscriber:/home/taylor/ros2_iron/install/examples_rclpy_minimal_service:/home/taylor/ros2_iron/install/examples_rclpy_minimal_publisher:/home/taylor/ros2_iron/install/examples_rclpy_minimal_client:/home/taylor/ros2_iron/install/examples_rclpy_executors:/home/taylor/ros2_iron/install/demo_nodes_py:/home/taylor/ros2_iron/install/rqt:/home/taylor/ros2_iron/install/ros2component:/home/taylor/ros2_iron/install/sros2:/home/taylor/ros2_iron/install/rqt_topic:/home/taylor/ros2_iron/install/rqt_srv:/home/taylor/ros2_iron/install/rqt_shell:/home/taylor/ros2_iron/install/rqt_service_caller:/home/taylor/ros2_iron/install/rqt_reconfigure:/home/taylor/ros2_iron/install/rqt_py_console:/home/taylor/ros2_iron/install/rqt_publisher:/home/taylor/ros2_iron/install/rqt_action:/home/taylor/ros2_iron/install/rqt_msg:/home/taylor/ros2_iron/install/rqt_console:/home/taylor/ros2_iron/install/rqt_graph:/home/taylor/ros2_iron/install/rqt_gui_py:/home/taylor/ros2_iron/install/rqt_gui:/home/taylor/ros2_iron/install/ros2trace:/home/taylor/ros2_iron/install/ros2topic:/home/taylor/ros2_iron/install/ros2test:/home/taylor/ros2_iron/install/ros2param:/home/taylor/ros2_iron/install/ros2lifecycle:/home/taylor/ros2_iron/install/ros2service:/home/taylor/ros2_iron/install/ros2run:/home/taylor/ros2_iron/install/ros2launch:/home/taylor/ros2_iron/install/ros2pkg:/home/taylor/ros2_iron/install/ros2node:/home/taylor/ros2_iron/install/ros2multicast:/home/taylor/ros2_iron/install/ros2interface:/home/taylor/ros2_iron/install/ros2action:/home/taylor/ros2_iron/install/ros2cli:/home/taylor/ros2_iron/install/launch_testing_ros:/home/taylor/ros2_iron/install/launch_ros:/home/taylor/ros2_iron/install/examples_rclpy_minimal_action_server:/home/taylor/ros2_iron/install/examples_rclpy_minimal_action_client:/home/taylor/ros2_iron/install/examples_rclpy_guard_conditions:/home/taylor/ros2_iron/install/action_tutorials_py:/home/taylor/ros2_iron/install/ament_uncrustify:/home/taylor/ros2_iron/install/tracetools_trace:/home/taylor/ros2_iron/install/tracetools_read:/home/taylor/ros2_iron/install/test_tracetools_launch:/home/taylor/ros2_iron/install/test_ros2trace:/home/taylor/ros2_iron/install/test_launch_ros:/home/taylor/ros2_iron/install/rpyutils:/home/taylor/ros2_iron/install/rosidl_runtime_py:/home/taylor/ros2_iron/install/rosidl_pycommon:/home/taylor/ros2_iron/install/rosidl_cli:/home/taylor/ros2_iron/install/launch_pytest:/home/taylor/ros2_iron/install/launch_testing:/home/taylor/ros2_iron/install/launch_yaml:/home/taylor/ros2_iron/install/launch_xml:/home/taylor/ros2_iron/install/launch:/home/taylor/ros2_iron/install/osrf_pycommon:/home/taylor/ros2_iron/install/domain_coordinator:/home/taylor/ros2_iron/install/ament_xmllint:/home/taylor/ros2_iron/install/ament_pyflakes:/home/taylor/ros2_iron/install/ament_pycodestyle:/home/taylor/ros2_iron/install/ament_pep257:/home/taylor/ros2_iron/install/ament_pclint:/home/taylor/ros2_iron/install/ament_package:/home/taylor/ros2_iron/install/ament_mypy:/home/taylor/ros2_iron/install/ament_lint_cmake:/home/taylor/ros2_iron/install/ament_flake8:/home/taylor/ros2_iron/install/ament_copyright:/home/taylor/ros2_iron/install/ament_lint:/home/taylor/ros2_iron/install/ament_index_python:/home/taylor/ros2_iron/install/ament_cpplint:/home/taylor/ros2_iron/install/ament_cppcheck:/home/taylor/ros2_iron/install/ament_clang_tidy:/home/taylor/ros2_iron/install/ament_clang_format /usr/bin/cmake --build /home/taylor/Buddy_Bot/buddybot/ros2_workspace/src/move_bot/build/move_bot -- -j4 -l4
[26.857s] Invoking command in '/home/taylor/Buddy_Bot/buddybot/ros2_workspace/src/move_bot/build/move_bot': CMAKE_PREFIX_PATH=${CMAKE_PREFIX_PATH}:/home/taylor/Buddy_Bot/buddybot/ros2_workspace/install/tfmini_s:/home/taylor/ros2_iron/install/rqt_bag_plugins:/home/taylor/ros2_iron/install/rqt_bag:/home/taylor/ros2_iron/install/rosbag2_examples_py:/home/taylor/ros2_iron/install/launch_testing_examples:/home/taylor/ros2_iron/install/ros2bag:/home/taylor/ros2_iron/install/tracetools_test:/home/taylor/ros2_iron/install/tracetools_launch:/home/taylor/ros2_iron/install/topic_monitor:/home/taylor/ros2_iron/install/tf2_tools:/home/taylor/ros2_iron/install/examples_tf2_py:/home/taylor/ros2_iron/install/tf2_ros_py:/home/taylor/ros2_iron/install/examples_rclpy_pointcloud_publisher:/home/taylor/ros2_iron/install/sensor_msgs_py:/home/taylor/ros2_iron/install/quality_of_service_demo_py:/home/taylor/ros2_iron/install/rqt_plot:/home/taylor/ros2_iron/install/ros2doctor:/home/taylor/ros2_iron/install/lifecycle_py:/home/taylor/ros2_iron/install/examples_rclpy_minimal_subscriber:/home/taylor/ros2_iron/install/examples_rclpy_minimal_service:/home/taylor/ros2_iron/install/examples_rclpy_minimal_publisher:/home/taylor/ros2_iron/install/examples_rclpy_minimal_client:/home/taylor/ros2_iron/install/examples_rclpy_executors:/home/taylor/ros2_iron/install/demo_nodes_py:/home/taylor/ros2_iron/install/rqt:/home/taylor/ros2_iron/install/ros2component:/home/taylor/ros2_iron/install/sros2:/home/taylor/ros2_iron/install/rqt_topic:/home/taylor/ros2_iron/install/rqt_srv:/home/taylor/ros2_iron/install/rqt_shell:/home/taylor/ros2_iron/install/rqt_service_caller:/home/taylor/ros2_iron/install/rqt_reconfigure:/home/taylor/ros2_iron/install/rqt_py_console:/home/taylor/ros2_iron/install/rqt_publisher:/home/taylor/ros2_iron/install/rqt_action:/home/taylor/ros2_iron/install/rqt_msg:/home/taylor/ros2_iron/install/rqt_console:/home/taylor/ros2_iron/install/rqt_graph:/home/taylor/ros2_iron/install/rqt_gui_py:/home/taylor/ros2_iron/install/rqt_gui:/home/taylor/ros2_iron/install/ros2trace:/home/taylor/ros2_iron/install/ros2topic:/home/taylor/ros2_iron/install/ros2test:/home/taylor/ros2_iron/install/ros2param:/home/taylor/ros2_iron/install/ros2lifecycle:/home/taylor/ros2_iron/install/ros2service:/home/taylor/ros2_iron/install/ros2run:/home/taylor/ros2_iron/install/ros2launch:/home/taylor/ros2_iron/install/ros2pkg:/home/taylor/ros2_iron/install/ros2node:/home/taylor/ros2_iron/install/ros2multicast:/home/taylor/ros2_iron/install/ros2interface:/home/taylor/ros2_iron/install/ros2action:/home/taylor/ros2_iron/install/ros2cli:/home/taylor/ros2_iron/install/launch_testing_ros:/home/taylor/ros2_iron/install/launch_ros:/home/taylor/ros2_iron/install/examples_rclpy_minimal_action_server:/home/taylor/ros2_iron/install/examples_rclpy_minimal_action_client:/home/taylor/ros2_iron/install/examples_rclpy_guard_conditions:/home/taylor/ros2_iron/install/action_tutorials_py:/home/taylor/ros2_iron/install/ament_uncrustify:/home/taylor/ros2_iron/install/tracetools_trace:/home/taylor/ros2_iron/install/tracetools_read:/home/taylor/ros2_iron/install/test_tracetools_launch:/home/taylor/ros2_iron/install/test_ros2trace:/home/taylor/ros2_iron/install/test_launch_ros:/home/taylor/ros2_iron/install/rpyutils:/home/taylor/ros2_iron/install/rosidl_runtime_py:/home/taylor/ros2_iron/install/rosidl_pycommon:/home/taylor/ros2_iron/install/rosidl_cli:/home/taylor/ros2_iron/install/launch_pytest:/home/taylor/ros2_iron/install/launch_testing:/home/taylor/ros2_iron/install/launch_yaml:/home/taylor/ros2_iron/install/launch_xml:/home/taylor/ros2_iron/install/launch:/home/taylor/ros2_iron/install/osrf_pycommon:/home/taylor/ros2_iron/install/domain_coordinator:/home/taylor/ros2_iron/install/ament_xmllint:/home/taylor/ros2_iron/install/ament_pyflakes:/home/taylor/ros2_iron/install/ament_pycodestyle:/home/taylor/ros2_iron/install/ament_pep257:/home/taylor/ros2_iron/install/ament_pclint:/home/taylor/ros2_iron/install/ament_package:/home/taylor/ros2_iron/install/ament_mypy:/home/taylor/ros2_iron/install/ament_lint_cmake:/home/taylor/ros2_iron/install/ament_flake8:/home/taylor/ros2_iron/install/ament_copyright:/home/taylor/ros2_iron/install/ament_lint:/home/taylor/ros2_iron/install/ament_index_python:/home/taylor/ros2_iron/install/ament_cpplint:/home/taylor/ros2_iron/install/ament_cppcheck:/home/taylor/ros2_iron/install/ament_clang_tidy:/home/taylor/ros2_iron/install/ament_clang_format /usr/bin/cmake --install /home/taylor/Buddy_Bot/buddybot/ros2_workspace/src/move_bot/build/move_bot
[26.881s] -- Install configuration: ""
[26.881s] -- Installing: /home/taylor/Buddy_Bot/buddybot/ros2_workspace/src/move_bot/install/move_bot/share/ament_index/resource_index/rosidl_interfaces/move_bot
[26.882s] -- Installing: /home/taylor/Buddy_Bot/buddybot/ros2_workspace/src/move_bot/install/move_bot/share/move_bot/msg/Movement.json
[26.882s] -- Installing: /home/taylor/Buddy_Bot/buddybot/ros2_workspace/src/move_bot/install/move_bot/include/move_bot/move_bot
[26.882s] -- Installing: /home/taylor/Buddy_Bot/buddybot/ros2_workspace/src/move_bot/install/move_bot/include/move_bot/move_bot/msg
[26.882s] -- Installing: /home/taylor/Buddy_Bot/buddybot/ros2_workspace/src/move_bot/install/move_bot/include/move_bot/move_bot/msg/rosidl_generator_c__visibility_control.h
[26.882s] -- Installing: /home/taylor/Buddy_Bot/buddybot/ros2_workspace/src/move_bot/install/move_bot/include/move_bot/move_bot/msg/movement.h
[26.882s] -- Installing: /home/taylor/Buddy_Bot/buddybot/ros2_workspace/src/move_bot/install/move_bot/include/move_bot/move_bot/msg/detail
[26.882s] -- Installing: /home/taylor/Buddy_Bot/buddybot/ros2_workspace/src/move_bot/install/move_bot/include/move_bot/move_bot/msg/detail/movement__type_support.c
[26.882s] -- Installing: /home/taylor/Buddy_Bot/buddybot/ros2_workspace/src/move_bot/install/move_bot/include/move_bot/move_bot/msg/detail/movement__type_support.h
[26.882s] -- Installing: /home/taylor/Buddy_Bot/buddybot/ros2_workspace/src/move_bot/install/move_bot/include/move_bot/move_bot/msg/detail/movement__description.c
[26.882s] -- Installing: /home/taylor/Buddy_Bot/buddybot/ros2_workspace/src/move_bot/install/move_bot/include/move_bot/move_bot/msg/detail/movement__functions.h
[26.883s] -- Installing: /home/taylor/Buddy_Bot/buddybot/ros2_workspace/src/move_bot/install/move_bot/include/move_bot/move_bot/msg/detail/movement__functions.c
[26.883s] -- Installing: /home/taylor/Buddy_Bot/buddybot/ros2_workspace/src/move_bot/install/move_bot/include/move_bot/move_bot/msg/detail/movement__struct.h
[26.884s] -- Installing: /home/taylor/Buddy_Bot/buddybot/ros2_workspace/src/move_bot/install/move_bot/share/move_bot/environment/library_path.sh
[26.884s] -- Installing: /home/taylor/Buddy_Bot/buddybot/ros2_workspace/src/move_bot/install/move_bot/share/move_bot/environment/library_path.dsv
[26.884s] -- Installing: /home/taylor/Buddy_Bot/buddybot/ros2_workspace/src/move_bot/install/move_bot/lib/libmove_bot__rosidl_generator_c.so
[26.884s] -- Set runtime path of "/home/taylor/Buddy_Bot/buddybot/ros2_workspace/src/move_bot/install/move_bot/lib/libmove_bot__rosidl_generator_c.so" to ""
[26.884s] -- Up-to-date: /home/taylor/Buddy_Bot/buddybot/ros2_workspace/src/move_bot/install/move_bot/include/move_bot/move_bot
[26.884s] -- Up-to-date: /home/taylor/Buddy_Bot/buddybot/ros2_workspace/src/move_bot/install/move_bot/include/move_bot/move_bot/msg
[26.884s] -- Up-to-date: /home/taylor/Buddy_Bot/buddybot/ros2_workspace/src/move_bot/install/move_bot/include/move_bot/move_bot/msg/detail
[26.884s] -- Installing: /home/taylor/Buddy_Bot/buddybot/ros2_workspace/src/move_bot/install/move_bot/include/move_bot/move_bot/msg/detail/movement__rosidl_typesupport_fastrtps_c.h
[26.884s] -- Installing: /home/taylor/Buddy_Bot/buddybot/ros2_workspace/src/move_bot/install/move_bot/include/move_bot/move_bot/msg/rosidl_typesupport_fastrtps_c__visibility_control.h
[26.884s] -- Installing: /home/taylor/Buddy_Bot/buddybot/ros2_workspace/src/move_bot/install/move_bot/lib/libmove_bot__rosidl_typesupport_fastrtps_c.so
[26.884s] -- Set runtime path of "/home/taylor/Buddy_Bot/buddybot/ros2_workspace/src/move_bot/install/move_bot/lib/libmove_bot__rosidl_typesupport_fastrtps_c.so" to ""
[26.884s] -- Up-to-date: /home/taylor/Buddy_Bot/buddybot/ros2_workspace/src/move_bot/install/move_bot/include/move_bot/move_bot
[26.884s] -- Up-to-date: /home/taylor/Buddy_Bot/buddybot/ros2_workspace/src/move_bot/install/move_bot/include/move_bot/move_bot/msg
[26.884s] -- Installing: /home/taylor/Buddy_Bot/buddybot/ros2_workspace/src/move_bot/install/move_bot/include/move_bot/move_bot/msg/movement.hpp
[26.884s] -- Up-to-date: /home/taylor/Buddy_Bot/buddybot/ros2_workspace/src/move_bot/install/move_bot/include/move_bot/move_bot/msg/detail
[26.884s] -- Installing: /home/taylor/Buddy_Bot/buddybot/ros2_workspace/src/move_bot/install/move_bot/include/move_bot/move_bot/msg/detail/movement__traits.hpp
[26.884s] -- Installing: /home/taylor/Buddy_Bot/buddybot/ros2_workspace/src/move_bot/install/move_bot/include/move_bot/move_bot/msg/detail/movement__builder.hpp
[26.884s] -- Installing: /home/taylor/Buddy_Bot/buddybot/ros2_workspace/src/move_bot/install/move_bot/include/move_bot/move_bot/msg/detail/movement__struct.hpp
[26.885s] -- Up-to-date: /home/taylor/Buddy_Bot/buddybot/ros2_workspace/src/move_bot/install/move_bot/include/move_bot/move_bot
[26.885s] -- Up-to-date: /home/taylor/Buddy_Bot/buddybot/ros2_workspace/src/move_bot/install/move_bot/include/move_bot/move_bot/msg
[26.885s] -- Up-to-date: /home/taylor/Buddy_Bot/buddybot/ros2_workspace/src/move_bot/install/move_bot/include/move_bot/move_bot/msg/detail
[26.885s] -- Installing: /home/taylor/Buddy_Bot/buddybot/ros2_workspace/src/move_bot/install/move_bot/include/move_bot/move_bot/msg/detail/movement__rosidl_typesupport_fastrtps_cpp.hpp
[26.885s] -- Installing: /home/taylor/Buddy_Bot/buddybot/ros2_workspace/src/move_bot/install/move_bot/include/move_bot/move_bot/msg/detail/dds_fastrtps
[26.885s] -- Installing: /home/taylor/Buddy_Bot/buddybot/ros2_workspace/src/move_bot/install/move_bot/include/move_bot/move_bot/msg/rosidl_typesupport_fastrtps_cpp__visibility_control.h
[26.885s] -- Installing: /home/taylor/Buddy_Bot/buddybot/ros2_workspace/src/move_bot/install/move_bot/lib/libmove_bot__rosidl_typesupport_fastrtps_cpp.so
[26.885s] -- Set runtime path of "/home/taylor/Buddy_Bot/buddybot/ros2_workspace/src/move_bot/install/move_bot/lib/libmove_bot__rosidl_typesupport_fastrtps_cpp.so" to ""
[26.885s] -- Up-to-date: /home/taylor/Buddy_Bot/buddybot/ros2_workspace/src/move_bot/install/move_bot/include/move_bot/move_bot
[26.885s] -- Up-to-date: /home/taylor/Buddy_Bot/buddybot/ros2_workspace/src/move_bot/install/move_bot/include/move_bot/move_bot/msg
[26.886s] -- Installing: /home/taylor/Buddy_Bot/buddybot/ros2_workspace/src/move_bot/install/move_bot/include/move_bot/move_bot/msg/rosidl_typesupport_introspection_c__visibility_control.h
[26.886s] -- Up-to-date: /home/taylor/Buddy_Bot/buddybot/ros2_workspace/src/move_bot/install/move_bot/include/move_bot/move_bot/msg/detail
[26.886s] -- Installing: /home/taylor/Buddy_Bot/buddybot/ros2_workspace/src/move_bot/install/move_bot/include/move_bot/move_bot/msg/detail/movement__type_support.c
[26.886s] -- Installing: /home/taylor/Buddy_Bot/buddybot/ros2_workspace/src/move_bot/install/move_bot/include/move_bot/move_bot/msg/detail/movement__rosidl_typesupport_introspection_c.h
[26.886s] -- Installing: /home/taylor/Buddy_Bot/buddybot/ros2_workspace/src/move_bot/install/move_bot/lib/libmove_bot__rosidl_typesupport_introspection_c.so
[26.886s] -- Set runtime path of "/home/taylor/Buddy_Bot/buddybot/ros2_workspace/src/move_bot/install/move_bot/lib/libmove_bot__rosidl_typesupport_introspection_c.so" to ""
[26.886s] -- Installing: /home/taylor/Buddy_Bot/buddybot/ros2_workspace/src/move_bot/install/move_bot/lib/libmove_bot__rosidl_typesupport_c.so
[26.887s] -- Set runtime path of "/home/taylor/Buddy_Bot/buddybot/ros2_workspace/src/move_bot/install/move_bot/lib/libmove_bot__rosidl_typesupport_c.so" to ""
[26.887s] -- Up-to-date: /home/taylor/Buddy_Bot/buddybot/ros2_workspace/src/move_bot/install/move_bot/include/move_bot/move_bot
[26.887s] -- Up-to-date: /home/taylor/Buddy_Bot/buddybot/ros2_workspace/src/move_bot/install/move_bot/include/move_bot/move_bot/msg
[26.887s] -- Up-to-date: /home/taylor/Buddy_Bot/buddybot/ros2_workspace/src/move_bot/install/move_bot/include/move_bot/move_bot/msg/detail
[26.887s] -- Installing: /home/taylor/Buddy_Bot/buddybot/ros2_workspace/src/move_bot/install/move_bot/include/move_bot/move_bot/msg/detail/movement__type_support.cpp
[26.887s] -- Installing: /home/taylor/Buddy_Bot/buddybot/ros2_workspace/src/move_bot/install/move_bot/include/move_bot/move_bot/msg/detail/movement__rosidl_typesupport_introspection_cpp.hpp
[26.887s] -- Installing: /home/taylor/Buddy_Bot/buddybot/ros2_workspace/src/move_bot/install/move_bot/lib/libmove_bot__rosidl_typesupport_introspection_cpp.so
[26.887s] -- Set runtime path of "/home/taylor/Buddy_Bot/buddybot/ros2_workspace/src/move_bot/install/move_bot/lib/libmove_bot__rosidl_typesupport_introspection_cpp.so" to ""
[26.888s] -- Installing: /home/taylor/Buddy_Bot/buddybot/ros2_workspace/src/move_bot/install/move_bot/lib/libmove_bot__rosidl_typesupport_cpp.so
[26.888s] -- Set runtime path of "/home/taylor/Buddy_Bot/buddybot/ros2_workspace/src/move_bot/install/move_bot/lib/libmove_bot__rosidl_typesupport_cpp.so" to ""
[26.888s] -- Installing: /home/taylor/Buddy_Bot/buddybot/ros2_workspace/src/move_bot/install/move_bot/share/move_bot/environment/pythonpath.sh
[26.888s] -- Installing: /home/taylor/Buddy_Bot/buddybot/ros2_workspace/src/move_bot/install/move_bot/share/move_bot/environment/pythonpath.dsv
[26.888s] -- Installing: /home/taylor/Buddy_Bot/buddybot/ros2_workspace/src/move_bot/install/move_bot/lib/python3.11/site-packages/move_bot-0.0.0-py3.11.egg-info
[26.888s] -- Installing: /home/taylor/Buddy_Bot/buddybot/ros2_workspace/src/move_bot/install/move_bot/lib/python3.11/site-packages/move_bot-0.0.0-py3.11.egg-info/PKG-INFO
[26.888s] -- Installing: /home/taylor/Buddy_Bot/buddybot/ros2_workspace/src/move_bot/install/move_bot/lib/python3.11/site-packages/move_bot-0.0.0-py3.11.egg-info/top_level.txt
[26.888s] -- Installing: /home/taylor/Buddy_Bot/buddybot/ros2_workspace/src/move_bot/install/move_bot/lib/python3.11/site-packages/move_bot-0.0.0-py3.11.egg-info/dependency_links.txt
[26.889s] -- Installing: /home/taylor/Buddy_Bot/buddybot/ros2_workspace/src/move_bot/install/move_bot/lib/python3.11/site-packages/move_bot-0.0.0-py3.11.egg-info/SOURCES.txt
[26.889s] -- Installing: /home/taylor/Buddy_Bot/buddybot/ros2_workspace/src/move_bot/install/move_bot/lib/python3.11/site-packages/move_bot
[26.889s] -- Installing: /home/taylor/Buddy_Bot/buddybot/ros2_workspace/src/move_bot/install/move_bot/lib/python3.11/site-packages/move_bot/msg
[26.889s] -- Installing: /home/taylor/Buddy_Bot/buddybot/ros2_workspace/src/move_bot/install/move_bot/lib/python3.11/site-packages/move_bot/msg/_movement.py
[26.889s] -- Installing: /home/taylor/Buddy_Bot/buddybot/ros2_workspace/src/move_bot/install/move_bot/lib/python3.11/site-packages/move_bot/msg/_movement_s.c
[26.889s] -- Installing: /home/taylor/Buddy_Bot/buddybot/ros2_workspace/src/move_bot/install/move_bot/lib/python3.11/site-packages/move_bot/msg/__init__.py
[26.889s] -- Installing: /home/taylor/Buddy_Bot/buddybot/ros2_workspace/src/move_bot/install/move_bot/lib/python3.11/site-packages/move_bot/_move_bot_s.ep.rosidl_typesupport_introspection_c.c
[26.889s] -- Installing: /home/taylor/Buddy_Bot/buddybot/ros2_workspace/src/move_bot/install/move_bot/lib/python3.11/site-packages/move_bot/_move_bot_s.ep.rosidl_typesupport_c.c
[26.889s] -- Installing: /home/taylor/Buddy_Bot/buddybot/ros2_workspace/src/move_bot/install/move_bot/lib/python3.11/site-packages/move_bot/libmove_bot__rosidl_generator_py.so
[26.889s] -- Installing: /home/taylor/Buddy_Bot/buddybot/ros2_workspace/src/move_bot/install/move_bot/lib/python3.11/site-packages/move_bot/_move_bot_s.ep.rosidl_typesupport_fastrtps_c.c
[26.890s] -- Installing: /home/taylor/Buddy_Bot/buddybot/ros2_workspace/src/move_bot/install/move_bot/lib/python3.11/site-packages/move_bot/move_bot_s__rosidl_typesupport_introspection_c.cpython-311-aarch64-linux-gnu.so
[26.890s] -- Installing: /home/taylor/Buddy_Bot/buddybot/ros2_workspace/src/move_bot/install/move_bot/lib/python3.11/site-packages/move_bot/move_bot_s__rosidl_typesupport_c.cpython-311-aarch64-linux-gnu.so
[26.890s] -- Installing: /home/taylor/Buddy_Bot/buddybot/ros2_workspace/src/move_bot/install/move_bot/lib/python3.11/site-packages/move_bot/__init__.py
[26.890s] -- Installing: /home/taylor/Buddy_Bot/buddybot/ros2_workspace/src/move_bot/install/move_bot/lib/python3.11/site-packages/move_bot/move_bot_s__rosidl_typesupport_fastrtps_c.cpython-311-aarch64-linux-gnu.so
[27.042s] Listing '/home/taylor/Buddy_Bot/buddybot/ros2_workspace/src/move_bot/install/move_bot/lib/python3.11/site-packages/move_bot'...
[27.042s] Compiling '/home/taylor/Buddy_Bot/buddybot/ros2_workspace/src/move_bot/install/move_bot/lib/python3.11/site-packages/move_bot/__init__.py'...
[27.042s] Listing '/home/taylor/Buddy_Bot/buddybot/ros2_workspace/src/move_bot/install/move_bot/lib/python3.11/site-packages/move_bot/msg'...
[27.042s] Compiling '/home/taylor/Buddy_Bot/buddybot/ros2_workspace/src/move_bot/install/move_bot/lib/python3.11/site-packages/move_bot/msg/__init__.py'...
[27.042s] Compiling '/home/taylor/Buddy_Bot/buddybot/ros2_workspace/src/move_bot/install/move_bot/lib/python3.11/site-packages/move_bot/msg/_movement.py'...
[27.053s] -- Installing: /home/taylor/Buddy_Bot/buddybot/ros2_workspace/src/move_bot/install/move_bot/lib/python3.11/site-packages/move_bot/move_bot_s__rosidl_typesupport_introspection_c.cpython-311-aarch64-linux-gnu.so
[27.054s] -- Set runtime path of "/home/taylor/Buddy_Bot/buddybot/ros2_workspace/src/move_bot/install/move_bot/lib/python3.11/site-packages/move_bot/move_bot_s__rosidl_typesupport_introspection_c.cpython-311-aarch64-linux-gnu.so" to ""
[27.054s] -- Installing: /home/taylor/Buddy_Bot/buddybot/ros2_workspace/src/move_bot/install/move_bot/lib/python3.11/site-packages/move_bot/move_bot_s__rosidl_typesupport_fastrtps_c.cpython-311-aarch64-linux-gnu.so
[27.054s] -- Set runtime path of "/home/taylor/Buddy_Bot/buddybot/ros2_workspace/src/move_bot/install/move_bot/lib/python3.11/site-packages/move_bot/move_bot_s__rosidl_typesupport_fastrtps_c.cpython-311-aarch64-linux-gnu.so" to ""
[27.055s] -- Installing: /home/taylor/Buddy_Bot/buddybot/ros2_workspace/src/move_bot/install/move_bot/lib/python3.11/site-packages/move_bot/move_bot_s__rosidl_typesupport_c.cpython-311-aarch64-linux-gnu.so
[27.055s] -- Set runtime path of "/home/taylor/Buddy_Bot/buddybot/ros2_workspace/src/move_bot/install/move_bot/lib/python3.11/site-packages/move_bot/move_bot_s__rosidl_typesupport_c.cpython-311-aarch64-linux-gnu.so" to ""
[27.055s] -- Installing: /home/taylor/Buddy_Bot/buddybot/ros2_workspace/src/move_bot/install/move_bot/lib/libmove_bot__rosidl_generator_py.so
[27.056s] -- Set runtime path of "/home/taylor/Buddy_Bot/buddybot/ros2_workspace/src/move_bot/install/move_bot/lib/libmove_bot__rosidl_generator_py.so" to ""
[27.056s] -- Installing: /home/taylor/Buddy_Bot/buddybot/ros2_workspace/src/move_bot/install/move_bot/share/move_bot/msg/Movement.idl
[27.056s] -- Installing: /home/taylor/Buddy_Bot/buddybot/ros2_workspace/src/move_bot/install/move_bot/share/move_bot/msg/Movement.msg
[27.056s] -- Installing: /home/taylor/Buddy_Bot/buddybot/ros2_workspace/src/move_bot/install/move_bot/lib/move_bot/move_node
[27.063s] -- Set runtime path of "/home/taylor/Buddy_Bot/buddybot/ros2_workspace/src/move_bot/install/move_bot/lib/move_bot/move_node" to ""
[27.063s] -- Installing: /home/taylor/Buddy_Bot/buddybot/ros2_workspace/src/move_bot/install/move_bot/share/ament_index/resource_index/package_run_dependencies/move_bot
[27.063s] -- Installing: /home/taylor/Buddy_Bot/buddybot/ros2_workspace/src/move_bot/install/move_bot/share/ament_index/resource_index/parent_prefix_path/move_bot
[27.064s] -- Installing: /home/taylor/Buddy_Bot/buddybot/ros2_workspace/src/move_bot/install/move_bot/share/move_bot/environment/ament_prefix_path.sh
[27.064s] -- Installing: /home/taylor/Buddy_Bot/buddybot/ros2_workspace/src/move_bot/install/move_bot/share/move_bot/environment/ament_prefix_path.dsv
[27.064s] -- Installing: /home/taylor/Buddy_Bot/buddybot/ros2_workspace/src/move_bot/install/move_bot/share/move_bot/environment/path.sh
[27.064s] -- Installing: /home/taylor/Buddy_Bot/buddybot/ros2_workspace/src/move_bot/install/move_bot/share/move_bot/environment/path.dsv
[27.064s] -- Installing: /home/taylor/Buddy_Bot/buddybot/ros2_workspace/src/move_bot/install/move_bot/share/move_bot/local_setup.bash
[27.064s] -- Installing: /home/taylor/Buddy_Bot/buddybot/ros2_workspace/src/move_bot/install/move_bot/share/move_bot/local_setup.sh
[27.064s] -- Installing: /home/taylor/Buddy_Bot/buddybot/ros2_workspace/src/move_bot/install/move_bot/share/move_bot/local_setup.zsh
[27.068s] -- Installing: /home/taylor/Buddy_Bot/buddybot/ros2_workspace/src/move_bot/install/move_bot/share/move_bot/local_setup.dsv
[27.068s] -- Installing: /home/taylor/Buddy_Bot/buddybot/ros2_workspace/src/move_bot/install/move_bot/share/move_bot/package.dsv
[27.068s] -- Installing: /home/taylor/Buddy_Bot/buddybot/ros2_workspace/src/move_bot/install/move_bot/share/ament_index/resource_index/packages/move_bot
[27.068s] -- Installing: /home/taylor/Buddy_Bot/buddybot/ros2_workspace/src/move_bot/install/move_bot/share/move_bot/cmake/export_move_bot__rosidl_generator_cExport.cmake
[27.068s] -- Installing: /home/taylor/Buddy_Bot/buddybot/ros2_workspace/src/move_bot/install/move_bot/share/move_bot/cmake/export_move_bot__rosidl_generator_cExport-noconfig.cmake
[27.068s] -- Installing: /home/taylor/Buddy_Bot/buddybot/ros2_workspace/src/move_bot/install/move_bot/share/move_bot/cmake/export_move_bot__rosidl_typesupport_fastrtps_cExport.cmake
[27.068s] -- Installing: /home/taylor/Buddy_Bot/buddybot/ros2_workspace/src/move_bot/install/move_bot/share/move_bot/cmake/export_move_bot__rosidl_typesupport_fastrtps_cExport-noconfig.cmake
[27.068s] -- Installing: /home/taylor/Buddy_Bot/buddybot/ros2_workspace/src/move_bot/install/move_bot/share/move_bot/cmake/export_move_bot__rosidl_generator_cppExport.cmake
[27.068s] -- Installing: /home/taylor/Buddy_Bot/buddybot/ros2_workspace/src/move_bot/install/move_bot/share/move_bot/cmake/export_move_bot__rosidl_typesupport_fastrtps_cppExport.cmake
[27.068s] -- Installing: /home/taylor/Buddy_Bot/buddybot/ros2_workspace/src/move_bot/install/move_bot/share/move_bot/cmake/export_move_bot__rosidl_typesupport_fastrtps_cppExport-noconfig.cmake
[27.068s] -- Installing: /home/taylor/Buddy_Bot/buddybot/ros2_workspace/src/move_bot/install/move_bot/share/move_bot/cmake/move_bot__rosidl_typesupport_introspection_cExport.cmake
[27.068s] -- Installing: /home/taylor/Buddy_Bot/buddybot/ros2_workspace/src/move_bot/install/move_bot/share/move_bot/cmake/move_bot__rosidl_typesupport_introspection_cExport-noconfig.cmake
[27.068s] -- Installing: /home/taylor/Buddy_Bot/buddybot/ros2_workspace/src/move_bot/install/move_bot/share/move_bot/cmake/move_bot__rosidl_typesupport_cExport.cmake
[27.068s] -- Installing: /home/taylor/Buddy_Bot/buddybot/ros2_workspace/src/move_bot/install/move_bot/share/move_bot/cmake/move_bot__rosidl_typesupport_cExport-noconfig.cmake
[27.068s] -- Installing: /home/taylor/Buddy_Bot/buddybot/ros2_workspace/src/move_bot/install/move_bot/share/move_bot/cmake/move_bot__rosidl_typesupport_introspection_cppExport.cmake
[27.068s] -- Installing: /home/taylor/Buddy_Bot/buddybot/ros2_workspace/src/move_bot/install/move_bot/share/move_bot/cmake/move_bot__rosidl_typesupport_introspection_cppExport-noconfig.cmake
[27.069s] -- Installing: /home/taylor/Buddy_Bot/buddybot/ros2_workspace/src/move_bot/install/move_bot/share/move_bot/cmake/move_bot__rosidl_typesupport_cppExport.cmake
[27.069s] -- Installing: /home/taylor/Buddy_Bot/buddybot/ros2_workspace/src/move_bot/install/move_bot/share/move_bot/cmake/move_bot__rosidl_typesupport_cppExport-noconfig.cmake
[27.069s] -- Installing: /home/taylor/Buddy_Bot/buddybot/ros2_workspace/src/move_bot/install/move_bot/share/move_bot/cmake/export_move_bot__rosidl_generator_pyExport.cmake
[27.069s] -- Installing: /home/taylor/Buddy_Bot/buddybot/ros2_workspace/src/move_bot/install/move_bot/share/move_bot/cmake/export_move_bot__rosidl_generator_pyExport-noconfig.cmake
[27.069s] -- Installing: /home/taylor/Buddy_Bot/buddybot/ros2_workspace/src/move_bot/install/move_bot/share/move_bot/cmake/rosidl_cmake-extras.cmake
[27.069s] -- Installing: /home/taylor/Buddy_Bot/buddybot/ros2_workspace/src/move_bot/install/move_bot/share/move_bot/cmake/ament_cmake_export_include_directories-extras.cmake
[27.069s] -- Installing: /home/taylor/Buddy_Bot/buddybot/ros2_workspace/src/move_bot/install/move_bot/share/move_bot/cmake/ament_cmake_export_libraries-extras.cmake
[27.069s] -- Installing: /home/taylor/Buddy_Bot/buddybot/ros2_workspace/src/move_bot/install/move_bot/share/move_bot/cmake/ament_cmake_export_targets-extras.cmake
[27.070s] -- Installing: /home/taylor/Buddy_Bot/buddybot/ros2_workspace/src/move_bot/install/move_bot/share/move_bot/cmake/rosidl_cmake_export_typesupport_targets-extras.cmake
[27.070s] -- Installing: /home/taylor/Buddy_Bot/buddybot/ros2_workspace/src/move_bot/install/move_bot/share/move_bot/cmake/ament_cmake_export_dependencies-extras.cmake
[27.070s] -- Installing: /home/taylor/Buddy_Bot/buddybot/ros2_workspace/src/move_bot/install/move_bot/share/move_bot/cmake/rosidl_cmake_export_typesupport_libraries-extras.cmake
[27.071s] -- Installing: /home/taylor/Buddy_Bot/buddybot/ros2_workspace/src/move_bot/install/move_bot/share/move_bot/cmake/move_botConfig.cmake
[27.071s] -- Installing: /home/taylor/Buddy_Bot/buddybot/ros2_workspace/src/move_bot/install/move_bot/share/move_bot/cmake/move_botConfig-version.cmake
[27.071s] -- Installing: /home/taylor/Buddy_Bot/buddybot/ros2_workspace/src/move_bot/install/move_bot/share/move_bot/package.xml
[27.075s] Invoked command in '/home/taylor/Buddy_Bot/buddybot/ros2_workspace/src/move_bot/build/move_bot' returned '0': CMAKE_PREFIX_PATH=${CMAKE_PREFIX_PATH}:/home/taylor/Buddy_Bot/buddybot/ros2_workspace/install/tfmini_s:/home/taylor/ros2_iron/install/rqt_bag_plugins:/home/taylor/ros2_iron/install/rqt_bag:/home/taylor/ros2_iron/install/rosbag2_examples_py:/home/taylor/ros2_iron/install/launch_testing_examples:/home/taylor/ros2_iron/install/ros2bag:/home/taylor/ros2_iron/install/tracetools_test:/home/taylor/ros2_iron/install/tracetools_launch:/home/taylor/ros2_iron/install/topic_monitor:/home/taylor/ros2_iron/install/tf2_tools:/home/taylor/ros2_iron/install/examples_tf2_py:/home/taylor/ros2_iron/install/tf2_ros_py:/home/taylor/ros2_iron/install/examples_rclpy_pointcloud_publisher:/home/taylor/ros2_iron/install/sensor_msgs_py:/home/taylor/ros2_iron/install/quality_of_service_demo_py:/home/taylor/ros2_iron/install/rqt_plot:/home/taylor/ros2_iron/install/ros2doctor:/home/taylor/ros2_iron/install/lifecycle_py:/home/taylor/ros2_iron/install/examples_rclpy_minimal_subscriber:/home/taylor/ros2_iron/install/examples_rclpy_minimal_service:/home/taylor/ros2_iron/install/examples_rclpy_minimal_publisher:/home/taylor/ros2_iron/install/examples_rclpy_minimal_client:/home/taylor/ros2_iron/install/examples_rclpy_executors:/home/taylor/ros2_iron/install/demo_nodes_py:/home/taylor/ros2_iron/install/rqt:/home/taylor/ros2_iron/install/ros2component:/home/taylor/ros2_iron/install/sros2:/home/taylor/ros2_iron/install/rqt_topic:/home/taylor/ros2_iron/install/rqt_srv:/home/taylor/ros2_iron/install/rqt_shell:/home/taylor/ros2_iron/install/rqt_service_caller:/home/taylor/ros2_iron/install/rqt_reconfigure:/home/taylor/ros2_iron/install/rqt_py_console:/home/taylor/ros2_iron/install/rqt_publisher:/home/taylor/ros2_iron/install/rqt_action:/home/taylor/ros2_iron/install/rqt_msg:/home/taylor/ros2_iron/install/rqt_console:/home/taylor/ros2_iron/install/rqt_graph:/home/taylor/ros2_iron/install/rqt_gui_py:/home/taylor/ros2_iron/install/rqt_gui:/home/taylor/ros2_iron/install/ros2trace:/home/taylor/ros2_iron/install/ros2topic:/home/taylor/ros2_iron/install/ros2test:/home/taylor/ros2_iron/install/ros2param:/home/taylor/ros2_iron/install/ros2lifecycle:/home/taylor/ros2_iron/install/ros2service:/home/taylor/ros2_iron/install/ros2run:/home/taylor/ros2_iron/install/ros2launch:/home/taylor/ros2_iron/install/ros2pkg:/home/taylor/ros2_iron/install/ros2node:/home/taylor/ros2_iron/install/ros2multicast:/home/taylor/ros2_iron/install/ros2interface:/home/taylor/ros2_iron/install/ros2action:/home/taylor/ros2_iron/install/ros2cli:/home/taylor/ros2_iron/install/launch_testing_ros:/home/taylor/ros2_iron/install/launch_ros:/home/taylor/ros2_iron/install/examples_rclpy_minimal_action_server:/home/taylor/ros2_iron/install/examples_rclpy_minimal_action_client:/home/taylor/ros2_iron/install/examples_rclpy_guard_conditions:/home/taylor/ros2_iron/install/action_tutorials_py:/home/taylor/ros2_iron/install/ament_uncrustify:/home/taylor/ros2_iron/install/tracetools_trace:/home/taylor/ros2_iron/install/tracetools_read:/home/taylor/ros2_iron/install/test_tracetools_launch:/home/taylor/ros2_iron/install/test_ros2trace:/home/taylor/ros2_iron/install/test_launch_ros:/home/taylor/ros2_iron/install/rpyutils:/home/taylor/ros2_iron/install/rosidl_runtime_py:/home/taylor/ros2_iron/install/rosidl_pycommon:/home/taylor/ros2_iron/install/rosidl_cli:/home/taylor/ros2_iron/install/launch_pytest:/home/taylor/ros2_iron/install/launch_testing:/home/taylor/ros2_iron/install/launch_yaml:/home/taylor/ros2_iron/install/launch_xml:/home/taylor/ros2_iron/install/launch:/home/taylor/ros2_iron/install/osrf_pycommon:/home/taylor/ros2_iron/install/domain_coordinator:/home/taylor/ros2_iron/install/ament_xmllint:/home/taylor/ros2_iron/install/ament_pyflakes:/home/taylor/ros2_iron/install/ament_pycodestyle:/home/taylor/ros2_iron/install/ament_pep257:/home/taylor/ros2_iron/install/ament_pclint:/home/taylor/ros2_iron/install/ament_package:/home/taylor/ros2_iron/install/ament_mypy:/home/taylor/ros2_iron/install/ament_lint_cmake:/home/taylor/ros2_iron/install/ament_flake8:/home/taylor/ros2_iron/install/ament_copyright:/home/taylor/ros2_iron/install/ament_lint:/home/taylor/ros2_iron/install/ament_index_python:/home/taylor/ros2_iron/install/ament_cpplint:/home/taylor/ros2_iron/install/ament_cppcheck:/home/taylor/ros2_iron/install/ament_clang_tidy:/home/taylor/ros2_iron/install/ament_clang_format /usr/bin/cmake --install /home/taylor/Buddy_Bot/buddybot/ros2_workspace/src/move_bot/build/move_bot
