[33mCMake Warning (dev) at /usr/share/cmake-3.25/Modules/CMakeFindDependencyMacro.cmake:47 (find_package):
  Policy CMP0074 is not set: find_package uses <PackageName>_ROOT variables.
  Run "cmake --help-policy CMP0074" for policy details.  Use the cmake_policy
  command to set the policy and suppress this warning.

  CMake variable PCL_ROOT is set to:

    /usr

  For compatibility, CMake is ignoring the variable.
Call Stack (most recent call first):
  /usr/local/lib/rtabmap-0.21/RTABMapConfig.cmake:7 (find_dependency)
  /home/taylor/Buddy_Bot/buddybot/ros2_workspace/install/rtabmap_conversions/share/rtabmap_conversions/cmake/ament_cmake_export_dependencies-extras.cmake:21 (find_package)
  /home/taylor/Buddy_Bot/buddybot/ros2_workspace/install/rtabmap_conversions/share/rtabmap_conversions/cmake/rtabmap_conversionsConfig.cmake:41 (include)
  CMakeLists.txt:18 (find_package)
This warning is for project developers.  Use -Wno-dev to suppress it.
[0m
[33mCMake Warning (dev) at /usr/lib/aarch64-linux-gnu/cmake/Qt5Core/Qt5CoreMacros.cmake:44 (message):
  qt5_use_modules is not part of the official API, and might be removed in Qt
  6.
Call Stack (most recent call first):
  /usr/lib/aarch64-linux-gnu/cmake/Qt5Core/Qt5CoreMacros.cmake:434 (_qt5_warn_deprecated)
  CMakeLists.txt:85 (QT5_USE_MODULES)
This warning is for project developers.  Use -Wno-dev to suppress it.
[0m
