[3.937s] Invoking command in '/home/taylor/Buddy_Bot/buddybot/ros2_workspace/build/tfmini_s': PYTHONPATH=/home/taylor/Buddy_Bot/buddybot/ros2_workspace/build/tfmini_s/prefix_override:/home/taylor/Buddy_Bot/buddybot/ros2_workspace/install/tfmini_s/lib/python3.11/site-packages:${PYTHONPATH} /usr/bin/python3 setup.py develop --editable --build-directory /home/taylor/Buddy_Bot/buddybot/ros2_workspace/build/tfmini_s/build --no-deps install_data
[5.365s] running develop
[5.366s] /usr/lib/python3/dist-packages/setuptools/command/easy_install.py:146: EasyInstallDeprecationWarning: easy_install command is deprecated. Use build and pip and other standards-based tools.
[5.366s]   warnings.warn(
[5.527s] /usr/lib/python3/dist-packages/setuptools/command/install.py:34: SetuptoolsDeprecationWarning: setup.py install is deprecated. Use build and pip and other standards-based tools.
[5.527s]   warnings.warn(
[6.116s] running egg_info
[6.166s] writing tfmini_s.egg-info/PKG-INFO
[6.167s] writing dependency_links to tfmini_s.egg-info/dependency_links.txt
[6.168s] writing entry points to tfmini_s.egg-info/entry_points.txt
[6.169s] writing requirements to tfmini_s.egg-info/requires.txt
[6.170s] writing top-level names to tfmini_s.egg-info/top_level.txt
[6.271s] reading manifest file 'tfmini_s.egg-info/SOURCES.txt'
[6.272s] writing manifest file 'tfmini_s.egg-info/SOURCES.txt'
[6.327s] running build_ext
[6.327s] Creating /home/taylor/Buddy_Bot/buddybot/ros2_workspace/install/tfmini_s/lib/python3.11/site-packages/tfmini-s.egg-link (link to .)
[6.327s] Installing tfmini_s_node script to /home/taylor/Buddy_Bot/buddybot/ros2_workspace/install/tfmini_s/lib/tfmini_s
[6.327s] 
[6.327s] Installed /home/taylor/Buddy_Bot/buddybot/ros2_workspace/build/tfmini_s
[6.328s] running install_data
[6.577s] Invoked command in '/home/taylor/Buddy_Bot/buddybot/ros2_workspace/build/tfmini_s' returned '0': PYTHONPATH=/home/taylor/Buddy_Bot/buddybot/ros2_workspace/build/tfmini_s/prefix_override:/home/taylor/Buddy_Bot/buddybot/ros2_workspace/install/tfmini_s/lib/python3.11/site-packages:${PYTHONPATH} /usr/bin/python3 setup.py develop --editable --build-directory /home/taylor/Buddy_Bot/buddybot/ros2_workspace/build/tfmini_s/build --no-deps install_data
