[0.131s] Invoking command in '/home/taylor/Buddy_Bot/buddybot/ros2_workspace/build/pcl_msgs': /usr/bin/cmake /home/taylor/Buddy_Bot/buddybot/ros2_workspace/src/pcl_msgs -DCATKIN_INSTALL_INTO_PREFIX_ROOT=0 -DCATKIN_SYMLINK_INSTALL=ON -DCMAKE_INSTALL_PREFIX=/home/taylor/Buddy_Bot/buddybot/ros2_workspace/install/pcl_msgs
[0.406s] -- The C compiler identification is GNU 12.2.0
[0.709s] -- The CXX compiler identification is GNU 12.2.0
[0.758s] -- Detecting C compiler ABI info
[1.161s] -- Detecting C compiler ABI info - done
[1.196s] -- Check for working C compiler: /usr/bin/cc - skipped
[1.196s] -- Detecting C compile features
[1.204s] -- Detecting C compile features - done
[1.210s] -- Detecting CXX compiler ABI info
[1.543s] -- Detecting CXX compiler ABI info - done
[1.577s] -- Check for working CXX compiler: /usr/bin/c++ - skipped
[1.582s] -- Detecting CXX compile features
[1.582s] -- Detecting CXX compile features - done
[1.612s] [31mCMake Error at CMakeLists.txt:5 (find_package):
[1.612s]   By not providing "Findcatkin.cmake" in CMAKE_MODULE_PATH this project has
[1.613s] -- Configuring incomplete, errors occurred!
[1.613s] See also "/home/taylor/Buddy_Bot/buddybot/ros2_workspace/build/pcl_msgs/CMakeFiles/CMakeOutput.log".
[1.614s]   asked CMake to find a package configuration file provided by "catkin", but
[1.614s]   CMake did not find one.
[1.614s] 
[1.615s]   Could not find a package configuration file provided by "catkin" with any
[1.615s]   of the following names:
[1.615s] 
[1.615s]     catkinConfig.cmake
[1.615s]     catkin-config.cmake
[1.615s] 
[1.615s]   Add the installation prefix of "catkin" to CMAKE_PREFIX_PATH or set
[1.615s]   "catkin_DIR" to a directory containing one of the above files.  If "catkin"
[1.615s]   provides a separate development package or SDK, be sure it has been
[1.615s]   installed.
[1.615s] 
[1.615s] [0m
[1.633s] Invoked command in '/home/taylor/Buddy_Bot/buddybot/ros2_workspace/build/pcl_msgs' returned '1': /usr/bin/cmake /home/taylor/Buddy_Bot/buddybot/ros2_workspace/src/pcl_msgs -DCATKIN_INSTALL_INTO_PREFIX_ROOT=0 -DCATKIN_SYMLINK_INSTALL=ON -DCMAKE_INSTALL_PREFIX=/home/taylor/Buddy_Bot/buddybot/ros2_workspace/install/pcl_msgs
