[3.389s] Invoking command in '/home/taylor/Buddy_Bot/buddybot/ros2_workspace/build/tfmini_s': PYTHONPATH=/home/taylor/Buddy_Bot/buddybot/ros2_workspace/build/tfmini_s/prefix_override:/home/taylor/Buddy_Bot/buddybot/ros2_workspace/install/tfmini_s/lib/python3.11/site-packages:${PYTHONPATH} /usr/bin/python3 setup.py develop --editable --build-directory /home/taylor/Buddy_Bot/buddybot/ros2_workspace/build/tfmini_s/build --no-deps install_data
[4.665s] /usr/lib/python3/dist-packages/setuptools/command/easy_install.py:146: EasyInstallDeprecationWarning: easy_install command is deprecated. Use build and pip and other standards-based tools.
[4.665s]   warnings.warn(
[4.665s] running develop
[4.773s] /usr/lib/python3/dist-packages/setuptools/command/install.py:34: SetuptoolsDeprecationWarning: setup.py install is deprecated. Use build and pip and other standards-based tools.
[4.773s]   warnings.warn(
[5.376s] running egg_info
[5.423s] writing tfmini_s.egg-info/PKG-INFO
[5.423s] writing dependency_links to tfmini_s.egg-info/dependency_links.txt
[5.428s] writing entry points to tfmini_s.egg-info/entry_points.txt
[5.429s] writing requirements to tfmini_s.egg-info/requires.txt
[5.431s] writing top-level names to tfmini_s.egg-info/top_level.txt
[5.539s] reading manifest file 'tfmini_s.egg-info/SOURCES.txt'
[5.542s] writing manifest file 'tfmini_s.egg-info/SOURCES.txt'
[5.622s] running build_ext
[5.623s] Creating /home/taylor/Buddy_Bot/buddybot/ros2_workspace/install/tfmini_s/lib/python3.11/site-packages/tfmini-s.egg-link (link to .)
[5.625s] Installing tfmini_s_node script to /home/taylor/Buddy_Bot/buddybot/ros2_workspace/install/tfmini_s/lib/tfmini_s
[5.626s] 
[5.629s] Installed /home/taylor/Buddy_Bot/buddybot/ros2_workspace/build/tfmini_s
[5.630s] running install_data
[5.890s] Invoked command in '/home/taylor/Buddy_Bot/buddybot/ros2_workspace/build/tfmini_s' returned '0': PYTHONPATH=/home/taylor/Buddy_Bot/buddybot/ros2_workspace/build/tfmini_s/prefix_override:/home/taylor/Buddy_Bot/buddybot/ros2_workspace/install/tfmini_s/lib/python3.11/site-packages:${PYTHONPATH} /usr/bin/python3 setup.py develop --editable --build-directory /home/taylor/Buddy_Bot/buddybot/ros2_workspace/build/tfmini_s/build --no-deps install_data
