[0.103s] Invoking command in '/home/taylor/Buddy_Bot/buddybot/ros2_workspace/build/move_bot': CMAKE_PREFIX_PATH=${CMAKE_PREFIX_PATH}:/home/taylor/Buddy_Bot/buddybot/ros2_workspace/install/tfmini_s:/home/taylor/Buddy_Bot/buddybot/ros2_workspace/install/rtabmap_python:/home/taylor/Buddy_Bot/buddybot/ros2_workspace/install/opencv_tests:/home/taylor/ros2_iron/install/rqt_bag_plugins:/home/taylor/ros2_iron/install/rqt_bag:/home/taylor/ros2_iron/install/rosbag2_examples_py:/home/taylor/ros2_iron/install/launch_testing_examples:/home/taylor/ros2_iron/install/ros2bag:/home/taylor/ros2_iron/install/tracetools_test:/home/taylor/ros2_iron/install/tracetools_launch:/home/taylor/ros2_iron/install/topic_monitor:/home/taylor/ros2_iron/install/tf2_tools:/home/taylor/ros2_iron/install/examples_tf2_py:/home/taylor/ros2_iron/install/tf2_ros_py:/home/taylor/ros2_iron/install/examples_rclpy_pointcloud_publisher:/home/taylor/ros2_iron/install/sensor_msgs_py:/home/taylor/ros2_iron/install/quality_of_service_demo_py:/home/taylor/ros2_iron/install/rqt_plot:/home/taylor/ros2_iron/install/ros2doctor:/home/taylor/ros2_iron/install/lifecycle_py:/home/taylor/ros2_iron/install/examples_rclpy_minimal_subscriber:/home/taylor/ros2_iron/install/examples_rclpy_minimal_service:/home/taylor/ros2_iron/install/examples_rclpy_minimal_publisher:/home/taylor/ros2_iron/install/examples_rclpy_minimal_client:/home/taylor/ros2_iron/install/examples_rclpy_executors:/home/taylor/ros2_iron/install/demo_nodes_py:/home/taylor/ros2_iron/install/rqt:/home/taylor/ros2_iron/install/ros2component:/home/taylor/ros2_iron/install/sros2:/home/taylor/ros2_iron/install/rqt_topic:/home/taylor/ros2_iron/install/rqt_srv:/home/taylor/ros2_iron/install/rqt_shell:/home/taylor/ros2_iron/install/rqt_service_caller:/home/taylor/ros2_iron/install/rqt_reconfigure:/home/taylor/ros2_iron/install/rqt_py_console:/home/taylor/ros2_iron/install/rqt_publisher:/home/taylor/ros2_iron/install/rqt_action:/home/taylor/ros2_iron/install/rqt_msg:/home/taylor/ros2_iron/install/rqt_console:/home/taylor/ros2_iron/install/rqt_graph:/home/taylor/ros2_iron/install/rqt_gui_py:/home/taylor/ros2_iron/install/rqt_gui:/home/taylor/ros2_iron/install/ros2trace:/home/taylor/ros2_iron/install/ros2topic:/home/taylor/ros2_iron/install/ros2test:/home/taylor/ros2_iron/install/ros2param:/home/taylor/ros2_iron/install/ros2lifecycle:/home/taylor/ros2_iron/install/ros2service:/home/taylor/ros2_iron/install/ros2run:/home/taylor/ros2_iron/install/ros2launch:/home/taylor/ros2_iron/install/ros2pkg:/home/taylor/ros2_iron/install/ros2node:/home/taylor/ros2_iron/install/ros2multicast:/home/taylor/ros2_iron/install/ros2interface:/home/taylor/ros2_iron/install/ros2action:/home/taylor/ros2_iron/install/ros2cli:/home/taylor/ros2_iron/install/launch_testing_ros:/home/taylor/ros2_iron/install/launch_ros:/home/taylor/ros2_iron/install/examples_rclpy_minimal_action_server:/home/taylor/ros2_iron/install/examples_rclpy_minimal_action_client:/home/taylor/ros2_iron/install/examples_rclpy_guard_conditions:/home/taylor/ros2_iron/install/action_tutorials_py:/home/taylor/ros2_iron/install/ament_uncrustify:/home/taylor/ros2_iron/install/tracetools_trace:/home/taylor/ros2_iron/install/tracetools_read:/home/taylor/ros2_iron/install/test_tracetools_launch:/home/taylor/ros2_iron/install/test_ros2trace:/home/taylor/ros2_iron/install/test_launch_ros:/home/taylor/ros2_iron/install/rpyutils:/home/taylor/ros2_iron/install/rosidl_runtime_py:/home/taylor/ros2_iron/install/rosidl_pycommon:/home/taylor/ros2_iron/install/rosidl_cli:/home/taylor/ros2_iron/install/launch_pytest:/home/taylor/ros2_iron/install/launch_testing:/home/taylor/ros2_iron/install/launch_yaml:/home/taylor/ros2_iron/install/launch_xml:/home/taylor/ros2_iron/install/launch:/home/taylor/ros2_iron/install/osrf_pycommon:/home/taylor/ros2_iron/install/domain_coordinator:/home/taylor/ros2_iron/install/ament_xmllint:/home/taylor/ros2_iron/install/ament_pyflakes:/home/taylor/ros2_iron/install/ament_pycodestyle:/home/taylor/ros2_iron/install/ament_pep257:/home/taylor/ros2_iron/install/ament_pclint:/home/taylor/ros2_iron/install/ament_package:/home/taylor/ros2_iron/install/ament_mypy:/home/taylor/ros2_iron/install/ament_lint_cmake:/home/taylor/ros2_iron/install/ament_flake8:/home/taylor/ros2_iron/install/ament_copyright:/home/taylor/ros2_iron/install/ament_lint:/home/taylor/ros2_iron/install/ament_index_python:/home/taylor/ros2_iron/install/ament_cpplint:/home/taylor/ros2_iron/install/ament_cppcheck:/home/taylor/ros2_iron/install/ament_clang_tidy:/home/taylor/ros2_iron/install/ament_clang_format /usr/bin/cmake /home/taylor/Buddy_Bot/buddybot/ros2_workspace/src/move_bot -DCMAKE_INSTALL_PREFIX=/home/taylor/Buddy_Bot/buddybot/ros2_workspace/install/move_bot
[0.709s] -- The C compiler identification is GNU 12.2.0
[1.221s] -- The CXX compiler identification is GNU 12.2.0
[1.275s] -- Detecting C compiler ABI info
[1.625s] -- Detecting C compiler ABI info - done
[1.647s] -- Check for working C compiler: /usr/bin/cc - skipped
[1.649s] -- Detecting C compile features
[1.668s] -- Detecting C compile features - done
[1.669s] -- Detecting CXX compiler ABI info
[2.026s] -- Detecting CXX compiler ABI info - done
[2.035s] -- Check for working CXX compiler: /usr/bin/c++ - skipped
[2.035s] -- Detecting CXX compile features
[2.036s] -- Detecting CXX compile features - done
[2.056s] -- Found ament_cmake: 2.0.4 (/home/taylor/ros2_iron/install/ament_cmake/share/ament_cmake/cmake)
[4.364s] -- Found Python3: /usr/bin/python3 (found version "3.11.2") found components: Interpreter 
[4.938s] -- Found rclcpp: 21.0.5 (/home/taylor/ros2_iron/install/rclcpp/share/rclcpp/cmake)
[5.173s] -- Found rosidl_generator_c: 4.0.1 (/home/taylor/ros2_iron/install/rosidl_generator_c/share/rosidl_generator_c/cmake)
[5.237s] -- Found rosidl_generator_cpp: 4.0.1 (/home/taylor/ros2_iron/install/rosidl_generator_cpp/share/rosidl_generator_cpp/cmake)
[5.372s] -- Using all available rosidl_typesupport_c: rosidl_typesupport_introspection_c;rosidl_typesupport_fastrtps_c
[5.524s] -- Using all available rosidl_typesupport_cpp: rosidl_typesupport_introspection_cpp;rosidl_typesupport_fastrtps_cpp
[5.974s] -- Found rmw_implementation_cmake: 7.1.0 (/home/taylor/ros2_iron/install/rmw_implementation_cmake/share/rmw_implementation_cmake/cmake)
[6.034s] -- Found rmw_fastrtps_cpp: 7.1.3 (/home/taylor/ros2_iron/install/rmw_fastrtps_cpp/share/rmw_fastrtps_cpp/cmake)
[6.409s] -- Found OpenSSL: /usr/lib/aarch64-linux-gnu/libcrypto.so (found version "3.0.11")  
[6.468s] -- Found FastRTPS: /home/taylor/ros2_iron/install/fastrtps/include  
[6.567s] -- Using RMW implementation 'rmw_fastrtps_cpp' as default
[6.898s] -- Found std_msgs: 5.0.0 (/home/taylor/ros2_iron/install/std_msgs/share/std_msgs/cmake)
[6.962s] -- Found rosidl_default_generators: 1.5.0 (/home/taylor/ros2_iron/install/rosidl_default_generators/share/rosidl_default_generators/cmake)
[7.169s] -- Found rosidl_adapter: 4.0.1 (/home/taylor/ros2_iron/install/rosidl_adapter/share/rosidl_adapter/cmake)
[7.923s] -- Found ament_cmake_ros: 0.11.2 (/home/taylor/ros2_iron/install/ament_cmake_ros/share/ament_cmake_ros/cmake)
[8.453s] -- Using all available rosidl_typesupport_c: rosidl_typesupport_introspection_c;rosidl_typesupport_fastrtps_c
[8.675s] -- Using all available rosidl_typesupport_cpp: rosidl_typesupport_introspection_cpp;rosidl_typesupport_fastrtps_cpp
[8.763s] -- Found PythonInterp: /usr/bin/python3 (found suitable version "3.11.2", minimum required is "3.6") 
[8.779s] -- Found python_cmake_module: 0.10.2 (/home/taylor/ros2_iron/install/python_cmake_module/share/python_cmake_module/cmake)
[8.887s] -- Found PythonLibs: /usr/lib/aarch64-linux-gnu/libpython3.11.so (found suitable version "3.11.2", minimum required is "3.5") 
[8.887s] -- Using PYTHON_EXECUTABLE: /usr/bin/python3
[8.887s] -- Using PYTHON_INCLUDE_DIRS: /usr/include/python3.11
[8.887s] -- Using PYTHON_LIBRARIES: /usr/lib/aarch64-linux-gnu/libpython3.11.so
[8.966s] -- Found PythonExtra: .so  
[9.590s] [0mCMake Deprecation Warning at /home/taylor/ros2_iron/install/rosidl_cmake/share/rosidl_cmake/cmake/rosidl_target_interfaces.cmake:32 (message):
[9.590s]   Use rosidl_get_typesupport_target() and target_link_libraries() instead of
[9.590s]   rosidl_target_interfaces()
[9.590s] Call Stack (most recent call first):
[9.590s]   CMakeLists.txt:31 (rosidl_target_interfaces)
[9.590s] 
[9.590s] [0m
[9.609s] -- Found ament_lint_auto: 0.14.3 (/home/taylor/ros2_iron/install/ament_lint_auto/share/ament_lint_auto/cmake)
[9.792s] -- Added test 'copyright' to check source files copyright and LICENSE
[9.834s] -- Added test 'cppcheck' to perform static code analysis on C / C++ code
[9.835s] -- Configured cppcheck include dirs: 
[9.835s] -- Configured cppcheck exclude dirs and/or files: 
[9.873s] -- Added test 'cpplint' to check C / C++ code against the Google style
[9.873s] -- Configured cpplint exclude dirs and/or files: 
[9.885s] -- Added test 'flake8' to check Python code syntax and style conventions
[9.885s] -- Configured 'flake8' exclude dirs and/or files: 
[9.902s] -- Added test 'lint_cmake' to check CMake code style
[9.918s] -- Added test 'pep257' to check Python code against some of the docstring style conventions in PEP 257
[9.954s] -- Added test 'uncrustify' to check C / C++ code style
[9.954s] -- Configured uncrustify additional arguments: 
[9.966s] -- Added test 'xmllint' to check XML markup files
[9.988s] -- Configuring done
[10.046s] -- Generating done
[10.047s] -- Build files have been written to: /home/taylor/Buddy_Bot/buddybot/ros2_workspace/build/move_bot
