[0.525s] DEBUG:colcon:Command line arguments: ['/usr/bin/colcon', 'build']
[0.526s] DEBUG:colcon:Parsed command line arguments: Namespace(log_base=None, log_level=None, verb_name='build', build_base='build', install_base='install', merge_install=False, symlink_install=False, test_result_base=None, continue_on_error=False, executor='parallel', parallel_workers=4, event_handlers=None, ignore_user_meta=False, metas=['./colcon.meta'], base_paths=['.'], packages_ignore=None, packages_ignore_regex=None, paths=None, packages_up_to=None, packages_up_to_regex=None, packages_above=None, packages_above_and_dependencies=None, packages_above_depth=None, packages_select_by_dep=None, packages_skip_by_dep=None, packages_skip_up_to=None, packages_select_build_failed=False, packages_skip_build_finished=False, packages_select_test_failures=False, packages_skip_test_passed=False, packages_select=None, packages_skip=None, packages_select_regex=None, packages_skip_regex=None, packages_start=None, packages_end=None, cmake_args=None, cmake_target=None, cmake_target_skip_unavailable=False, cmake_clean_cache=False, cmake_clean_first=False, cmake_force_configure=False, ament_cmake_args=None, catkin_cmake_args=None, catkin_skip_building_tests=False, verb_parser=<colcon_defaults.argument_parser.defaults.DefaultArgumentsDecorator object at 0x7fff44bba750>, verb_extension=<colcon_core.verb.build.BuildVerb object at 0x7fff440f52d0>, main=<bound method BuildVerb.main of <colcon_core.verb.build.BuildVerb object at 0x7fff440f52d0>>)
[0.642s] Level 1:colcon.colcon_core.package_discovery:discover_packages(colcon_meta) check parameters
[0.642s] Level 1:colcon.colcon_core.package_discovery:discover_packages(recursive) check parameters
[0.642s] Level 1:colcon.colcon_core.package_discovery:discover_packages(ignore) check parameters
[0.642s] Level 1:colcon.colcon_core.package_discovery:discover_packages(path) check parameters
[0.642s] Level 1:colcon.colcon_core.package_discovery:discover_packages(colcon_meta) discover
[0.642s] Level 1:colcon.colcon_core.package_discovery:discover_packages(recursive) discover
[0.643s] INFO:colcon.colcon_core.package_discovery:Crawling recursively for packages in '/home/taylor/Buddy_Bot/buddybot/ros2_workspace'
[0.643s] Level 1:colcon.colcon_core.package_identification:_identify(.) by extensions ['ignore', 'ignore_ament_install']
[0.643s] Level 1:colcon.colcon_core.package_identification:_identify(.) by extension 'ignore'
[0.643s] Level 1:colcon.colcon_core.package_identification:_identify(.) by extension 'ignore_ament_install'
[0.643s] Level 1:colcon.colcon_core.package_identification:_identify(.) by extensions ['colcon_pkg']
[0.643s] Level 1:colcon.colcon_core.package_identification:_identify(.) by extension 'colcon_pkg'
[0.643s] Level 1:colcon.colcon_core.package_identification:_identify(.) by extensions ['colcon_meta']
[0.643s] Level 1:colcon.colcon_core.package_identification:_identify(.) by extension 'colcon_meta'
[0.643s] Level 1:colcon.colcon_core.package_identification:_identify(.) by extensions ['ros']
[0.643s] Level 1:colcon.colcon_core.package_identification:_identify(.) by extension 'ros'
[0.671s] Level 1:colcon.colcon_core.package_identification:_identify(.) by extensions ['cmake', 'python']
[0.671s] Level 1:colcon.colcon_core.package_identification:_identify(.) by extension 'cmake'
[0.671s] Level 1:colcon.colcon_core.package_identification:_identify(.) by extension 'python'
[0.671s] Level 1:colcon.colcon_core.package_identification:_identify(.) by extensions ['python_setup_py']
[0.671s] Level 1:colcon.colcon_core.package_identification:_identify(.) by extension 'python_setup_py'
[0.671s] Level 1:colcon.colcon_core.package_identification:_identify(build) by extensions ['ignore', 'ignore_ament_install']
[0.671s] Level 1:colcon.colcon_core.package_identification:_identify(build) by extension 'ignore'
[0.671s] Level 1:colcon.colcon_core.package_identification:_identify(build) ignored
[0.671s] Level 1:colcon.colcon_core.package_identification:_identify(install) by extensions ['ignore', 'ignore_ament_install']
[0.671s] Level 1:colcon.colcon_core.package_identification:_identify(install) by extension 'ignore'
[0.671s] Level 1:colcon.colcon_core.package_identification:_identify(install) ignored
[0.672s] Level 1:colcon.colcon_core.package_identification:_identify(log) by extensions ['ignore', 'ignore_ament_install']
[0.672s] Level 1:colcon.colcon_core.package_identification:_identify(log) by extension 'ignore'
[0.672s] Level 1:colcon.colcon_core.package_identification:_identify(log) ignored
[0.672s] Level 1:colcon.colcon_core.package_identification:_identify(src) by extensions ['ignore', 'ignore_ament_install']
[0.672s] Level 1:colcon.colcon_core.package_identification:_identify(src) by extension 'ignore'
[0.672s] Level 1:colcon.colcon_core.package_identification:_identify(src) by extension 'ignore_ament_install'
[0.672s] Level 1:colcon.colcon_core.package_identification:_identify(src) by extensions ['colcon_pkg']
[0.672s] Level 1:colcon.colcon_core.package_identification:_identify(src) by extension 'colcon_pkg'
[0.672s] Level 1:colcon.colcon_core.package_identification:_identify(src) by extensions ['colcon_meta']
[0.672s] Level 1:colcon.colcon_core.package_identification:_identify(src) by extension 'colcon_meta'
[0.672s] Level 1:colcon.colcon_core.package_identification:_identify(src) by extensions ['ros']
[0.672s] Level 1:colcon.colcon_core.package_identification:_identify(src) by extension 'ros'
[0.672s] Level 1:colcon.colcon_core.package_identification:_identify(src) by extensions ['cmake', 'python']
[0.672s] Level 1:colcon.colcon_core.package_identification:_identify(src) by extension 'cmake'
[0.672s] Level 1:colcon.colcon_core.package_identification:_identify(src) by extension 'python'
[0.672s] Level 1:colcon.colcon_core.package_identification:_identify(src) by extensions ['python_setup_py']
[0.672s] Level 1:colcon.colcon_core.package_identification:_identify(src) by extension 'python_setup_py'
[0.672s] Level 1:colcon.colcon_core.package_identification:_identify(src/move_pkg) by extensions ['ignore', 'ignore_ament_install']
[0.672s] Level 1:colcon.colcon_core.package_identification:_identify(src/move_pkg) by extension 'ignore'
[0.672s] Level 1:colcon.colcon_core.package_identification:_identify(src/move_pkg) by extension 'ignore_ament_install'
[0.672s] Level 1:colcon.colcon_core.package_identification:_identify(src/move_pkg) by extensions ['colcon_pkg']
[0.672s] Level 1:colcon.colcon_core.package_identification:_identify(src/move_pkg) by extension 'colcon_pkg'
[0.672s] Level 1:colcon.colcon_core.package_identification:_identify(src/move_pkg) by extensions ['colcon_meta']
[0.672s] Level 1:colcon.colcon_core.package_identification:_identify(src/move_pkg) by extension 'colcon_meta'
[0.673s] Level 1:colcon.colcon_core.package_identification:_identify(src/move_pkg) by extensions ['ros']
[0.673s] Level 1:colcon.colcon_core.package_identification:_identify(src/move_pkg) by extension 'ros'
[0.677s] DEBUG:colcon.colcon_core.package_identification:Package 'src/move_pkg' with type 'ros.ament_python' and name 'move_pkg'
[0.677s] Level 1:colcon.colcon_core.package_discovery:discover_packages(recursive) using defaults
[0.678s] Level 1:colcon.colcon_core.package_discovery:discover_packages(ignore) discover
[0.678s] Level 1:colcon.colcon_core.package_discovery:discover_packages(ignore) using defaults
[0.678s] Level 1:colcon.colcon_core.package_discovery:discover_packages(path) discover
[0.678s] Level 1:colcon.colcon_core.package_discovery:discover_packages(path) using defaults
[0.730s] Level 5:colcon.colcon_core.verb:set package 'move_pkg' build argument 'cmake_args' from command line to 'None'
[0.730s] Level 5:colcon.colcon_core.verb:set package 'move_pkg' build argument 'cmake_target' from command line to 'None'
[0.730s] Level 5:colcon.colcon_core.verb:set package 'move_pkg' build argument 'cmake_target_skip_unavailable' from command line to 'False'
[0.730s] Level 5:colcon.colcon_core.verb:set package 'move_pkg' build argument 'cmake_clean_cache' from command line to 'False'
[0.730s] Level 5:colcon.colcon_core.verb:set package 'move_pkg' build argument 'cmake_clean_first' from command line to 'False'
[0.730s] Level 5:colcon.colcon_core.verb:set package 'move_pkg' build argument 'cmake_force_configure' from command line to 'False'
[0.730s] Level 5:colcon.colcon_core.verb:set package 'move_pkg' build argument 'ament_cmake_args' from command line to 'None'
[0.731s] Level 5:colcon.colcon_core.verb:set package 'move_pkg' build argument 'catkin_cmake_args' from command line to 'None'
[0.731s] Level 5:colcon.colcon_core.verb:set package 'move_pkg' build argument 'catkin_skip_building_tests' from command line to 'False'
[0.731s] DEBUG:colcon.colcon_core.verb:Building package 'move_pkg' with the following arguments: {'ament_cmake_args': None, 'build_base': '/home/taylor/Buddy_Bot/buddybot/ros2_workspace/build/move_pkg', 'catkin_cmake_args': None, 'catkin_skip_building_tests': False, 'cmake_args': None, 'cmake_clean_cache': False, 'cmake_clean_first': False, 'cmake_force_configure': False, 'cmake_target': None, 'cmake_target_skip_unavailable': False, 'install_base': '/home/taylor/Buddy_Bot/buddybot/ros2_workspace/install/move_pkg', 'merge_install': False, 'path': '/home/taylor/Buddy_Bot/buddybot/ros2_workspace/src/move_pkg', 'symlink_install': False, 'test_result_base': None}
[0.731s] INFO:colcon.colcon_core.executor:Executing jobs using 'parallel' executor
[0.733s] DEBUG:colcon.colcon_parallel_executor.executor.parallel:run_until_complete
[0.733s] INFO:colcon.colcon_ros.task.ament_python.build:Building ROS package in '/home/taylor/Buddy_Bot/buddybot/ros2_workspace/src/move_pkg' with build type 'ament_python'
[0.734s] Level 1:colcon.colcon_core.shell:create_environment_hook('move_pkg', 'ament_prefix_path')
[0.741s] INFO:colcon.colcon_core.plugin_system:Skipping extension 'colcon_core.shell.bat': Not used on non-Windows systems
[0.742s] INFO:colcon.colcon_core.shell:Creating environment descriptor '/home/taylor/Buddy_Bot/buddybot/ros2_workspace/install/move_pkg/share/move_pkg/hook/ament_prefix_path.dsv'
[0.743s] INFO:colcon.colcon_core.shell:Creating environment hook '/home/taylor/Buddy_Bot/buddybot/ros2_workspace/install/move_pkg/share/move_pkg/hook/ament_prefix_path.sh'
[0.745s] DEBUG:colcon.colcon_core.shell:Skip shell extension 'dsv' for command environment
[1.827s] INFO:colcon.colcon_core.task.python.build:Building Python package in '/home/taylor/Buddy_Bot/buddybot/ros2_workspace/src/move_pkg'
[1.828s] DEBUG:colcon.colcon_core.shell:Skip shell extension 'dsv' for command environment
[3.826s] DEBUG:colcon.colcon_core.event_handler.log_command:Invoking command in '/home/taylor/Buddy_Bot/buddybot/ros2_workspace/src/move_pkg': PS1=(venv) \[\e]0;\u@\h: \w\a\]${debian_chroot:+($debian_chroot)}\[\033[01;32m\]\u@\h\[\033[00m\]:\[\033[01;34m\]\w \$\[\033[00m\] PYTHONPATH=/home/taylor/Buddy_Bot/buddybot/ros2_workspace/build/move_pkg/prefix_override:/home/taylor/Buddy_Bot/buddybot/ros2_workspace/install/move_pkg/lib/python3.11/site-packages:${PYTHONPATH} VIRTUAL_ENV_PROMPT=(venv) /usr/bin/python3 setup.py egg_info --egg-base ../../build/move_pkg build --build-base /home/taylor/Buddy_Bot/buddybot/ros2_workspace/build/move_pkg/build install --record /home/taylor/Buddy_Bot/buddybot/ros2_workspace/build/move_pkg/install.log --single-version-externally-managed
[5.449s] DEBUG:colcon.colcon_core.event_handler.log_command:Invoked command in '/home/taylor/Buddy_Bot/buddybot/ros2_workspace/src/move_pkg' returned '0': PS1=(venv) \[\e]0;\u@\h: \w\a\]${debian_chroot:+($debian_chroot)}\[\033[01;32m\]\u@\h\[\033[00m\]:\[\033[01;34m\]\w \$\[\033[00m\] PYTHONPATH=/home/taylor/Buddy_Bot/buddybot/ros2_workspace/build/move_pkg/prefix_override:/home/taylor/Buddy_Bot/buddybot/ros2_workspace/install/move_pkg/lib/python3.11/site-packages:${PYTHONPATH} VIRTUAL_ENV_PROMPT=(venv) /usr/bin/python3 setup.py egg_info --egg-base ../../build/move_pkg build --build-base /home/taylor/Buddy_Bot/buddybot/ros2_workspace/build/move_pkg/build install --record /home/taylor/Buddy_Bot/buddybot/ros2_workspace/build/move_pkg/install.log --single-version-externally-managed
[5.462s] Level 1:colcon.colcon_core.environment:checking '/home/taylor/Buddy_Bot/buddybot/ros2_workspace/install/move_pkg' for CMake module files
[5.462s] Level 1:colcon.colcon_core.environment:checking '/home/taylor/Buddy_Bot/buddybot/ros2_workspace/install/move_pkg' for CMake config files
[5.463s] Level 1:colcon.colcon_core.environment:checking '/home/taylor/Buddy_Bot/buddybot/ros2_workspace/install/move_pkg/lib'
[5.463s] Level 1:colcon.colcon_core.environment:checking '/home/taylor/Buddy_Bot/buddybot/ros2_workspace/install/move_pkg/bin'
[5.463s] Level 1:colcon.colcon_core.environment:checking '/home/taylor/Buddy_Bot/buddybot/ros2_workspace/install/move_pkg/lib/pkgconfig/move_pkg.pc'
[5.463s] Level 1:colcon.colcon_core.environment:checking '/home/taylor/Buddy_Bot/buddybot/ros2_workspace/install/move_pkg/lib/python3.11/site-packages'
[5.463s] Level 1:colcon.colcon_core.shell:create_environment_hook('move_pkg', 'pythonpath')
[5.464s] INFO:colcon.colcon_core.shell:Creating environment descriptor '/home/taylor/Buddy_Bot/buddybot/ros2_workspace/install/move_pkg/share/move_pkg/hook/pythonpath.dsv'
[5.465s] INFO:colcon.colcon_core.shell:Creating environment hook '/home/taylor/Buddy_Bot/buddybot/ros2_workspace/install/move_pkg/share/move_pkg/hook/pythonpath.sh'
[5.465s] Level 1:colcon.colcon_core.environment:checking '/home/taylor/Buddy_Bot/buddybot/ros2_workspace/install/move_pkg/bin'
[5.465s] Level 1:colcon.colcon_core.environment:create_environment_scripts_only(move_pkg)
[5.466s] INFO:colcon.colcon_core.shell:Creating package descriptor '/home/taylor/Buddy_Bot/buddybot/ros2_workspace/install/move_pkg/share/move_pkg/package.dsv'
[5.467s] INFO:colcon.colcon_core.shell:Creating package script '/home/taylor/Buddy_Bot/buddybot/ros2_workspace/install/move_pkg/share/move_pkg/package.sh'
[5.468s] INFO:colcon.colcon_core.shell:Creating package script '/home/taylor/Buddy_Bot/buddybot/ros2_workspace/install/move_pkg/share/move_pkg/package.bash'
[5.469s] INFO:colcon.colcon_core.shell:Creating package script '/home/taylor/Buddy_Bot/buddybot/ros2_workspace/install/move_pkg/share/move_pkg/package.zsh'
[5.470s] Level 1:colcon.colcon_core.environment:create_file_with_runtime_dependencies(/home/taylor/Buddy_Bot/buddybot/ros2_workspace/install/move_pkg/share/colcon-core/packages/move_pkg)
[5.470s] DEBUG:colcon.colcon_parallel_executor.executor.parallel:closing loop
[5.470s] DEBUG:colcon.colcon_parallel_executor.executor.parallel:loop closed
[5.471s] DEBUG:colcon.colcon_parallel_executor.executor.parallel:run_until_complete finished with '0'
[5.471s] DEBUG:colcon.colcon_core.event_reactor:joining thread
[5.494s] INFO:colcon.colcon_core.plugin_system:Skipping extension 'colcon_notification.desktop_notification.notify_send': Could not find 'notify-send'
[5.494s] INFO:colcon.colcon_core.plugin_system:Skipping extension 'colcon_notification.desktop_notification.terminal_notifier': Not used on non-Darwin systems
[5.495s] INFO:colcon.colcon_core.plugin_system:Skipping extension 'colcon_notification.desktop_notification.win32': Not used on non-Windows systems
[5.495s] INFO:colcon.colcon_notification.desktop_notification:Sending desktop notification using 'notify2'
[5.496s] DEBUG:colcon.colcon_notification.desktop_notification.notify2:Failed to initialize notify2: org.freedesktop.DBus.Error.ServiceUnknown: The name org.freedesktop.Notifications was not provided by any .service files
[5.496s] DEBUG:colcon.colcon_core.event_reactor:joined thread
[5.497s] INFO:colcon.colcon_core.shell:Creating prefix script '/home/taylor/Buddy_Bot/buddybot/ros2_workspace/install/local_setup.sh'
[5.498s] INFO:colcon.colcon_core.shell:Creating prefix util module '/home/taylor/Buddy_Bot/buddybot/ros2_workspace/install/_local_setup_util_sh.py'
[5.500s] INFO:colcon.colcon_core.shell:Creating prefix chain script '/home/taylor/Buddy_Bot/buddybot/ros2_workspace/install/setup.sh'
[5.514s] INFO:colcon.colcon_core.shell:Creating prefix script '/home/taylor/Buddy_Bot/buddybot/ros2_workspace/install/local_setup.bash'
[5.515s] INFO:colcon.colcon_core.shell:Creating prefix chain script '/home/taylor/Buddy_Bot/buddybot/ros2_workspace/install/setup.bash'
[5.527s] INFO:colcon.colcon_core.shell:Creating prefix script '/home/taylor/Buddy_Bot/buddybot/ros2_workspace/install/local_setup.zsh'
[5.528s] INFO:colcon.colcon_core.shell:Creating prefix chain script '/home/taylor/Buddy_Bot/buddybot/ros2_workspace/install/setup.zsh'
