[  2%] Built target move_bot__rosidl_generator_type_description
[  2%] Built target ament_cmake_python_copy_move_bot
[ 16%] Built target move_bot__rosidl_generator_c
[ 19%] Built target move_bot__cpp
[ 27%] Built target move_bot__rosidl_typesupport_fastrtps_c
[ 36%] Built target move_bot__rosidl_typesupport_introspection_c
[ 44%] Built target move_bot__rosidl_typesupport_c
[ 52%] Built target move_bot__rosidl_typesupport_cpp
[ 61%] Built target move_bot__rosidl_typesupport_introspection_cpp
[ 69%] Built target move_bot__rosidl_typesupport_fastrtps_cpp
[ 69%] Built target move_bot
[ 72%] Built target move_bot__py
[ 75%] [32mBuilding CXX object CMakeFiles/move_node.dir/src/move_bot.cpp.o[0m
[ 80%] Built target move_bot__rosidl_generator_py
[ 83%] [32mBuilding C object CMakeFiles/move_bot__rosidl_typesupport_introspection_c__pyext.dir/rosidl_generator_py/move_bot/_move_bot_s.ep.rosidl_typesupport_introspection_c.c.o[0m
[ 86%] [32mBuilding C object CMakeFiles/move_bot__rosidl_typesupport_fastrtps_c__pyext.dir/rosidl_generator_py/move_bot/_move_bot_s.ep.rosidl_typesupport_fastrtps_c.c.o[0m
[ 88%] [32m[1mLinking C shared library rosidl_generator_py/move_bot/move_bot_s__rosidl_typesupport_introspection_c.cpython-311-aarch64-linux-gnu.so[0m
[ 91%] [32m[1mLinking C shared library rosidl_generator_py/move_bot/move_bot_s__rosidl_typesupport_fastrtps_c.cpython-311-aarch64-linux-gnu.so[0m
[ 91%] Built target move_bot__rosidl_typesupport_fastrtps_c__pyext
[ 91%] Built target move_bot__rosidl_typesupport_introspection_c__pyext
[ 94%] [32mBuilding C object CMakeFiles/move_bot__rosidl_typesupport_c__pyext.dir/rosidl_generator_py/move_bot/_move_bot_s.ep.rosidl_typesupport_c.c.o[0m
running egg_info
writing move_bot.egg-info/PKG-INFO
writing dependency_links to move_bot.egg-info/dependency_links.txt
writing top-level names to move_bot.egg-info/top_level.txt
[ 97%] [32m[1mLinking C shared library rosidl_generator_py/move_bot/move_bot_s__rosidl_typesupport_c.cpython-311-aarch64-linux-gnu.so[0m
[ 97%] Built target move_bot__rosidl_typesupport_c__pyext
reading manifest file 'move_bot.egg-info/SOURCES.txt'
writing manifest file 'move_bot.egg-info/SOURCES.txt'
[ 97%] Built target ament_cmake_python_build_move_bot_egg
