-- Found ament_cmake_ros: 0.11.2 (/home/taylor/ros2_iron/install/ament_cmake_ros/share/ament_cmake_ros/cmake)
-- Found cv_bridge: 3.4.0 (/home/taylor/Buddy_Bot/buddybot/ros2_workspace/install/cv_bridge/share/cv_bridge/cmake)
-- Found rosidl_generator_c: 4.0.1 (/home/taylor/ros2_iron/install/rosidl_generator_c/share/rosidl_generator_c/cmake)
-- Found rosidl_generator_cpp: 4.0.1 (/home/taylor/ros2_iron/install/rosidl_generator_cpp/share/rosidl_generator_cpp/cmake)
-- Using all available rosidl_typesupport_c: rosidl_typesupport_introspection_c;rosidl_typesupport_fastrtps_c
-- Using all available rosidl_typesupport_cpp: rosidl_typesupport_introspection_cpp;rosidl_typesupport_fastrtps_cpp
-- Found rmw_implementation_cmake: 7.1.0 (/home/taylor/ros2_iron/install/rmw_implementation_cmake/share/rmw_implementation_cmake/cmake)
-- Found rmw_fastrtps_cpp: 7.1.3 (/home/taylor/ros2_iron/install/rmw_fastrtps_cpp/share/rmw_fastrtps_cpp/cmake)
-- Using RMW implementation 'rmw_fastrtps_cpp' as default
-- Found image_geometry: 3.4.0 (/home/taylor/Buddy_Bot/buddybot/ros2_workspace/install/image_geometry/share/image_geometry/cmake)
-- Found laser_geometry: 2.5.0 (/home/taylor/ros2_iron/install/laser_geometry/share/laser_geometry/cmake)
-- Found message_filters: 4.7.0 (/home/taylor/ros2_iron/install/message_filters/share/message_filters/cmake)
-- Found nav_msgs: 5.0.0 (/home/taylor/ros2_iron/install/nav_msgs/share/nav_msgs/cmake)
-- Found pcl_conversions: 2.6.1 (/home/taylor/Buddy_Bot/buddybot/ros2_workspace/install/pcl_conversions/share/pcl_conversions/cmake)
-- Eigen found (include: /usr/include/eigen3, version: 3.4.0)
-- Found flann version 1.9.2
-- OpenNI found (version: 1.5.4.0, include: /usr/include/ni, lib: /usr/lib/libOpenNI.so;libusb::libusb)
-- OpenNI2 found (version: 2.2.0.33, include: /usr/include/openni2, lib: /usr/lib/aarch64-linux-gnu/libOpenNI2.so;libusb::libusb)
-- Eigen found (include: /usr/include/eigen3, version: 3.4.0)
-- OpenNI found (version: 1.5.4.0, include: /usr/include/ni, lib: /usr/lib/libOpenNI.so;libusb::libusb)
-- OpenNI2 found (version: 2.2.0.33, include: /usr/include/openni2, lib: /usr/lib/aarch64-linux-gnu/libOpenNI2.so;libusb::libusb)
-- Found Qhull version 8.0.2
-- OpenNI found (version: 1.5.4.0, include: /usr/include/ni, lib: /usr/lib/libOpenNI.so;libusb::libusb)
-- Found pcl_ros: 2.6.1 (/home/taylor/Buddy_Bot/buddybot/ros2_workspace/install/pcl_ros/share/pcl_ros/cmake)
-- Ensuring Eigen3 include directory is part of orocos-kdl CMake target
-- Found pluginlib: 5.2.2 (/home/taylor/ros2_iron/install/pluginlib/share/pluginlib/cmake)
-- Found rtabmap_conversions: 0.21.4 (/home/taylor/Buddy_Bot/buddybot/ros2_workspace/install/rtabmap_conversions/share/rtabmap_conversions/cmake)
-- Found rtabmap_util: 0.21.4 (/home/taylor/Buddy_Bot/buddybot/ros2_workspace/install/rtabmap_util/share/rtabmap_util/cmake)
-- Found rtabmap_sync: 0.21.4 (/home/taylor/Buddy_Bot/buddybot/ros2_workspace/install/rtabmap_sync/share/rtabmap_sync/cmake)
-- Configuring done
-- Generating done
-- Build files have been written to: /home/taylor/Buddy_Bot/buddybot/ros2_workspace/build/rtabmap_odom
[  8%] [32mBuilding CXX object CMakeFiles/rtabmap_odom.dir/src/OdometryROS.cpp.o[0m
[ 16%] [32m[1mLinking CXX shared library librtabmap_odom.so[0m
[ 16%] Built target rtabmap_odom
[ 41%] [32mBuilding CXX object CMakeFiles/rtabmap_odom_plugins.dir/src/nodelets/rgbd_odometry.cpp.o[0m
[ 41%] [32mBuilding CXX object CMakeFiles/rtabmap_odom_plugins.dir/src/nodelets/icp_odometry.cpp.o[0m
[ 41%] [32mBuilding CXX object CMakeFiles/rtabmap_odom_plugins.dir/src/nodelets/stereo_odometry.cpp.o[0m
[ 50%] [32m[1mLinking CXX shared library librtabmap_odom_plugins.so[0m
[ 50%] Built target rtabmap_odom_plugins
[ 75%] [32mBuilding CXX object CMakeFiles/rtabmap_icp_odometry.dir/src/ICPOdometryNode.cpp.o[0m
[ 75%] [32mBuilding CXX object CMakeFiles/rtabmap_rgbd_odometry.dir/src/RGBDOdometryNode.cpp.o[0m
[ 75%] [32mBuilding CXX object CMakeFiles/rtabmap_stereo_odometry.dir/src/StereoOdometryNode.cpp.o[0m
[ 83%] [32m[1mLinking CXX executable icp_odometry[0m
[ 91%] [32m[1mLinking CXX executable rgbd_odometry[0m
[100%] [32m[1mLinking CXX executable stereo_odometry[0m
[100%] Built target rtabmap_icp_odometry
[100%] Built target rtabmap_rgbd_odometry
[100%] Built target rtabmap_stereo_odometry
-- Install configuration: ""
-- Installing: /home/taylor/Buddy_Bot/buddybot/ros2_workspace/install/rtabmap_odom/share/rtabmap_odom/environment/library_path.sh
-- Installing: /home/taylor/Buddy_Bot/buddybot/ros2_workspace/install/rtabmap_odom/share/rtabmap_odom/environment/library_path.dsv
-- Installing: /home/taylor/Buddy_Bot/buddybot/ros2_workspace/install/rtabmap_odom/lib/librtabmap_odom.so
-- Set runtime path of "/home/taylor/Buddy_Bot/buddybot/ros2_workspace/install/rtabmap_odom/lib/librtabmap_odom.so" to ""
-- Installing: /home/taylor/Buddy_Bot/buddybot/ros2_workspace/install/rtabmap_odom/lib/librtabmap_odom_plugins.so
-- Set runtime path of "/home/taylor/Buddy_Bot/buddybot/ros2_workspace/install/rtabmap_odom/lib/librtabmap_odom_plugins.so" to ""
-- Installing: /home/taylor/Buddy_Bot/buddybot/ros2_workspace/install/rtabmap_odom/lib/rtabmap_odom/rgbd_odometry
-- Set runtime path of "/home/taylor/Buddy_Bot/buddybot/ros2_workspace/install/rtabmap_odom/lib/rtabmap_odom/rgbd_odometry" to ""
-- Installing: /home/taylor/Buddy_Bot/buddybot/ros2_workspace/install/rtabmap_odom/lib/rtabmap_odom/icp_odometry
-- Set runtime path of "/home/taylor/Buddy_Bot/buddybot/ros2_workspace/install/rtabmap_odom/lib/rtabmap_odom/icp_odometry" to ""
-- Installing: /home/taylor/Buddy_Bot/buddybot/ros2_workspace/install/rtabmap_odom/lib/rtabmap_odom/stereo_odometry
-- Set runtime path of "/home/taylor/Buddy_Bot/buddybot/ros2_workspace/install/rtabmap_odom/lib/rtabmap_odom/stereo_odometry" to ""
-- Installing: /home/taylor/Buddy_Bot/buddybot/ros2_workspace/install/rtabmap_odom/include
-- Installing: /home/taylor/Buddy_Bot/buddybot/ros2_workspace/install/rtabmap_odom/include/rtabmap_odom
-- Installing: /home/taylor/Buddy_Bot/buddybot/ros2_workspace/install/rtabmap_odom/include/rtabmap_odom/visibility.h
-- Installing: /home/taylor/Buddy_Bot/buddybot/ros2_workspace/install/rtabmap_odom/include/rtabmap_odom/OdometryROS.h
-- Installing: /home/taylor/Buddy_Bot/buddybot/ros2_workspace/install/rtabmap_odom/share/ament_index/resource_index/package_run_dependencies/rtabmap_odom
-- Installing: /home/taylor/Buddy_Bot/buddybot/ros2_workspace/install/rtabmap_odom/share/ament_index/resource_index/parent_prefix_path/rtabmap_odom
-- Installing: /home/taylor/Buddy_Bot/buddybot/ros2_workspace/install/rtabmap_odom/share/rtabmap_odom/environment/ament_prefix_path.sh
-- Installing: /home/taylor/Buddy_Bot/buddybot/ros2_workspace/install/rtabmap_odom/share/rtabmap_odom/environment/ament_prefix_path.dsv
-- Installing: /home/taylor/Buddy_Bot/buddybot/ros2_workspace/install/rtabmap_odom/share/rtabmap_odom/environment/path.sh
-- Installing: /home/taylor/Buddy_Bot/buddybot/ros2_workspace/install/rtabmap_odom/share/rtabmap_odom/environment/path.dsv
-- Installing: /home/taylor/Buddy_Bot/buddybot/ros2_workspace/install/rtabmap_odom/share/rtabmap_odom/local_setup.bash
-- Installing: /home/taylor/Buddy_Bot/buddybot/ros2_workspace/install/rtabmap_odom/share/rtabmap_odom/local_setup.sh
-- Installing: /home/taylor/Buddy_Bot/buddybot/ros2_workspace/install/rtabmap_odom/share/rtabmap_odom/local_setup.zsh
-- Installing: /home/taylor/Buddy_Bot/buddybot/ros2_workspace/install/rtabmap_odom/share/rtabmap_odom/local_setup.dsv
-- Installing: /home/taylor/Buddy_Bot/buddybot/ros2_workspace/install/rtabmap_odom/share/rtabmap_odom/package.dsv
-- Installing: /home/taylor/Buddy_Bot/buddybot/ros2_workspace/install/rtabmap_odom/share/ament_index/resource_index/packages/rtabmap_odom
-- Installing: /home/taylor/Buddy_Bot/buddybot/ros2_workspace/install/rtabmap_odom/share/ament_index/resource_index/rclcpp_components/rtabmap_odom
-- Installing: /home/taylor/Buddy_Bot/buddybot/ros2_workspace/install/rtabmap_odom/share/rtabmap_odom/cmake/rtabmap_odomExport.cmake
-- Installing: /home/taylor/Buddy_Bot/buddybot/ros2_workspace/install/rtabmap_odom/share/rtabmap_odom/cmake/rtabmap_odomExport-noconfig.cmake
-- Installing: /home/taylor/Buddy_Bot/buddybot/ros2_workspace/install/rtabmap_odom/share/rtabmap_odom/cmake/ament_cmake_export_dependencies-extras.cmake
-- Installing: /home/taylor/Buddy_Bot/buddybot/ros2_workspace/install/rtabmap_odom/share/rtabmap_odom/cmake/ament_cmake_export_include_directories-extras.cmake
-- Installing: /home/taylor/Buddy_Bot/buddybot/ros2_workspace/install/rtabmap_odom/share/rtabmap_odom/cmake/ament_cmake_export_targets-extras.cmake
-- Installing: /home/taylor/Buddy_Bot/buddybot/ros2_workspace/install/rtabmap_odom/share/rtabmap_odom/cmake/ament_cmake_export_libraries-extras.cmake
-- Installing: /home/taylor/Buddy_Bot/buddybot/ros2_workspace/install/rtabmap_odom/share/rtabmap_odom/cmake/rtabmap_odomConfig.cmake
-- Installing: /home/taylor/Buddy_Bot/buddybot/ros2_workspace/install/rtabmap_odom/share/rtabmap_odom/cmake/rtabmap_odomConfig-version.cmake
-- Installing: /home/taylor/Buddy_Bot/buddybot/ros2_workspace/install/rtabmap_odom/share/rtabmap_odom/package.xml
