[0.300s] Invoking command in '/home/taylor/Buddy_Bot/buddybot/ros2_workspace/build/rtabmap_sync': AMENT_PREFIX_PATH=/home/taylor/Buddy_Bot/buddybot/ros2_workspace/install/rtabmap_conversions:/home/taylor/Buddy_Bot/buddybot/ros2_workspace/install/pcl_conversions:/home/taylor/Buddy_Bot/buddybot/ros2_workspace/install/rtabmap_msgs:/home/taylor/Buddy_Bot/buddybot/ros2_workspace/install/pcl_msgs:/home/taylor/Buddy_Bot/buddybot/ros2_workspace/install/image_geometry:/home/taylor/Buddy_Bot/buddybot/ros2_workspace/install/cv_bridge:${AMENT_PREFIX_PATH} CMAKE_PREFIX_PATH=/home/taylor/Buddy_Bot/buddybot/ros2_workspace/install/rtabmap_conversions:/home/taylor/Buddy_Bot/buddybot/ros2_workspace/install/pcl_conversions:/home/taylor/Buddy_Bot/buddybot/ros2_workspace/install/rtabmap_msgs:/home/taylor/Buddy_Bot/buddybot/ros2_workspace/install/tfmini_s:/home/taylor/ros2_iron/install/rqt_bag_plugins:/home/taylor/ros2_iron/install/rqt_bag:/home/taylor/ros2_iron/install/rosbag2_examples_py:/home/taylor/ros2_iron/install/launch_testing_examples:/home/taylor/ros2_iron/install/ros2bag:/home/taylor/ros2_iron/install/tracetools_test:/home/taylor/ros2_iron/install/tracetools_launch:/home/taylor/ros2_iron/install/topic_monitor:/home/taylor/ros2_iron/install/tf2_tools:/home/taylor/ros2_iron/install/examples_tf2_py:/home/taylor/ros2_iron/install/tf2_ros_py:/home/taylor/ros2_iron/install/examples_rclpy_pointcloud_publisher:/home/taylor/ros2_iron/install/sensor_msgs_py:/home/taylor/ros2_iron/install/quality_of_service_demo_py:/home/taylor/ros2_iron/install/rqt_plot:/home/taylor/ros2_iron/install/ros2doctor:/home/taylor/ros2_iron/install/lifecycle_py:/home/taylor/ros2_iron/install/examples_rclpy_minimal_subscriber:/home/taylor/ros2_iron/install/examples_rclpy_minimal_service:/home/taylor/ros2_iron/install/examples_rclpy_minimal_publisher:/home/taylor/ros2_iron/install/examples_rclpy_minimal_client:/home/taylor/ros2_iron/install/examples_rclpy_executors:/home/taylor/ros2_iron/install/demo_nodes_py:/home/taylor/ros2_iron/install/rqt:/home/taylor/ros2_iron/install/ros2component:/home/taylor/ros2_iron/install/sros2:/home/taylor/ros2_iron/install/rqt_topic:/home/taylor/ros2_iron/install/rqt_srv:/home/taylor/ros2_iron/install/rqt_shell:/home/taylor/ros2_iron/install/rqt_service_caller:/home/taylor/ros2_iron/install/rqt_reconfigure:/home/taylor/ros2_iron/install/rqt_py_console:/home/taylor/ros2_iron/install/rqt_publisher:/home/taylor/ros2_iron/install/rqt_action:/home/taylor/ros2_iron/install/rqt_msg:/home/taylor/ros2_iron/install/rqt_console:/home/taylor/ros2_iron/install/rqt_graph:/home/taylor/ros2_iron/install/rqt_gui_py:/home/taylor/ros2_iron/install/rqt_gui:/home/taylor/ros2_iron/install/ros2trace:/home/taylor/ros2_iron/install/ros2topic:/home/taylor/ros2_iron/install/ros2test:/home/taylor/ros2_iron/install/ros2param:/home/taylor/ros2_iron/install/ros2lifecycle:/home/taylor/ros2_iron/install/ros2service:/home/taylor/ros2_iron/install/ros2run:/home/taylor/ros2_iron/install/ros2launch:/home/taylor/ros2_iron/install/ros2pkg:/home/taylor/ros2_iron/install/ros2node:/home/taylor/ros2_iron/install/ros2multicast:/home/taylor/ros2_iron/install/ros2interface:/home/taylor/ros2_iron/install/ros2action:/home/taylor/ros2_iron/install/ros2cli:/home/taylor/ros2_iron/install/launch_testing_ros:/home/taylor/ros2_iron/install/launch_ros:/home/taylor/ros2_iron/install/examples_rclpy_minimal_action_server:/home/taylor/ros2_iron/install/examples_rclpy_minimal_action_client:/home/taylor/ros2_iron/install/examples_rclpy_guard_conditions:/home/taylor/ros2_iron/install/action_tutorials_py:/home/taylor/ros2_iron/install/ament_uncrustify:/home/taylor/ros2_iron/install/tracetools_trace:/home/taylor/ros2_iron/install/tracetools_read:/home/taylor/ros2_iron/install/test_tracetools_launch:/home/taylor/ros2_iron/install/test_ros2trace:/home/taylor/ros2_iron/install/test_launch_ros:/home/taylor/ros2_iron/install/rpyutils:/home/taylor/ros2_iron/install/rosidl_runtime_py:/home/taylor/ros2_iron/install/rosidl_pycommon:/home/taylor/ros2_iron/install/rosidl_cli:/home/taylor/ros2_iron/install/launch_pytest:/home/taylor/ros2_iron/install/launch_testing:/home/taylor/ros2_iron/install/launch_yaml:/home/taylor/ros2_iron/install/launch_xml:/home/taylor/ros2_iron/install/launch:/home/taylor/ros2_iron/install/osrf_pycommon:/home/taylor/ros2_iron/install/domain_coordinator:/home/taylor/ros2_iron/install/ament_xmllint:/home/taylor/ros2_iron/install/ament_pyflakes:/home/taylor/ros2_iron/install/ament_pycodestyle:/home/taylor/ros2_iron/install/ament_pep257:/home/taylor/ros2_iron/install/ament_pclint:/home/taylor/ros2_iron/install/ament_package:/home/taylor/ros2_iron/install/ament_mypy:/home/taylor/ros2_iron/install/ament_lint_cmake:/home/taylor/ros2_iron/install/ament_flake8:/home/taylor/ros2_iron/install/ament_copyright:/home/taylor/ros2_iron/install/ament_lint:/home/taylor/ros2_iron/install/ament_index_python:/home/taylor/ros2_iron/install/ament_cpplint:/home/taylor/ros2_iron/install/ament_cppcheck:/home/taylor/ros2_iron/install/ament_clang_tidy:/home/taylor/ros2_iron/install/ament_clang_format:/home/taylor/Buddy_Bot/buddybot/ros2_workspace/install/pcl_msgs:/home/taylor/Buddy_Bot/buddybot/ros2_workspace/install/image_geometry:/home/taylor/Buddy_Bot/buddybot/ros2_workspace/install/cv_bridge:${CMAKE_PREFIX_PATH} LD_LIBRARY_PATH=/home/taylor/Buddy_Bot/buddybot/ros2_workspace/install/rtabmap_conversions/lib:/home/taylor/Buddy_Bot/buddybot/ros2_workspace/install/rtabmap_msgs/lib:/home/taylor/Buddy_Bot/buddybot/ros2_workspace/install/pcl_msgs/lib:/home/taylor/Buddy_Bot/buddybot/ros2_workspace/install/image_geometry/lib:/home/taylor/Buddy_Bot/buddybot/ros2_workspace/install/cv_bridge/lib:${LD_LIBRARY_PATH} PYTHONPATH=/home/taylor/Buddy_Bot/buddybot/ros2_workspace/install/rtabmap_msgs/lib/python3.11/site-packages:/home/taylor/Buddy_Bot/buddybot/ros2_workspace/install/pcl_msgs/lib/python3.11/site-packages:/home/taylor/Buddy_Bot/buddybot/ros2_workspace/install/image_geometry/lib/python3.11/site-packages:/home/taylor/Buddy_Bot/buddybot/ros2_workspace/install/cv_bridge/lib/python3.11/site-packages:${PYTHONPATH} /usr/bin/cmake /home/taylor/Buddy_Bot/buddybot/ros2_workspace/src/rtabmap_ros/rtabmap_sync -DAMENT_CMAKE_SYMLINK_INSTALL=1 -DCMAKE_INSTALL_PREFIX=/home/taylor/Buddy_Bot/buddybot/ros2_workspace/install/rtabmap_sync
[0.727s] -- The C compiler identification is GNU 12.2.0
[1.086s] -- The CXX compiler identification is GNU 12.2.0
[1.151s] -- Detecting C compiler ABI info
[1.583s] -- Detecting C compiler ABI info - done
[1.617s] -- Check for working C compiler: /usr/bin/cc - skipped
[1.618s] -- Detecting C compile features
[1.619s] -- Detecting C compile features - done
[1.632s] -- Detecting CXX compiler ABI info
[2.011s] -- Detecting CXX compiler ABI info - done
[2.031s] -- Check for working CXX compiler: /usr/bin/c++ - skipped
[2.031s] -- Detecting CXX compile features
[2.031s] -- Detecting CXX compile features - done
[2.041s] -- Found cv_bridge: 3.4.0 (/home/taylor/Buddy_Bot/buddybot/ros2_workspace/install/cv_bridge/share/cv_bridge/cmake)
[6.204s] -- Found Python3: /usr/bin/python3 (found version "3.11.2") found components: Interpreter 
[6.879s] -- Override CMake install command with custom implementation using symlinks instead of copying resources
[8.240s] -- Found rosidl_generator_c: 4.0.1 (/home/taylor/ros2_iron/install/rosidl_generator_c/share/rosidl_generator_c/cmake)
[8.419s] -- Found rosidl_generator_cpp: 4.0.1 (/home/taylor/ros2_iron/install/rosidl_generator_cpp/share/rosidl_generator_cpp/cmake)
[8.615s] -- Using all available rosidl_typesupport_c: rosidl_typesupport_introspection_c;rosidl_typesupport_fastrtps_c
[8.792s] -- Using all available rosidl_typesupport_cpp: rosidl_typesupport_introspection_cpp;rosidl_typesupport_fastrtps_cpp
[10.863s] -- Found rmw_implementation_cmake: 7.1.0 (/home/taylor/ros2_iron/install/rmw_implementation_cmake/share/rmw_implementation_cmake/cmake)
[11.005s] -- Found rmw_fastrtps_cpp: 7.1.3 (/home/taylor/ros2_iron/install/rmw_fastrtps_cpp/share/rmw_fastrtps_cpp/cmake)
[11.719s] -- Found OpenSSL: /usr/lib/aarch64-linux-gnu/libcrypto.so (found version "3.0.11")  
[11.930s] -- Found FastRTPS: /home/taylor/ros2_iron/install/fastrtps/include  
[12.235s] -- Using RMW implementation 'rmw_fastrtps_cpp' as default
[13.094s] -- Found image_transport: 4.2.4 (/home/taylor/ros2_iron/install/image_transport/share/image_transport/cmake)
[13.450s] -- Found nav_msgs: 5.0.0 (/home/taylor/ros2_iron/install/nav_msgs/share/nav_msgs/cmake)
[13.912s] -- Found rclcpp_components: 21.0.5 (/home/taylor/ros2_iron/install/rclcpp_components/share/rclcpp_components/cmake)
[14.259s] -- Found rtabmap_conversions: 0.21.4 (/home/taylor/Buddy_Bot/buddybot/ros2_workspace/install/rtabmap_conversions/share/rtabmap_conversions/cmake)
[16.105s] -- Checking for module 'eigen3'
[16.315s] --   Found eigen3, version 3.4.0
[16.570s] -- Found Eigen: /usr/include/eigen3 (Required is at least version "3.3") 
[16.579s] -- Eigen found (include: /usr/include/eigen3, version: 3.4.0)
[17.050s] -- Found flann version 1.9.2
[25.393s] -- Checking for module 'libusb-1.0'
[25.467s] --   Found libusb-1.0, version 1.0.26
[25.659s] -- Found libusb: /usr/lib/aarch64-linux-gnu/libusb-1.0.so  
[25.664s] -- OpenNI found (version: 1.5.4.0, include: /usr/include/ni, lib: /usr/lib/libOpenNI.so;libusb::libusb)
[26.138s] -- OpenNI2 found (version: 2.2.0.33, include: /usr/include/openni2, lib: /usr/lib/aarch64-linux-gnu/libOpenNI2.so;libusb::libusb)
[28.196s] -- Eigen found (include: /usr/include/eigen3, version: 3.4.0)
[28.218s] -- OpenNI found (version: 1.5.4.0, include: /usr/include/ni, lib: /usr/lib/libOpenNI.so;libusb::libusb)
[28.240s] -- OpenNI2 found (version: 2.2.0.33, include: /usr/include/openni2, lib: /usr/lib/aarch64-linux-gnu/libOpenNI2.so;libusb::libusb)
[29.592s] -- Found Qhull version 8.0.2
[31.136s] -- OpenNI found (version: 1.5.4.0, include: /usr/include/ni, lib: /usr/lib/libOpenNI.so;libusb::libusb)
[31.998s] -- Found PCL_COMMON: /usr/lib/aarch64-linux-gnu/libpcl_common.so  
[31.999s] -- Found PCL_KDTREE: /usr/lib/aarch64-linux-gnu/libpcl_kdtree.so  
[31.999s] -- Found PCL_OCTREE: /usr/lib/aarch64-linux-gnu/libpcl_octree.so  
[32.000s] -- Found PCL_SEARCH: /usr/lib/aarch64-linux-gnu/libpcl_search.so  
[32.002s] -- Found PCL_SAMPLE_CONSENSUS: /usr/lib/aarch64-linux-gnu/libpcl_sample_consensus.so  
[32.005s] -- Found PCL_FILTERS: /usr/lib/aarch64-linux-gnu/libpcl_filters.so  
[32.006s] -- Found PCL_2D: /usr/include/pcl-1.13  
[32.007s] -- Found PCL_GEOMETRY: /usr/include/pcl-1.13  
[32.010s] -- Found PCL_IO: /usr/lib/aarch64-linux-gnu/libpcl_io.so  
[32.014s] -- Found PCL_FEATURES: /usr/lib/aarch64-linux-gnu/libpcl_features.so  
[32.014s] -- Found PCL_ML: /usr/lib/aarch64-linux-gnu/libpcl_ml.so  
[32.017s] -- Found PCL_SEGMENTATION: /usr/lib/aarch64-linux-gnu/libpcl_segmentation.so  
[32.019s] -- Found PCL_VISUALIZATION: /usr/lib/aarch64-linux-gnu/libpcl_visualization.so  
[32.023s] -- Found PCL_SURFACE: /usr/lib/aarch64-linux-gnu/libpcl_surface.so  
[32.024s] -- Found PCL_REGISTRATION: /usr/lib/aarch64-linux-gnu/libpcl_registration.so  
[32.027s] -- Found PCL_KEYPOINTS: /usr/lib/aarch64-linux-gnu/libpcl_keypoints.so  
[32.030s] -- Found PCL_TRACKING: /usr/lib/aarch64-linux-gnu/libpcl_tracking.so  
[32.032s] -- Found PCL_RECOGNITION: /usr/lib/aarch64-linux-gnu/libpcl_recognition.so  
[32.034s] -- Found PCL_STEREO: /usr/lib/aarch64-linux-gnu/libpcl_stereo.so  
[32.035s] -- Found PCL_APPS: /usr/lib/aarch64-linux-gnu/libpcl_apps.so  
[32.037s] -- Found PCL_IN_HAND_SCANNER: /usr/include/pcl-1.13  
[32.038s] -- Found PCL_MODELER: /usr/include/pcl-1.13  
[32.039s] -- Found PCL_POINT_CLOUD_EDITOR: /usr/include/pcl-1.13  
[32.041s] -- Found PCL_OUTOFCORE: /usr/lib/aarch64-linux-gnu/libpcl_outofcore.so  
[32.043s] -- Found PCL_PEOPLE: /usr/lib/aarch64-linux-gnu/libpcl_people.so  
[33.796s] -- Found Eigen3: TRUE (found version "3.4.0") 
[33.797s] -- Ensuring Eigen3 include directory is part of orocos-kdl CMake target
[33.847s] [33mCMake Warning (dev) at /usr/share/cmake-3.25/Modules/CMakeFindDependencyMacro.cmake:47 (find_package):
[33.848s]   Policy CMP0074 is not set: find_package uses <PackageName>_ROOT variables.
[33.848s]   Run "cmake --help-policy CMP0074" for policy details.  Use the cmake_policy
[33.848s]   command to set the policy and suppress this warning.
[33.848s] 
[33.848s]   CMake variable PCL_ROOT is set to:
[33.848s] 
[33.848s]     /usr
[33.848s] 
[33.848s]   For compatibility, CMake is ignoring the variable.
[33.848s] Call Stack (most recent call first):
[33.848s]   /usr/local/lib/rtabmap-0.21/RTABMapConfig.cmake:7 (find_dependency)
[33.848s]   /home/taylor/Buddy_Bot/buddybot/ros2_workspace/install/rtabmap_conversions/share/rtabmap_conversions/cmake/ament_cmake_export_dependencies-extras.cmake:21 (find_package)
[33.848s]   /home/taylor/Buddy_Bot/buddybot/ros2_workspace/install/rtabmap_conversions/share/rtabmap_conversions/cmake/rtabmap_conversionsConfig.cmake:41 (include)
[33.848s]   CMakeLists.txt:10 (find_package)
[33.851s] This warning is for project developers.  Use -Wno-dev to suppress it.
[33.851s] [0m
[33.921s] [31mCMake Error at CMakeLists.txt:13 (find_package):
[33.921s]   By not providing "Finddiagnostic_updater.cmake" in CMAKE_MODULE_PATH this
[33.921s]   project has asked CMake to find a package configuration file provided by
[33.921s]   "diagnostic_updater", but CMake did not find one.
[33.921s] 
[33.921s]   Could not find a package configuration file provided by
[33.921s]   "diagnostic_updater" with any of the following names:
[33.921s] 
[33.921s]     diagnostic_updaterConfig.cmake
[33.921s]     diagnostic_updater-config.cmake
[33.921s] 
[33.921s]   Add the installation prefix of "diagnostic_updater" to CMAKE_PREFIX_PATH or
[33.922s]   set "diagnostic_updater_DIR" to a directory containing one of the above
[33.922s]   files.  If "diagnostic_updater" provides a separate development package or
[33.922s]   SDK, be sure it has been installed.
[33.922s] 
[33.922s] [0m
[33.923s] -- Configuring incomplete, errors occurred!
[33.923s] See also "/home/taylor/Buddy_Bot/buddybot/ros2_workspace/build/rtabmap_sync/CMakeFiles/CMakeOutput.log".
[33.963s] Invoked command in '/home/taylor/Buddy_Bot/buddybot/ros2_workspace/build/rtabmap_sync' returned '1': AMENT_PREFIX_PATH=/home/taylor/Buddy_Bot/buddybot/ros2_workspace/install/rtabmap_conversions:/home/taylor/Buddy_Bot/buddybot/ros2_workspace/install/pcl_conversions:/home/taylor/Buddy_Bot/buddybot/ros2_workspace/install/rtabmap_msgs:/home/taylor/Buddy_Bot/buddybot/ros2_workspace/install/pcl_msgs:/home/taylor/Buddy_Bot/buddybot/ros2_workspace/install/image_geometry:/home/taylor/Buddy_Bot/buddybot/ros2_workspace/install/cv_bridge:${AMENT_PREFIX_PATH} CMAKE_PREFIX_PATH=/home/taylor/Buddy_Bot/buddybot/ros2_workspace/install/rtabmap_conversions:/home/taylor/Buddy_Bot/buddybot/ros2_workspace/install/pcl_conversions:/home/taylor/Buddy_Bot/buddybot/ros2_workspace/install/rtabmap_msgs:/home/taylor/Buddy_Bot/buddybot/ros2_workspace/install/tfmini_s:/home/taylor/ros2_iron/install/rqt_bag_plugins:/home/taylor/ros2_iron/install/rqt_bag:/home/taylor/ros2_iron/install/rosbag2_examples_py:/home/taylor/ros2_iron/install/launch_testing_examples:/home/taylor/ros2_iron/install/ros2bag:/home/taylor/ros2_iron/install/tracetools_test:/home/taylor/ros2_iron/install/tracetools_launch:/home/taylor/ros2_iron/install/topic_monitor:/home/taylor/ros2_iron/install/tf2_tools:/home/taylor/ros2_iron/install/examples_tf2_py:/home/taylor/ros2_iron/install/tf2_ros_py:/home/taylor/ros2_iron/install/examples_rclpy_pointcloud_publisher:/home/taylor/ros2_iron/install/sensor_msgs_py:/home/taylor/ros2_iron/install/quality_of_service_demo_py:/home/taylor/ros2_iron/install/rqt_plot:/home/taylor/ros2_iron/install/ros2doctor:/home/taylor/ros2_iron/install/lifecycle_py:/home/taylor/ros2_iron/install/examples_rclpy_minimal_subscriber:/home/taylor/ros2_iron/install/examples_rclpy_minimal_service:/home/taylor/ros2_iron/install/examples_rclpy_minimal_publisher:/home/taylor/ros2_iron/install/examples_rclpy_minimal_client:/home/taylor/ros2_iron/install/examples_rclpy_executors:/home/taylor/ros2_iron/install/demo_nodes_py:/home/taylor/ros2_iron/install/rqt:/home/taylor/ros2_iron/install/ros2component:/home/taylor/ros2_iron/install/sros2:/home/taylor/ros2_iron/install/rqt_topic:/home/taylor/ros2_iron/install/rqt_srv:/home/taylor/ros2_iron/install/rqt_shell:/home/taylor/ros2_iron/install/rqt_service_caller:/home/taylor/ros2_iron/install/rqt_reconfigure:/home/taylor/ros2_iron/install/rqt_py_console:/home/taylor/ros2_iron/install/rqt_publisher:/home/taylor/ros2_iron/install/rqt_action:/home/taylor/ros2_iron/install/rqt_msg:/home/taylor/ros2_iron/install/rqt_console:/home/taylor/ros2_iron/install/rqt_graph:/home/taylor/ros2_iron/install/rqt_gui_py:/home/taylor/ros2_iron/install/rqt_gui:/home/taylor/ros2_iron/install/ros2trace:/home/taylor/ros2_iron/install/ros2topic:/home/taylor/ros2_iron/install/ros2test:/home/taylor/ros2_iron/install/ros2param:/home/taylor/ros2_iron/install/ros2lifecycle:/home/taylor/ros2_iron/install/ros2service:/home/taylor/ros2_iron/install/ros2run:/home/taylor/ros2_iron/install/ros2launch:/home/taylor/ros2_iron/install/ros2pkg:/home/taylor/ros2_iron/install/ros2node:/home/taylor/ros2_iron/install/ros2multicast:/home/taylor/ros2_iron/install/ros2interface:/home/taylor/ros2_iron/install/ros2action:/home/taylor/ros2_iron/install/ros2cli:/home/taylor/ros2_iron/install/launch_testing_ros:/home/taylor/ros2_iron/install/launch_ros:/home/taylor/ros2_iron/install/examples_rclpy_minimal_action_server:/home/taylor/ros2_iron/install/examples_rclpy_minimal_action_client:/home/taylor/ros2_iron/install/examples_rclpy_guard_conditions:/home/taylor/ros2_iron/install/action_tutorials_py:/home/taylor/ros2_iron/install/ament_uncrustify:/home/taylor/ros2_iron/install/tracetools_trace:/home/taylor/ros2_iron/install/tracetools_read:/home/taylor/ros2_iron/install/test_tracetools_launch:/home/taylor/ros2_iron/install/test_ros2trace:/home/taylor/ros2_iron/install/test_launch_ros:/home/taylor/ros2_iron/install/rpyutils:/home/taylor/ros2_iron/install/rosidl_runtime_py:/home/taylor/ros2_iron/install/rosidl_pycommon:/home/taylor/ros2_iron/install/rosidl_cli:/home/taylor/ros2_iron/install/launch_pytest:/home/taylor/ros2_iron/install/launch_testing:/home/taylor/ros2_iron/install/launch_yaml:/home/taylor/ros2_iron/install/launch_xml:/home/taylor/ros2_iron/install/launch:/home/taylor/ros2_iron/install/osrf_pycommon:/home/taylor/ros2_iron/install/domain_coordinator:/home/taylor/ros2_iron/install/ament_xmllint:/home/taylor/ros2_iron/install/ament_pyflakes:/home/taylor/ros2_iron/install/ament_pycodestyle:/home/taylor/ros2_iron/install/ament_pep257:/home/taylor/ros2_iron/install/ament_pclint:/home/taylor/ros2_iron/install/ament_package:/home/taylor/ros2_iron/install/ament_mypy:/home/taylor/ros2_iron/install/ament_lint_cmake:/home/taylor/ros2_iron/install/ament_flake8:/home/taylor/ros2_iron/install/ament_copyright:/home/taylor/ros2_iron/install/ament_lint:/home/taylor/ros2_iron/install/ament_index_python:/home/taylor/ros2_iron/install/ament_cpplint:/home/taylor/ros2_iron/install/ament_cppcheck:/home/taylor/ros2_iron/install/ament_clang_tidy:/home/taylor/ros2_iron/install/ament_clang_format:/home/taylor/Buddy_Bot/buddybot/ros2_workspace/install/pcl_msgs:/home/taylor/Buddy_Bot/buddybot/ros2_workspace/install/image_geometry:/home/taylor/Buddy_Bot/buddybot/ros2_workspace/install/cv_bridge:${CMAKE_PREFIX_PATH} LD_LIBRARY_PATH=/home/taylor/Buddy_Bot/buddybot/ros2_workspace/install/rtabmap_conversions/lib:/home/taylor/Buddy_Bot/buddybot/ros2_workspace/install/rtabmap_msgs/lib:/home/taylor/Buddy_Bot/buddybot/ros2_workspace/install/pcl_msgs/lib:/home/taylor/Buddy_Bot/buddybot/ros2_workspace/install/image_geometry/lib:/home/taylor/Buddy_Bot/buddybot/ros2_workspace/install/cv_bridge/lib:${LD_LIBRARY_PATH} PYTHONPATH=/home/taylor/Buddy_Bot/buddybot/ros2_workspace/install/rtabmap_msgs/lib/python3.11/site-packages:/home/taylor/Buddy_Bot/buddybot/ros2_workspace/install/pcl_msgs/lib/python3.11/site-packages:/home/taylor/Buddy_Bot/buddybot/ros2_workspace/install/image_geometry/lib/python3.11/site-packages:/home/taylor/Buddy_Bot/buddybot/ros2_workspace/install/cv_bridge/lib/python3.11/site-packages:${PYTHONPATH} /usr/bin/cmake /home/taylor/Buddy_Bot/buddybot/ros2_workspace/src/rtabmap_ros/rtabmap_sync -DAMENT_CMAKE_SYMLINK_INSTALL=1 -DCMAKE_INSTALL_PREFIX=/home/taylor/Buddy_Bot/buddybot/ros2_workspace/install/rtabmap_sync
