-- The C compiler identification is GNU 12.2.0
-- The CXX compiler identification is GNU 12.2.0
-- Detecting C compiler ABI info
-- Detecting C compiler ABI info - done
-- Check for working C compiler: /usr/bin/cc - skipped
-- Detecting C compile features
-- Detecting C compile features - done
-- Detecting CXX compiler ABI info
-- Detecting CXX compiler ABI info - done
-- Check for working CXX compiler: /usr/bin/c++ - skipped
-- Detecting CXX compile features
-- Detecting CXX compile features - done
-- Found ament_cmake: 2.0.4 (/home/taylor/ros2_iron/install/ament_cmake/share/ament_cmake/cmake)
-- Found Python3: /home/taylor/Buddy_Bot/venv/bin/python3 (found version "3.11.2") found components: Interpreter 
-- Found rclcpp: 21.0.5 (/home/taylor/ros2_iron/install/rclcpp/share/rclcpp/cmake)
-- Found rosidl_generator_c: 4.0.1 (/home/taylor/ros2_iron/install/rosidl_generator_c/share/rosidl_generator_c/cmake)
-- Found rosidl_generator_cpp: 4.0.1 (/home/taylor/ros2_iron/install/rosidl_generator_cpp/share/rosidl_generator_cpp/cmake)
-- Using all available rosidl_typesupport_c: rosidl_typesupport_introspection_c;rosidl_typesupport_fastrtps_c
-- Using all available rosidl_typesupport_cpp: rosidl_typesupport_introspection_cpp;rosidl_typesupport_fastrtps_cpp
-- Found rmw_implementation_cmake: 7.1.0 (/home/taylor/ros2_iron/install/rmw_implementation_cmake/share/rmw_implementation_cmake/cmake)
-- Found rmw_fastrtps_cpp: 7.1.3 (/home/taylor/ros2_iron/install/rmw_fastrtps_cpp/share/rmw_fastrtps_cpp/cmake)
-- Found OpenSSL: /usr/lib/aarch64-linux-gnu/libcrypto.so (found version "3.0.11")  
-- Found FastRTPS: /home/taylor/ros2_iron/install/fastrtps/include  
-- Using RMW implementation 'rmw_fastrtps_cpp' as default
-- Found ament_lint_auto: 0.14.3 (/home/taylor/ros2_iron/install/ament_lint_auto/share/ament_lint_auto/cmake)
-- Added test 'lint_cmake' to check CMake code style
-- Added test 'xmllint' to check XML markup files
-- Configuring done
-- Generating done
-- Build files have been written to: /home/taylor/Buddy_Bot/buddybot/ros2_workspace/src/build/my_cpp_package
-- Install configuration: ""
-- Installing: /home/taylor/Buddy_Bot/buddybot/ros2_workspace/src/install/my_cpp_package/share/ament_index/resource_index/package_run_dependencies/my_cpp_package
-- Installing: /home/taylor/Buddy_Bot/buddybot/ros2_workspace/src/install/my_cpp_package/share/ament_index/resource_index/parent_prefix_path/my_cpp_package
-- Installing: /home/taylor/Buddy_Bot/buddybot/ros2_workspace/src/install/my_cpp_package/share/my_cpp_package/environment/ament_prefix_path.sh
-- Installing: /home/taylor/Buddy_Bot/buddybot/ros2_workspace/src/install/my_cpp_package/share/my_cpp_package/environment/ament_prefix_path.dsv
-- Installing: /home/taylor/Buddy_Bot/buddybot/ros2_workspace/src/install/my_cpp_package/share/my_cpp_package/environment/path.sh
-- Installing: /home/taylor/Buddy_Bot/buddybot/ros2_workspace/src/install/my_cpp_package/share/my_cpp_package/environment/path.dsv
-- Installing: /home/taylor/Buddy_Bot/buddybot/ros2_workspace/src/install/my_cpp_package/share/my_cpp_package/local_setup.bash
-- Installing: /home/taylor/Buddy_Bot/buddybot/ros2_workspace/src/install/my_cpp_package/share/my_cpp_package/local_setup.sh
-- Installing: /home/taylor/Buddy_Bot/buddybot/ros2_workspace/src/install/my_cpp_package/share/my_cpp_package/local_setup.zsh
-- Installing: /home/taylor/Buddy_Bot/buddybot/ros2_workspace/src/install/my_cpp_package/share/my_cpp_package/local_setup.dsv
-- Installing: /home/taylor/Buddy_Bot/buddybot/ros2_workspace/src/install/my_cpp_package/share/my_cpp_package/package.dsv
-- Installing: /home/taylor/Buddy_Bot/buddybot/ros2_workspace/src/install/my_cpp_package/share/ament_index/resource_index/packages/my_cpp_package
-- Installing: /home/taylor/Buddy_Bot/buddybot/ros2_workspace/src/install/my_cpp_package/share/my_cpp_package/cmake/my_cpp_packageConfig.cmake
-- Installing: /home/taylor/Buddy_Bot/buddybot/ros2_workspace/src/install/my_cpp_package/share/my_cpp_package/cmake/my_cpp_packageConfig-version.cmake
-- Installing: /home/taylor/Buddy_Bot/buddybot/ros2_workspace/src/install/my_cpp_package/share/my_cpp_package/package.xml
