[ 10%] [34m[1mGenerating include/rtabmap_rviz_plugins/moc_MapGraphDisplay.cpp[0m
[ 20%] [34m[1mGenerating include/rtabmap_rviz_plugins/moc_InfoDisplay.cpp[0m
[ 30%] [34m[1mGenerating include/rtabmap_rviz_plugins/moc_MapCloudDisplay.cpp[0m
[ 40%] [32mBuilding CXX object CMakeFiles/rtabmap_rviz_plugins.dir/src/InfoDisplay.cpp.o[0m
[ 50%] [32mBuilding CXX object CMakeFiles/rtabmap_rviz_plugins.dir/src/MapCloudDisplay.cpp.o[0m
[ 60%] [32mBuilding CXX object CMakeFiles/rtabmap_rviz_plugins.dir/src/MapGraphDisplay.cpp.o[0m
[ 70%] [32mBuilding CXX object CMakeFiles/rtabmap_rviz_plugins.dir/include/rtabmap_rviz_plugins/moc_MapCloudDisplay.cpp.o[0m
[ 80%] [32mBuilding CXX object CMakeFiles/rtabmap_rviz_plugins.dir/include/rtabmap_rviz_plugins/moc_InfoDisplay.cpp.o[0m
[ 90%] [32mBuilding CXX object CMakeFiles/rtabmap_rviz_plugins.dir/include/rtabmap_rviz_plugins/moc_MapGraphDisplay.cpp.o[0m
[100%] [32m[1mLinking CXX shared library librtabmap_rviz_plugins.so[0m
[100%] Built target rtabmap_rviz_plugins
-- Install configuration: ""
-- Execute custom install script
-- Symlinking: /home/taylor/Buddy_Bot/buddybot/ros2_workspace/install/rtabmap_rviz_plugins/share/rtabmap_rviz_plugins//rviz_plugins.xml
-- Up-to-date symlink: /home/taylor/Buddy_Bot/buddybot/ros2_workspace/install/rtabmap_rviz_plugins/share/rtabmap_rviz_plugins//rviz_plugins.xml
-- Symlinking: /home/taylor/Buddy_Bot/buddybot/ros2_workspace/install/rtabmap_rviz_plugins/share/ament_index/resource_index/package_run_dependencies/rtabmap_rviz_plugins
-- Symlinking: /home/taylor/Buddy_Bot/buddybot/ros2_workspace/install/rtabmap_rviz_plugins/share/ament_index/resource_index/parent_prefix_path/rtabmap_rviz_plugins
-- Symlinking: /home/taylor/Buddy_Bot/buddybot/ros2_workspace/install/rtabmap_rviz_plugins/share/rtabmap_rviz_plugins/environment/ament_prefix_path.sh
-- Symlinking: /home/taylor/Buddy_Bot/buddybot/ros2_workspace/install/rtabmap_rviz_plugins/share/rtabmap_rviz_plugins/environment/ament_prefix_path.dsv
-- Symlinking: /home/taylor/Buddy_Bot/buddybot/ros2_workspace/install/rtabmap_rviz_plugins/share/rtabmap_rviz_plugins/environment/path.sh
-- Symlinking: /home/taylor/Buddy_Bot/buddybot/ros2_workspace/install/rtabmap_rviz_plugins/share/rtabmap_rviz_plugins/environment/path.dsv
-- Symlinking: /home/taylor/Buddy_Bot/buddybot/ros2_workspace/install/rtabmap_rviz_plugins/share/rtabmap_rviz_plugins/local_setup.bash
-- Symlinking: /home/taylor/Buddy_Bot/buddybot/ros2_workspace/install/rtabmap_rviz_plugins/share/rtabmap_rviz_plugins/local_setup.sh
-- Symlinking: /home/taylor/Buddy_Bot/buddybot/ros2_workspace/install/rtabmap_rviz_plugins/share/rtabmap_rviz_plugins/local_setup.zsh
-- Symlinking: /home/taylor/Buddy_Bot/buddybot/ros2_workspace/install/rtabmap_rviz_plugins/share/rtabmap_rviz_plugins/local_setup.dsv
-- Symlinking: /home/taylor/Buddy_Bot/buddybot/ros2_workspace/install/rtabmap_rviz_plugins/share/rtabmap_rviz_plugins/package.dsv
-- Symlinking: /home/taylor/Buddy_Bot/buddybot/ros2_workspace/install/rtabmap_rviz_plugins/share/ament_index/resource_index/packages/rtabmap_rviz_plugins
-- Symlinking: /home/taylor/Buddy_Bot/buddybot/ros2_workspace/install/rtabmap_rviz_plugins/share/ament_index/resource_index/rviz_common__pluginlib__plugin/rtabmap_rviz_plugins
-- Symlinking: /home/taylor/Buddy_Bot/buddybot/ros2_workspace/install/rtabmap_rviz_plugins/share/rtabmap_rviz_plugins/cmake/rtabmap_rviz_pluginsConfig.cmake
-- Symlinking: /home/taylor/Buddy_Bot/buddybot/ros2_workspace/install/rtabmap_rviz_plugins/share/rtabmap_rviz_plugins/cmake/rtabmap_rviz_pluginsConfig-version.cmake
-- Symlinking: /home/taylor/Buddy_Bot/buddybot/ros2_workspace/install/rtabmap_rviz_plugins/share/rtabmap_rviz_plugins/package.xml
-- Installing: /home/taylor/Buddy_Bot/buddybot/ros2_workspace/install/rtabmap_rviz_plugins/include
-- Installing: /home/taylor/Buddy_Bot/buddybot/ros2_workspace/install/rtabmap_rviz_plugins/include/rtabmap_rviz_plugins
-- Installing: /home/taylor/Buddy_Bot/buddybot/ros2_workspace/install/rtabmap_rviz_plugins/include/rtabmap_rviz_plugins/InfoDisplay.h
-- Installing: /home/taylor/Buddy_Bot/buddybot/ros2_workspace/install/rtabmap_rviz_plugins/include/rtabmap_rviz_plugins/visibility.h
-- Installing: /home/taylor/Buddy_Bot/buddybot/ros2_workspace/install/rtabmap_rviz_plugins/include/rtabmap_rviz_plugins/MapGraphDisplay.h
-- Installing: /home/taylor/Buddy_Bot/buddybot/ros2_workspace/install/rtabmap_rviz_plugins/include/rtabmap_rviz_plugins/MapCloudDisplay.h
-- Installing: /home/taylor/Buddy_Bot/buddybot/ros2_workspace/install/rtabmap_rviz_plugins/lib/librtabmap_rviz_plugins.so
-- Set runtime path of "/home/taylor/Buddy_Bot/buddybot/ros2_workspace/install/rtabmap_rviz_plugins/lib/librtabmap_rviz_plugins.so" to ""
