[0.086s] Invoking command in '/home/taylor/Buddy_Bot/buddybot/ros2_workspace/build/mpu_sensor_package': /usr/bin/cmake /home/taylor/Buddy_Bot/buddybot/ros2_workspace/src/MPU -DCATKIN_INSTALL_INTO_PREFIX_ROOT=0 -DCMAKE_INSTALL_PREFIX=/home/taylor/Buddy_Bot/buddybot/ros2_workspace/install/mpu_sensor_package
[0.127s] -- Found ament_cmake: 2.0.4 (/home/taylor/ros2_iron/install/ament_cmake/share/ament_cmake/cmake)
[0.707s] -- Found rclcpp: 21.0.5 (/home/taylor/ros2_iron/install/rclcpp/share/rclcpp/cmake)
[0.946s] -- Found rosidl_generator_c: 4.0.1 (/home/taylor/ros2_iron/install/rosidl_generator_c/share/rosidl_generator_c/cmake)
[1.012s] -- Found rosidl_generator_cpp: 4.0.1 (/home/taylor/ros2_iron/install/rosidl_generator_cpp/share/rosidl_generator_cpp/cmake)
[1.155s] -- Using all available rosidl_typesupport_c: rosidl_typesupport_introspection_c;rosidl_typesupport_fastrtps_c
[1.283s] -- Using all available rosidl_typesupport_cpp: rosidl_typesupport_introspection_cpp;rosidl_typesupport_fastrtps_cpp
[1.806s] -- Found rmw_implementation_cmake: 7.1.0 (/home/taylor/ros2_iron/install/rmw_implementation_cmake/share/rmw_implementation_cmake/cmake)
[1.884s] -- Found rmw_fastrtps_cpp: 7.1.3 (/home/taylor/ros2_iron/install/rmw_fastrtps_cpp/share/rmw_fastrtps_cpp/cmake)
[2.539s] -- Found OpenSSL: /usr/lib/aarch64-linux-gnu/libcrypto.so (found version "3.0.11")  
[2.693s] -- Found FastRTPS: /home/taylor/ros2_iron/install/fastrtps/include  
[3.066s] -- Using RMW implementation 'rmw_fastrtps_cpp' as default
[5.169s] -- Configuring incomplete, errors occurred!
[5.169s] See also "/home/taylor/Buddy_Bot/buddybot/ros2_workspace/build/mpu_sensor_package/CMakeFiles/CMakeOutput.log".
[5.169s] [31mCMake Error at /home/taylor/ros2_iron/install/ament_cmake_core/share/ament_cmake_core/cmake/core/ament_package_xml.cmake:53 (message):
[5.169s]   ament_package_xml() package name 'mpu_sensor_package' in '/package.xml'
[5.169s]   does not match current PROJECT_NAME 'MPU'.  You must call project() with
[5.169s]   the same package name before.
[5.169s] Call Stack (most recent call first):
[5.169s]   /home/taylor/ros2_iron/install/ament_cmake_core/share/ament_cmake_core/cmake/core/ament_package.cmake:63 (ament_package_xml)
[5.169s]   CMakeLists.txt:35 (ament_package)
[5.169s] 
[5.169s] [0m
[5.224s] Invoked command in '/home/taylor/Buddy_Bot/buddybot/ros2_workspace/build/mpu_sensor_package' returned '1': /usr/bin/cmake /home/taylor/Buddy_Bot/buddybot/ros2_workspace/src/MPU -DCATKIN_INSTALL_INTO_PREFIX_ROOT=0 -DCMAKE_INSTALL_PREFIX=/home/taylor/Buddy_Bot/buddybot/ros2_workspace/install/mpu_sensor_package
