-- The C compiler identification is GNU 12.2.0
-- The CXX compiler identification is GNU 12.2.0
-- Detecting C compiler ABI info
-- Detecting C compiler ABI info - done
-- Check for working C compiler: /usr/bin/cc - skipped
-- Detecting C compile features
-- Detecting C compile features - done
-- Detecting CXX compiler ABI info
-- Detecting CXX compiler ABI info - done
-- Check for working CXX compiler: /usr/bin/c++ - skipped
-- Detecting CXX compile features
-- Detecting CXX compile features - done
-- Found ament_cmake: 2.0.4 (/home/taylor/ros2_iron/install/ament_cmake/share/ament_cmake/cmake)
-- Found Python3: /usr/bin/python3 (found version "3.11.2") found components: Interpreter 
-- Found rclpy: 4.1.4 (/home/taylor/ros2_iron/install/rclpy/share/rclpy/cmake)
-- Found std_msgs: 5.0.0 (/home/taylor/ros2_iron/install/std_msgs/share/std_msgs/cmake)
-- Found rosidl_generator_c: 4.0.1 (/home/taylor/ros2_iron/install/rosidl_generator_c/share/rosidl_generator_c/cmake)
-- Found rosidl_generator_cpp: 4.0.1 (/home/taylor/ros2_iron/install/rosidl_generator_cpp/share/rosidl_generator_cpp/cmake)
-- Using all available rosidl_typesupport_c: rosidl_typesupport_introspection_c;rosidl_typesupport_fastrtps_c
-- Using all available rosidl_typesupport_cpp: rosidl_typesupport_introspection_cpp;rosidl_typesupport_fastrtps_cpp
-- Configuring incomplete, errors occurred!
See also "/home/taylor/Buddy_Bot/buddybot/ros2_workspace/build/mpu/CMakeFiles/CMakeOutput.log".
