[2.813s] Invoking command in '/home/taylor/Buddy_Bot/buddybot/ros2_workspace/src/move_pkg': PS1=(venv) \[\e]0;\u@\h: \w\a\]${debian_chroot:+($debian_chroot)}\[\033[01;32m\]\u@\h\[\033[00m\]:\[\033[01;34m\]\w \$\[\033[00m\] PYTHONPATH=/home/taylor/Buddy_Bot/buddybot/ros2_workspace/src/build/move_pkg/prefix_override:/home/taylor/Buddy_Bot/buddybot/ros2_workspace/src/install/move_pkg/lib/python3.11/site-packages:${PYTHONPATH} VIRTUAL_ENV_PROMPT=(venv) /usr/bin/python3 setup.py egg_info --egg-base ../build/move_pkg build --build-base /home/taylor/Buddy_Bot/buddybot/ros2_workspace/src/build/move_pkg/build install --record /home/taylor/Buddy_Bot/buddybot/ros2_workspace/src/build/move_pkg/install.log --single-version-externally-managed
[3.716s] running egg_info
[3.749s] writing ../build/move_pkg/move_pkg.egg-info/PKG-INFO
[3.750s] writing dependency_links to ../build/move_pkg/move_pkg.egg-info/dependency_links.txt
[3.752s] writing requirements to ../build/move_pkg/move_pkg.egg-info/requires.txt
[3.753s] writing top-level names to ../build/move_pkg/move_pkg.egg-info/top_level.txt
[3.827s] reading manifest file '../build/move_pkg/move_pkg.egg-info/SOURCES.txt'
[3.828s] writing manifest file '../build/move_pkg/move_pkg.egg-info/SOURCES.txt'
[3.828s] running build
[3.828s] running build_py
[3.829s] running install
[3.830s] /usr/lib/python3/dist-packages/setuptools/command/install.py:34: SetuptoolsDeprecationWarning: setup.py install is deprecated. Use build and pip and other standards-based tools.
[3.830s]   warnings.warn(
[3.839s] running install_lib
[3.881s] running install_data
[3.920s] running install_egg_info
[4.021s] removing '/home/taylor/Buddy_Bot/buddybot/ros2_workspace/src/install/move_pkg/lib/python3.11/site-packages/move_pkg-0.0.0-py3.11.egg-info' (and everything under it)
[4.022s] Copying ../build/move_pkg/move_pkg.egg-info to /home/taylor/Buddy_Bot/buddybot/ros2_workspace/src/install/move_pkg/lib/python3.11/site-packages/move_pkg-0.0.0-py3.11.egg-info
[4.022s] running install_scripts
[4.202s] writing list of installed files to '/home/taylor/Buddy_Bot/buddybot/ros2_workspace/src/build/move_pkg/install.log'
[4.361s] Invoked command in '/home/taylor/Buddy_Bot/buddybot/ros2_workspace/src/move_pkg' returned '0': PS1=(venv) \[\e]0;\u@\h: \w\a\]${debian_chroot:+($debian_chroot)}\[\033[01;32m\]\u@\h\[\033[00m\]:\[\033[01;34m\]\w \$\[\033[00m\] PYTHONPATH=/home/taylor/Buddy_Bot/buddybot/ros2_workspace/src/build/move_pkg/prefix_override:/home/taylor/Buddy_Bot/buddybot/ros2_workspace/src/install/move_pkg/lib/python3.11/site-packages:${PYTHONPATH} VIRTUAL_ENV_PROMPT=(venv) /usr/bin/python3 setup.py egg_info --egg-base ../build/move_pkg build --build-base /home/taylor/Buddy_Bot/buddybot/ros2_workspace/src/build/move_pkg/build install --record /home/taylor/Buddy_Bot/buddybot/ros2_workspace/src/build/move_pkg/install.log --single-version-externally-managed
