[4.621s] Invoking command in '/home/taylor/Buddy_Bot/buddybot/ros2_workspace/build/rtabmap_python': PYTHONPATH=/home/taylor/Buddy_Bot/buddybot/ros2_workspace/build/rtabmap_python/prefix_override:/home/taylor/Buddy_Bot/buddybot/ros2_workspace/install/rtabmap_python/lib/python3.11/site-packages:${PYTHONPATH} /usr/bin/python3 setup.py develop --editable --build-directory /home/taylor/Buddy_Bot/buddybot/ros2_workspace/build/rtabmap_python/build --no-deps install_data
[5.733s] running develop
[5.733s] /usr/lib/python3/dist-packages/setuptools/command/easy_install.py:146: EasyInstallDeprecationWarning: easy_install command is deprecated. Use build and pip and other standards-based tools.
[5.734s]   warnings.warn(
[5.837s] /usr/lib/python3/dist-packages/setuptools/command/install.py:34: SetuptoolsDeprecationWarning: setup.py install is deprecated. Use build and pip and other standards-based tools.
[5.837s]   warnings.warn(
[6.343s] running egg_info
[6.344s] creating rtabmap_python.egg-info
[6.390s] writing rtabmap_python.egg-info/PKG-INFO
[6.391s] writing dependency_links to rtabmap_python.egg-info/dependency_links.txt
[6.394s] writing requirements to rtabmap_python.egg-info/requires.txt
[6.394s] writing top-level names to rtabmap_python.egg-info/top_level.txt
[6.394s] writing manifest file 'rtabmap_python.egg-info/SOURCES.txt'
[6.495s] reading manifest file 'rtabmap_python.egg-info/SOURCES.txt'
[6.497s] writing manifest file 'rtabmap_python.egg-info/SOURCES.txt'
[6.552s] running build_ext
[6.556s] Creating /home/taylor/Buddy_Bot/buddybot/ros2_workspace/install/rtabmap_python/lib/python3.11/site-packages/rtabmap-python.egg-link (link to .)
[6.556s] 
[6.556s] Installed /home/taylor/Buddy_Bot/buddybot/ros2_workspace/build/rtabmap_python
[6.556s] running install_data
[6.556s] creating /home/taylor/Buddy_Bot/buddybot/ros2_workspace/install/rtabmap_python/share/ament_index
[6.556s] creating /home/taylor/Buddy_Bot/buddybot/ros2_workspace/install/rtabmap_python/share/ament_index/resource_index
[6.556s] creating /home/taylor/Buddy_Bot/buddybot/ros2_workspace/install/rtabmap_python/share/ament_index/resource_index/packages
[6.556s] copying resource/rtabmap_python -> /home/taylor/Buddy_Bot/buddybot/ros2_workspace/install/rtabmap_python/share/ament_index/resource_index/packages
[6.556s] copying package.xml -> /home/taylor/Buddy_Bot/buddybot/ros2_workspace/install/rtabmap_python/share/rtabmap_python
[6.795s] Invoked command in '/home/taylor/Buddy_Bot/buddybot/ros2_workspace/build/rtabmap_python' returned '0': PYTHONPATH=/home/taylor/Buddy_Bot/buddybot/ros2_workspace/build/rtabmap_python/prefix_override:/home/taylor/Buddy_Bot/buddybot/ros2_workspace/install/rtabmap_python/lib/python3.11/site-packages:${PYTHONPATH} /usr/bin/python3 setup.py develop --editable --build-directory /home/taylor/Buddy_Bot/buddybot/ros2_workspace/build/rtabmap_python/build --no-deps install_data
