-- Found ament_cmake: 2.0.4 (/home/taylor/ros2_iron/install/ament_cmake/share/ament_cmake/cmake)
-- Found rclcpp: 21.0.5 (/home/taylor/ros2_iron/install/rclcpp/share/rclcpp/cmake)
-- Found rosidl_generator_c: 4.0.1 (/home/taylor/ros2_iron/install/rosidl_generator_c/share/rosidl_generator_c/cmake)
-- Found rosidl_generator_cpp: 4.0.1 (/home/taylor/ros2_iron/install/rosidl_generator_cpp/share/rosidl_generator_cpp/cmake)
-- Using all available rosidl_typesupport_c: rosidl_typesupport_introspection_c;rosidl_typesupport_fastrtps_c
-- Using all available rosidl_typesupport_cpp: rosidl_typesupport_introspection_cpp;rosidl_typesupport_fastrtps_cpp
-- Found rmw_implementation_cmake: 7.1.0 (/home/taylor/ros2_iron/install/rmw_implementation_cmake/share/rmw_implementation_cmake/cmake)
-- Found rmw_fastrtps_cpp: 7.1.3 (/home/taylor/ros2_iron/install/rmw_fastrtps_cpp/share/rmw_fastrtps_cpp/cmake)
-- Using RMW implementation 'rmw_fastrtps_cpp' as default
-- Found std_msgs: 5.0.0 (/home/taylor/ros2_iron/install/std_msgs/share/std_msgs/cmake)
-- Found rosidl_default_generators: 1.5.0 (/home/taylor/ros2_iron/install/rosidl_default_generators/share/rosidl_default_generators/cmake)
-- Found rosidl_adapter: 4.0.1 (/home/taylor/ros2_iron/install/rosidl_adapter/share/rosidl_adapter/cmake)
-- Found ament_cmake_ros: 0.11.2 (/home/taylor/ros2_iron/install/ament_cmake_ros/share/ament_cmake_ros/cmake)
-- Using all available rosidl_typesupport_c: rosidl_typesupport_introspection_c;rosidl_typesupport_fastrtps_c
-- Using all available rosidl_typesupport_cpp: rosidl_typesupport_introspection_cpp;rosidl_typesupport_fastrtps_cpp
-- Found python_cmake_module: 0.10.2 (/home/taylor/ros2_iron/install/python_cmake_module/share/python_cmake_module/cmake)
-- Using PYTHON_EXECUTABLE: /usr/bin/python3
-- Using PYTHON_INCLUDE_DIRS: /usr/include/python3.11
-- Using PYTHON_LIBRARIES: /usr/lib/aarch64-linux-gnu/libpython3.11.so
-- Configuring incomplete, errors occurred!
See also "/home/taylor/Buddy_Bot/buddybot/ros2_workspace/build/move_bot/CMakeFiles/CMakeOutput.log".
