[1.201s] Invoking command in '/home/taylor/Buddy_Bot/buddybot/ros2_workspace/build/move_bot': CMAKE_PREFIX_PATH=${CMAKE_PREFIX_PATH}:/home/taylor/Buddy_Bot/buddybot/ros2_workspace/install/tfmini_s:/home/taylor/ros2_iron/install/rqt_bag_plugins:/home/taylor/ros2_iron/install/rqt_bag:/home/taylor/ros2_iron/install/rosbag2_examples_py:/home/taylor/ros2_iron/install/launch_testing_examples:/home/taylor/ros2_iron/install/ros2bag:/home/taylor/ros2_iron/install/tracetools_test:/home/taylor/ros2_iron/install/tracetools_launch:/home/taylor/ros2_iron/install/topic_monitor:/home/taylor/ros2_iron/install/tf2_tools:/home/taylor/ros2_iron/install/examples_tf2_py:/home/taylor/ros2_iron/install/tf2_ros_py:/home/taylor/ros2_iron/install/examples_rclpy_pointcloud_publisher:/home/taylor/ros2_iron/install/sensor_msgs_py:/home/taylor/ros2_iron/install/quality_of_service_demo_py:/home/taylor/ros2_iron/install/rqt_plot:/home/taylor/ros2_iron/install/ros2doctor:/home/taylor/ros2_iron/install/lifecycle_py:/home/taylor/ros2_iron/install/examples_rclpy_minimal_subscriber:/home/taylor/ros2_iron/install/examples_rclpy_minimal_service:/home/taylor/ros2_iron/install/examples_rclpy_minimal_publisher:/home/taylor/ros2_iron/install/examples_rclpy_minimal_client:/home/taylor/ros2_iron/install/examples_rclpy_executors:/home/taylor/ros2_iron/install/demo_nodes_py:/home/taylor/ros2_iron/install/rqt:/home/taylor/ros2_iron/install/ros2component:/home/taylor/ros2_iron/install/sros2:/home/taylor/ros2_iron/install/rqt_topic:/home/taylor/ros2_iron/install/rqt_srv:/home/taylor/ros2_iron/install/rqt_shell:/home/taylor/ros2_iron/install/rqt_service_caller:/home/taylor/ros2_iron/install/rqt_reconfigure:/home/taylor/ros2_iron/install/rqt_py_console:/home/taylor/ros2_iron/install/rqt_publisher:/home/taylor/ros2_iron/install/rqt_action:/home/taylor/ros2_iron/install/rqt_msg:/home/taylor/ros2_iron/install/rqt_console:/home/taylor/ros2_iron/install/rqt_graph:/home/taylor/ros2_iron/install/rqt_gui_py:/home/taylor/ros2_iron/install/rqt_gui:/home/taylor/ros2_iron/install/ros2trace:/home/taylor/ros2_iron/install/ros2topic:/home/taylor/ros2_iron/install/ros2test:/home/taylor/ros2_iron/install/ros2param:/home/taylor/ros2_iron/install/ros2lifecycle:/home/taylor/ros2_iron/install/ros2service:/home/taylor/ros2_iron/install/ros2run:/home/taylor/ros2_iron/install/ros2launch:/home/taylor/ros2_iron/install/ros2pkg:/home/taylor/ros2_iron/install/ros2node:/home/taylor/ros2_iron/install/ros2multicast:/home/taylor/ros2_iron/install/ros2interface:/home/taylor/ros2_iron/install/ros2action:/home/taylor/ros2_iron/install/ros2cli:/home/taylor/ros2_iron/install/launch_testing_ros:/home/taylor/ros2_iron/install/launch_ros:/home/taylor/ros2_iron/install/examples_rclpy_minimal_action_server:/home/taylor/ros2_iron/install/examples_rclpy_minimal_action_client:/home/taylor/ros2_iron/install/examples_rclpy_guard_conditions:/home/taylor/ros2_iron/install/action_tutorials_py:/home/taylor/ros2_iron/install/ament_uncrustify:/home/taylor/ros2_iron/install/tracetools_trace:/home/taylor/ros2_iron/install/tracetools_read:/home/taylor/ros2_iron/install/test_tracetools_launch:/home/taylor/ros2_iron/install/test_ros2trace:/home/taylor/ros2_iron/install/test_launch_ros:/home/taylor/ros2_iron/install/rpyutils:/home/taylor/ros2_iron/install/rosidl_runtime_py:/home/taylor/ros2_iron/install/rosidl_pycommon:/home/taylor/ros2_iron/install/rosidl_cli:/home/taylor/ros2_iron/install/launch_pytest:/home/taylor/ros2_iron/install/launch_testing:/home/taylor/ros2_iron/install/launch_yaml:/home/taylor/ros2_iron/install/launch_xml:/home/taylor/ros2_iron/install/launch:/home/taylor/ros2_iron/install/osrf_pycommon:/home/taylor/ros2_iron/install/domain_coordinator:/home/taylor/ros2_iron/install/ament_xmllint:/home/taylor/ros2_iron/install/ament_pyflakes:/home/taylor/ros2_iron/install/ament_pycodestyle:/home/taylor/ros2_iron/install/ament_pep257:/home/taylor/ros2_iron/install/ament_pclint:/home/taylor/ros2_iron/install/ament_package:/home/taylor/ros2_iron/install/ament_mypy:/home/taylor/ros2_iron/install/ament_lint_cmake:/home/taylor/ros2_iron/install/ament_flake8:/home/taylor/ros2_iron/install/ament_copyright:/home/taylor/ros2_iron/install/ament_lint:/home/taylor/ros2_iron/install/ament_index_python:/home/taylor/ros2_iron/install/ament_cpplint:/home/taylor/ros2_iron/install/ament_cppcheck:/home/taylor/ros2_iron/install/ament_clang_tidy:/home/taylor/ros2_iron/install/ament_clang_format /usr/bin/cmake /home/taylor/Buddy_Bot/buddybot/ros2_workspace/src/move_bot -DAMENT_CMAKE_SYMLINK_INSTALL=1 -DCMAKE_INSTALL_PREFIX=/home/taylor/Buddy_Bot/buddybot/ros2_workspace/install/move_bot
[1.351s] -- The C compiler identification is GNU 12.2.0
[1.456s] -- The CXX compiler identification is GNU 12.2.0
[1.475s] -- Detecting C compiler ABI info
[1.732s] -- Detecting C compiler ABI info - done
[1.743s] -- Check for working C compiler: /usr/bin/cc - skipped
[1.748s] -- Detecting C compile features
[1.749s] -- Detecting C compile features - done
[1.749s] -- Detecting CXX compiler ABI info
[1.945s] -- Detecting CXX compiler ABI info - done
[1.956s] -- Check for working CXX compiler: /usr/bin/c++ - skipped
[1.957s] -- Detecting CXX compile features
[1.958s] -- Detecting CXX compile features - done
[1.982s] -- Found ament_cmake: 2.0.4 (/home/taylor/ros2_iron/install/ament_cmake/share/ament_cmake/cmake)
[4.539s] -- Found Python3: /usr/bin/python3 (found version "3.11.2") found components: Interpreter 
[4.883s] -- Override CMake install command with custom implementation using symlinks instead of copying resources
[5.218s] -- Found rclcpp: 21.0.5 (/home/taylor/ros2_iron/install/rclcpp/share/rclcpp/cmake)
[5.469s] -- Found rosidl_generator_c: 4.0.1 (/home/taylor/ros2_iron/install/rosidl_generator_c/share/rosidl_generator_c/cmake)
[5.544s] -- Found rosidl_generator_cpp: 4.0.1 (/home/taylor/ros2_iron/install/rosidl_generator_cpp/share/rosidl_generator_cpp/cmake)
[5.662s] -- Using all available rosidl_typesupport_c: rosidl_typesupport_introspection_c;rosidl_typesupport_fastrtps_c
[5.798s] -- Using all available rosidl_typesupport_cpp: rosidl_typesupport_introspection_cpp;rosidl_typesupport_fastrtps_cpp
[6.301s] -- Found rmw_implementation_cmake: 7.1.0 (/home/taylor/ros2_iron/install/rmw_implementation_cmake/share/rmw_implementation_cmake/cmake)
[6.367s] -- Found rmw_fastrtps_cpp: 7.1.3 (/home/taylor/ros2_iron/install/rmw_fastrtps_cpp/share/rmw_fastrtps_cpp/cmake)
[6.832s] -- Found OpenSSL: /usr/lib/aarch64-linux-gnu/libcrypto.so (found version "3.0.11")  
[6.896s] -- Found FastRTPS: /home/taylor/ros2_iron/install/fastrtps/include  
[6.993s] -- Using RMW implementation 'rmw_fastrtps_cpp' as default
[7.320s] -- Found std_msgs: 5.0.0 (/home/taylor/ros2_iron/install/std_msgs/share/std_msgs/cmake)
[7.385s] -- Found rosidl_default_generators: 1.5.0 (/home/taylor/ros2_iron/install/rosidl_default_generators/share/rosidl_default_generators/cmake)
[7.574s] -- Found rosidl_adapter: 4.0.1 (/home/taylor/ros2_iron/install/rosidl_adapter/share/rosidl_adapter/cmake)
[8.368s] -- Found ament_cmake_ros: 0.11.2 (/home/taylor/ros2_iron/install/ament_cmake_ros/share/ament_cmake_ros/cmake)
[8.897s] -- Using all available rosidl_typesupport_c: rosidl_typesupport_introspection_c;rosidl_typesupport_fastrtps_c
[9.112s] -- Using all available rosidl_typesupport_cpp: rosidl_typesupport_introspection_cpp;rosidl_typesupport_fastrtps_cpp
[9.212s] -- Found PythonInterp: /usr/bin/python3 (found suitable version "3.11.2", minimum required is "3.6") 
[9.221s] -- Found python_cmake_module: 0.10.2 (/home/taylor/ros2_iron/install/python_cmake_module/share/python_cmake_module/cmake)
[9.332s] -- Found PythonLibs: /usr/lib/aarch64-linux-gnu/libpython3.11.so (found suitable version "3.11.2", minimum required is "3.5") 
[9.332s] -- Using PYTHON_EXECUTABLE: /usr/bin/python3
[9.333s] -- Using PYTHON_INCLUDE_DIRS: /usr/include/python3.11
[9.334s] -- Using PYTHON_LIBRARIES: /usr/lib/aarch64-linux-gnu/libpython3.11.so
[9.424s] -- Found PythonExtra: .so  
[10.055s] [0mCMake Deprecation Warning at /home/taylor/ros2_iron/install/rosidl_cmake/share/rosidl_cmake/cmake/rosidl_target_interfaces.cmake:32 (message):
[10.056s]   Use rosidl_get_typesupport_target() and target_link_libraries() instead of
[10.056s]   rosidl_target_interfaces()
[10.056s] Call Stack (most recent call first):
[10.056s]   CMakeLists.txt:31 (rosidl_target_interfaces)
[10.056s] 
[10.056s] [0m
[10.073s] -- Found ament_lint_auto: 0.14.3 (/home/taylor/ros2_iron/install/ament_lint_auto/share/ament_lint_auto/cmake)
[10.247s] -- Added test 'copyright' to check source files copyright and LICENSE
[10.286s] -- Added test 'cppcheck' to perform static code analysis on C / C++ code
[10.287s] -- Configured cppcheck include dirs: 
[10.288s] -- Configured cppcheck exclude dirs and/or files: 
[10.328s] -- Added test 'cpplint' to check C / C++ code against the Google style
[10.328s] -- Configured cpplint exclude dirs and/or files: 
[10.342s] -- Added test 'flake8' to check Python code syntax and style conventions
[10.343s] -- Configured 'flake8' exclude dirs and/or files: 
[10.358s] -- Added test 'lint_cmake' to check CMake code style
[10.371s] -- Added test 'pep257' to check Python code against some of the docstring style conventions in PEP 257
[10.413s] -- Added test 'uncrustify' to check C / C++ code style
[10.413s] -- Configured uncrustify additional arguments: 
[10.426s] -- Added test 'xmllint' to check XML markup files
[10.448s] -- Configuring done
[10.505s] -- Generating done
[10.511s] -- Build files have been written to: /home/taylor/Buddy_Bot/buddybot/ros2_workspace/build/move_bot
[10.544s] Invoked command in '/home/taylor/Buddy_Bot/buddybot/ros2_workspace/build/move_bot' returned '0': CMAKE_PREFIX_PATH=${CMAKE_PREFIX_PATH}:/home/taylor/Buddy_Bot/buddybot/ros2_workspace/install/tfmini_s:/home/taylor/ros2_iron/install/rqt_bag_plugins:/home/taylor/ros2_iron/install/rqt_bag:/home/taylor/ros2_iron/install/rosbag2_examples_py:/home/taylor/ros2_iron/install/launch_testing_examples:/home/taylor/ros2_iron/install/ros2bag:/home/taylor/ros2_iron/install/tracetools_test:/home/taylor/ros2_iron/install/tracetools_launch:/home/taylor/ros2_iron/install/topic_monitor:/home/taylor/ros2_iron/install/tf2_tools:/home/taylor/ros2_iron/install/examples_tf2_py:/home/taylor/ros2_iron/install/tf2_ros_py:/home/taylor/ros2_iron/install/examples_rclpy_pointcloud_publisher:/home/taylor/ros2_iron/install/sensor_msgs_py:/home/taylor/ros2_iron/install/quality_of_service_demo_py:/home/taylor/ros2_iron/install/rqt_plot:/home/taylor/ros2_iron/install/ros2doctor:/home/taylor/ros2_iron/install/lifecycle_py:/home/taylor/ros2_iron/install/examples_rclpy_minimal_subscriber:/home/taylor/ros2_iron/install/examples_rclpy_minimal_service:/home/taylor/ros2_iron/install/examples_rclpy_minimal_publisher:/home/taylor/ros2_iron/install/examples_rclpy_minimal_client:/home/taylor/ros2_iron/install/examples_rclpy_executors:/home/taylor/ros2_iron/install/demo_nodes_py:/home/taylor/ros2_iron/install/rqt:/home/taylor/ros2_iron/install/ros2component:/home/taylor/ros2_iron/install/sros2:/home/taylor/ros2_iron/install/rqt_topic:/home/taylor/ros2_iron/install/rqt_srv:/home/taylor/ros2_iron/install/rqt_shell:/home/taylor/ros2_iron/install/rqt_service_caller:/home/taylor/ros2_iron/install/rqt_reconfigure:/home/taylor/ros2_iron/install/rqt_py_console:/home/taylor/ros2_iron/install/rqt_publisher:/home/taylor/ros2_iron/install/rqt_action:/home/taylor/ros2_iron/install/rqt_msg:/home/taylor/ros2_iron/install/rqt_console:/home/taylor/ros2_iron/install/rqt_graph:/home/taylor/ros2_iron/install/rqt_gui_py:/home/taylor/ros2_iron/install/rqt_gui:/home/taylor/ros2_iron/install/ros2trace:/home/taylor/ros2_iron/install/ros2topic:/home/taylor/ros2_iron/install/ros2test:/home/taylor/ros2_iron/install/ros2param:/home/taylor/ros2_iron/install/ros2lifecycle:/home/taylor/ros2_iron/install/ros2service:/home/taylor/ros2_iron/install/ros2run:/home/taylor/ros2_iron/install/ros2launch:/home/taylor/ros2_iron/install/ros2pkg:/home/taylor/ros2_iron/install/ros2node:/home/taylor/ros2_iron/install/ros2multicast:/home/taylor/ros2_iron/install/ros2interface:/home/taylor/ros2_iron/install/ros2action:/home/taylor/ros2_iron/install/ros2cli:/home/taylor/ros2_iron/install/launch_testing_ros:/home/taylor/ros2_iron/install/launch_ros:/home/taylor/ros2_iron/install/examples_rclpy_minimal_action_server:/home/taylor/ros2_iron/install/examples_rclpy_minimal_action_client:/home/taylor/ros2_iron/install/examples_rclpy_guard_conditions:/home/taylor/ros2_iron/install/action_tutorials_py:/home/taylor/ros2_iron/install/ament_uncrustify:/home/taylor/ros2_iron/install/tracetools_trace:/home/taylor/ros2_iron/install/tracetools_read:/home/taylor/ros2_iron/install/test_tracetools_launch:/home/taylor/ros2_iron/install/test_ros2trace:/home/taylor/ros2_iron/install/test_launch_ros:/home/taylor/ros2_iron/install/rpyutils:/home/taylor/ros2_iron/install/rosidl_runtime_py:/home/taylor/ros2_iron/install/rosidl_pycommon:/home/taylor/ros2_iron/install/rosidl_cli:/home/taylor/ros2_iron/install/launch_pytest:/home/taylor/ros2_iron/install/launch_testing:/home/taylor/ros2_iron/install/launch_yaml:/home/taylor/ros2_iron/install/launch_xml:/home/taylor/ros2_iron/install/launch:/home/taylor/ros2_iron/install/osrf_pycommon:/home/taylor/ros2_iron/install/domain_coordinator:/home/taylor/ros2_iron/install/ament_xmllint:/home/taylor/ros2_iron/install/ament_pyflakes:/home/taylor/ros2_iron/install/ament_pycodestyle:/home/taylor/ros2_iron/install/ament_pep257:/home/taylor/ros2_iron/install/ament_pclint:/home/taylor/ros2_iron/install/ament_package:/home/taylor/ros2_iron/install/ament_mypy:/home/taylor/ros2_iron/install/ament_lint_cmake:/home/taylor/ros2_iron/install/ament_flake8:/home/taylor/ros2_iron/install/ament_copyright:/home/taylor/ros2_iron/install/ament_lint:/home/taylor/ros2_iron/install/ament_index_python:/home/taylor/ros2_iron/install/ament_cpplint:/home/taylor/ros2_iron/install/ament_cppcheck:/home/taylor/ros2_iron/install/ament_clang_tidy:/home/taylor/ros2_iron/install/ament_clang_format /usr/bin/cmake /home/taylor/Buddy_Bot/buddybot/ros2_workspace/src/move_bot -DAMENT_CMAKE_SYMLINK_INSTALL=1 -DCMAKE_INSTALL_PREFIX=/home/taylor/Buddy_Bot/buddybot/ros2_workspace/install/move_bot
[10.547s] Invoking command in '/home/taylor/Buddy_Bot/buddybot/ros2_workspace/build/move_bot': CMAKE_PREFIX_PATH=${CMAKE_PREFIX_PATH}:/home/taylor/Buddy_Bot/buddybot/ros2_workspace/install/tfmini_s:/home/taylor/ros2_iron/install/rqt_bag_plugins:/home/taylor/ros2_iron/install/rqt_bag:/home/taylor/ros2_iron/install/rosbag2_examples_py:/home/taylor/ros2_iron/install/launch_testing_examples:/home/taylor/ros2_iron/install/ros2bag:/home/taylor/ros2_iron/install/tracetools_test:/home/taylor/ros2_iron/install/tracetools_launch:/home/taylor/ros2_iron/install/topic_monitor:/home/taylor/ros2_iron/install/tf2_tools:/home/taylor/ros2_iron/install/examples_tf2_py:/home/taylor/ros2_iron/install/tf2_ros_py:/home/taylor/ros2_iron/install/examples_rclpy_pointcloud_publisher:/home/taylor/ros2_iron/install/sensor_msgs_py:/home/taylor/ros2_iron/install/quality_of_service_demo_py:/home/taylor/ros2_iron/install/rqt_plot:/home/taylor/ros2_iron/install/ros2doctor:/home/taylor/ros2_iron/install/lifecycle_py:/home/taylor/ros2_iron/install/examples_rclpy_minimal_subscriber:/home/taylor/ros2_iron/install/examples_rclpy_minimal_service:/home/taylor/ros2_iron/install/examples_rclpy_minimal_publisher:/home/taylor/ros2_iron/install/examples_rclpy_minimal_client:/home/taylor/ros2_iron/install/examples_rclpy_executors:/home/taylor/ros2_iron/install/demo_nodes_py:/home/taylor/ros2_iron/install/rqt:/home/taylor/ros2_iron/install/ros2component:/home/taylor/ros2_iron/install/sros2:/home/taylor/ros2_iron/install/rqt_topic:/home/taylor/ros2_iron/install/rqt_srv:/home/taylor/ros2_iron/install/rqt_shell:/home/taylor/ros2_iron/install/rqt_service_caller:/home/taylor/ros2_iron/install/rqt_reconfigure:/home/taylor/ros2_iron/install/rqt_py_console:/home/taylor/ros2_iron/install/rqt_publisher:/home/taylor/ros2_iron/install/rqt_action:/home/taylor/ros2_iron/install/rqt_msg:/home/taylor/ros2_iron/install/rqt_console:/home/taylor/ros2_iron/install/rqt_graph:/home/taylor/ros2_iron/install/rqt_gui_py:/home/taylor/ros2_iron/install/rqt_gui:/home/taylor/ros2_iron/install/ros2trace:/home/taylor/ros2_iron/install/ros2topic:/home/taylor/ros2_iron/install/ros2test:/home/taylor/ros2_iron/install/ros2param:/home/taylor/ros2_iron/install/ros2lifecycle:/home/taylor/ros2_iron/install/ros2service:/home/taylor/ros2_iron/install/ros2run:/home/taylor/ros2_iron/install/ros2launch:/home/taylor/ros2_iron/install/ros2pkg:/home/taylor/ros2_iron/install/ros2node:/home/taylor/ros2_iron/install/ros2multicast:/home/taylor/ros2_iron/install/ros2interface:/home/taylor/ros2_iron/install/ros2action:/home/taylor/ros2_iron/install/ros2cli:/home/taylor/ros2_iron/install/launch_testing_ros:/home/taylor/ros2_iron/install/launch_ros:/home/taylor/ros2_iron/install/examples_rclpy_minimal_action_server:/home/taylor/ros2_iron/install/examples_rclpy_minimal_action_client:/home/taylor/ros2_iron/install/examples_rclpy_guard_conditions:/home/taylor/ros2_iron/install/action_tutorials_py:/home/taylor/ros2_iron/install/ament_uncrustify:/home/taylor/ros2_iron/install/tracetools_trace:/home/taylor/ros2_iron/install/tracetools_read:/home/taylor/ros2_iron/install/test_tracetools_launch:/home/taylor/ros2_iron/install/test_ros2trace:/home/taylor/ros2_iron/install/test_launch_ros:/home/taylor/ros2_iron/install/rpyutils:/home/taylor/ros2_iron/install/rosidl_runtime_py:/home/taylor/ros2_iron/install/rosidl_pycommon:/home/taylor/ros2_iron/install/rosidl_cli:/home/taylor/ros2_iron/install/launch_pytest:/home/taylor/ros2_iron/install/launch_testing:/home/taylor/ros2_iron/install/launch_yaml:/home/taylor/ros2_iron/install/launch_xml:/home/taylor/ros2_iron/install/launch:/home/taylor/ros2_iron/install/osrf_pycommon:/home/taylor/ros2_iron/install/domain_coordinator:/home/taylor/ros2_iron/install/ament_xmllint:/home/taylor/ros2_iron/install/ament_pyflakes:/home/taylor/ros2_iron/install/ament_pycodestyle:/home/taylor/ros2_iron/install/ament_pep257:/home/taylor/ros2_iron/install/ament_pclint:/home/taylor/ros2_iron/install/ament_package:/home/taylor/ros2_iron/install/ament_mypy:/home/taylor/ros2_iron/install/ament_lint_cmake:/home/taylor/ros2_iron/install/ament_flake8:/home/taylor/ros2_iron/install/ament_copyright:/home/taylor/ros2_iron/install/ament_lint:/home/taylor/ros2_iron/install/ament_index_python:/home/taylor/ros2_iron/install/ament_cpplint:/home/taylor/ros2_iron/install/ament_cppcheck:/home/taylor/ros2_iron/install/ament_clang_tidy:/home/taylor/ros2_iron/install/ament_clang_format /usr/bin/cmake --build /home/taylor/Buddy_Bot/buddybot/ros2_workspace/build/move_bot -- -j4 -l4
[10.710s] [  2%] [34m[1mGenerating type hashes for ROS interfaces[0m
[10.742s] [  2%] Built target ament_cmake_python_symlink_move_bot
[11.258s] [  2%] Built target move_bot__rosidl_generator_type_description
[11.290s] [  5%] [34m[1mGenerating C code for ROS interfaces[0m
[11.324s] [  8%] [34m[1mGenerating C++ code for ROS interfaces[0m
[11.748s] running egg_info
[11.749s] creating move_bot.egg-info
[11.795s] writing move_bot.egg-info/PKG-INFO
[11.795s] writing dependency_links to move_bot.egg-info/dependency_links.txt
[11.795s] writing top-level names to move_bot.egg-info/top_level.txt
[11.795s] writing manifest file 'move_bot.egg-info/SOURCES.txt'
[11.984s] reading manifest file 'move_bot.egg-info/SOURCES.txt'
[11.985s] writing manifest file 'move_bot.egg-info/SOURCES.txt'
[12.087s] [  8%] Built target move_bot__cpp
[12.134s] [ 10%] [32mBuilding C object CMakeFiles/move_bot__rosidl_generator_c.dir/rosidl_generator_c/move_bot/msg/detail/movement__functions.c.o[0m
[12.150s] [ 13%] [32mBuilding C object CMakeFiles/move_bot__rosidl_generator_c.dir/rosidl_generator_c/move_bot/msg/detail/movement__description.c.o[0m
[12.167s] [ 16%] [32mBuilding C object CMakeFiles/move_bot__rosidl_generator_c.dir/rosidl_generator_c/move_bot/msg/detail/movement__type_support.c.o[0m
[12.195s] [ 16%] Built target ament_cmake_python_build_move_bot_egg
[12.269s] [ 18%] [32m[1mLinking C shared library libmove_bot__rosidl_generator_c.so[0m
[12.358s] [ 18%] Built target move_bot__rosidl_generator_c
[12.392s] [ 24%] [34m[1mGenerating C++ type support for eProsima Fast-RTPS[0m
[12.392s] [ 24%] [34m[1mGenerating C introspection for ROS interfaces[0m
[12.410s] [ 27%] [34m[1mGenerating C++ introspection for ROS interfaces[0m
[12.413s] [ 29%] [34m[1mGenerating C type support dispatch for ROS interfaces[0m
[13.444s] [ 32%] [32mBuilding CXX object CMakeFiles/move_bot__rosidl_typesupport_c.dir/rosidl_typesupport_c/move_bot/msg/movement__type_support.cpp.o[0m
[13.500s] [ 35%] [32mBuilding C object CMakeFiles/move_bot__rosidl_typesupport_introspection_c.dir/rosidl_typesupport_introspection_c/move_bot/msg/detail/movement__type_support.c.o[0m
[13.593s] [ 37%] [32m[1mLinking CXX shared library libmove_bot__rosidl_typesupport_c.so[0m
[13.629s] [ 40%] [32m[1mLinking C shared library libmove_bot__rosidl_typesupport_introspection_c.so[0m
[13.632s] [ 43%] [32mBuilding CXX object CMakeFiles/move_bot__rosidl_typesupport_fastrtps_cpp.dir/rosidl_typesupport_fastrtps_cpp/move_bot/msg/detail/dds_fastrtps/movement__type_support.cpp.o[0m
[13.678s] [ 45%] [32mBuilding CXX object CMakeFiles/move_bot__rosidl_typesupport_introspection_cpp.dir/rosidl_typesupport_introspection_cpp/move_bot/msg/detail/movement__type_support.cpp.o[0m
[13.770s] [ 45%] Built target move_bot__rosidl_typesupport_c
[13.784s] [ 45%] Built target move_bot__rosidl_typesupport_introspection_c
[13.815s] [ 48%] [34m[1mGenerating C++ type support dispatch for ROS interfaces[0m
[13.861s] [ 51%] [34m[1mGenerating C type support for eProsima Fast-RTPS[0m
[14.391s] [ 54%] [32m[1mLinking CXX shared library libmove_bot__rosidl_typesupport_introspection_cpp.so[0m
[14.610s] [ 56%] [32mBuilding CXX object CMakeFiles/move_bot__rosidl_typesupport_cpp.dir/rosidl_typesupport_cpp/move_bot/msg/movement__type_support.cpp.o[0m
[14.743s] [ 56%] Built target move_bot__rosidl_typesupport_introspection_cpp
[15.098s] [ 59%] [32mBuilding CXX object CMakeFiles/move_bot__rosidl_typesupport_fastrtps_c.dir/rosidl_typesupport_fastrtps_c/move_bot/msg/detail/movement__type_support_c.cpp.o[0m
[15.106s] [ 62%] [32m[1mLinking CXX shared library libmove_bot__rosidl_typesupport_fastrtps_cpp.so[0m
[15.450s] [ 62%] Built target move_bot__rosidl_typesupport_fastrtps_cpp
[15.507s] [ 64%] [32m[1mLinking CXX shared library libmove_bot__rosidl_typesupport_cpp.so[0m
[15.603s] [ 64%] Built target move_bot__rosidl_typesupport_cpp
[15.826s] [ 67%] [32m[1mLinking CXX shared library libmove_bot__rosidl_typesupport_fastrtps_c.so[0m
[16.007s] [ 67%] Built target move_bot__rosidl_typesupport_fastrtps_c
[16.064s] [ 67%] Built target move_bot
[16.139s] [ 70%] [34m[1mGenerating Python code for ROS interfaces[0m
[16.152s] [ 72%] [32mBuilding C object CMakeFiles/move_node.dir/src/movements.c.o[0m
[16.172s] [ 75%] [32mBuilding CXX object CMakeFiles/move_node.dir/src/move_bot.cpp.o[0m
[16.895s] [ 75%] Built target move_bot__py
[16.963s] [ 78%] [32mBuilding C object CMakeFiles/move_bot__rosidl_generator_py.dir/rosidl_generator_py/move_bot/msg/_movement_s.c.o[0m
[17.200s] [ 81%] [32m[1mLinking C shared library rosidl_generator_py/move_bot/libmove_bot__rosidl_generator_py.so[0m
[17.313s] [ 81%] Built target move_bot__rosidl_generator_py
[17.429s] [ 83%] [32mBuilding C object CMakeFiles/move_bot__rosidl_typesupport_fastrtps_c__pyext.dir/rosidl_generator_py/move_bot/_move_bot_s.ep.rosidl_typesupport_fastrtps_c.c.o[0m
[17.457s] [ 86%] [32mBuilding C object CMakeFiles/move_bot__rosidl_typesupport_c__pyext.dir/rosidl_generator_py/move_bot/_move_bot_s.ep.rosidl_typesupport_c.c.o[0m
[17.462s] [ 89%] [32mBuilding C object CMakeFiles/move_bot__rosidl_typesupport_introspection_c__pyext.dir/rosidl_generator_py/move_bot/_move_bot_s.ep.rosidl_typesupport_introspection_c.c.o[0m
[17.742s] [ 94%] [32m[1mLinking C shared library rosidl_generator_py/move_bot/move_bot_s__rosidl_typesupport_introspection_c.cpython-311-aarch64-linux-gnu.so[0m
[17.743s] [ 94%] [32m[1mLinking C shared library rosidl_generator_py/move_bot/move_bot_s__rosidl_typesupport_fastrtps_c.cpython-311-aarch64-linux-gnu.so[0m
[17.875s] [ 97%] [32m[1mLinking C shared library rosidl_generator_py/move_bot/move_bot_s__rosidl_typesupport_c.cpython-311-aarch64-linux-gnu.so[0m
[17.909s] [ 97%] Built target move_bot__rosidl_typesupport_fastrtps_c__pyext
[17.932s] [ 97%] Built target move_bot__rosidl_typesupport_introspection_c__pyext
[17.981s] [ 97%] Built target move_bot__rosidl_typesupport_c__pyext
[33.731s] [100%] [32m[1mLinking CXX executable move_node[0m
[36.948s] [100%] Built target move_node
[37.010s] Invoked command in '/home/taylor/Buddy_Bot/buddybot/ros2_workspace/build/move_bot' returned '0': CMAKE_PREFIX_PATH=${CMAKE_PREFIX_PATH}:/home/taylor/Buddy_Bot/buddybot/ros2_workspace/install/tfmini_s:/home/taylor/ros2_iron/install/rqt_bag_plugins:/home/taylor/ros2_iron/install/rqt_bag:/home/taylor/ros2_iron/install/rosbag2_examples_py:/home/taylor/ros2_iron/install/launch_testing_examples:/home/taylor/ros2_iron/install/ros2bag:/home/taylor/ros2_iron/install/tracetools_test:/home/taylor/ros2_iron/install/tracetools_launch:/home/taylor/ros2_iron/install/topic_monitor:/home/taylor/ros2_iron/install/tf2_tools:/home/taylor/ros2_iron/install/examples_tf2_py:/home/taylor/ros2_iron/install/tf2_ros_py:/home/taylor/ros2_iron/install/examples_rclpy_pointcloud_publisher:/home/taylor/ros2_iron/install/sensor_msgs_py:/home/taylor/ros2_iron/install/quality_of_service_demo_py:/home/taylor/ros2_iron/install/rqt_plot:/home/taylor/ros2_iron/install/ros2doctor:/home/taylor/ros2_iron/install/lifecycle_py:/home/taylor/ros2_iron/install/examples_rclpy_minimal_subscriber:/home/taylor/ros2_iron/install/examples_rclpy_minimal_service:/home/taylor/ros2_iron/install/examples_rclpy_minimal_publisher:/home/taylor/ros2_iron/install/examples_rclpy_minimal_client:/home/taylor/ros2_iron/install/examples_rclpy_executors:/home/taylor/ros2_iron/install/demo_nodes_py:/home/taylor/ros2_iron/install/rqt:/home/taylor/ros2_iron/install/ros2component:/home/taylor/ros2_iron/install/sros2:/home/taylor/ros2_iron/install/rqt_topic:/home/taylor/ros2_iron/install/rqt_srv:/home/taylor/ros2_iron/install/rqt_shell:/home/taylor/ros2_iron/install/rqt_service_caller:/home/taylor/ros2_iron/install/rqt_reconfigure:/home/taylor/ros2_iron/install/rqt_py_console:/home/taylor/ros2_iron/install/rqt_publisher:/home/taylor/ros2_iron/install/rqt_action:/home/taylor/ros2_iron/install/rqt_msg:/home/taylor/ros2_iron/install/rqt_console:/home/taylor/ros2_iron/install/rqt_graph:/home/taylor/ros2_iron/install/rqt_gui_py:/home/taylor/ros2_iron/install/rqt_gui:/home/taylor/ros2_iron/install/ros2trace:/home/taylor/ros2_iron/install/ros2topic:/home/taylor/ros2_iron/install/ros2test:/home/taylor/ros2_iron/install/ros2param:/home/taylor/ros2_iron/install/ros2lifecycle:/home/taylor/ros2_iron/install/ros2service:/home/taylor/ros2_iron/install/ros2run:/home/taylor/ros2_iron/install/ros2launch:/home/taylor/ros2_iron/install/ros2pkg:/home/taylor/ros2_iron/install/ros2node:/home/taylor/ros2_iron/install/ros2multicast:/home/taylor/ros2_iron/install/ros2interface:/home/taylor/ros2_iron/install/ros2action:/home/taylor/ros2_iron/install/ros2cli:/home/taylor/ros2_iron/install/launch_testing_ros:/home/taylor/ros2_iron/install/launch_ros:/home/taylor/ros2_iron/install/examples_rclpy_minimal_action_server:/home/taylor/ros2_iron/install/examples_rclpy_minimal_action_client:/home/taylor/ros2_iron/install/examples_rclpy_guard_conditions:/home/taylor/ros2_iron/install/action_tutorials_py:/home/taylor/ros2_iron/install/ament_uncrustify:/home/taylor/ros2_iron/install/tracetools_trace:/home/taylor/ros2_iron/install/tracetools_read:/home/taylor/ros2_iron/install/test_tracetools_launch:/home/taylor/ros2_iron/install/test_ros2trace:/home/taylor/ros2_iron/install/test_launch_ros:/home/taylor/ros2_iron/install/rpyutils:/home/taylor/ros2_iron/install/rosidl_runtime_py:/home/taylor/ros2_iron/install/rosidl_pycommon:/home/taylor/ros2_iron/install/rosidl_cli:/home/taylor/ros2_iron/install/launch_pytest:/home/taylor/ros2_iron/install/launch_testing:/home/taylor/ros2_iron/install/launch_yaml:/home/taylor/ros2_iron/install/launch_xml:/home/taylor/ros2_iron/install/launch:/home/taylor/ros2_iron/install/osrf_pycommon:/home/taylor/ros2_iron/install/domain_coordinator:/home/taylor/ros2_iron/install/ament_xmllint:/home/taylor/ros2_iron/install/ament_pyflakes:/home/taylor/ros2_iron/install/ament_pycodestyle:/home/taylor/ros2_iron/install/ament_pep257:/home/taylor/ros2_iron/install/ament_pclint:/home/taylor/ros2_iron/install/ament_package:/home/taylor/ros2_iron/install/ament_mypy:/home/taylor/ros2_iron/install/ament_lint_cmake:/home/taylor/ros2_iron/install/ament_flake8:/home/taylor/ros2_iron/install/ament_copyright:/home/taylor/ros2_iron/install/ament_lint:/home/taylor/ros2_iron/install/ament_index_python:/home/taylor/ros2_iron/install/ament_cpplint:/home/taylor/ros2_iron/install/ament_cppcheck:/home/taylor/ros2_iron/install/ament_clang_tidy:/home/taylor/ros2_iron/install/ament_clang_format /usr/bin/cmake --build /home/taylor/Buddy_Bot/buddybot/ros2_workspace/build/move_bot -- -j4 -l4
[37.405s] Invoking command in '/home/taylor/Buddy_Bot/buddybot/ros2_workspace/build/move_bot': CMAKE_PREFIX_PATH=${CMAKE_PREFIX_PATH}:/home/taylor/Buddy_Bot/buddybot/ros2_workspace/install/tfmini_s:/home/taylor/ros2_iron/install/rqt_bag_plugins:/home/taylor/ros2_iron/install/rqt_bag:/home/taylor/ros2_iron/install/rosbag2_examples_py:/home/taylor/ros2_iron/install/launch_testing_examples:/home/taylor/ros2_iron/install/ros2bag:/home/taylor/ros2_iron/install/tracetools_test:/home/taylor/ros2_iron/install/tracetools_launch:/home/taylor/ros2_iron/install/topic_monitor:/home/taylor/ros2_iron/install/tf2_tools:/home/taylor/ros2_iron/install/examples_tf2_py:/home/taylor/ros2_iron/install/tf2_ros_py:/home/taylor/ros2_iron/install/examples_rclpy_pointcloud_publisher:/home/taylor/ros2_iron/install/sensor_msgs_py:/home/taylor/ros2_iron/install/quality_of_service_demo_py:/home/taylor/ros2_iron/install/rqt_plot:/home/taylor/ros2_iron/install/ros2doctor:/home/taylor/ros2_iron/install/lifecycle_py:/home/taylor/ros2_iron/install/examples_rclpy_minimal_subscriber:/home/taylor/ros2_iron/install/examples_rclpy_minimal_service:/home/taylor/ros2_iron/install/examples_rclpy_minimal_publisher:/home/taylor/ros2_iron/install/examples_rclpy_minimal_client:/home/taylor/ros2_iron/install/examples_rclpy_executors:/home/taylor/ros2_iron/install/demo_nodes_py:/home/taylor/ros2_iron/install/rqt:/home/taylor/ros2_iron/install/ros2component:/home/taylor/ros2_iron/install/sros2:/home/taylor/ros2_iron/install/rqt_topic:/home/taylor/ros2_iron/install/rqt_srv:/home/taylor/ros2_iron/install/rqt_shell:/home/taylor/ros2_iron/install/rqt_service_caller:/home/taylor/ros2_iron/install/rqt_reconfigure:/home/taylor/ros2_iron/install/rqt_py_console:/home/taylor/ros2_iron/install/rqt_publisher:/home/taylor/ros2_iron/install/rqt_action:/home/taylor/ros2_iron/install/rqt_msg:/home/taylor/ros2_iron/install/rqt_console:/home/taylor/ros2_iron/install/rqt_graph:/home/taylor/ros2_iron/install/rqt_gui_py:/home/taylor/ros2_iron/install/rqt_gui:/home/taylor/ros2_iron/install/ros2trace:/home/taylor/ros2_iron/install/ros2topic:/home/taylor/ros2_iron/install/ros2test:/home/taylor/ros2_iron/install/ros2param:/home/taylor/ros2_iron/install/ros2lifecycle:/home/taylor/ros2_iron/install/ros2service:/home/taylor/ros2_iron/install/ros2run:/home/taylor/ros2_iron/install/ros2launch:/home/taylor/ros2_iron/install/ros2pkg:/home/taylor/ros2_iron/install/ros2node:/home/taylor/ros2_iron/install/ros2multicast:/home/taylor/ros2_iron/install/ros2interface:/home/taylor/ros2_iron/install/ros2action:/home/taylor/ros2_iron/install/ros2cli:/home/taylor/ros2_iron/install/launch_testing_ros:/home/taylor/ros2_iron/install/launch_ros:/home/taylor/ros2_iron/install/examples_rclpy_minimal_action_server:/home/taylor/ros2_iron/install/examples_rclpy_minimal_action_client:/home/taylor/ros2_iron/install/examples_rclpy_guard_conditions:/home/taylor/ros2_iron/install/action_tutorials_py:/home/taylor/ros2_iron/install/ament_uncrustify:/home/taylor/ros2_iron/install/tracetools_trace:/home/taylor/ros2_iron/install/tracetools_read:/home/taylor/ros2_iron/install/test_tracetools_launch:/home/taylor/ros2_iron/install/test_ros2trace:/home/taylor/ros2_iron/install/test_launch_ros:/home/taylor/ros2_iron/install/rpyutils:/home/taylor/ros2_iron/install/rosidl_runtime_py:/home/taylor/ros2_iron/install/rosidl_pycommon:/home/taylor/ros2_iron/install/rosidl_cli:/home/taylor/ros2_iron/install/launch_pytest:/home/taylor/ros2_iron/install/launch_testing:/home/taylor/ros2_iron/install/launch_yaml:/home/taylor/ros2_iron/install/launch_xml:/home/taylor/ros2_iron/install/launch:/home/taylor/ros2_iron/install/osrf_pycommon:/home/taylor/ros2_iron/install/domain_coordinator:/home/taylor/ros2_iron/install/ament_xmllint:/home/taylor/ros2_iron/install/ament_pyflakes:/home/taylor/ros2_iron/install/ament_pycodestyle:/home/taylor/ros2_iron/install/ament_pep257:/home/taylor/ros2_iron/install/ament_pclint:/home/taylor/ros2_iron/install/ament_package:/home/taylor/ros2_iron/install/ament_mypy:/home/taylor/ros2_iron/install/ament_lint_cmake:/home/taylor/ros2_iron/install/ament_flake8:/home/taylor/ros2_iron/install/ament_copyright:/home/taylor/ros2_iron/install/ament_lint:/home/taylor/ros2_iron/install/ament_index_python:/home/taylor/ros2_iron/install/ament_cpplint:/home/taylor/ros2_iron/install/ament_cppcheck:/home/taylor/ros2_iron/install/ament_clang_tidy:/home/taylor/ros2_iron/install/ament_clang_format /usr/bin/cmake --install /home/taylor/Buddy_Bot/buddybot/ros2_workspace/build/move_bot
[37.446s] -- Install configuration: ""
[37.446s] -- Execute custom install script
[37.446s] -- Symlinking: /home/taylor/Buddy_Bot/buddybot/ros2_workspace/install/move_bot/share/ament_index/resource_index/rosidl_interfaces/move_bot
[37.488s] -- Symlinking: /home/taylor/Buddy_Bot/buddybot/ros2_workspace/install/move_bot/share/move_bot/msg/Movement.json
[37.516s] -- Symlinking: /home/taylor/Buddy_Bot/buddybot/ros2_workspace/install/move_bot/include/move_bot/move_bot/msg/detail/movement__functions.h
[37.558s] -- Symlinking: /home/taylor/Buddy_Bot/buddybot/ros2_workspace/install/move_bot/include/move_bot/move_bot/msg/detail/movement__struct.h
[37.601s] -- Symlinking: /home/taylor/Buddy_Bot/buddybot/ros2_workspace/install/move_bot/include/move_bot/move_bot/msg/detail/movement__type_support.h
[37.653s] -- Symlinking: /home/taylor/Buddy_Bot/buddybot/ros2_workspace/install/move_bot/include/move_bot/move_bot/msg/movement.h
[37.695s] -- Symlinking: /home/taylor/Buddy_Bot/buddybot/ros2_workspace/install/move_bot/include/move_bot/move_bot/msg/rosidl_generator_c__visibility_control.h
[37.728s] -- Symlinking: /home/taylor/Buddy_Bot/buddybot/ros2_workspace/install/move_bot/share/move_bot/environment/library_path.sh
[37.771s] -- Symlinking: /home/taylor/Buddy_Bot/buddybot/ros2_workspace/install/move_bot/share/move_bot/environment/library_path.dsv
[37.812s] -- Symlinking: /home/taylor/Buddy_Bot/buddybot/ros2_workspace/install/move_bot/include/move_bot/move_bot/msg/detail/movement__rosidl_typesupport_fastrtps_c.h
[37.865s] -- Symlinking: /home/taylor/Buddy_Bot/buddybot/ros2_workspace/install/move_bot/include/move_bot/move_bot/msg/rosidl_typesupport_fastrtps_c__visibility_control.h
[37.926s] -- Symlinking: /home/taylor/Buddy_Bot/buddybot/ros2_workspace/install/move_bot/include/move_bot/move_bot/msg/detail/movement__builder.hpp
[37.965s] -- Symlinking: /home/taylor/Buddy_Bot/buddybot/ros2_workspace/install/move_bot/include/move_bot/move_bot/msg/detail/movement__struct.hpp
[38.000s] -- Symlinking: /home/taylor/Buddy_Bot/buddybot/ros2_workspace/install/move_bot/include/move_bot/move_bot/msg/detail/movement__traits.hpp
[38.047s] -- Symlinking: /home/taylor/Buddy_Bot/buddybot/ros2_workspace/install/move_bot/include/move_bot/move_bot/msg/movement.hpp
[38.099s] -- Symlinking: /home/taylor/Buddy_Bot/buddybot/ros2_workspace/install/move_bot/include/move_bot/move_bot/msg/detail/movement__rosidl_typesupport_fastrtps_cpp.hpp
[38.138s] -- Symlinking: /home/taylor/Buddy_Bot/buddybot/ros2_workspace/install/move_bot/include/move_bot/move_bot/msg/rosidl_typesupport_fastrtps_cpp__visibility_control.h
[38.182s] -- Symlinking: /home/taylor/Buddy_Bot/buddybot/ros2_workspace/install/move_bot/include/move_bot/move_bot/msg/detail/movement__rosidl_typesupport_introspection_c.h
[38.211s] -- Symlinking: /home/taylor/Buddy_Bot/buddybot/ros2_workspace/install/move_bot/include/move_bot/move_bot/msg/rosidl_typesupport_introspection_c__visibility_control.h
[38.240s] -- Symlinking: /home/taylor/Buddy_Bot/buddybot/ros2_workspace/install/move_bot/include/move_bot/move_bot/msg/detail/movement__rosidl_typesupport_introspection_cpp.hpp
[38.282s] -- Symlinking: /home/taylor/Buddy_Bot/buddybot/ros2_workspace/install/move_bot/share/move_bot/environment/pythonpath.sh
[38.333s] -- Symlinking: /home/taylor/Buddy_Bot/buddybot/ros2_workspace/install/move_bot/share/move_bot/environment/pythonpath.dsv
[38.368s] -- Symlinking: /home/taylor/Buddy_Bot/buddybot/ros2_workspace/install/move_bot/lib/python3.11/site-packages/move_bot-0.0.0-py3.11.egg-info/PKG-INFO
[38.413s] -- Symlinking: /home/taylor/Buddy_Bot/buddybot/ros2_workspace/install/move_bot/lib/python3.11/site-packages/move_bot-0.0.0-py3.11.egg-info/SOURCES.txt
[38.458s] -- Symlinking: /home/taylor/Buddy_Bot/buddybot/ros2_workspace/install/move_bot/lib/python3.11/site-packages/move_bot-0.0.0-py3.11.egg-info/dependency_links.txt
[38.508s] -- Symlinking: /home/taylor/Buddy_Bot/buddybot/ros2_workspace/install/move_bot/lib/python3.11/site-packages/move_bot-0.0.0-py3.11.egg-info/top_level.txt
[38.543s] -- Symlinking: /home/taylor/Buddy_Bot/buddybot/ros2_workspace/install/move_bot/lib/python3.11/site-packages/move_bot/__init__.py
[38.600s] -- Symlinking: /home/taylor/Buddy_Bot/buddybot/ros2_workspace/install/move_bot/lib/python3.11/site-packages/move_bot/_move_bot_s.ep.rosidl_typesupport_c.c
[38.644s] -- Symlinking: /home/taylor/Buddy_Bot/buddybot/ros2_workspace/install/move_bot/lib/python3.11/site-packages/move_bot/_move_bot_s.ep.rosidl_typesupport_fastrtps_c.c
[38.671s] -- Symlinking: /home/taylor/Buddy_Bot/buddybot/ros2_workspace/install/move_bot/lib/python3.11/site-packages/move_bot/_move_bot_s.ep.rosidl_typesupport_introspection_c.c
[38.720s] -- Symlinking: /home/taylor/Buddy_Bot/buddybot/ros2_workspace/install/move_bot/lib/python3.11/site-packages/move_bot/libmove_bot__rosidl_generator_py.so
[38.779s] -- Symlinking: /home/taylor/Buddy_Bot/buddybot/ros2_workspace/install/move_bot/lib/python3.11/site-packages/move_bot/move_bot_s__rosidl_typesupport_c.cpython-311-aarch64-linux-gnu.so
[38.808s] -- Symlinking: /home/taylor/Buddy_Bot/buddybot/ros2_workspace/install/move_bot/lib/python3.11/site-packages/move_bot/move_bot_s__rosidl_typesupport_fastrtps_c.cpython-311-aarch64-linux-gnu.so
[38.845s] -- Symlinking: /home/taylor/Buddy_Bot/buddybot/ros2_workspace/install/move_bot/lib/python3.11/site-packages/move_bot/move_bot_s__rosidl_typesupport_introspection_c.cpython-311-aarch64-linux-gnu.so
[38.904s] -- Symlinking: /home/taylor/Buddy_Bot/buddybot/ros2_workspace/install/move_bot/lib/python3.11/site-packages/move_bot/msg/__init__.py
[38.956s] -- Symlinking: /home/taylor/Buddy_Bot/buddybot/ros2_workspace/install/move_bot/lib/python3.11/site-packages/move_bot/msg/_movement.py
[38.994s] -- Symlinking: /home/taylor/Buddy_Bot/buddybot/ros2_workspace/install/move_bot/lib/python3.11/site-packages/move_bot/msg/_movement_s.c
[39.048s] -- Up-to-date symlink: /home/taylor/Buddy_Bot/buddybot/ros2_workspace/install/move_bot/lib/python3.11/site-packages/move_bot/move_bot_s__rosidl_typesupport_introspection_c.cpython-311-aarch64-linux-gnu.so
[39.048s] -- Up-to-date symlink: /home/taylor/Buddy_Bot/buddybot/ros2_workspace/install/move_bot/lib/python3.11/site-packages/move_bot/move_bot_s__rosidl_typesupport_fastrtps_c.cpython-311-aarch64-linux-gnu.so
[39.049s] -- Up-to-date symlink: /home/taylor/Buddy_Bot/buddybot/ros2_workspace/install/move_bot/lib/python3.11/site-packages/move_bot/move_bot_s__rosidl_typesupport_c.cpython-311-aarch64-linux-gnu.so
[39.049s] -- Symlinking: /home/taylor/Buddy_Bot/buddybot/ros2_workspace/install/move_bot/share/move_bot/msg/Movement.idl
[39.087s] -- Symlinking: /home/taylor/Buddy_Bot/buddybot/ros2_workspace/install/move_bot/share/move_bot/msg/Movement.msg
[39.140s] -- Symlinking: /home/taylor/Buddy_Bot/buddybot/ros2_workspace/install/move_bot/lib/move_bot/move_node
[39.163s] -- Symlinking: /home/taylor/Buddy_Bot/buddybot/ros2_workspace/install/move_bot/share/ament_index/resource_index/package_run_dependencies/move_bot
[39.217s] -- Symlinking: /home/taylor/Buddy_Bot/buddybot/ros2_workspace/install/move_bot/share/ament_index/resource_index/parent_prefix_path/move_bot
[39.256s] -- Symlinking: /home/taylor/Buddy_Bot/buddybot/ros2_workspace/install/move_bot/share/move_bot/environment/ament_prefix_path.sh
[39.295s] -- Symlinking: /home/taylor/Buddy_Bot/buddybot/ros2_workspace/install/move_bot/share/move_bot/environment/ament_prefix_path.dsv
[39.350s] -- Symlinking: /home/taylor/Buddy_Bot/buddybot/ros2_workspace/install/move_bot/share/move_bot/environment/path.sh
[39.416s] -- Symlinking: /home/taylor/Buddy_Bot/buddybot/ros2_workspace/install/move_bot/share/move_bot/environment/path.dsv
[39.456s] -- Symlinking: /home/taylor/Buddy_Bot/buddybot/ros2_workspace/install/move_bot/share/move_bot/local_setup.bash
[39.494s] -- Symlinking: /home/taylor/Buddy_Bot/buddybot/ros2_workspace/install/move_bot/share/move_bot/local_setup.sh
[39.548s] -- Symlinking: /home/taylor/Buddy_Bot/buddybot/ros2_workspace/install/move_bot/share/move_bot/local_setup.zsh
[39.593s] -- Symlinking: /home/taylor/Buddy_Bot/buddybot/ros2_workspace/install/move_bot/share/move_bot/local_setup.dsv
[39.660s] -- Symlinking: /home/taylor/Buddy_Bot/buddybot/ros2_workspace/install/move_bot/share/move_bot/package.dsv
[39.688s] -- Symlinking: /home/taylor/Buddy_Bot/buddybot/ros2_workspace/install/move_bot/share/ament_index/resource_index/packages/move_bot
[39.715s] -- Symlinking: /home/taylor/Buddy_Bot/buddybot/ros2_workspace/install/move_bot/share/move_bot/cmake/rosidl_cmake-extras.cmake
[39.754s] -- Symlinking: /home/taylor/Buddy_Bot/buddybot/ros2_workspace/install/move_bot/share/move_bot/cmake/ament_cmake_export_include_directories-extras.cmake
[39.797s] -- Symlinking: /home/taylor/Buddy_Bot/buddybot/ros2_workspace/install/move_bot/share/move_bot/cmake/ament_cmake_export_libraries-extras.cmake
[39.839s] -- Symlinking: /home/taylor/Buddy_Bot/buddybot/ros2_workspace/install/move_bot/share/move_bot/cmake/ament_cmake_export_targets-extras.cmake
[39.880s] -- Symlinking: /home/taylor/Buddy_Bot/buddybot/ros2_workspace/install/move_bot/share/move_bot/cmake/rosidl_cmake_export_typesupport_targets-extras.cmake
[39.911s] -- Symlinking: /home/taylor/Buddy_Bot/buddybot/ros2_workspace/install/move_bot/share/move_bot/cmake/ament_cmake_export_dependencies-extras.cmake
[39.952s] -- Symlinking: /home/taylor/Buddy_Bot/buddybot/ros2_workspace/install/move_bot/share/move_bot/cmake/rosidl_cmake_export_typesupport_libraries-extras.cmake
[40.002s] -- Symlinking: /home/taylor/Buddy_Bot/buddybot/ros2_workspace/install/move_bot/share/move_bot/cmake/move_botConfig.cmake
[40.062s] -- Symlinking: /home/taylor/Buddy_Bot/buddybot/ros2_workspace/install/move_bot/share/move_bot/cmake/move_botConfig-version.cmake
[40.127s] -- Symlinking: /home/taylor/Buddy_Bot/buddybot/ros2_workspace/install/move_bot/share/move_bot/package.xml
[40.190s] -- Installing: /home/taylor/Buddy_Bot/buddybot/ros2_workspace/install/move_bot/lib/libmove_bot__rosidl_generator_c.so
[40.193s] -- Set runtime path of "/home/taylor/Buddy_Bot/buddybot/ros2_workspace/install/move_bot/lib/libmove_bot__rosidl_generator_c.so" to ""
[40.193s] -- Installing: /home/taylor/Buddy_Bot/buddybot/ros2_workspace/install/move_bot/lib/libmove_bot__rosidl_typesupport_fastrtps_c.so
[40.194s] -- Set runtime path of "/home/taylor/Buddy_Bot/buddybot/ros2_workspace/install/move_bot/lib/libmove_bot__rosidl_typesupport_fastrtps_c.so" to ""
[40.195s] -- Installing: /home/taylor/Buddy_Bot/buddybot/ros2_workspace/install/move_bot/lib/libmove_bot__rosidl_typesupport_fastrtps_cpp.so
[40.200s] -- Set runtime path of "/home/taylor/Buddy_Bot/buddybot/ros2_workspace/install/move_bot/lib/libmove_bot__rosidl_typesupport_fastrtps_cpp.so" to ""
[40.207s] -- Installing: /home/taylor/Buddy_Bot/buddybot/ros2_workspace/install/move_bot/lib/libmove_bot__rosidl_typesupport_introspection_c.so
[40.207s] -- Set runtime path of "/home/taylor/Buddy_Bot/buddybot/ros2_workspace/install/move_bot/lib/libmove_bot__rosidl_typesupport_introspection_c.so" to ""
[40.207s] -- Installing: /home/taylor/Buddy_Bot/buddybot/ros2_workspace/install/move_bot/lib/libmove_bot__rosidl_typesupport_c.so
[40.207s] -- Set runtime path of "/home/taylor/Buddy_Bot/buddybot/ros2_workspace/install/move_bot/lib/libmove_bot__rosidl_typesupport_c.so" to ""
[40.207s] -- Installing: /home/taylor/Buddy_Bot/buddybot/ros2_workspace/install/move_bot/lib/libmove_bot__rosidl_typesupport_introspection_cpp.so
[40.210s] -- Set runtime path of "/home/taylor/Buddy_Bot/buddybot/ros2_workspace/install/move_bot/lib/libmove_bot__rosidl_typesupport_introspection_cpp.so" to ""
[40.210s] -- Installing: /home/taylor/Buddy_Bot/buddybot/ros2_workspace/install/move_bot/lib/libmove_bot__rosidl_typesupport_cpp.so
[40.210s] -- Set runtime path of "/home/taylor/Buddy_Bot/buddybot/ros2_workspace/install/move_bot/lib/libmove_bot__rosidl_typesupport_cpp.so" to ""
[40.506s] Listing '/home/taylor/Buddy_Bot/buddybot/ros2_workspace/install/move_bot/lib/python3.11/site-packages/move_bot'...
[40.506s] Compiling '/home/taylor/Buddy_Bot/buddybot/ros2_workspace/install/move_bot/lib/python3.11/site-packages/move_bot/__init__.py'...
[40.506s] Listing '/home/taylor/Buddy_Bot/buddybot/ros2_workspace/install/move_bot/lib/python3.11/site-packages/move_bot/msg'...
[40.506s] Compiling '/home/taylor/Buddy_Bot/buddybot/ros2_workspace/install/move_bot/lib/python3.11/site-packages/move_bot/msg/__init__.py'...
[40.506s] Compiling '/home/taylor/Buddy_Bot/buddybot/ros2_workspace/install/move_bot/lib/python3.11/site-packages/move_bot/msg/_movement.py'...
[40.528s] -- Installing: /home/taylor/Buddy_Bot/buddybot/ros2_workspace/install/move_bot/lib/libmove_bot__rosidl_generator_py.so
[40.529s] -- Set runtime path of "/home/taylor/Buddy_Bot/buddybot/ros2_workspace/install/move_bot/lib/libmove_bot__rosidl_generator_py.so" to ""
[40.529s] -- Installing: /home/taylor/Buddy_Bot/buddybot/ros2_workspace/install/move_bot/share/move_bot/cmake/export_move_bot__rosidl_generator_cExport.cmake
[40.534s] -- Installing: /home/taylor/Buddy_Bot/buddybot/ros2_workspace/install/move_bot/share/move_bot/cmake/export_move_bot__rosidl_generator_cExport-noconfig.cmake
[40.534s] -- Installing: /home/taylor/Buddy_Bot/buddybot/ros2_workspace/install/move_bot/share/move_bot/cmake/export_move_bot__rosidl_typesupport_fastrtps_cExport.cmake
[40.534s] -- Installing: /home/taylor/Buddy_Bot/buddybot/ros2_workspace/install/move_bot/share/move_bot/cmake/export_move_bot__rosidl_typesupport_fastrtps_cExport-noconfig.cmake
[40.535s] -- Installing: /home/taylor/Buddy_Bot/buddybot/ros2_workspace/install/move_bot/share/move_bot/cmake/export_move_bot__rosidl_generator_cppExport.cmake
[40.535s] -- Installing: /home/taylor/Buddy_Bot/buddybot/ros2_workspace/install/move_bot/share/move_bot/cmake/export_move_bot__rosidl_typesupport_fastrtps_cppExport.cmake
[40.535s] -- Installing: /home/taylor/Buddy_Bot/buddybot/ros2_workspace/install/move_bot/share/move_bot/cmake/export_move_bot__rosidl_typesupport_fastrtps_cppExport-noconfig.cmake
[40.535s] -- Installing: /home/taylor/Buddy_Bot/buddybot/ros2_workspace/install/move_bot/share/move_bot/cmake/move_bot__rosidl_typesupport_introspection_cExport.cmake
[40.538s] -- Installing: /home/taylor/Buddy_Bot/buddybot/ros2_workspace/install/move_bot/share/move_bot/cmake/move_bot__rosidl_typesupport_introspection_cExport-noconfig.cmake
[40.539s] -- Installing: /home/taylor/Buddy_Bot/buddybot/ros2_workspace/install/move_bot/share/move_bot/cmake/move_bot__rosidl_typesupport_cExport.cmake
[40.539s] -- Installing: /home/taylor/Buddy_Bot/buddybot/ros2_workspace/install/move_bot/share/move_bot/cmake/move_bot__rosidl_typesupport_cExport-noconfig.cmake
[40.539s] -- Installing: /home/taylor/Buddy_Bot/buddybot/ros2_workspace/install/move_bot/share/move_bot/cmake/move_bot__rosidl_typesupport_introspection_cppExport.cmake
[40.540s] -- Installing: /home/taylor/Buddy_Bot/buddybot/ros2_workspace/install/move_bot/share/move_bot/cmake/move_bot__rosidl_typesupport_introspection_cppExport-noconfig.cmake
[40.548s] -- Installing: /home/taylor/Buddy_Bot/buddybot/ros2_workspace/install/move_bot/share/move_bot/cmake/move_bot__rosidl_typesupport_cppExport.cmake
[40.551s] -- Installing: /home/taylor/Buddy_Bot/buddybot/ros2_workspace/install/move_bot/share/move_bot/cmake/move_bot__rosidl_typesupport_cppExport-noconfig.cmake
[40.551s] -- Installing: /home/taylor/Buddy_Bot/buddybot/ros2_workspace/install/move_bot/share/move_bot/cmake/export_move_bot__rosidl_generator_pyExport.cmake
[40.551s] -- Installing: /home/taylor/Buddy_Bot/buddybot/ros2_workspace/install/move_bot/share/move_bot/cmake/export_move_bot__rosidl_generator_pyExport-noconfig.cmake
[40.551s] Invoked command in '/home/taylor/Buddy_Bot/buddybot/ros2_workspace/build/move_bot' returned '0': CMAKE_PREFIX_PATH=${CMAKE_PREFIX_PATH}:/home/taylor/Buddy_Bot/buddybot/ros2_workspace/install/tfmini_s:/home/taylor/ros2_iron/install/rqt_bag_plugins:/home/taylor/ros2_iron/install/rqt_bag:/home/taylor/ros2_iron/install/rosbag2_examples_py:/home/taylor/ros2_iron/install/launch_testing_examples:/home/taylor/ros2_iron/install/ros2bag:/home/taylor/ros2_iron/install/tracetools_test:/home/taylor/ros2_iron/install/tracetools_launch:/home/taylor/ros2_iron/install/topic_monitor:/home/taylor/ros2_iron/install/tf2_tools:/home/taylor/ros2_iron/install/examples_tf2_py:/home/taylor/ros2_iron/install/tf2_ros_py:/home/taylor/ros2_iron/install/examples_rclpy_pointcloud_publisher:/home/taylor/ros2_iron/install/sensor_msgs_py:/home/taylor/ros2_iron/install/quality_of_service_demo_py:/home/taylor/ros2_iron/install/rqt_plot:/home/taylor/ros2_iron/install/ros2doctor:/home/taylor/ros2_iron/install/lifecycle_py:/home/taylor/ros2_iron/install/examples_rclpy_minimal_subscriber:/home/taylor/ros2_iron/install/examples_rclpy_minimal_service:/home/taylor/ros2_iron/install/examples_rclpy_minimal_publisher:/home/taylor/ros2_iron/install/examples_rclpy_minimal_client:/home/taylor/ros2_iron/install/examples_rclpy_executors:/home/taylor/ros2_iron/install/demo_nodes_py:/home/taylor/ros2_iron/install/rqt:/home/taylor/ros2_iron/install/ros2component:/home/taylor/ros2_iron/install/sros2:/home/taylor/ros2_iron/install/rqt_topic:/home/taylor/ros2_iron/install/rqt_srv:/home/taylor/ros2_iron/install/rqt_shell:/home/taylor/ros2_iron/install/rqt_service_caller:/home/taylor/ros2_iron/install/rqt_reconfigure:/home/taylor/ros2_iron/install/rqt_py_console:/home/taylor/ros2_iron/install/rqt_publisher:/home/taylor/ros2_iron/install/rqt_action:/home/taylor/ros2_iron/install/rqt_msg:/home/taylor/ros2_iron/install/rqt_console:/home/taylor/ros2_iron/install/rqt_graph:/home/taylor/ros2_iron/install/rqt_gui_py:/home/taylor/ros2_iron/install/rqt_gui:/home/taylor/ros2_iron/install/ros2trace:/home/taylor/ros2_iron/install/ros2topic:/home/taylor/ros2_iron/install/ros2test:/home/taylor/ros2_iron/install/ros2param:/home/taylor/ros2_iron/install/ros2lifecycle:/home/taylor/ros2_iron/install/ros2service:/home/taylor/ros2_iron/install/ros2run:/home/taylor/ros2_iron/install/ros2launch:/home/taylor/ros2_iron/install/ros2pkg:/home/taylor/ros2_iron/install/ros2node:/home/taylor/ros2_iron/install/ros2multicast:/home/taylor/ros2_iron/install/ros2interface:/home/taylor/ros2_iron/install/ros2action:/home/taylor/ros2_iron/install/ros2cli:/home/taylor/ros2_iron/install/launch_testing_ros:/home/taylor/ros2_iron/install/launch_ros:/home/taylor/ros2_iron/install/examples_rclpy_minimal_action_server:/home/taylor/ros2_iron/install/examples_rclpy_minimal_action_client:/home/taylor/ros2_iron/install/examples_rclpy_guard_conditions:/home/taylor/ros2_iron/install/action_tutorials_py:/home/taylor/ros2_iron/install/ament_uncrustify:/home/taylor/ros2_iron/install/tracetools_trace:/home/taylor/ros2_iron/install/tracetools_read:/home/taylor/ros2_iron/install/test_tracetools_launch:/home/taylor/ros2_iron/install/test_ros2trace:/home/taylor/ros2_iron/install/test_launch_ros:/home/taylor/ros2_iron/install/rpyutils:/home/taylor/ros2_iron/install/rosidl_runtime_py:/home/taylor/ros2_iron/install/rosidl_pycommon:/home/taylor/ros2_iron/install/rosidl_cli:/home/taylor/ros2_iron/install/launch_pytest:/home/taylor/ros2_iron/install/launch_testing:/home/taylor/ros2_iron/install/launch_yaml:/home/taylor/ros2_iron/install/launch_xml:/home/taylor/ros2_iron/install/launch:/home/taylor/ros2_iron/install/osrf_pycommon:/home/taylor/ros2_iron/install/domain_coordinator:/home/taylor/ros2_iron/install/ament_xmllint:/home/taylor/ros2_iron/install/ament_pyflakes:/home/taylor/ros2_iron/install/ament_pycodestyle:/home/taylor/ros2_iron/install/ament_pep257:/home/taylor/ros2_iron/install/ament_pclint:/home/taylor/ros2_iron/install/ament_package:/home/taylor/ros2_iron/install/ament_mypy:/home/taylor/ros2_iron/install/ament_lint_cmake:/home/taylor/ros2_iron/install/ament_flake8:/home/taylor/ros2_iron/install/ament_copyright:/home/taylor/ros2_iron/install/ament_lint:/home/taylor/ros2_iron/install/ament_index_python:/home/taylor/ros2_iron/install/ament_cpplint:/home/taylor/ros2_iron/install/ament_cppcheck:/home/taylor/ros2_iron/install/ament_clang_tidy:/home/taylor/ros2_iron/install/ament_clang_format /usr/bin/cmake --install /home/taylor/Buddy_Bot/buddybot/ros2_workspace/build/move_bot
