[0.076s] Invoking command in '/home/taylor/Buddy_Bot/buddybot/ros2_workspace/src/build/move_bot': CMAKE_PREFIX_PATH=${CMAKE_PREFIX_PATH}:/home/taylor/ros2_iron/install/rqt_bag_plugins:/home/taylor/ros2_iron/install/rqt_bag:/home/taylor/ros2_iron/install/rosbag2_examples_py:/home/taylor/ros2_iron/install/launch_testing_examples:/home/taylor/ros2_iron/install/ros2bag:/home/taylor/ros2_iron/install/tracetools_test:/home/taylor/ros2_iron/install/tracetools_launch:/home/taylor/ros2_iron/install/topic_monitor:/home/taylor/ros2_iron/install/tf2_tools:/home/taylor/ros2_iron/install/examples_tf2_py:/home/taylor/ros2_iron/install/tf2_ros_py:/home/taylor/ros2_iron/install/examples_rclpy_pointcloud_publisher:/home/taylor/ros2_iron/install/sensor_msgs_py:/home/taylor/ros2_iron/install/quality_of_service_demo_py:/home/taylor/ros2_iron/install/rqt_plot:/home/taylor/ros2_iron/install/ros2doctor:/home/taylor/ros2_iron/install/lifecycle_py:/home/taylor/ros2_iron/install/examples_rclpy_minimal_subscriber:/home/taylor/ros2_iron/install/examples_rclpy_minimal_service:/home/taylor/ros2_iron/install/examples_rclpy_minimal_publisher:/home/taylor/ros2_iron/install/examples_rclpy_minimal_client:/home/taylor/ros2_iron/install/examples_rclpy_executors:/home/taylor/ros2_iron/install/demo_nodes_py:/home/taylor/ros2_iron/install/rqt:/home/taylor/ros2_iron/install/ros2component:/home/taylor/ros2_iron/install/sros2:/home/taylor/ros2_iron/install/rqt_topic:/home/taylor/ros2_iron/install/rqt_srv:/home/taylor/ros2_iron/install/rqt_shell:/home/taylor/ros2_iron/install/rqt_service_caller:/home/taylor/ros2_iron/install/rqt_reconfigure:/home/taylor/ros2_iron/install/rqt_py_console:/home/taylor/ros2_iron/install/rqt_publisher:/home/taylor/ros2_iron/install/rqt_action:/home/taylor/ros2_iron/install/rqt_msg:/home/taylor/ros2_iron/install/rqt_console:/home/taylor/ros2_iron/install/rqt_graph:/home/taylor/ros2_iron/install/rqt_gui_py:/home/taylor/ros2_iron/install/rqt_gui:/home/taylor/ros2_iron/install/ros2trace:/home/taylor/ros2_iron/install/ros2topic:/home/taylor/ros2_iron/install/ros2test:/home/taylor/ros2_iron/install/ros2param:/home/taylor/ros2_iron/install/ros2lifecycle:/home/taylor/ros2_iron/install/ros2service:/home/taylor/ros2_iron/install/ros2run:/home/taylor/ros2_iron/install/ros2launch:/home/taylor/ros2_iron/install/ros2pkg:/home/taylor/ros2_iron/install/ros2node:/home/taylor/ros2_iron/install/ros2multicast:/home/taylor/ros2_iron/install/ros2interface:/home/taylor/ros2_iron/install/ros2action:/home/taylor/ros2_iron/install/ros2cli:/home/taylor/ros2_iron/install/launch_testing_ros:/home/taylor/ros2_iron/install/launch_ros:/home/taylor/ros2_iron/install/examples_rclpy_minimal_action_server:/home/taylor/ros2_iron/install/examples_rclpy_minimal_action_client:/home/taylor/ros2_iron/install/examples_rclpy_guard_conditions:/home/taylor/ros2_iron/install/action_tutorials_py:/home/taylor/ros2_iron/install/ament_uncrustify:/home/taylor/ros2_iron/install/tracetools_trace:/home/taylor/ros2_iron/install/tracetools_read:/home/taylor/ros2_iron/install/test_tracetools_launch:/home/taylor/ros2_iron/install/test_ros2trace:/home/taylor/ros2_iron/install/test_launch_ros:/home/taylor/ros2_iron/install/rpyutils:/home/taylor/ros2_iron/install/rosidl_runtime_py:/home/taylor/ros2_iron/install/rosidl_pycommon:/home/taylor/ros2_iron/install/rosidl_cli:/home/taylor/ros2_iron/install/launch_pytest:/home/taylor/ros2_iron/install/launch_testing:/home/taylor/ros2_iron/install/launch_yaml:/home/taylor/ros2_iron/install/launch_xml:/home/taylor/ros2_iron/install/launch:/home/taylor/ros2_iron/install/osrf_pycommon:/home/taylor/ros2_iron/install/domain_coordinator:/home/taylor/ros2_iron/install/ament_xmllint:/home/taylor/ros2_iron/install/ament_pyflakes:/home/taylor/ros2_iron/install/ament_pycodestyle:/home/taylor/ros2_iron/install/ament_pep257:/home/taylor/ros2_iron/install/ament_pclint:/home/taylor/ros2_iron/install/ament_package:/home/taylor/ros2_iron/install/ament_mypy:/home/taylor/ros2_iron/install/ament_lint_cmake:/home/taylor/ros2_iron/install/ament_flake8:/home/taylor/ros2_iron/install/ament_copyright:/home/taylor/ros2_iron/install/ament_lint:/home/taylor/ros2_iron/install/ament_index_python:/home/taylor/ros2_iron/install/ament_cpplint:/home/taylor/ros2_iron/install/ament_cppcheck:/home/taylor/ros2_iron/install/ament_clang_tidy:/home/taylor/ros2_iron/install/ament_clang_format /usr/bin/cmake --build /home/taylor/Buddy_Bot/buddybot/ros2_workspace/src/build/move_bot -- -j4 -l4
[0.243s] [  2%] Built target move_bot__rosidl_generator_type_description
[0.270s] [  2%] Built target ament_cmake_python_copy_move_bot
[0.308s] [  5%] Built target move_bot__cpp
[0.310s] [ 18%] Built target move_bot__rosidl_generator_c
[0.406s] [ 27%] Built target move_bot__rosidl_typesupport_fastrtps_c
[0.415s] [ 35%] Built target move_bot__rosidl_typesupport_fastrtps_cpp
[0.433s] [ 43%] Built target move_bot__rosidl_typesupport_introspection_c
[0.487s] [ 51%] Built target move_bot__rosidl_typesupport_c
[0.504s] [ 59%] Built target move_bot__rosidl_typesupport_introspection_cpp
[0.529s] [ 67%] Built target move_bot__rosidl_typesupport_cpp
[0.597s] [ 67%] Built target move_bot
[0.675s] [ 70%] Built target move_bot__py
[0.688s] [ 78%] Built target move_node
[0.743s] [ 83%] Built target move_bot__rosidl_generator_py
[0.822s] [ 89%] Built target move_bot__rosidl_typesupport_c__pyext
[0.829s] [ 94%] Built target move_bot__rosidl_typesupport_fastrtps_c__pyext
[0.852s] [100%] Built target move_bot__rosidl_typesupport_introspection_c__pyext
[1.283s] running egg_info
[1.320s] writing move_bot.egg-info/PKG-INFO
[1.321s] writing dependency_links to move_bot.egg-info/dependency_links.txt
[1.321s] writing top-level names to move_bot.egg-info/top_level.txt
[1.439s] reading manifest file 'move_bot.egg-info/SOURCES.txt'
[1.440s] writing manifest file 'move_bot.egg-info/SOURCES.txt'
[1.599s] [100%] Built target ament_cmake_python_build_move_bot_egg
[1.627s] Invoked command in '/home/taylor/Buddy_Bot/buddybot/ros2_workspace/src/build/move_bot' returned '0': CMAKE_PREFIX_PATH=${CMAKE_PREFIX_PATH}:/home/taylor/ros2_iron/install/rqt_bag_plugins:/home/taylor/ros2_iron/install/rqt_bag:/home/taylor/ros2_iron/install/rosbag2_examples_py:/home/taylor/ros2_iron/install/launch_testing_examples:/home/taylor/ros2_iron/install/ros2bag:/home/taylor/ros2_iron/install/tracetools_test:/home/taylor/ros2_iron/install/tracetools_launch:/home/taylor/ros2_iron/install/topic_monitor:/home/taylor/ros2_iron/install/tf2_tools:/home/taylor/ros2_iron/install/examples_tf2_py:/home/taylor/ros2_iron/install/tf2_ros_py:/home/taylor/ros2_iron/install/examples_rclpy_pointcloud_publisher:/home/taylor/ros2_iron/install/sensor_msgs_py:/home/taylor/ros2_iron/install/quality_of_service_demo_py:/home/taylor/ros2_iron/install/rqt_plot:/home/taylor/ros2_iron/install/ros2doctor:/home/taylor/ros2_iron/install/lifecycle_py:/home/taylor/ros2_iron/install/examples_rclpy_minimal_subscriber:/home/taylor/ros2_iron/install/examples_rclpy_minimal_service:/home/taylor/ros2_iron/install/examples_rclpy_minimal_publisher:/home/taylor/ros2_iron/install/examples_rclpy_minimal_client:/home/taylor/ros2_iron/install/examples_rclpy_executors:/home/taylor/ros2_iron/install/demo_nodes_py:/home/taylor/ros2_iron/install/rqt:/home/taylor/ros2_iron/install/ros2component:/home/taylor/ros2_iron/install/sros2:/home/taylor/ros2_iron/install/rqt_topic:/home/taylor/ros2_iron/install/rqt_srv:/home/taylor/ros2_iron/install/rqt_shell:/home/taylor/ros2_iron/install/rqt_service_caller:/home/taylor/ros2_iron/install/rqt_reconfigure:/home/taylor/ros2_iron/install/rqt_py_console:/home/taylor/ros2_iron/install/rqt_publisher:/home/taylor/ros2_iron/install/rqt_action:/home/taylor/ros2_iron/install/rqt_msg:/home/taylor/ros2_iron/install/rqt_console:/home/taylor/ros2_iron/install/rqt_graph:/home/taylor/ros2_iron/install/rqt_gui_py:/home/taylor/ros2_iron/install/rqt_gui:/home/taylor/ros2_iron/install/ros2trace:/home/taylor/ros2_iron/install/ros2topic:/home/taylor/ros2_iron/install/ros2test:/home/taylor/ros2_iron/install/ros2param:/home/taylor/ros2_iron/install/ros2lifecycle:/home/taylor/ros2_iron/install/ros2service:/home/taylor/ros2_iron/install/ros2run:/home/taylor/ros2_iron/install/ros2launch:/home/taylor/ros2_iron/install/ros2pkg:/home/taylor/ros2_iron/install/ros2node:/home/taylor/ros2_iron/install/ros2multicast:/home/taylor/ros2_iron/install/ros2interface:/home/taylor/ros2_iron/install/ros2action:/home/taylor/ros2_iron/install/ros2cli:/home/taylor/ros2_iron/install/launch_testing_ros:/home/taylor/ros2_iron/install/launch_ros:/home/taylor/ros2_iron/install/examples_rclpy_minimal_action_server:/home/taylor/ros2_iron/install/examples_rclpy_minimal_action_client:/home/taylor/ros2_iron/install/examples_rclpy_guard_conditions:/home/taylor/ros2_iron/install/action_tutorials_py:/home/taylor/ros2_iron/install/ament_uncrustify:/home/taylor/ros2_iron/install/tracetools_trace:/home/taylor/ros2_iron/install/tracetools_read:/home/taylor/ros2_iron/install/test_tracetools_launch:/home/taylor/ros2_iron/install/test_ros2trace:/home/taylor/ros2_iron/install/test_launch_ros:/home/taylor/ros2_iron/install/rpyutils:/home/taylor/ros2_iron/install/rosidl_runtime_py:/home/taylor/ros2_iron/install/rosidl_pycommon:/home/taylor/ros2_iron/install/rosidl_cli:/home/taylor/ros2_iron/install/launch_pytest:/home/taylor/ros2_iron/install/launch_testing:/home/taylor/ros2_iron/install/launch_yaml:/home/taylor/ros2_iron/install/launch_xml:/home/taylor/ros2_iron/install/launch:/home/taylor/ros2_iron/install/osrf_pycommon:/home/taylor/ros2_iron/install/domain_coordinator:/home/taylor/ros2_iron/install/ament_xmllint:/home/taylor/ros2_iron/install/ament_pyflakes:/home/taylor/ros2_iron/install/ament_pycodestyle:/home/taylor/ros2_iron/install/ament_pep257:/home/taylor/ros2_iron/install/ament_pclint:/home/taylor/ros2_iron/install/ament_package:/home/taylor/ros2_iron/install/ament_mypy:/home/taylor/ros2_iron/install/ament_lint_cmake:/home/taylor/ros2_iron/install/ament_flake8:/home/taylor/ros2_iron/install/ament_copyright:/home/taylor/ros2_iron/install/ament_lint:/home/taylor/ros2_iron/install/ament_index_python:/home/taylor/ros2_iron/install/ament_cpplint:/home/taylor/ros2_iron/install/ament_cppcheck:/home/taylor/ros2_iron/install/ament_clang_tidy:/home/taylor/ros2_iron/install/ament_clang_format /usr/bin/cmake --build /home/taylor/Buddy_Bot/buddybot/ros2_workspace/src/build/move_bot -- -j4 -l4
[1.893s] Invoking command in '/home/taylor/Buddy_Bot/buddybot/ros2_workspace/src/build/move_bot': CMAKE_PREFIX_PATH=${CMAKE_PREFIX_PATH}:/home/taylor/ros2_iron/install/rqt_bag_plugins:/home/taylor/ros2_iron/install/rqt_bag:/home/taylor/ros2_iron/install/rosbag2_examples_py:/home/taylor/ros2_iron/install/launch_testing_examples:/home/taylor/ros2_iron/install/ros2bag:/home/taylor/ros2_iron/install/tracetools_test:/home/taylor/ros2_iron/install/tracetools_launch:/home/taylor/ros2_iron/install/topic_monitor:/home/taylor/ros2_iron/install/tf2_tools:/home/taylor/ros2_iron/install/examples_tf2_py:/home/taylor/ros2_iron/install/tf2_ros_py:/home/taylor/ros2_iron/install/examples_rclpy_pointcloud_publisher:/home/taylor/ros2_iron/install/sensor_msgs_py:/home/taylor/ros2_iron/install/quality_of_service_demo_py:/home/taylor/ros2_iron/install/rqt_plot:/home/taylor/ros2_iron/install/ros2doctor:/home/taylor/ros2_iron/install/lifecycle_py:/home/taylor/ros2_iron/install/examples_rclpy_minimal_subscriber:/home/taylor/ros2_iron/install/examples_rclpy_minimal_service:/home/taylor/ros2_iron/install/examples_rclpy_minimal_publisher:/home/taylor/ros2_iron/install/examples_rclpy_minimal_client:/home/taylor/ros2_iron/install/examples_rclpy_executors:/home/taylor/ros2_iron/install/demo_nodes_py:/home/taylor/ros2_iron/install/rqt:/home/taylor/ros2_iron/install/ros2component:/home/taylor/ros2_iron/install/sros2:/home/taylor/ros2_iron/install/rqt_topic:/home/taylor/ros2_iron/install/rqt_srv:/home/taylor/ros2_iron/install/rqt_shell:/home/taylor/ros2_iron/install/rqt_service_caller:/home/taylor/ros2_iron/install/rqt_reconfigure:/home/taylor/ros2_iron/install/rqt_py_console:/home/taylor/ros2_iron/install/rqt_publisher:/home/taylor/ros2_iron/install/rqt_action:/home/taylor/ros2_iron/install/rqt_msg:/home/taylor/ros2_iron/install/rqt_console:/home/taylor/ros2_iron/install/rqt_graph:/home/taylor/ros2_iron/install/rqt_gui_py:/home/taylor/ros2_iron/install/rqt_gui:/home/taylor/ros2_iron/install/ros2trace:/home/taylor/ros2_iron/install/ros2topic:/home/taylor/ros2_iron/install/ros2test:/home/taylor/ros2_iron/install/ros2param:/home/taylor/ros2_iron/install/ros2lifecycle:/home/taylor/ros2_iron/install/ros2service:/home/taylor/ros2_iron/install/ros2run:/home/taylor/ros2_iron/install/ros2launch:/home/taylor/ros2_iron/install/ros2pkg:/home/taylor/ros2_iron/install/ros2node:/home/taylor/ros2_iron/install/ros2multicast:/home/taylor/ros2_iron/install/ros2interface:/home/taylor/ros2_iron/install/ros2action:/home/taylor/ros2_iron/install/ros2cli:/home/taylor/ros2_iron/install/launch_testing_ros:/home/taylor/ros2_iron/install/launch_ros:/home/taylor/ros2_iron/install/examples_rclpy_minimal_action_server:/home/taylor/ros2_iron/install/examples_rclpy_minimal_action_client:/home/taylor/ros2_iron/install/examples_rclpy_guard_conditions:/home/taylor/ros2_iron/install/action_tutorials_py:/home/taylor/ros2_iron/install/ament_uncrustify:/home/taylor/ros2_iron/install/tracetools_trace:/home/taylor/ros2_iron/install/tracetools_read:/home/taylor/ros2_iron/install/test_tracetools_launch:/home/taylor/ros2_iron/install/test_ros2trace:/home/taylor/ros2_iron/install/test_launch_ros:/home/taylor/ros2_iron/install/rpyutils:/home/taylor/ros2_iron/install/rosidl_runtime_py:/home/taylor/ros2_iron/install/rosidl_pycommon:/home/taylor/ros2_iron/install/rosidl_cli:/home/taylor/ros2_iron/install/launch_pytest:/home/taylor/ros2_iron/install/launch_testing:/home/taylor/ros2_iron/install/launch_yaml:/home/taylor/ros2_iron/install/launch_xml:/home/taylor/ros2_iron/install/launch:/home/taylor/ros2_iron/install/osrf_pycommon:/home/taylor/ros2_iron/install/domain_coordinator:/home/taylor/ros2_iron/install/ament_xmllint:/home/taylor/ros2_iron/install/ament_pyflakes:/home/taylor/ros2_iron/install/ament_pycodestyle:/home/taylor/ros2_iron/install/ament_pep257:/home/taylor/ros2_iron/install/ament_pclint:/home/taylor/ros2_iron/install/ament_package:/home/taylor/ros2_iron/install/ament_mypy:/home/taylor/ros2_iron/install/ament_lint_cmake:/home/taylor/ros2_iron/install/ament_flake8:/home/taylor/ros2_iron/install/ament_copyright:/home/taylor/ros2_iron/install/ament_lint:/home/taylor/ros2_iron/install/ament_index_python:/home/taylor/ros2_iron/install/ament_cpplint:/home/taylor/ros2_iron/install/ament_cppcheck:/home/taylor/ros2_iron/install/ament_clang_tidy:/home/taylor/ros2_iron/install/ament_clang_format /usr/bin/cmake --install /home/taylor/Buddy_Bot/buddybot/ros2_workspace/src/build/move_bot
[1.915s] -- Install configuration: ""
[1.916s] -- Up-to-date: /home/taylor/Buddy_Bot/buddybot/ros2_workspace/src/install/move_bot/share/ament_index/resource_index/rosidl_interfaces/move_bot
[1.916s] -- Up-to-date: /home/taylor/Buddy_Bot/buddybot/ros2_workspace/src/install/move_bot/share/move_bot/msg/Movement.json
[1.917s] -- Up-to-date: /home/taylor/Buddy_Bot/buddybot/ros2_workspace/src/install/move_bot/include/move_bot/move_bot
[1.917s] -- Up-to-date: /home/taylor/Buddy_Bot/buddybot/ros2_workspace/src/install/move_bot/include/move_bot/move_bot/msg
[1.917s] -- Up-to-date: /home/taylor/Buddy_Bot/buddybot/ros2_workspace/src/install/move_bot/include/move_bot/move_bot/msg/rosidl_generator_c__visibility_control.h
[1.917s] -- Up-to-date: /home/taylor/Buddy_Bot/buddybot/ros2_workspace/src/install/move_bot/include/move_bot/move_bot/msg/movement.h
[1.917s] -- Up-to-date: /home/taylor/Buddy_Bot/buddybot/ros2_workspace/src/install/move_bot/include/move_bot/move_bot/msg/detail
[1.917s] -- Up-to-date: /home/taylor/Buddy_Bot/buddybot/ros2_workspace/src/install/move_bot/include/move_bot/move_bot/msg/detail/movement__type_support.c
[1.917s] -- Up-to-date: /home/taylor/Buddy_Bot/buddybot/ros2_workspace/src/install/move_bot/include/move_bot/move_bot/msg/detail/movement__type_support.h
[1.917s] -- Up-to-date: /home/taylor/Buddy_Bot/buddybot/ros2_workspace/src/install/move_bot/include/move_bot/move_bot/msg/detail/movement__description.c
[1.917s] -- Up-to-date: /home/taylor/Buddy_Bot/buddybot/ros2_workspace/src/install/move_bot/include/move_bot/move_bot/msg/detail/movement__functions.h
[1.917s] -- Up-to-date: /home/taylor/Buddy_Bot/buddybot/ros2_workspace/src/install/move_bot/include/move_bot/move_bot/msg/detail/movement__functions.c
[1.917s] -- Up-to-date: /home/taylor/Buddy_Bot/buddybot/ros2_workspace/src/install/move_bot/include/move_bot/move_bot/msg/detail/movement__struct.h
[1.917s] -- Up-to-date: /home/taylor/Buddy_Bot/buddybot/ros2_workspace/src/install/move_bot/share/move_bot/environment/library_path.sh
[1.917s] -- Up-to-date: /home/taylor/Buddy_Bot/buddybot/ros2_workspace/src/install/move_bot/share/move_bot/environment/library_path.dsv
[1.917s] -- Up-to-date: /home/taylor/Buddy_Bot/buddybot/ros2_workspace/src/install/move_bot/lib/libmove_bot__rosidl_generator_c.so
[1.918s] -- Up-to-date: /home/taylor/Buddy_Bot/buddybot/ros2_workspace/src/install/move_bot/include/move_bot/move_bot
[1.918s] -- Up-to-date: /home/taylor/Buddy_Bot/buddybot/ros2_workspace/src/install/move_bot/include/move_bot/move_bot/msg
[1.918s] -- Up-to-date: /home/taylor/Buddy_Bot/buddybot/ros2_workspace/src/install/move_bot/include/move_bot/move_bot/msg/detail
[1.923s] -- Up-to-date: /home/taylor/Buddy_Bot/buddybot/ros2_workspace/src/install/move_bot/include/move_bot/move_bot/msg/detail/movement__rosidl_typesupport_fastrtps_c.h
[1.923s] -- Up-to-date: /home/taylor/Buddy_Bot/buddybot/ros2_workspace/src/install/move_bot/include/move_bot/move_bot/msg/rosidl_typesupport_fastrtps_c__visibility_control.h
[1.923s] -- Up-to-date: /home/taylor/Buddy_Bot/buddybot/ros2_workspace/src/install/move_bot/lib/libmove_bot__rosidl_typesupport_fastrtps_c.so
[1.923s] -- Up-to-date: /home/taylor/Buddy_Bot/buddybot/ros2_workspace/src/install/move_bot/include/move_bot/move_bot
[1.923s] -- Up-to-date: /home/taylor/Buddy_Bot/buddybot/ros2_workspace/src/install/move_bot/include/move_bot/move_bot/msg
[1.923s] -- Up-to-date: /home/taylor/Buddy_Bot/buddybot/ros2_workspace/src/install/move_bot/include/move_bot/move_bot/msg/movement.hpp
[1.924s] -- Up-to-date: /home/taylor/Buddy_Bot/buddybot/ros2_workspace/src/install/move_bot/include/move_bot/move_bot/msg/detail
[1.924s] -- Up-to-date: /home/taylor/Buddy_Bot/buddybot/ros2_workspace/src/install/move_bot/include/move_bot/move_bot/msg/detail/movement__traits.hpp
[1.924s] -- Up-to-date: /home/taylor/Buddy_Bot/buddybot/ros2_workspace/src/install/move_bot/include/move_bot/move_bot/msg/detail/movement__builder.hpp
[1.924s] -- Up-to-date: /home/taylor/Buddy_Bot/buddybot/ros2_workspace/src/install/move_bot/include/move_bot/move_bot/msg/detail/movement__struct.hpp
[1.924s] -- Up-to-date: /home/taylor/Buddy_Bot/buddybot/ros2_workspace/src/install/move_bot/include/move_bot/move_bot
[1.924s] -- Up-to-date: /home/taylor/Buddy_Bot/buddybot/ros2_workspace/src/install/move_bot/include/move_bot/move_bot/msg
[1.924s] -- Up-to-date: /home/taylor/Buddy_Bot/buddybot/ros2_workspace/src/install/move_bot/include/move_bot/move_bot/msg/detail
[1.924s] -- Up-to-date: /home/taylor/Buddy_Bot/buddybot/ros2_workspace/src/install/move_bot/include/move_bot/move_bot/msg/detail/movement__rosidl_typesupport_fastrtps_cpp.hpp
[1.924s] -- Up-to-date: /home/taylor/Buddy_Bot/buddybot/ros2_workspace/src/install/move_bot/include/move_bot/move_bot/msg/detail/dds_fastrtps
[1.924s] -- Up-to-date: /home/taylor/Buddy_Bot/buddybot/ros2_workspace/src/install/move_bot/include/move_bot/move_bot/msg/rosidl_typesupport_fastrtps_cpp__visibility_control.h
[1.924s] -- Up-to-date: /home/taylor/Buddy_Bot/buddybot/ros2_workspace/src/install/move_bot/lib/libmove_bot__rosidl_typesupport_fastrtps_cpp.so
[1.924s] -- Up-to-date: /home/taylor/Buddy_Bot/buddybot/ros2_workspace/src/install/move_bot/include/move_bot/move_bot
[1.924s] -- Up-to-date: /home/taylor/Buddy_Bot/buddybot/ros2_workspace/src/install/move_bot/include/move_bot/move_bot/msg
[1.924s] -- Up-to-date: /home/taylor/Buddy_Bot/buddybot/ros2_workspace/src/install/move_bot/include/move_bot/move_bot/msg/rosidl_typesupport_introspection_c__visibility_control.h
[1.924s] -- Up-to-date: /home/taylor/Buddy_Bot/buddybot/ros2_workspace/src/install/move_bot/include/move_bot/move_bot/msg/detail
[1.927s] -- Up-to-date: /home/taylor/Buddy_Bot/buddybot/ros2_workspace/src/install/move_bot/include/move_bot/move_bot/msg/detail/movement__type_support.c
[1.927s] -- Up-to-date: /home/taylor/Buddy_Bot/buddybot/ros2_workspace/src/install/move_bot/include/move_bot/move_bot/msg/detail/movement__rosidl_typesupport_introspection_c.h
[1.927s] -- Up-to-date: /home/taylor/Buddy_Bot/buddybot/ros2_workspace/src/install/move_bot/lib/libmove_bot__rosidl_typesupport_introspection_c.so
[1.927s] -- Up-to-date: /home/taylor/Buddy_Bot/buddybot/ros2_workspace/src/install/move_bot/lib/libmove_bot__rosidl_typesupport_c.so
[1.927s] -- Up-to-date: /home/taylor/Buddy_Bot/buddybot/ros2_workspace/src/install/move_bot/include/move_bot/move_bot
[1.928s] -- Up-to-date: /home/taylor/Buddy_Bot/buddybot/ros2_workspace/src/install/move_bot/include/move_bot/move_bot/msg
[1.928s] -- Up-to-date: /home/taylor/Buddy_Bot/buddybot/ros2_workspace/src/install/move_bot/include/move_bot/move_bot/msg/detail
[1.928s] -- Up-to-date: /home/taylor/Buddy_Bot/buddybot/ros2_workspace/src/install/move_bot/include/move_bot/move_bot/msg/detail/movement__type_support.cpp
[1.928s] -- Up-to-date: /home/taylor/Buddy_Bot/buddybot/ros2_workspace/src/install/move_bot/include/move_bot/move_bot/msg/detail/movement__rosidl_typesupport_introspection_cpp.hpp
[1.928s] -- Up-to-date: /home/taylor/Buddy_Bot/buddybot/ros2_workspace/src/install/move_bot/lib/libmove_bot__rosidl_typesupport_introspection_cpp.so
[1.928s] -- Up-to-date: /home/taylor/Buddy_Bot/buddybot/ros2_workspace/src/install/move_bot/lib/libmove_bot__rosidl_typesupport_cpp.so
[1.928s] -- Up-to-date: /home/taylor/Buddy_Bot/buddybot/ros2_workspace/src/install/move_bot/share/move_bot/environment/pythonpath.sh
[1.928s] -- Up-to-date: /home/taylor/Buddy_Bot/buddybot/ros2_workspace/src/install/move_bot/share/move_bot/environment/pythonpath.dsv
[1.928s] -- Up-to-date: /home/taylor/Buddy_Bot/buddybot/ros2_workspace/src/install/move_bot/lib/python3.11/site-packages/move_bot-0.0.0-py3.11.egg-info
[1.928s] -- Installing: /home/taylor/Buddy_Bot/buddybot/ros2_workspace/src/install/move_bot/lib/python3.11/site-packages/move_bot-0.0.0-py3.11.egg-info/PKG-INFO
[1.928s] -- Installing: /home/taylor/Buddy_Bot/buddybot/ros2_workspace/src/install/move_bot/lib/python3.11/site-packages/move_bot-0.0.0-py3.11.egg-info/top_level.txt
[1.928s] -- Installing: /home/taylor/Buddy_Bot/buddybot/ros2_workspace/src/install/move_bot/lib/python3.11/site-packages/move_bot-0.0.0-py3.11.egg-info/dependency_links.txt
[1.928s] -- Installing: /home/taylor/Buddy_Bot/buddybot/ros2_workspace/src/install/move_bot/lib/python3.11/site-packages/move_bot-0.0.0-py3.11.egg-info/SOURCES.txt
[1.928s] -- Up-to-date: /home/taylor/Buddy_Bot/buddybot/ros2_workspace/src/install/move_bot/lib/python3.11/site-packages/move_bot
[1.928s] -- Up-to-date: /home/taylor/Buddy_Bot/buddybot/ros2_workspace/src/install/move_bot/lib/python3.11/site-packages/move_bot/msg
[1.928s] -- Up-to-date: /home/taylor/Buddy_Bot/buddybot/ros2_workspace/src/install/move_bot/lib/python3.11/site-packages/move_bot/msg/_movement.py
[1.928s] -- Up-to-date: /home/taylor/Buddy_Bot/buddybot/ros2_workspace/src/install/move_bot/lib/python3.11/site-packages/move_bot/msg/_movement_s.c
[1.928s] -- Up-to-date: /home/taylor/Buddy_Bot/buddybot/ros2_workspace/src/install/move_bot/lib/python3.11/site-packages/move_bot/msg/__init__.py
[1.928s] -- Up-to-date: /home/taylor/Buddy_Bot/buddybot/ros2_workspace/src/install/move_bot/lib/python3.11/site-packages/move_bot/_move_bot_s.ep.rosidl_typesupport_introspection_c.c
[1.928s] -- Up-to-date: /home/taylor/Buddy_Bot/buddybot/ros2_workspace/src/install/move_bot/lib/python3.11/site-packages/move_bot/_move_bot_s.ep.rosidl_typesupport_c.c
[1.928s] -- Up-to-date: /home/taylor/Buddy_Bot/buddybot/ros2_workspace/src/install/move_bot/lib/python3.11/site-packages/move_bot/libmove_bot__rosidl_generator_py.so
[1.929s] -- Up-to-date: /home/taylor/Buddy_Bot/buddybot/ros2_workspace/src/install/move_bot/lib/python3.11/site-packages/move_bot/_move_bot_s.ep.rosidl_typesupport_fastrtps_c.c
[1.929s] -- Up-to-date: /home/taylor/Buddy_Bot/buddybot/ros2_workspace/src/install/move_bot/lib/python3.11/site-packages/move_bot/move_bot_s__rosidl_typesupport_introspection_c.cpython-311-aarch64-linux-gnu.so
[1.929s] -- Up-to-date: /home/taylor/Buddy_Bot/buddybot/ros2_workspace/src/install/move_bot/lib/python3.11/site-packages/move_bot/move_bot_s__rosidl_typesupport_c.cpython-311-aarch64-linux-gnu.so
[1.929s] -- Up-to-date: /home/taylor/Buddy_Bot/buddybot/ros2_workspace/src/install/move_bot/lib/python3.11/site-packages/move_bot/__init__.py
[1.929s] -- Up-to-date: /home/taylor/Buddy_Bot/buddybot/ros2_workspace/src/install/move_bot/lib/python3.11/site-packages/move_bot/move_bot_s__rosidl_typesupport_fastrtps_c.cpython-311-aarch64-linux-gnu.so
[2.089s] Listing '/home/taylor/Buddy_Bot/buddybot/ros2_workspace/src/install/move_bot/lib/python3.11/site-packages/move_bot'...
[2.089s] Listing '/home/taylor/Buddy_Bot/buddybot/ros2_workspace/src/install/move_bot/lib/python3.11/site-packages/move_bot/msg'...
[2.099s] -- Up-to-date: /home/taylor/Buddy_Bot/buddybot/ros2_workspace/src/install/move_bot/lib/python3.11/site-packages/move_bot/move_bot_s__rosidl_typesupport_introspection_c.cpython-311-aarch64-linux-gnu.so
[2.100s] -- Up-to-date: /home/taylor/Buddy_Bot/buddybot/ros2_workspace/src/install/move_bot/lib/python3.11/site-packages/move_bot/move_bot_s__rosidl_typesupport_fastrtps_c.cpython-311-aarch64-linux-gnu.so
[2.100s] -- Up-to-date: /home/taylor/Buddy_Bot/buddybot/ros2_workspace/src/install/move_bot/lib/python3.11/site-packages/move_bot/move_bot_s__rosidl_typesupport_c.cpython-311-aarch64-linux-gnu.so
[2.100s] -- Up-to-date: /home/taylor/Buddy_Bot/buddybot/ros2_workspace/src/install/move_bot/lib/libmove_bot__rosidl_generator_py.so
[2.100s] -- Up-to-date: /home/taylor/Buddy_Bot/buddybot/ros2_workspace/src/install/move_bot/share/move_bot/msg/Movement.idl
[2.105s] -- Up-to-date: /home/taylor/Buddy_Bot/buddybot/ros2_workspace/src/install/move_bot/share/move_bot/msg/Movement.msg
[2.105s] -- Up-to-date: /home/taylor/Buddy_Bot/buddybot/ros2_workspace/src/install/move_bot/lib/move_bot/move_node
[2.105s] -- Up-to-date: /home/taylor/Buddy_Bot/buddybot/ros2_workspace/src/install/move_bot/share/ament_index/resource_index/package_run_dependencies/move_bot
[2.105s] -- Up-to-date: /home/taylor/Buddy_Bot/buddybot/ros2_workspace/src/install/move_bot/share/ament_index/resource_index/parent_prefix_path/move_bot
[2.105s] -- Up-to-date: /home/taylor/Buddy_Bot/buddybot/ros2_workspace/src/install/move_bot/share/move_bot/environment/ament_prefix_path.dsv
[2.106s] -- Up-to-date: /home/taylor/Buddy_Bot/buddybot/ros2_workspace/src/install/move_bot/share/move_bot/environment/path.dsv
[2.106s] -- Up-to-date: /home/taylor/Buddy_Bot/buddybot/ros2_workspace/src/install/move_bot/share/move_bot/local_setup.bash
[2.106s] -- Up-to-date: /home/taylor/Buddy_Bot/buddybot/ros2_workspace/src/install/move_bot/share/move_bot/local_setup.sh
[2.106s] -- Up-to-date: /home/taylor/Buddy_Bot/buddybot/ros2_workspace/src/install/move_bot/share/move_bot/local_setup.zsh
[2.106s] -- Up-to-date: /home/taylor/Buddy_Bot/buddybot/ros2_workspace/src/install/move_bot/share/move_bot/local_setup.dsv
[2.106s] -- Installing: /home/taylor/Buddy_Bot/buddybot/ros2_workspace/src/install/move_bot/share/move_bot/package.dsv
[2.106s] -- Up-to-date: /home/taylor/Buddy_Bot/buddybot/ros2_workspace/src/install/move_bot/share/ament_index/resource_index/packages/move_bot
[2.106s] -- Up-to-date: /home/taylor/Buddy_Bot/buddybot/ros2_workspace/src/install/move_bot/share/move_bot/cmake/export_move_bot__rosidl_generator_cExport.cmake
[2.106s] -- Up-to-date: /home/taylor/Buddy_Bot/buddybot/ros2_workspace/src/install/move_bot/share/move_bot/cmake/export_move_bot__rosidl_generator_cExport-noconfig.cmake
[2.106s] -- Up-to-date: /home/taylor/Buddy_Bot/buddybot/ros2_workspace/src/install/move_bot/share/move_bot/cmake/export_move_bot__rosidl_typesupport_fastrtps_cExport.cmake
[2.106s] -- Up-to-date: /home/taylor/Buddy_Bot/buddybot/ros2_workspace/src/install/move_bot/share/move_bot/cmake/export_move_bot__rosidl_typesupport_fastrtps_cExport-noconfig.cmake
[2.106s] -- Up-to-date: /home/taylor/Buddy_Bot/buddybot/ros2_workspace/src/install/move_bot/share/move_bot/cmake/export_move_bot__rosidl_generator_cppExport.cmake
[2.106s] -- Up-to-date: /home/taylor/Buddy_Bot/buddybot/ros2_workspace/src/install/move_bot/share/move_bot/cmake/export_move_bot__rosidl_typesupport_fastrtps_cppExport.cmake
[2.106s] -- Up-to-date: /home/taylor/Buddy_Bot/buddybot/ros2_workspace/src/install/move_bot/share/move_bot/cmake/export_move_bot__rosidl_typesupport_fastrtps_cppExport-noconfig.cmake
[2.106s] -- Up-to-date: /home/taylor/Buddy_Bot/buddybot/ros2_workspace/src/install/move_bot/share/move_bot/cmake/move_bot__rosidl_typesupport_introspection_cExport.cmake
[2.106s] -- Up-to-date: /home/taylor/Buddy_Bot/buddybot/ros2_workspace/src/install/move_bot/share/move_bot/cmake/move_bot__rosidl_typesupport_introspection_cExport-noconfig.cmake
[2.106s] -- Up-to-date: /home/taylor/Buddy_Bot/buddybot/ros2_workspace/src/install/move_bot/share/move_bot/cmake/move_bot__rosidl_typesupport_cExport.cmake
[2.106s] -- Up-to-date: /home/taylor/Buddy_Bot/buddybot/ros2_workspace/src/install/move_bot/share/move_bot/cmake/move_bot__rosidl_typesupport_cExport-noconfig.cmake
[2.106s] -- Up-to-date: /home/taylor/Buddy_Bot/buddybot/ros2_workspace/src/install/move_bot/share/move_bot/cmake/move_bot__rosidl_typesupport_introspection_cppExport.cmake
[2.106s] -- Up-to-date: /home/taylor/Buddy_Bot/buddybot/ros2_workspace/src/install/move_bot/share/move_bot/cmake/move_bot__rosidl_typesupport_introspection_cppExport-noconfig.cmake
[2.106s] -- Up-to-date: /home/taylor/Buddy_Bot/buddybot/ros2_workspace/src/install/move_bot/share/move_bot/cmake/move_bot__rosidl_typesupport_cppExport.cmake
[2.106s] -- Up-to-date: /home/taylor/Buddy_Bot/buddybot/ros2_workspace/src/install/move_bot/share/move_bot/cmake/move_bot__rosidl_typesupport_cppExport-noconfig.cmake
[2.106s] -- Up-to-date: /home/taylor/Buddy_Bot/buddybot/ros2_workspace/src/install/move_bot/share/move_bot/cmake/export_move_bot__rosidl_generator_pyExport.cmake
[2.107s] -- Up-to-date: /home/taylor/Buddy_Bot/buddybot/ros2_workspace/src/install/move_bot/share/move_bot/cmake/export_move_bot__rosidl_generator_pyExport-noconfig.cmake
[2.107s] -- Up-to-date: /home/taylor/Buddy_Bot/buddybot/ros2_workspace/src/install/move_bot/share/move_bot/cmake/rosidl_cmake-extras.cmake
[2.107s] -- Up-to-date: /home/taylor/Buddy_Bot/buddybot/ros2_workspace/src/install/move_bot/share/move_bot/cmake/ament_cmake_export_include_directories-extras.cmake
[2.107s] -- Up-to-date: /home/taylor/Buddy_Bot/buddybot/ros2_workspace/src/install/move_bot/share/move_bot/cmake/ament_cmake_export_libraries-extras.cmake
[2.107s] -- Up-to-date: /home/taylor/Buddy_Bot/buddybot/ros2_workspace/src/install/move_bot/share/move_bot/cmake/ament_cmake_export_targets-extras.cmake
[2.107s] -- Up-to-date: /home/taylor/Buddy_Bot/buddybot/ros2_workspace/src/install/move_bot/share/move_bot/cmake/rosidl_cmake_export_typesupport_targets-extras.cmake
[2.107s] -- Up-to-date: /home/taylor/Buddy_Bot/buddybot/ros2_workspace/src/install/move_bot/share/move_bot/cmake/ament_cmake_export_dependencies-extras.cmake
[2.107s] -- Up-to-date: /home/taylor/Buddy_Bot/buddybot/ros2_workspace/src/install/move_bot/share/move_bot/cmake/rosidl_cmake_export_typesupport_libraries-extras.cmake
[2.107s] -- Up-to-date: /home/taylor/Buddy_Bot/buddybot/ros2_workspace/src/install/move_bot/share/move_bot/cmake/move_botConfig.cmake
[2.107s] -- Up-to-date: /home/taylor/Buddy_Bot/buddybot/ros2_workspace/src/install/move_bot/share/move_bot/cmake/move_botConfig-version.cmake
[2.107s] -- Up-to-date: /home/taylor/Buddy_Bot/buddybot/ros2_workspace/src/install/move_bot/share/move_bot/package.xml
[2.126s] Invoked command in '/home/taylor/Buddy_Bot/buddybot/ros2_workspace/src/build/move_bot' returned '0': CMAKE_PREFIX_PATH=${CMAKE_PREFIX_PATH}:/home/taylor/ros2_iron/install/rqt_bag_plugins:/home/taylor/ros2_iron/install/rqt_bag:/home/taylor/ros2_iron/install/rosbag2_examples_py:/home/taylor/ros2_iron/install/launch_testing_examples:/home/taylor/ros2_iron/install/ros2bag:/home/taylor/ros2_iron/install/tracetools_test:/home/taylor/ros2_iron/install/tracetools_launch:/home/taylor/ros2_iron/install/topic_monitor:/home/taylor/ros2_iron/install/tf2_tools:/home/taylor/ros2_iron/install/examples_tf2_py:/home/taylor/ros2_iron/install/tf2_ros_py:/home/taylor/ros2_iron/install/examples_rclpy_pointcloud_publisher:/home/taylor/ros2_iron/install/sensor_msgs_py:/home/taylor/ros2_iron/install/quality_of_service_demo_py:/home/taylor/ros2_iron/install/rqt_plot:/home/taylor/ros2_iron/install/ros2doctor:/home/taylor/ros2_iron/install/lifecycle_py:/home/taylor/ros2_iron/install/examples_rclpy_minimal_subscriber:/home/taylor/ros2_iron/install/examples_rclpy_minimal_service:/home/taylor/ros2_iron/install/examples_rclpy_minimal_publisher:/home/taylor/ros2_iron/install/examples_rclpy_minimal_client:/home/taylor/ros2_iron/install/examples_rclpy_executors:/home/taylor/ros2_iron/install/demo_nodes_py:/home/taylor/ros2_iron/install/rqt:/home/taylor/ros2_iron/install/ros2component:/home/taylor/ros2_iron/install/sros2:/home/taylor/ros2_iron/install/rqt_topic:/home/taylor/ros2_iron/install/rqt_srv:/home/taylor/ros2_iron/install/rqt_shell:/home/taylor/ros2_iron/install/rqt_service_caller:/home/taylor/ros2_iron/install/rqt_reconfigure:/home/taylor/ros2_iron/install/rqt_py_console:/home/taylor/ros2_iron/install/rqt_publisher:/home/taylor/ros2_iron/install/rqt_action:/home/taylor/ros2_iron/install/rqt_msg:/home/taylor/ros2_iron/install/rqt_console:/home/taylor/ros2_iron/install/rqt_graph:/home/taylor/ros2_iron/install/rqt_gui_py:/home/taylor/ros2_iron/install/rqt_gui:/home/taylor/ros2_iron/install/ros2trace:/home/taylor/ros2_iron/install/ros2topic:/home/taylor/ros2_iron/install/ros2test:/home/taylor/ros2_iron/install/ros2param:/home/taylor/ros2_iron/install/ros2lifecycle:/home/taylor/ros2_iron/install/ros2service:/home/taylor/ros2_iron/install/ros2run:/home/taylor/ros2_iron/install/ros2launch:/home/taylor/ros2_iron/install/ros2pkg:/home/taylor/ros2_iron/install/ros2node:/home/taylor/ros2_iron/install/ros2multicast:/home/taylor/ros2_iron/install/ros2interface:/home/taylor/ros2_iron/install/ros2action:/home/taylor/ros2_iron/install/ros2cli:/home/taylor/ros2_iron/install/launch_testing_ros:/home/taylor/ros2_iron/install/launch_ros:/home/taylor/ros2_iron/install/examples_rclpy_minimal_action_server:/home/taylor/ros2_iron/install/examples_rclpy_minimal_action_client:/home/taylor/ros2_iron/install/examples_rclpy_guard_conditions:/home/taylor/ros2_iron/install/action_tutorials_py:/home/taylor/ros2_iron/install/ament_uncrustify:/home/taylor/ros2_iron/install/tracetools_trace:/home/taylor/ros2_iron/install/tracetools_read:/home/taylor/ros2_iron/install/test_tracetools_launch:/home/taylor/ros2_iron/install/test_ros2trace:/home/taylor/ros2_iron/install/test_launch_ros:/home/taylor/ros2_iron/install/rpyutils:/home/taylor/ros2_iron/install/rosidl_runtime_py:/home/taylor/ros2_iron/install/rosidl_pycommon:/home/taylor/ros2_iron/install/rosidl_cli:/home/taylor/ros2_iron/install/launch_pytest:/home/taylor/ros2_iron/install/launch_testing:/home/taylor/ros2_iron/install/launch_yaml:/home/taylor/ros2_iron/install/launch_xml:/home/taylor/ros2_iron/install/launch:/home/taylor/ros2_iron/install/osrf_pycommon:/home/taylor/ros2_iron/install/domain_coordinator:/home/taylor/ros2_iron/install/ament_xmllint:/home/taylor/ros2_iron/install/ament_pyflakes:/home/taylor/ros2_iron/install/ament_pycodestyle:/home/taylor/ros2_iron/install/ament_pep257:/home/taylor/ros2_iron/install/ament_pclint:/home/taylor/ros2_iron/install/ament_package:/home/taylor/ros2_iron/install/ament_mypy:/home/taylor/ros2_iron/install/ament_lint_cmake:/home/taylor/ros2_iron/install/ament_flake8:/home/taylor/ros2_iron/install/ament_copyright:/home/taylor/ros2_iron/install/ament_lint:/home/taylor/ros2_iron/install/ament_index_python:/home/taylor/ros2_iron/install/ament_cpplint:/home/taylor/ros2_iron/install/ament_cppcheck:/home/taylor/ros2_iron/install/ament_clang_tidy:/home/taylor/ros2_iron/install/ament_clang_format /usr/bin/cmake --install /home/taylor/Buddy_Bot/buddybot/ros2_workspace/src/build/move_bot
