-- The C compiler identification is GNU 12.2.0
-- The CXX compiler identification is GNU 12.2.0
-- Detecting C compiler ABI info
-- Detecting C compiler ABI info - done
-- Check for working C compiler: /usr/bin/cc - skipped
-- Detecting C compile features
-- Detecting C compile features - done
-- Detecting CXX compiler ABI info
-- Detecting CXX compiler ABI info - done
-- Check for working CXX compiler: /usr/bin/c++ - skipped
-- Detecting CXX compile features
-- Detecting CXX compile features - done
-- Found ament_cmake: 2.0.4 (/home/taylor/ros2_iron/install/ament_cmake/share/ament_cmake/cmake)
-- Found Python3: /usr/bin/python3 (found version "3.11.2") found components: Interpreter 
-- Override CMake install command with custom implementation using symlinks instead of copying resources
-- Found message_filters: 4.7.0 (/home/taylor/ros2_iron/install/message_filters/share/message_filters/cmake)
-- Found rosidl_generator_c: 4.0.1 (/home/taylor/ros2_iron/install/rosidl_generator_c/share/rosidl_generator_c/cmake)
-- Found rosidl_generator_cpp: 4.0.1 (/home/taylor/ros2_iron/install/rosidl_generator_cpp/share/rosidl_generator_cpp/cmake)
-- Using all available rosidl_typesupport_c: rosidl_typesupport_introspection_c;rosidl_typesupport_fastrtps_c
-- Using all available rosidl_typesupport_cpp: rosidl_typesupport_introspection_cpp;rosidl_typesupport_fastrtps_cpp
-- Found rmw_implementation_cmake: 7.1.0 (/home/taylor/ros2_iron/install/rmw_implementation_cmake/share/rmw_implementation_cmake/cmake)
-- Found rmw_fastrtps_cpp: 7.1.3 (/home/taylor/ros2_iron/install/rmw_fastrtps_cpp/share/rmw_fastrtps_cpp/cmake)
-- Found OpenSSL: /usr/lib/aarch64-linux-gnu/libcrypto.so (found version "3.0.11")  
-- Found FastRTPS: /home/taylor/ros2_iron/install/fastrtps/include  
-- Using RMW implementation 'rmw_fastrtps_cpp' as default
-- Found nav_msgs: 5.0.0 (/home/taylor/ros2_iron/install/nav_msgs/share/nav_msgs/cmake)
-- Found sensor_msgs: 5.0.0 (/home/taylor/ros2_iron/install/sensor_msgs/share/sensor_msgs/cmake)
-- Found tf2: 0.31.5 (/home/taylor/ros2_iron/install/tf2/share/tf2/cmake)
-- Found tf2_ros: 0.31.5 (/home/taylor/ros2_iron/install/tf2_ros/share/tf2_ros/cmake)
-- Found visualization_msgs: 5.0.0 (/home/taylor/ros2_iron/install/visualization_msgs/share/visualization_msgs/cmake)
-- Found pluginlib: 5.2.2 (/home/taylor/ros2_iron/install/pluginlib/share/pluginlib/cmake)
-- Found tf2_geometry_msgs: 0.31.5 (/home/taylor/ros2_iron/install/tf2_geometry_msgs/share/tf2_geometry_msgs/cmake)
-- Found eigen3_cmake_module: 0.2.2 (/home/taylor/ros2_iron/install/eigen3_cmake_module/share/eigen3_cmake_module/cmake)
-- Found Eigen3: TRUE (found version "3.4.0") 
-- Ensuring Eigen3 include directory is part of orocos-kdl CMake target
-- Found tf2_sensor_msgs: 0.31.5 (/home/taylor/ros2_iron/install/tf2_sensor_msgs/share/tf2_sensor_msgs/cmake)
-- Found std_srvs: 5.0.0 (/home/taylor/ros2_iron/install/std_srvs/share/std_srvs/cmake)
-- Found rosidl_default_generators: 1.5.0 (/home/taylor/ros2_iron/install/rosidl_default_generators/share/rosidl_default_generators/cmake)
-- Found rosidl_adapter: 4.0.1 (/home/taylor/ros2_iron/install/rosidl_adapter/share/rosidl_adapter/cmake)
-- Found lifecycle_msgs: 1.6.0 (/home/taylor/ros2_iron/install/lifecycle_msgs/share/lifecycle_msgs/cmake)
-- Configuring incomplete, errors occurred!
See also "/home/taylor/Buddy_Bot/buddybot/ros2_workspace/build/slam_toolbox/CMakeFiles/CMakeOutput.log".
