[0.494s] DEBUG:colcon:Command line arguments: ['/usr/bin/colcon', 'build', '--packages-select', 'tfmini_ros']
[0.494s] DEBUG:colcon:Parsed command line arguments: Namespace(log_base=None, log_level=None, verb_name='build', build_base='build', install_base='install', merge_install=False, symlink_install=False, test_result_base=None, continue_on_error=False, executor='parallel', parallel_workers=4, event_handlers=None, ignore_user_meta=False, metas=['./colcon.meta'], base_paths=['.'], packages_ignore=None, packages_ignore_regex=None, paths=None, packages_up_to=None, packages_up_to_regex=None, packages_above=None, packages_above_and_dependencies=None, packages_above_depth=None, packages_select_by_dep=None, packages_skip_by_dep=None, packages_skip_up_to=None, packages_select_build_failed=False, packages_skip_build_finished=False, packages_select_test_failures=False, packages_skip_test_passed=False, packages_select=['tfmini_ros'], packages_skip=None, packages_select_regex=None, packages_skip_regex=None, packages_start=None, packages_end=None, cmake_args=None, cmake_target=None, cmake_target_skip_unavailable=False, cmake_clean_cache=False, cmake_clean_first=False, cmake_force_configure=False, ament_cmake_args=None, catkin_cmake_args=None, catkin_skip_building_tests=False, verb_parser=<colcon_defaults.argument_parser.defaults.DefaultArgumentsDecorator object at 0x7ffefe846b10>, verb_extension=<colcon_core.verb.build.BuildVerb object at 0x7ffefdc7b550>, main=<bound method BuildVerb.main of <colcon_core.verb.build.BuildVerb object at 0x7ffefdc7b550>>)
[0.599s] Level 1:colcon.colcon_core.package_discovery:discover_packages(colcon_meta) check parameters
[0.599s] Level 1:colcon.colcon_core.package_discovery:discover_packages(recursive) check parameters
[0.599s] Level 1:colcon.colcon_core.package_discovery:discover_packages(ignore) check parameters
[0.599s] Level 1:colcon.colcon_core.package_discovery:discover_packages(path) check parameters
[0.599s] Level 1:colcon.colcon_core.package_discovery:discover_packages(colcon_meta) discover
[0.599s] Level 1:colcon.colcon_core.package_discovery:discover_packages(recursive) discover
[0.600s] INFO:colcon.colcon_core.package_discovery:Crawling recursively for packages in '/home/taylor/Buddy_Bot/buddybot/ros2_workspace'
[0.600s] Level 1:colcon.colcon_core.package_identification:_identify(.) by extensions ['ignore', 'ignore_ament_install']
[0.600s] Level 1:colcon.colcon_core.package_identification:_identify(.) by extension 'ignore'
[0.600s] Level 1:colcon.colcon_core.package_identification:_identify(.) by extension 'ignore_ament_install'
[0.600s] Level 1:colcon.colcon_core.package_identification:_identify(.) by extensions ['colcon_pkg']
[0.600s] Level 1:colcon.colcon_core.package_identification:_identify(.) by extension 'colcon_pkg'
[0.600s] Level 1:colcon.colcon_core.package_identification:_identify(.) by extensions ['colcon_meta']
[0.600s] Level 1:colcon.colcon_core.package_identification:_identify(.) by extension 'colcon_meta'
[0.600s] Level 1:colcon.colcon_core.package_identification:_identify(.) by extensions ['ros']
[0.600s] Level 1:colcon.colcon_core.package_identification:_identify(.) by extension 'ros'
[0.637s] Level 1:colcon.colcon_core.package_identification:_identify(.) by extensions ['cmake', 'python']
[0.637s] Level 1:colcon.colcon_core.package_identification:_identify(.) by extension 'cmake'
[0.637s] Level 1:colcon.colcon_core.package_identification:_identify(.) by extension 'python'
[0.637s] Level 1:colcon.colcon_core.package_identification:_identify(.) by extensions ['python_setup_py']
[0.637s] Level 1:colcon.colcon_core.package_identification:_identify(.) by extension 'python_setup_py'
[0.637s] Level 1:colcon.colcon_core.package_identification:_identify(build) by extensions ['ignore', 'ignore_ament_install']
[0.637s] Level 1:colcon.colcon_core.package_identification:_identify(build) by extension 'ignore'
[0.637s] Level 1:colcon.colcon_core.package_identification:_identify(build) ignored
[0.637s] Level 1:colcon.colcon_core.package_identification:_identify(install) by extensions ['ignore', 'ignore_ament_install']
[0.637s] Level 1:colcon.colcon_core.package_identification:_identify(install) by extension 'ignore'
[0.637s] Level 1:colcon.colcon_core.package_identification:_identify(install) ignored
[0.637s] Level 1:colcon.colcon_core.package_identification:_identify(log) by extensions ['ignore', 'ignore_ament_install']
[0.638s] Level 1:colcon.colcon_core.package_identification:_identify(log) by extension 'ignore'
[0.638s] Level 1:colcon.colcon_core.package_identification:_identify(log) ignored
[0.638s] Level 1:colcon.colcon_core.package_identification:_identify(src) by extensions ['ignore', 'ignore_ament_install']
[0.638s] Level 1:colcon.colcon_core.package_identification:_identify(src) by extension 'ignore'
[0.638s] Level 1:colcon.colcon_core.package_identification:_identify(src) by extension 'ignore_ament_install'
[0.638s] Level 1:colcon.colcon_core.package_identification:_identify(src) by extensions ['colcon_pkg']
[0.638s] Level 1:colcon.colcon_core.package_identification:_identify(src) by extension 'colcon_pkg'
[0.638s] Level 1:colcon.colcon_core.package_identification:_identify(src) by extensions ['colcon_meta']
[0.638s] Level 1:colcon.colcon_core.package_identification:_identify(src) by extension 'colcon_meta'
[0.638s] Level 1:colcon.colcon_core.package_identification:_identify(src) by extensions ['ros']
[0.638s] Level 1:colcon.colcon_core.package_identification:_identify(src) by extension 'ros'
[0.638s] Level 1:colcon.colcon_core.package_identification:_identify(src) by extensions ['cmake', 'python']
[0.638s] Level 1:colcon.colcon_core.package_identification:_identify(src) by extension 'cmake'
[0.638s] Level 1:colcon.colcon_core.package_identification:_identify(src) by extension 'python'
[0.638s] Level 1:colcon.colcon_core.package_identification:_identify(src) by extensions ['python_setup_py']
[0.638s] Level 1:colcon.colcon_core.package_identification:_identify(src) by extension 'python_setup_py'
[0.638s] Level 1:colcon.colcon_core.package_identification:_identify(src/build) by extensions ['ignore', 'ignore_ament_install']
[0.638s] Level 1:colcon.colcon_core.package_identification:_identify(src/build) by extension 'ignore'
[0.638s] Level 1:colcon.colcon_core.package_identification:_identify(src/build) ignored
[0.638s] Level 1:colcon.colcon_core.package_identification:_identify(src/install) by extensions ['ignore', 'ignore_ament_install']
[0.638s] Level 1:colcon.colcon_core.package_identification:_identify(src/install) by extension 'ignore'
[0.638s] Level 1:colcon.colcon_core.package_identification:_identify(src/install) ignored
[0.638s] Level 1:colcon.colcon_core.package_identification:_identify(src/log) by extensions ['ignore', 'ignore_ament_install']
[0.639s] Level 1:colcon.colcon_core.package_identification:_identify(src/log) by extension 'ignore'
[0.639s] Level 1:colcon.colcon_core.package_identification:_identify(src/log) ignored
[0.639s] Level 1:colcon.colcon_core.package_identification:_identify(src/move_bot) by extensions ['ignore', 'ignore_ament_install']
[0.639s] Level 1:colcon.colcon_core.package_identification:_identify(src/move_bot) by extension 'ignore'
[0.639s] Level 1:colcon.colcon_core.package_identification:_identify(src/move_bot) by extension 'ignore_ament_install'
[0.639s] Level 1:colcon.colcon_core.package_identification:_identify(src/move_bot) by extensions ['colcon_pkg']
[0.639s] Level 1:colcon.colcon_core.package_identification:_identify(src/move_bot) by extension 'colcon_pkg'
[0.639s] Level 1:colcon.colcon_core.package_identification:_identify(src/move_bot) by extensions ['colcon_meta']
[0.639s] Level 1:colcon.colcon_core.package_identification:_identify(src/move_bot) by extension 'colcon_meta'
[0.639s] Level 1:colcon.colcon_core.package_identification:_identify(src/move_bot) by extensions ['ros']
[0.639s] Level 1:colcon.colcon_core.package_identification:_identify(src/move_bot) by extension 'ros'
[0.642s] DEBUG:colcon.colcon_core.package_identification:Package 'src/move_bot' with type 'ros.ament_cmake' and name 'move_bot'
[0.642s] Level 1:colcon.colcon_core.package_identification:_identify(src/tfmini_ros) by extensions ['ignore', 'ignore_ament_install']
[0.642s] Level 1:colcon.colcon_core.package_identification:_identify(src/tfmini_ros) by extension 'ignore'
[0.642s] Level 1:colcon.colcon_core.package_identification:_identify(src/tfmini_ros) by extension 'ignore_ament_install'
[0.642s] Level 1:colcon.colcon_core.package_identification:_identify(src/tfmini_ros) by extensions ['colcon_pkg']
[0.642s] Level 1:colcon.colcon_core.package_identification:_identify(src/tfmini_ros) by extension 'colcon_pkg'
[0.642s] Level 1:colcon.colcon_core.package_identification:_identify(src/tfmini_ros) by extensions ['colcon_meta']
[0.642s] Level 1:colcon.colcon_core.package_identification:_identify(src/tfmini_ros) by extension 'colcon_meta'
[0.642s] Level 1:colcon.colcon_core.package_identification:_identify(src/tfmini_ros) by extensions ['ros']
[0.642s] Level 1:colcon.colcon_core.package_identification:_identify(src/tfmini_ros) by extension 'ros'
[0.643s] DEBUG:colcon.colcon_core.package_identification:Package 'src/tfmini_ros' with type 'ros.catkin' and name 'tfmini_ros'
[0.643s] Level 1:colcon.colcon_core.package_discovery:discover_packages(recursive) using defaults
[0.643s] Level 1:colcon.colcon_core.package_discovery:discover_packages(ignore) discover
[0.643s] Level 1:colcon.colcon_core.package_discovery:discover_packages(ignore) using defaults
[0.643s] Level 1:colcon.colcon_core.package_discovery:discover_packages(path) discover
[0.643s] Level 1:colcon.colcon_core.package_discovery:discover_packages(path) using defaults
[0.696s] INFO:colcon.colcon_core.package_selection:Skipping not selected package 'move_bot' in 'src/move_bot'
[0.697s] Level 5:colcon.colcon_core.verb:set package 'tfmini_ros' build argument 'cmake_args' from command line to 'None'
[0.697s] Level 5:colcon.colcon_core.verb:set package 'tfmini_ros' build argument 'cmake_target' from command line to 'None'
[0.697s] Level 5:colcon.colcon_core.verb:set package 'tfmini_ros' build argument 'cmake_target_skip_unavailable' from command line to 'False'
[0.697s] Level 5:colcon.colcon_core.verb:set package 'tfmini_ros' build argument 'cmake_clean_cache' from command line to 'False'
[0.697s] Level 5:colcon.colcon_core.verb:set package 'tfmini_ros' build argument 'cmake_clean_first' from command line to 'False'
[0.697s] Level 5:colcon.colcon_core.verb:set package 'tfmini_ros' build argument 'cmake_force_configure' from command line to 'False'
[0.697s] Level 5:colcon.colcon_core.verb:set package 'tfmini_ros' build argument 'ament_cmake_args' from command line to 'None'
[0.697s] Level 5:colcon.colcon_core.verb:set package 'tfmini_ros' build argument 'catkin_cmake_args' from command line to 'None'
[0.697s] Level 5:colcon.colcon_core.verb:set package 'tfmini_ros' build argument 'catkin_skip_building_tests' from command line to 'False'
[0.697s] DEBUG:colcon.colcon_core.verb:Building package 'tfmini_ros' with the following arguments: {'ament_cmake_args': None, 'build_base': '/home/taylor/Buddy_Bot/buddybot/ros2_workspace/build/tfmini_ros', 'catkin_cmake_args': None, 'catkin_skip_building_tests': False, 'cmake_args': None, 'cmake_clean_cache': False, 'cmake_clean_first': False, 'cmake_force_configure': False, 'cmake_target': None, 'cmake_target_skip_unavailable': False, 'install_base': '/home/taylor/Buddy_Bot/buddybot/ros2_workspace/install/tfmini_ros', 'merge_install': False, 'path': '/home/taylor/Buddy_Bot/buddybot/ros2_workspace/src/tfmini_ros', 'symlink_install': False, 'test_result_base': None}
[0.698s] INFO:colcon.colcon_core.executor:Executing jobs using 'parallel' executor
[0.701s] DEBUG:colcon.colcon_parallel_executor.executor.parallel:run_until_complete
[0.702s] INFO:colcon.colcon_ros.task.catkin.build:Building ROS package in '/home/taylor/Buddy_Bot/buddybot/ros2_workspace/src/tfmini_ros' with build type 'catkin'
[0.702s] INFO:colcon.colcon_cmake.task.cmake.build:Building CMake package in '/home/taylor/Buddy_Bot/buddybot/ros2_workspace/src/tfmini_ros'
[0.710s] INFO:colcon.colcon_core.plugin_system:Skipping extension 'colcon_core.shell.bat': Not used on non-Windows systems
[0.710s] DEBUG:colcon.colcon_core.shell:Skip shell extension 'dsv' for command environment
[0.712s] WARNING:colcon.colcon_ros.prefix_path.ament:The path '/home/taylor/Buddy_Bot/buddybot/ros2_workspace/install/move_pkg' in the environment variable AMENT_PREFIX_PATH doesn't exist
[0.753s] DEBUG:colcon.colcon_core.event_handler.log_command:Invoking command in '/home/taylor/Buddy_Bot/buddybot/ros2_workspace/build/tfmini_ros': /usr/bin/cmake /home/taylor/Buddy_Bot/buddybot/ros2_workspace/src/tfmini_ros -DCATKIN_INSTALL_INTO_PREFIX_ROOT=0 -DCMAKE_INSTALL_PREFIX=/home/taylor/Buddy_Bot/buddybot/ros2_workspace/install/tfmini_ros
[1.591s] DEBUG:colcon.colcon_core.event_handler.log_command:Invoked command in '/home/taylor/Buddy_Bot/buddybot/ros2_workspace/build/tfmini_ros' returned '1': /usr/bin/cmake /home/taylor/Buddy_Bot/buddybot/ros2_workspace/src/tfmini_ros -DCATKIN_INSTALL_INTO_PREFIX_ROOT=0 -DCMAKE_INSTALL_PREFIX=/home/taylor/Buddy_Bot/buddybot/ros2_workspace/install/tfmini_ros
[1.617s] Level 1:colcon.colcon_core.environment:create_environment_scripts_only(tfmini_ros)
[1.627s] Level 1:colcon.colcon_core.environment:checking '/home/taylor/Buddy_Bot/buddybot/ros2_workspace/install/tfmini_ros' for CMake module files
[1.627s] Level 1:colcon.colcon_core.environment:checking '/home/taylor/Buddy_Bot/buddybot/ros2_workspace/install/tfmini_ros' for CMake config files
[1.627s] Level 1:colcon.colcon_core.environment:checking '/home/taylor/Buddy_Bot/buddybot/ros2_workspace/install/tfmini_ros/bin'
[1.628s] Level 1:colcon.colcon_core.environment:checking '/home/taylor/Buddy_Bot/buddybot/ros2_workspace/install/tfmini_ros/lib/pkgconfig/tfmini_ros.pc'
[1.632s] Level 1:colcon.colcon_core.environment:checking '/home/taylor/Buddy_Bot/buddybot/ros2_workspace/install/tfmini_ros/lib/python3.11/site-packages'
[1.632s] Level 1:colcon.colcon_core.environment:checking '/home/taylor/Buddy_Bot/buddybot/ros2_workspace/install/tfmini_ros/bin'
[1.633s] INFO:colcon.colcon_core.shell:Creating package descriptor '/home/taylor/Buddy_Bot/buddybot/ros2_workspace/install/tfmini_ros/share/tfmini_ros/package.dsv'
[1.634s] INFO:colcon.colcon_core.shell:Creating package script '/home/taylor/Buddy_Bot/buddybot/ros2_workspace/install/tfmini_ros/share/tfmini_ros/package.sh'
[1.635s] INFO:colcon.colcon_core.shell:Creating package script '/home/taylor/Buddy_Bot/buddybot/ros2_workspace/install/tfmini_ros/share/tfmini_ros/package.bash'
[1.635s] INFO:colcon.colcon_core.shell:Creating package script '/home/taylor/Buddy_Bot/buddybot/ros2_workspace/install/tfmini_ros/share/tfmini_ros/package.zsh'
[1.636s] Level 1:colcon.colcon_core.environment:create_file_with_runtime_dependencies(/home/taylor/Buddy_Bot/buddybot/ros2_workspace/install/tfmini_ros/share/colcon-core/packages/tfmini_ros)
[1.651s] DEBUG:colcon.colcon_parallel_executor.executor.parallel:closing loop
[1.651s] DEBUG:colcon.colcon_parallel_executor.executor.parallel:loop closed
[1.651s] DEBUG:colcon.colcon_parallel_executor.executor.parallel:run_until_complete finished with '1'
[1.651s] DEBUG:colcon.colcon_core.event_reactor:joining thread
[1.673s] INFO:colcon.colcon_core.plugin_system:Skipping extension 'colcon_notification.desktop_notification.notify_send': Could not find 'notify-send'
[1.674s] INFO:colcon.colcon_core.plugin_system:Skipping extension 'colcon_notification.desktop_notification.terminal_notifier': Not used on non-Darwin systems
[1.674s] INFO:colcon.colcon_core.plugin_system:Skipping extension 'colcon_notification.desktop_notification.win32': Not used on non-Windows systems
[1.674s] INFO:colcon.colcon_notification.desktop_notification:Sending desktop notification using 'notify2'
[1.677s] DEBUG:colcon.colcon_notification.desktop_notification.notify2:Failed to initialize notify2: org.freedesktop.DBus.Error.ServiceUnknown: The name org.freedesktop.Notifications was not provided by any .service files
[1.678s] DEBUG:colcon.colcon_core.event_reactor:joined thread
[1.681s] INFO:colcon.colcon_core.shell:Creating prefix script '/home/taylor/Buddy_Bot/buddybot/ros2_workspace/install/local_setup.sh'
[1.685s] INFO:colcon.colcon_core.shell:Creating prefix util module '/home/taylor/Buddy_Bot/buddybot/ros2_workspace/install/_local_setup_util_sh.py'
[1.687s] INFO:colcon.colcon_core.shell:Creating prefix chain script '/home/taylor/Buddy_Bot/buddybot/ros2_workspace/install/setup.sh'
[1.709s] INFO:colcon.colcon_core.shell:Creating prefix script '/home/taylor/Buddy_Bot/buddybot/ros2_workspace/install/local_setup.bash'
[1.710s] INFO:colcon.colcon_core.shell:Creating prefix chain script '/home/taylor/Buddy_Bot/buddybot/ros2_workspace/install/setup.bash'
[1.730s] INFO:colcon.colcon_core.shell:Creating prefix script '/home/taylor/Buddy_Bot/buddybot/ros2_workspace/install/local_setup.zsh'
[1.731s] INFO:colcon.colcon_core.shell:Creating prefix chain script '/home/taylor/Buddy_Bot/buddybot/ros2_workspace/install/setup.zsh'
