[0.091s] Invoking command in '/home/taylor/Buddy_Bot/buddybot/ros2_workspace/build/MPU': /usr/bin/cmake /home/taylor/Buddy_Bot/buddybot/ros2_workspace/src/MPU -DCATKIN_INSTALL_INTO_PREFIX_ROOT=0 -DCMAKE_INSTALL_PREFIX=/home/taylor/Buddy_Bot/buddybot/ros2_workspace/install/MPU
[0.264s] -- The C compiler identification is GNU 12.2.0
[0.405s] -- The CXX compiler identification is GNU 12.2.0
[0.484s] -- Detecting C compiler ABI info
[0.929s] -- Detecting C compiler ABI info - done
[0.950s] -- Check for working C compiler: /usr/bin/cc - skipped
[0.951s] -- Detecting C compile features
[0.952s] -- Detecting C compile features - done
[0.963s] -- Detecting CXX compiler ABI info
[1.382s] -- Detecting CXX compiler ABI info - done
[1.419s] -- Check for working CXX compiler: /usr/bin/c++ - skipped
[1.419s] -- Detecting CXX compile features
[1.424s] -- Detecting CXX compile features - done
[1.469s] -- Found ament_cmake: 2.0.4 (/home/taylor/ros2_iron/install/ament_cmake/share/ament_cmake/cmake)
[3.803s] -- Found Python3: /usr/bin/python3 (found version "3.11.2") found components: Interpreter 
[4.378s] -- Found rclcpp: 21.0.5 (/home/taylor/ros2_iron/install/rclcpp/share/rclcpp/cmake)
[4.583s] -- Found rosidl_generator_c: 4.0.1 (/home/taylor/ros2_iron/install/rosidl_generator_c/share/rosidl_generator_c/cmake)
[4.638s] -- Found rosidl_generator_cpp: 4.0.1 (/home/taylor/ros2_iron/install/rosidl_generator_cpp/share/rosidl_generator_cpp/cmake)
[4.746s] -- Using all available rosidl_typesupport_c: rosidl_typesupport_introspection_c;rosidl_typesupport_fastrtps_c
[4.858s] -- Using all available rosidl_typesupport_cpp: rosidl_typesupport_introspection_cpp;rosidl_typesupport_fastrtps_cpp
[5.264s] -- Found rmw_implementation_cmake: 7.1.0 (/home/taylor/ros2_iron/install/rmw_implementation_cmake/share/rmw_implementation_cmake/cmake)
[5.323s] -- Found rmw_fastrtps_cpp: 7.1.3 (/home/taylor/ros2_iron/install/rmw_fastrtps_cpp/share/rmw_fastrtps_cpp/cmake)
[5.684s] -- Found OpenSSL: /usr/lib/aarch64-linux-gnu/libcrypto.so (found version "3.0.11")  
[5.736s] -- Found FastRTPS: /home/taylor/ros2_iron/install/fastrtps/include  
[5.827s] -- Using RMW implementation 'rmw_fastrtps_cpp' as default
[6.392s] WARNING: Package name "MPU" does not follow the naming conventions. It should start with a lower case letter and only contain lower case letters, digits, underscores, and dashes.
[6.442s] -- Configuring done
[6.453s] [31mCMake Error at CMakeLists.txt:15 (add_executable):
[6.453s]   Cannot find source file:
[6.453s] 
[6.453s]     src/sensor_node.cpp
[6.453s] 
[6.453s]   Tried extensions .c .C .c++ .cc .cpp .cxx .cu .mpp .m .M .mm .ixx .cppm .h
[6.453s]   .hh .h++ .hm .hpp .hxx .in .txx .f .F .for .f77 .f90 .f95 .f03 .hip .ispc
[6.453s] 
[6.454s] [0m
[6.455s] [31mCMake Error at CMakeLists.txt:15 (add_executable):
[6.455s]   No SOURCES given to target: sensor_node
[6.455s] 
[6.455s] [0m
[6.455s] [0mCMake Generate step failed.  Build files cannot be regenerated correctly.[0m
[6.482s] Invoked command in '/home/taylor/Buddy_Bot/buddybot/ros2_workspace/build/MPU' returned '1': /usr/bin/cmake /home/taylor/Buddy_Bot/buddybot/ros2_workspace/src/MPU -DCATKIN_INSTALL_INTO_PREFIX_ROOT=0 -DCMAKE_INSTALL_PREFIX=/home/taylor/Buddy_Bot/buddybot/ros2_workspace/install/MPU
