-- The C compiler identification is GNU 12.2.0
-- The CXX compiler identification is GNU 12.2.0
-- Detecting C compiler ABI info
-- Detecting C compiler ABI info - done
-- Check for working C compiler: /usr/bin/cc - skipped
-- Detecting C compile features
-- Detecting C compile features - done
-- Detecting CXX compiler ABI info
-- Detecting CXX compiler ABI info - done
-- Check for working CXX compiler: /usr/bin/c++ - skipped
-- Detecting CXX compile features
-- Detecting CXX compile features - done
-- Found ament_cmake_ros: 0.11.2 (/home/taylor/ros2_iron/install/ament_cmake_ros/share/ament_cmake_ros/cmake)
-- Found Python3: /usr/bin/python3 (found version "3.11.2") found components: Interpreter 
-- Override CMake install command with custom implementation using symlinks instead of copying resources
-- Found Python3: /usr/include/python3.11 (found version "3.11.2") found components: Development NumPy Interpreter Development.Module Development.Embed 
-- Found Boost: /usr/lib/aarch64-linux-gnu/cmake/Boost-1.74.0/BoostConfig.cmake (found version "1.74.0") found components: python311 
-- Found rclcpp: 21.0.5 (/home/taylor/ros2_iron/install/rclcpp/share/rclcpp/cmake)
-- Found rosidl_generator_c: 4.0.1 (/home/taylor/ros2_iron/install/rosidl_generator_c/share/rosidl_generator_c/cmake)
-- Found rosidl_generator_cpp: 4.0.1 (/home/taylor/ros2_iron/install/rosidl_generator_cpp/share/rosidl_generator_cpp/cmake)
-- Using all available rosidl_typesupport_c: rosidl_typesupport_introspection_c;rosidl_typesupport_fastrtps_c
-- Using all available rosidl_typesupport_cpp: rosidl_typesupport_introspection_cpp;rosidl_typesupport_fastrtps_cpp
-- Found rmw_implementation_cmake: 7.1.0 (/home/taylor/ros2_iron/install/rmw_implementation_cmake/share/rmw_implementation_cmake/cmake)
-- Found rmw_fastrtps_cpp: 7.1.3 (/home/taylor/ros2_iron/install/rmw_fastrtps_cpp/share/rmw_fastrtps_cpp/cmake)
-- Found OpenSSL: /usr/lib/aarch64-linux-gnu/libcrypto.so (found version "3.0.11")  
-- Found FastRTPS: /home/taylor/ros2_iron/install/fastrtps/include  
-- Using RMW implementation 'rmw_fastrtps_cpp' as default
-- Found sensor_msgs: 5.0.0 (/home/taylor/ros2_iron/install/sensor_msgs/share/sensor_msgs/cmake)
-- Performing Test COMPILER_HAS_HIDDEN_VISIBILITY
-- Performing Test COMPILER_HAS_HIDDEN_VISIBILITY - Success
-- Performing Test COMPILER_HAS_HIDDEN_INLINE_VISIBILITY
-- Performing Test COMPILER_HAS_HIDDEN_INLINE_VISIBILITY - Success
-- Performing Test COMPILER_HAS_DEPRECATED_ATTR
-- Performing Test COMPILER_HAS_DEPRECATED_ATTR - Success
-- Found ament_lint_auto: 0.14.3 (/home/taylor/ros2_iron/install/ament_lint_auto/share/ament_lint_auto/cmake)
-- Found gtest sources under '/home/taylor/ros2_iron/install/gtest_vendor/src/gtest_vendor': C++ tests using 'Google Test' will be built
-- Performing Test CMAKE_HAVE_LIBC_PTHREAD
-- Performing Test CMAKE_HAVE_LIBC_PTHREAD - Success
-- Found Threads: TRUE  
-- Configuring done
-- Generating done
-- Build files have been written to: /home/taylor/Buddy_Bot/buddybot/ros2_workspace/build/cv_bridge
[ 16%] [32mBuilding CXX object gtest/CMakeFiles/gtest.dir/src/gtest-all.cc.o[0m
[ 16%] [32mBuilding CXX object src/CMakeFiles/cv_bridge.dir/cv_bridge.cpp.o[0m
[ 16%] [32mBuilding CXX object gtest/CMakeFiles/gtest_main.dir/src/gtest_main.cc.o[0m
[ 16%] Built target ament_cmake_python_symlink_cv_bridge
[ 22%] [32mBuilding CXX object src/CMakeFiles/cv_bridge.dir/cv_mat_sensor_msgs_image_type_adapter.cpp.o[0m
[ 27%] [32m[1mLinking CXX static library libgtest_main.a[0m
[ 27%] Built target gtest_main
[ 33%] [32mBuilding CXX object src/CMakeFiles/cv_bridge.dir/rgb_colors.cpp.o[0m
running egg_info
creating cv_bridge.egg-info
writing cv_bridge.egg-info/PKG-INFO
writing dependency_links to cv_bridge.egg-info/dependency_links.txt
writing top-level names to cv_bridge.egg-info/top_level.txt
writing manifest file 'cv_bridge.egg-info/SOURCES.txt'
reading manifest file 'cv_bridge.egg-info/SOURCES.txt'
writing manifest file 'cv_bridge.egg-info/SOURCES.txt'
[ 33%] Built target ament_cmake_python_build_cv_bridge_egg
[ 38%] [32m[1mLinking CXX static library libgtest.a[0m
[ 38%] Built target gtest
[ 44%] [32m[1mLinking CXX shared library libcv_bridge.so[0m
[ 44%] Built target cv_bridge
[ 66%] [32mBuilding CXX object src/CMakeFiles/cv_bridge_boost.dir/module_opencv4.cpp.o[0m
[ 66%] [32mBuilding CXX object test/CMakeFiles/cv_bridge-utest.dir/test_endian.cpp.o[0m
[ 66%] [32mBuilding CXX object test/CMakeFiles/cv_bridge-utest.dir/test_compression.cpp.o[0m
[ 66%] [32mBuilding CXX object src/CMakeFiles/cv_bridge_boost.dir/module.cpp.o[0m
[ 72%] [32mBuilding CXX object test/CMakeFiles/cv_bridge-utest.dir/utest.cpp.o[0m
[ 77%] [32mBuilding CXX object test/CMakeFiles/cv_bridge-utest.dir/utest2.cpp.o[0m
[ 83%] [32mBuilding CXX object test/CMakeFiles/cv_bridge-utest.dir/test_rgb_colors.cpp.o[0m
[ 88%] [32m[1mLinking CXX shared module boost/cv_bridge_boost.so[0m
[ 88%] Built target cv_bridge_boost
[ 94%] [32mBuilding CXX object test/CMakeFiles/cv_bridge-utest.dir/test_dynamic_scaling.cpp.o[0m
[100%] [32m[1mLinking CXX executable cv_bridge-utest[0m
[100%] Built target cv_bridge-utest
-- Install configuration: ""
-- Execute custom install script
-- Symlinking: /home/taylor/Buddy_Bot/buddybot/ros2_workspace/install/cv_bridge/share/cv_bridge/environment/pythonpath.sh
-- Symlinking: /home/taylor/Buddy_Bot/buddybot/ros2_workspace/install/cv_bridge/share/cv_bridge/environment/pythonpath.dsv
-- Symlinking: /home/taylor/Buddy_Bot/buddybot/ros2_workspace/install/cv_bridge/lib/python3.11/site-packages/cv_bridge-3.4.0-py3.11.egg-info/PKG-INFO
-- Symlinking: /home/taylor/Buddy_Bot/buddybot/ros2_workspace/install/cv_bridge/lib/python3.11/site-packages/cv_bridge-3.4.0-py3.11.egg-info/SOURCES.txt
-- Symlinking: /home/taylor/Buddy_Bot/buddybot/ros2_workspace/install/cv_bridge/lib/python3.11/site-packages/cv_bridge-3.4.0-py3.11.egg-info/dependency_links.txt
-- Symlinking: /home/taylor/Buddy_Bot/buddybot/ros2_workspace/install/cv_bridge/lib/python3.11/site-packages/cv_bridge-3.4.0-py3.11.egg-info/top_level.txt
-- Symlinking: /home/taylor/Buddy_Bot/buddybot/ros2_workspace/install/cv_bridge/lib/python3.11/site-packages/cv_bridge/__init__.py
-- Symlinking: /home/taylor/Buddy_Bot/buddybot/ros2_workspace/install/cv_bridge/lib/python3.11/site-packages/cv_bridge/core.py
-- Symlinking: /home/taylor/Buddy_Bot/buddybot/ros2_workspace/install/cv_bridge/include/cv_bridge/cv_bridge/cv_bridge_export.h
-- Symlinking: /home/taylor/Buddy_Bot/buddybot/ros2_workspace/install/cv_bridge/lib/python3.11/site-packages/cv_bridge/boost//cv_bridge_boost.so
-- Symlinking: /home/taylor/Buddy_Bot/buddybot/ros2_workspace/install/cv_bridge/include/cv_bridge/cv_bridge/cv_bridge.h
-- Symlinking: /home/taylor/Buddy_Bot/buddybot/ros2_workspace/install/cv_bridge/include/cv_bridge/cv_bridge/cv_bridge.hpp
-- Symlinking: /home/taylor/Buddy_Bot/buddybot/ros2_workspace/install/cv_bridge/include/cv_bridge/cv_bridge/cv_mat_sensor_msgs_image_type_adapter.hpp
-- Symlinking: /home/taylor/Buddy_Bot/buddybot/ros2_workspace/install/cv_bridge/include/cv_bridge/cv_bridge/rgb_colors.h
-- Symlinking: /home/taylor/Buddy_Bot/buddybot/ros2_workspace/install/cv_bridge/include/cv_bridge/cv_bridge/rgb_colors.hpp
-- Symlinking: /home/taylor/Buddy_Bot/buddybot/ros2_workspace/install/cv_bridge/include/cv_bridge/cv_bridge/visibility_control.h
-- Symlinking: /home/taylor/Buddy_Bot/buddybot/ros2_workspace/install/cv_bridge/lib/libcv_bridge.so
-- Symlinking: /home/taylor/Buddy_Bot/buddybot/ros2_workspace/install/cv_bridge/share/ament_index/resource_index/package_run_dependencies/cv_bridge
-- Symlinking: /home/taylor/Buddy_Bot/buddybot/ros2_workspace/install/cv_bridge/share/ament_index/resource_index/parent_prefix_path/cv_bridge
-- Symlinking: /home/taylor/Buddy_Bot/buddybot/ros2_workspace/install/cv_bridge/share/cv_bridge/environment/ament_prefix_path.sh
-- Symlinking: /home/taylor/Buddy_Bot/buddybot/ros2_workspace/install/cv_bridge/share/cv_bridge/environment/ament_prefix_path.dsv
-- Symlinking: /home/taylor/Buddy_Bot/buddybot/ros2_workspace/install/cv_bridge/share/cv_bridge/environment/path.sh
-- Symlinking: /home/taylor/Buddy_Bot/buddybot/ros2_workspace/install/cv_bridge/share/cv_bridge/environment/path.dsv
-- Symlinking: /home/taylor/Buddy_Bot/buddybot/ros2_workspace/install/cv_bridge/share/cv_bridge/local_setup.bash
-- Symlinking: /home/taylor/Buddy_Bot/buddybot/ros2_workspace/install/cv_bridge/share/cv_bridge/local_setup.sh
-- Symlinking: /home/taylor/Buddy_Bot/buddybot/ros2_workspace/install/cv_bridge/share/cv_bridge/local_setup.zsh
-- Symlinking: /home/taylor/Buddy_Bot/buddybot/ros2_workspace/install/cv_bridge/share/cv_bridge/local_setup.dsv
-- Symlinking: /home/taylor/Buddy_Bot/buddybot/ros2_workspace/install/cv_bridge/share/cv_bridge/package.dsv
-- Symlinking: /home/taylor/Buddy_Bot/buddybot/ros2_workspace/install/cv_bridge/share/ament_index/resource_index/packages/cv_bridge
-- Symlinking: /home/taylor/Buddy_Bot/buddybot/ros2_workspace/install/cv_bridge/share/cv_bridge/cmake/cv_bridge-extras.cmake
-- Symlinking: /home/taylor/Buddy_Bot/buddybot/ros2_workspace/install/cv_bridge/share/cv_bridge/cmake/ament_cmake_export_dependencies-extras.cmake
-- Symlinking: /home/taylor/Buddy_Bot/buddybot/ros2_workspace/install/cv_bridge/share/cv_bridge/cmake/ament_cmake_export_targets-extras.cmake
-- Symlinking: /home/taylor/Buddy_Bot/buddybot/ros2_workspace/install/cv_bridge/share/cv_bridge/cmake/cv_bridgeConfig.cmake
-- Symlinking: /home/taylor/Buddy_Bot/buddybot/ros2_workspace/install/cv_bridge/share/cv_bridge/cmake/cv_bridgeConfig-version.cmake
-- Symlinking: /home/taylor/Buddy_Bot/buddybot/ros2_workspace/install/cv_bridge/share/cv_bridge/package.xml
Listing '/home/taylor/Buddy_Bot/buddybot/ros2_workspace/install/cv_bridge/lib/python3.11/site-packages/cv_bridge'...
Compiling '/home/taylor/Buddy_Bot/buddybot/ros2_workspace/install/cv_bridge/lib/python3.11/site-packages/cv_bridge/__init__.py'...
Listing '/home/taylor/Buddy_Bot/buddybot/ros2_workspace/install/cv_bridge/lib/python3.11/site-packages/cv_bridge/boost'...
Compiling '/home/taylor/Buddy_Bot/buddybot/ros2_workspace/install/cv_bridge/lib/python3.11/site-packages/cv_bridge/core.py'...
-- Installing: /home/taylor/Buddy_Bot/buddybot/ros2_workspace/install/cv_bridge/share/cv_bridge/cmake/export_cv_bridgeExport.cmake
-- Installing: /home/taylor/Buddy_Bot/buddybot/ros2_workspace/install/cv_bridge/share/cv_bridge/cmake/export_cv_bridgeExport-noconfig.cmake
