-- The C compiler identification is GNU 12.2.0
-- The CXX compiler identification is GNU 12.2.0
-- Detecting C compiler ABI info
-- Detecting C compiler ABI info - done
-- Check for working C compiler: /usr/bin/cc - skipped
-- Detecting C compile features
-- Detecting C compile features - done
-- Detecting CXX compiler ABI info
-- Detecting CXX compiler ABI info - done
-- Check for working CXX compiler: /usr/bin/c++ - skipped
-- Detecting CXX compile features
-- Detecting CXX compile features - done
-- Found ament_cmake: 2.0.4 (/home/taylor/ros2_iron/install/ament_cmake/share/ament_cmake/cmake)
-- Found Python3: /usr/bin/python3 (found version "3.11.2") found components: Interpreter 
-- Override CMake install command with custom implementation using symlinks instead of copying resources
-- Found ament_lint_auto: 0.14.3 (/home/taylor/ros2_iron/install/ament_lint_auto/share/ament_lint_auto/cmake)
-- Found launch_testing_ament_cmake: 2.0.2 (/home/taylor/ros2_iron/install/launch_testing_ament_cmake/share/launch_testing_ament_cmake/cmake)
-- Found python_cmake_module: 0.10.2 (/home/taylor/ros2_iron/install/python_cmake_module/share/python_cmake_module/cmake)
-- Found PythonInterp: /usr/bin/python3 (found suitable version "3.11.2", minimum required is "3.6") 
-- Found PythonLibs: /usr/lib/aarch64-linux-gnu/libpython3.11.so (found suitable version "3.11.2", minimum required is "3.5") 
-- Using PYTHON_EXECUTABLE: /usr/bin/python3
-- Using PYTHON_INCLUDE_DIRS: /usr/include/python3.11
-- Using PYTHON_LIBRARIES: /usr/lib/aarch64-linux-gnu/libpython3.11.so
-- Found PythonExtra: .so  
-- Added test 'xmllint' to check XML markup files
-- Added test 'lint_cmake' to check CMake code style
-- Configuring done
-- Generating done
-- Build files have been written to: /home/taylor/Buddy_Bot/buddybot/ros2_workspace/build/diagnostic_common_diagnostics
Built target ament_cmake_python_symlink_diagnostic_common_diagnostics
running egg_info
creating diagnostic_common_diagnostics.egg-info
writing diagnostic_common_diagnostics.egg-info/PKG-INFO
writing dependency_links to diagnostic_common_diagnostics.egg-info/dependency_links.txt
writing top-level names to diagnostic_common_diagnostics.egg-info/top_level.txt
writing manifest file 'diagnostic_common_diagnostics.egg-info/SOURCES.txt'
reading manifest file 'diagnostic_common_diagnostics.egg-info/SOURCES.txt'
writing manifest file 'diagnostic_common_diagnostics.egg-info/SOURCES.txt'
Built target ament_cmake_python_build_diagnostic_common_diagnostics_egg
-- Install configuration: ""
-- Execute custom install script
-- Symlinking: /home/taylor/Buddy_Bot/buddybot/ros2_workspace/install/diagnostic_common_diagnostics/share/diagnostic_common_diagnostics/environment/pythonpath.sh
-- Symlinking: /home/taylor/Buddy_Bot/buddybot/ros2_workspace/install/diagnostic_common_diagnostics/share/diagnostic_common_diagnostics/environment/pythonpath.dsv
-- Symlinking: /home/taylor/Buddy_Bot/buddybot/ros2_workspace/install/diagnostic_common_diagnostics/lib/python3.11/site-packages/diagnostic_common_diagnostics-3.2.0-py3.11.egg-info/PKG-INFO
-- Symlinking: /home/taylor/Buddy_Bot/buddybot/ros2_workspace/install/diagnostic_common_diagnostics/lib/python3.11/site-packages/diagnostic_common_diagnostics-3.2.0-py3.11.egg-info/SOURCES.txt
-- Symlinking: /home/taylor/Buddy_Bot/buddybot/ros2_workspace/install/diagnostic_common_diagnostics/lib/python3.11/site-packages/diagnostic_common_diagnostics-3.2.0-py3.11.egg-info/dependency_links.txt
-- Symlinking: /home/taylor/Buddy_Bot/buddybot/ros2_workspace/install/diagnostic_common_diagnostics/lib/python3.11/site-packages/diagnostic_common_diagnostics-3.2.0-py3.11.egg-info/top_level.txt
-- Symlinking: /home/taylor/Buddy_Bot/buddybot/ros2_workspace/install/diagnostic_common_diagnostics/lib/python3.11/site-packages/diagnostic_common_diagnostics/__init__.py
-- Symlinking: /home/taylor/Buddy_Bot/buddybot/ros2_workspace/install/diagnostic_common_diagnostics/lib/python3.11/site-packages/diagnostic_common_diagnostics/cpu_monitor.py
-- Symlinking: /home/taylor/Buddy_Bot/buddybot/ros2_workspace/install/diagnostic_common_diagnostics/lib/python3.11/site-packages/diagnostic_common_diagnostics/ntp_monitor.py
-- Symlinking: /home/taylor/Buddy_Bot/buddybot/ros2_workspace/install/diagnostic_common_diagnostics/lib/diagnostic_common_diagnostics/cpu_monitor.py
-- Symlinking: /home/taylor/Buddy_Bot/buddybot/ros2_workspace/install/diagnostic_common_diagnostics/lib/diagnostic_common_diagnostics/ntp_monitor.py
-- Symlinking: /home/taylor/Buddy_Bot/buddybot/ros2_workspace/install/diagnostic_common_diagnostics/share/ament_index/resource_index/package_run_dependencies/diagnostic_common_diagnostics
-- Symlinking: /home/taylor/Buddy_Bot/buddybot/ros2_workspace/install/diagnostic_common_diagnostics/share/ament_index/resource_index/parent_prefix_path/diagnostic_common_diagnostics
-- Symlinking: /home/taylor/Buddy_Bot/buddybot/ros2_workspace/install/diagnostic_common_diagnostics/share/diagnostic_common_diagnostics/environment/ament_prefix_path.sh
-- Symlinking: /home/taylor/Buddy_Bot/buddybot/ros2_workspace/install/diagnostic_common_diagnostics/share/diagnostic_common_diagnostics/environment/ament_prefix_path.dsv
-- Symlinking: /home/taylor/Buddy_Bot/buddybot/ros2_workspace/install/diagnostic_common_diagnostics/share/diagnostic_common_diagnostics/environment/path.sh
-- Symlinking: /home/taylor/Buddy_Bot/buddybot/ros2_workspace/install/diagnostic_common_diagnostics/share/diagnostic_common_diagnostics/environment/path.dsv
-- Symlinking: /home/taylor/Buddy_Bot/buddybot/ros2_workspace/install/diagnostic_common_diagnostics/share/diagnostic_common_diagnostics/local_setup.bash
-- Symlinking: /home/taylor/Buddy_Bot/buddybot/ros2_workspace/install/diagnostic_common_diagnostics/share/diagnostic_common_diagnostics/local_setup.sh
-- Symlinking: /home/taylor/Buddy_Bot/buddybot/ros2_workspace/install/diagnostic_common_diagnostics/share/diagnostic_common_diagnostics/local_setup.zsh
-- Symlinking: /home/taylor/Buddy_Bot/buddybot/ros2_workspace/install/diagnostic_common_diagnostics/share/diagnostic_common_diagnostics/local_setup.dsv
-- Symlinking: /home/taylor/Buddy_Bot/buddybot/ros2_workspace/install/diagnostic_common_diagnostics/share/diagnostic_common_diagnostics/package.dsv
-- Symlinking: /home/taylor/Buddy_Bot/buddybot/ros2_workspace/install/diagnostic_common_diagnostics/share/ament_index/resource_index/packages/diagnostic_common_diagnostics
-- Symlinking: /home/taylor/Buddy_Bot/buddybot/ros2_workspace/install/diagnostic_common_diagnostics/share/diagnostic_common_diagnostics/cmake/diagnostic_common_diagnosticsConfig.cmake
-- Symlinking: /home/taylor/Buddy_Bot/buddybot/ros2_workspace/install/diagnostic_common_diagnostics/share/diagnostic_common_diagnostics/cmake/diagnostic_common_diagnosticsConfig-version.cmake
-- Symlinking: /home/taylor/Buddy_Bot/buddybot/ros2_workspace/install/diagnostic_common_diagnostics/share/diagnostic_common_diagnostics/package.xml
Listing '/home/taylor/Buddy_Bot/buddybot/ros2_workspace/install/diagnostic_common_diagnostics/lib/python3.11/site-packages/diagnostic_common_diagnostics'...
Compiling '/home/taylor/Buddy_Bot/buddybot/ros2_workspace/install/diagnostic_common_diagnostics/lib/python3.11/site-packages/diagnostic_common_diagnostics/__init__.py'...
Compiling '/home/taylor/Buddy_Bot/buddybot/ros2_workspace/install/diagnostic_common_diagnostics/lib/python3.11/site-packages/diagnostic_common_diagnostics/cpu_monitor.py'...
Compiling '/home/taylor/Buddy_Bot/buddybot/ros2_workspace/install/diagnostic_common_diagnostics/lib/python3.11/site-packages/diagnostic_common_diagnostics/ntp_monitor.py'...
