running egg_info
writing ../../build/tfmini_s/tfmini_s.egg-info/PKG-INFO
writing dependency_links to ../../build/tfmini_s/tfmini_s.egg-info/dependency_links.txt
writing entry points to ../../build/tfmini_s/tfmini_s.egg-info/entry_points.txt
writing requirements to ../../build/tfmini_s/tfmini_s.egg-info/requires.txt
writing top-level names to ../../build/tfmini_s/tfmini_s.egg-info/top_level.txt
reading manifest file '../../build/tfmini_s/tfmini_s.egg-info/SOURCES.txt'
writing manifest file '../../build/tfmini_s/tfmini_s.egg-info/SOURCES.txt'
running build
/usr/lib/python3/dist-packages/setuptools/command/install.py:34: SetuptoolsDeprecationWarning: setup.py install is deprecated. Use build and pip and other standards-based tools.
  warnings.warn(
running build_py
copying tfmini_s/tfmini_s_node.py -> /home/taylor/Buddy_Bot/buddybot/ros2_workspace/build/tfmini_s/build/lib/tfmini_s
running install
running install_lib
copying /home/taylor/Buddy_Bot/buddybot/ros2_workspace/build/tfmini_s/build/lib/tfmini_s/tfmini_s_node.py -> /home/taylor/Buddy_Bot/buddybot/ros2_workspace/install/tfmini_s/lib/python3.11/site-packages/tfmini_s
byte-compiling /home/taylor/Buddy_Bot/buddybot/ros2_workspace/install/tfmini_s/lib/python3.11/site-packages/tfmini_s/tfmini_s_node.py to tfmini_s_node.cpython-311.pyc
running install_data
running install_egg_info
removing '/home/taylor/Buddy_Bot/buddybot/ros2_workspace/install/tfmini_s/lib/python3.11/site-packages/tfmini_s-0.0.0-py3.11.egg-info' (and everything under it)
Copying ../../build/tfmini_s/tfmini_s.egg-info to /home/taylor/Buddy_Bot/buddybot/ros2_workspace/install/tfmini_s/lib/python3.11/site-packages/tfmini_s-0.0.0-py3.11.egg-info
running install_scripts
Installing tfmini_s_node script to /home/taylor/Buddy_Bot/buddybot/ros2_workspace/install/tfmini_s/lib/tfmini_s
writing list of installed files to '/home/taylor/Buddy_Bot/buddybot/ros2_workspace/build/tfmini_s/install.log'
